[INFO] [10:54:06.872] [JavaFX Application Thread] [] com.zzg.mybatis.generator.util.DbUtil.getConnectionUrlWithSchema:208 --> getConnectionUrlWithSchema, connection url: jdbc:mysql://127.0.0.1:3306/company_frame?useUnicode=true&useSSL=false&characterEncoding=utf8
[INFO] [10:54:06.953] [JavaFX Application Thread] [] com.zzg.mybatis.generator.util.DbUtil.getConnection:133 --> getConnection, connection url: com.mysql.jdbc.JDBC4Connection@4a82382a
[INFO] [11:09:15.283] [JavaFX Application Thread] [] com.zzg.mybatis.generator.util.ConfigHelper.findConnectorLibPath:215 --> jar resource: jar:file:/D:/greensoft/mybatis-generator-gui/mybatis-generator-gui.jar!/logback.xml
[INFO] [11:09:15.284] [JavaFX Application Thread] [] com.zzg.mybatis.generator.bridge.MybatisGeneratorBridge.generate:66 --> connectorLibPath: D:\greensoft\mybatis-generator-gui\lib\mysql-connector-java-5.1.38.jar
[INFO] [11:09:15.285] [JavaFX Application Thread] [] com.zzg.mybatis.generator.util.DbUtil.getConnectionUrlWithSchema:208 --> getConnectionUrlWithSchema, connection url: jdbc:mysql://127.0.0.1:3306/company_frame?useUnicode=true&useSSL=false&characterEncoding=utf8
[DEBUG] [11:09:15.465] [JavaFX Application Thread] [] org.mybatis.generator.internal.db.DatabaseIntrospector.getColumns:506 --> Retrieving column information for table "company_frame.sys_dept"
[DEBUG] [11:09:15.477] [JavaFX Application Thread] [] org.mybatis.generator.internal.db.DatabaseIntrospector.getColumns:563 --> Found column "id", data type 12, in table "company_frame..sys_dept"
[DEBUG] [11:09:15.477] [JavaFX Application Thread] [] org.mybatis.generator.internal.db.DatabaseIntrospector.getColumns:563 --> Found column "dept_no", data type 12, in table "company_frame..sys_dept"
[DEBUG] [11:09:15.478] [JavaFX Application Thread] [] org.mybatis.generator.internal.db.DatabaseIntrospector.getColumns:563 --> Found column "name", data type 12, in table "company_frame..sys_dept"
[DEBUG] [11:09:15.478] [JavaFX Application Thread] [] org.mybatis.generator.internal.db.DatabaseIntrospector.getColumns:563 --> Found column "pid", data type 12, in table "company_frame..sys_dept"
[DEBUG] [11:09:15.479] [JavaFX Application Thread] [] org.mybatis.generator.internal.db.DatabaseIntrospector.getColumns:563 --> Found column "status", data type -6, in table "company_frame..sys_dept"
[DEBUG] [11:09:15.480] [JavaFX Application Thread] [] org.mybatis.generator.internal.db.DatabaseIntrospector.getColumns:563 --> Found column "relation_code", data type 12, in table "company_frame..sys_dept"
[DEBUG] [11:09:15.480] [JavaFX Application Thread] [] org.mybatis.generator.internal.db.DatabaseIntrospector.getColumns:563 --> Found column "dept_manager_id", data type 12, in table "company_frame..sys_dept"
[DEBUG] [11:09:15.480] [JavaFX Application Thread] [] org.mybatis.generator.internal.db.DatabaseIntrospector.getColumns:563 --> Found column "manager_name", data type 12, in table "company_frame..sys_dept"
[DEBUG] [11:09:15.481] [JavaFX Application Thread] [] org.mybatis.generator.internal.db.DatabaseIntrospector.getColumns:563 --> Found column "phone", data type 12, in table "company_frame..sys_dept"
[DEBUG] [11:09:15.481] [JavaFX Application Thread] [] org.mybatis.generator.internal.db.DatabaseIntrospector.getColumns:563 --> Found column "create_time", data type 93, in table "company_frame..sys_dept"
[DEBUG] [11:09:15.481] [JavaFX Application Thread] [] org.mybatis.generator.internal.db.DatabaseIntrospector.getColumns:563 --> Found column "update_time", data type 93, in table "company_frame..sys_dept"
[DEBUG] [11:09:15.482] [JavaFX Application Thread] [] org.mybatis.generator.internal.db.DatabaseIntrospector.getColumns:563 --> Found column "deleted", data type -6, in table "company_frame..sys_dept"
[INFO] [11:10:38.861] [JavaFX Application Thread] [] com.zzg.mybatis.generator.util.ConfigHelper.findConnectorLibPath:215 --> jar resource: jar:file:/D:/greensoft/mybatis-generator-gui/mybatis-generator-gui.jar!/logback.xml
[INFO] [11:10:38.862] [JavaFX Application Thread] [] com.zzg.mybatis.generator.bridge.MybatisGeneratorBridge.generate:66 --> connectorLibPath: D:\greensoft\mybatis-generator-gui\lib\mysql-connector-java-5.1.38.jar
[INFO] [11:10:38.862] [JavaFX Application Thread] [] com.zzg.mybatis.generator.util.DbUtil.getConnectionUrlWithSchema:208 --> getConnectionUrlWithSchema, connection url: jdbc:mysql://127.0.0.1:3306/company_frame?useUnicode=true&useSSL=false&characterEncoding=utf8
[DEBUG] [11:10:39.015] [JavaFX Application Thread] [] org.mybatis.generator.internal.db.DatabaseIntrospector.getColumns:506 --> Retrieving column information for table "company_frame.sys_log"
[DEBUG] [11:10:39.040] [JavaFX Application Thread] [] org.mybatis.generator.internal.db.DatabaseIntrospector.getColumns:563 --> Found column "id", data type 12, in table "company_frame..sys_log"
[DEBUG] [11:10:39.040] [JavaFX Application Thread] [] org.mybatis.generator.internal.db.DatabaseIntrospector.getColumns:563 --> Found column "user_id", data type 12, in table "company_frame..sys_log"
[DEBUG] [11:10:39.040] [JavaFX Application Thread] [] org.mybatis.generator.internal.db.DatabaseIntrospector.getColumns:563 --> Found column "username", data type 12, in table "company_frame..sys_log"
[DEBUG] [11:10:39.041] [JavaFX Application Thread] [] org.mybatis.generator.internal.db.DatabaseIntrospector.getColumns:563 --> Found column "operation", data type 12, in table "company_frame..sys_log"
[DEBUG] [11:10:39.041] [JavaFX Application Thread] [] org.mybatis.generator.internal.db.DatabaseIntrospector.getColumns:563 --> Found column "time", data type 4, in table "company_frame..sys_log"
[DEBUG] [11:10:39.041] [JavaFX Application Thread] [] org.mybatis.generator.internal.db.DatabaseIntrospector.getColumns:563 --> Found column "method", data type 12, in table "company_frame..sys_log"
[DEBUG] [11:10:39.041] [JavaFX Application Thread] [] org.mybatis.generator.internal.db.DatabaseIntrospector.getColumns:563 --> Found column "params", data type 12, in table "company_frame..sys_log"
[DEBUG] [11:10:39.042] [JavaFX Application Thread] [] org.mybatis.generator.internal.db.DatabaseIntrospector.getColumns:563 --> Found column "ip", data type 12, in table "company_frame..sys_log"
[DEBUG] [11:10:39.042] [JavaFX Application Thread] [] org.mybatis.generator.internal.db.DatabaseIntrospector.getColumns:563 --> Found column "create_time", data type 93, in table "company_frame..sys_log"
[INFO] [11:10:42.116] [JavaFX Application Thread] [] com.zzg.mybatis.generator.util.ConfigHelper.findConnectorLibPath:215 --> jar resource: jar:file:/D:/greensoft/mybatis-generator-gui/mybatis-generator-gui.jar!/logback.xml
[INFO] [11:10:42.116] [JavaFX Application Thread] [] com.zzg.mybatis.generator.bridge.MybatisGeneratorBridge.generate:66 --> connectorLibPath: D:\greensoft\mybatis-generator-gui\lib\mysql-connector-java-5.1.38.jar
[INFO] [11:10:42.117] [JavaFX Application Thread] [] com.zzg.mybatis.generator.util.DbUtil.getConnectionUrlWithSchema:208 --> getConnectionUrlWithSchema, connection url: jdbc:mysql://127.0.0.1:3306/company_frame?useUnicode=true&useSSL=false&characterEncoding=utf8
[DEBUG] [11:10:42.268] [JavaFX Application Thread] [] org.mybatis.generator.internal.db.DatabaseIntrospector.getColumns:506 --> Retrieving column information for table "company_frame.sys_permission"
[DEBUG] [11:10:42.293] [JavaFX Application Thread] [] org.mybatis.generator.internal.db.DatabaseIntrospector.getColumns:563 --> Found column "id", data type 12, in table "company_frame..sys_permission"
[DEBUG] [11:10:42.294] [JavaFX Application Thread] [] org.mybatis.generator.internal.db.DatabaseIntrospector.getColumns:563 --> Found column "code", data type 12, in table "company_frame..sys_permission"
[DEBUG] [11:10:42.308] [JavaFX Application Thread] [] org.mybatis.generator.internal.db.DatabaseIntrospector.getColumns:563 --> Found column "name", data type 12, in table "company_frame..sys_permission"
[DEBUG] [11:10:42.309] [JavaFX Application Thread] [] org.mybatis.generator.internal.db.DatabaseIntrospector.getColumns:563 --> Found column "perms", data type 12, in table "company_frame..sys_permission"
[DEBUG] [11:10:42.310] [JavaFX Application Thread] [] org.mybatis.generator.internal.db.DatabaseIntrospector.getColumns:563 --> Found column "url", data type 12, in table "company_frame..sys_permission"
[DEBUG] [11:10:42.312] [JavaFX Application Thread] [] org.mybatis.generator.internal.db.DatabaseIntrospector.getColumns:563 --> Found column "method", data type 12, in table "company_frame..sys_permission"
[DEBUG] [11:10:42.312] [JavaFX Application Thread] [] org.mybatis.generator.internal.db.DatabaseIntrospector.getColumns:563 --> Found column "pid", data type 12, in table "company_frame..sys_permission"
[DEBUG] [11:10:42.312] [JavaFX Application Thread] [] org.mybatis.generator.internal.db.DatabaseIntrospector.getColumns:563 --> Found column "order_num", data type 4, in table "company_frame..sys_permission"
[DEBUG] [11:10:42.313] [JavaFX Application Thread] [] org.mybatis.generator.internal.db.DatabaseIntrospector.getColumns:563 --> Found column "type", data type -6, in table "company_frame..sys_permission"
[DEBUG] [11:10:42.313] [JavaFX Application Thread] [] org.mybatis.generator.internal.db.DatabaseIntrospector.getColumns:563 --> Found column "status", data type -6, in table "company_frame..sys_permission"
[DEBUG] [11:10:42.313] [JavaFX Application Thread] [] org.mybatis.generator.internal.db.DatabaseIntrospector.getColumns:563 --> Found column "create_time", data type 93, in table "company_frame..sys_permission"
[DEBUG] [11:10:42.313] [JavaFX Application Thread] [] org.mybatis.generator.internal.db.DatabaseIntrospector.getColumns:563 --> Found column "update_time", data type 93, in table "company_frame..sys_permission"
[DEBUG] [11:10:42.314] [JavaFX Application Thread] [] org.mybatis.generator.internal.db.DatabaseIntrospector.getColumns:563 --> Found column "deleted", data type -6, in table "company_frame..sys_permission"
[INFO] [11:10:44.857] [JavaFX Application Thread] [] com.zzg.mybatis.generator.util.ConfigHelper.findConnectorLibPath:215 --> jar resource: jar:file:/D:/greensoft/mybatis-generator-gui/mybatis-generator-gui.jar!/logback.xml
[INFO] [11:10:44.858] [JavaFX Application Thread] [] com.zzg.mybatis.generator.bridge.MybatisGeneratorBridge.generate:66 --> connectorLibPath: D:\greensoft\mybatis-generator-gui\lib\mysql-connector-java-5.1.38.jar
[INFO] [11:10:44.858] [JavaFX Application Thread] [] com.zzg.mybatis.generator.util.DbUtil.getConnectionUrlWithSchema:208 --> getConnectionUrlWithSchema, connection url: jdbc:mysql://127.0.0.1:3306/company_frame?useUnicode=true&useSSL=false&characterEncoding=utf8
[DEBUG] [11:10:45.000] [JavaFX Application Thread] [] org.mybatis.generator.internal.db.DatabaseIntrospector.getColumns:506 --> Retrieving column information for table "company_frame.sys_role"
[DEBUG] [11:10:45.024] [JavaFX Application Thread] [] org.mybatis.generator.internal.db.DatabaseIntrospector.getColumns:563 --> Found column "id", data type 12, in table "company_frame..sys_role"
[DEBUG] [11:10:45.025] [JavaFX Application Thread] [] org.mybatis.generator.internal.db.DatabaseIntrospector.getColumns:563 --> Found column "name", data type 12, in table "company_frame..sys_role"
[DEBUG] [11:10:45.025] [JavaFX Application Thread] [] org.mybatis.generator.internal.db.DatabaseIntrospector.getColumns:563 --> Found column "description", data type 12, in table "company_frame..sys_role"
[DEBUG] [11:10:45.026] [JavaFX Application Thread] [] org.mybatis.generator.internal.db.DatabaseIntrospector.getColumns:563 --> Found column "status", data type -6, in table "company_frame..sys_role"
[DEBUG] [11:10:45.026] [JavaFX Application Thread] [] org.mybatis.generator.internal.db.DatabaseIntrospector.getColumns:563 --> Found column "create_time", data type 93, in table "company_frame..sys_role"
[DEBUG] [11:10:45.026] [JavaFX Application Thread] [] org.mybatis.generator.internal.db.DatabaseIntrospector.getColumns:563 --> Found column "update_time", data type 93, in table "company_frame..sys_role"
[DEBUG] [11:10:45.027] [JavaFX Application Thread] [] org.mybatis.generator.internal.db.DatabaseIntrospector.getColumns:563 --> Found column "deleted", data type -6, in table "company_frame..sys_role"
[INFO] [11:10:48.019] [JavaFX Application Thread] [] com.zzg.mybatis.generator.util.ConfigHelper.findConnectorLibPath:215 --> jar resource: jar:file:/D:/greensoft/mybatis-generator-gui/mybatis-generator-gui.jar!/logback.xml
[INFO] [11:10:48.020] [JavaFX Application Thread] [] com.zzg.mybatis.generator.bridge.MybatisGeneratorBridge.generate:66 --> connectorLibPath: D:\greensoft\mybatis-generator-gui\lib\mysql-connector-java-5.1.38.jar
[INFO] [11:10:48.021] [JavaFX Application Thread] [] com.zzg.mybatis.generator.util.DbUtil.getConnectionUrlWithSchema:208 --> getConnectionUrlWithSchema, connection url: jdbc:mysql://127.0.0.1:3306/company_frame?useUnicode=true&useSSL=false&characterEncoding=utf8
[DEBUG] [11:10:48.169] [JavaFX Application Thread] [] org.mybatis.generator.internal.db.DatabaseIntrospector.getColumns:506 --> Retrieving column information for table "company_frame.sys_role_permission"
[DEBUG] [11:10:48.205] [JavaFX Application Thread] [] org.mybatis.generator.internal.db.DatabaseIntrospector.getColumns:563 --> Found column "id", data type 12, in table "company_frame..sys_role_permission"
[DEBUG] [11:10:48.205] [JavaFX Application Thread] [] org.mybatis.generator.internal.db.DatabaseIntrospector.getColumns:563 --> Found column "role_id", data type 12, in table "company_frame..sys_role_permission"
[DEBUG] [11:10:48.206] [JavaFX Application Thread] [] org.mybatis.generator.internal.db.DatabaseIntrospector.getColumns:563 --> Found column "permission_id", data type 12, in table "company_frame..sys_role_permission"
[DEBUG] [11:10:48.206] [JavaFX Application Thread] [] org.mybatis.generator.internal.db.DatabaseIntrospector.getColumns:563 --> Found column "create_time", data type 93, in table "company_frame..sys_role_permission"
[INFO] [11:10:50.584] [JavaFX Application Thread] [] com.zzg.mybatis.generator.util.ConfigHelper.findConnectorLibPath:215 --> jar resource: jar:file:/D:/greensoft/mybatis-generator-gui/mybatis-generator-gui.jar!/logback.xml
[INFO] [11:10:50.584] [JavaFX Application Thread] [] com.zzg.mybatis.generator.bridge.MybatisGeneratorBridge.generate:66 --> connectorLibPath: D:\greensoft\mybatis-generator-gui\lib\mysql-connector-java-5.1.38.jar
[INFO] [11:10:50.585] [JavaFX Application Thread] [] com.zzg.mybatis.generator.util.DbUtil.getConnectionUrlWithSchema:208 --> getConnectionUrlWithSchema, connection url: jdbc:mysql://127.0.0.1:3306/company_frame?useUnicode=true&useSSL=false&characterEncoding=utf8
[DEBUG] [11:10:50.727] [JavaFX Application Thread] [] org.mybatis.generator.internal.db.DatabaseIntrospector.getColumns:506 --> Retrieving column information for table "company_frame.sys_user"
[DEBUG] [11:10:50.752] [JavaFX Application Thread] [] org.mybatis.generator.internal.db.DatabaseIntrospector.getColumns:563 --> Found column "id", data type 12, in table "company_frame..sys_user"
[DEBUG] [11:10:50.752] [JavaFX Application Thread] [] org.mybatis.generator.internal.db.DatabaseIntrospector.getColumns:563 --> Found column "username", data type 12, in table "company_frame..sys_user"
[DEBUG] [11:10:50.753] [JavaFX Application Thread] [] org.mybatis.generator.internal.db.DatabaseIntrospector.getColumns:563 --> Found column "salt", data type 12, in table "company_frame..sys_user"
[DEBUG] [11:10:50.769] [JavaFX Application Thread] [] org.mybatis.generator.internal.db.DatabaseIntrospector.getColumns:563 --> Found column "password", data type 12, in table "company_frame..sys_user"
[DEBUG] [11:10:50.769] [JavaFX Application Thread] [] org.mybatis.generator.internal.db.DatabaseIntrospector.getColumns:563 --> Found column "phone", data type 12, in table "company_frame..sys_user"
[DEBUG] [11:10:50.769] [JavaFX Application Thread] [] org.mybatis.generator.internal.db.DatabaseIntrospector.getColumns:563 --> Found column "dept_id", data type 12, in table "company_frame..sys_user"
[DEBUG] [11:10:50.769] [JavaFX Application Thread] [] org.mybatis.generator.internal.db.DatabaseIntrospector.getColumns:563 --> Found column "real_name", data type 12, in table "company_frame..sys_user"
[DEBUG] [11:10:50.770] [JavaFX Application Thread] [] org.mybatis.generator.internal.db.DatabaseIntrospector.getColumns:563 --> Found column "nick_name", data type 12, in table "company_frame..sys_user"
[DEBUG] [11:10:50.770] [JavaFX Application Thread] [] org.mybatis.generator.internal.db.DatabaseIntrospector.getColumns:563 --> Found column "email", data type 12, in table "company_frame..sys_user"
[DEBUG] [11:10:50.770] [JavaFX Application Thread] [] org.mybatis.generator.internal.db.DatabaseIntrospector.getColumns:563 --> Found column "status", data type -6, in table "company_frame..sys_user"
[DEBUG] [11:10:50.770] [JavaFX Application Thread] [] org.mybatis.generator.internal.db.DatabaseIntrospector.getColumns:563 --> Found column "sex", data type -6, in table "company_frame..sys_user"
[DEBUG] [11:10:50.771] [JavaFX Application Thread] [] org.mybatis.generator.internal.db.DatabaseIntrospector.getColumns:563 --> Found column "deleted", data type -6, in table "company_frame..sys_user"
[DEBUG] [11:10:50.771] [JavaFX Application Thread] [] org.mybatis.generator.internal.db.DatabaseIntrospector.getColumns:563 --> Found column "create_id", data type 12, in table "company_frame..sys_user"
[DEBUG] [11:10:50.771] [JavaFX Application Thread] [] org.mybatis.generator.internal.db.DatabaseIntrospector.getColumns:563 --> Found column "update_id", data type 12, in table "company_frame..sys_user"
[DEBUG] [11:10:50.771] [JavaFX Application Thread] [] org.mybatis.generator.internal.db.DatabaseIntrospector.getColumns:563 --> Found column "create_where", data type -6, in table "company_frame..sys_user"
[DEBUG] [11:10:50.771] [JavaFX Application Thread] [] org.mybatis.generator.internal.db.DatabaseIntrospector.getColumns:563 --> Found column "create_time", data type 93, in table "company_frame..sys_user"
[DEBUG] [11:10:50.772] [JavaFX Application Thread] [] org.mybatis.generator.internal.db.DatabaseIntrospector.getColumns:563 --> Found column "update_time", data type 93, in table "company_frame..sys_user"
[INFO] [11:10:53.752] [JavaFX Application Thread] [] com.zzg.mybatis.generator.util.ConfigHelper.findConnectorLibPath:215 --> jar resource: jar:file:/D:/greensoft/mybatis-generator-gui/mybatis-generator-gui.jar!/logback.xml
[INFO] [11:10:53.753] [JavaFX Application Thread] [] com.zzg.mybatis.generator.bridge.MybatisGeneratorBridge.generate:66 --> connectorLibPath: D:\greensoft\mybatis-generator-gui\lib\mysql-connector-java-5.1.38.jar
[INFO] [11:10:53.753] [JavaFX Application Thread] [] com.zzg.mybatis.generator.util.DbUtil.getConnectionUrlWithSchema:208 --> getConnectionUrlWithSchema, connection url: jdbc:mysql://127.0.0.1:3306/company_frame?useUnicode=true&useSSL=false&characterEncoding=utf8
[DEBUG] [11:10:53.932] [JavaFX Application Thread] [] org.mybatis.generator.internal.db.DatabaseIntrospector.getColumns:506 --> Retrieving column information for table "company_frame.sys_user_role"
[DEBUG] [11:10:53.944] [JavaFX Application Thread] [] org.mybatis.generator.internal.db.DatabaseIntrospector.getColumns:563 --> Found column "id", data type 12, in table "company_frame..sys_user_role"
[DEBUG] [11:10:53.944] [JavaFX Application Thread] [] org.mybatis.generator.internal.db.DatabaseIntrospector.getColumns:563 --> Found column "user_id", data type 12, in table "company_frame..sys_user_role"
[DEBUG] [11:10:53.945] [JavaFX Application Thread] [] org.mybatis.generator.internal.db.DatabaseIntrospector.getColumns:563 --> Found column "role_id", data type 12, in table "company_frame..sys_user_role"
[DEBUG] [11:10:53.945] [JavaFX Application Thread] [] org.mybatis.generator.internal.db.DatabaseIntrospector.getColumns:563 --> Found column "create_time", data type 93, in table "company_frame..sys_user_role"
