[INFO] [14:43:55.215] [JavaFX Application Thread] [] com.zzg.mybatis.generator.util.ConnectionManager.getConnection:20 --> database FilePath :E:\桌面\IT\mybatis-generator-gui\.\config\sqlite3.db
[INFO] [14:44:00.481] [JavaFX Application Thread] [] com.zzg.mybatis.generator.util.ConfigHelper.getAllJDBCDriverJarPaths:238 --> jar lib path: E:\桌面\IT\mybatis-generator-gui\lib
[INFO] [14:44:00.482] [JavaFX Application Thread] [] com.zzg.mybatis.generator.util.ConfigHelper.getAllJDBCDriverJarPaths:242 --> jar file: E:\桌面\IT\mybatis-generator-gui\lib\commons-beanutils-1.9.2.jar
[INFO] [14:44:00.482] [JavaFX Application Thread] [] com.zzg.mybatis.generator.util.ConfigHelper.getAllJDBCDriverJarPaths:242 --> jar file: E:\桌面\IT\mybatis-generator-gui\lib\commons-collections-3.2.1.jar
[INFO] [14:44:00.483] [JavaFX Application Thread] [] com.zzg.mybatis.generator.util.ConfigHelper.getAllJDBCDriverJarPaths:242 --> jar file: E:\桌面\IT\mybatis-generator-gui\lib\commons-io-2.5.jar
[INFO] [14:44:00.483] [JavaFX Application Thread] [] com.zzg.mybatis.generator.util.ConfigHelper.getAllJDBCDriverJarPaths:242 --> jar file: E:\桌面\IT\mybatis-generator-gui\lib\commons-lang3-3.4.jar
[INFO] [14:44:00.484] [JavaFX Application Thread] [] com.zzg.mybatis.generator.util.ConfigHelper.getAllJDBCDriverJarPaths:242 --> jar file: E:\桌面\IT\mybatis-generator-gui\lib\commons-logging-1.1.1.jar
[INFO] [14:44:00.485] [JavaFX Application Thread] [] com.zzg.mybatis.generator.util.ConfigHelper.getAllJDBCDriverJarPaths:242 --> jar file: E:\桌面\IT\mybatis-generator-gui\lib\fastjson-1.2.7.jar
[INFO] [14:44:00.485] [JavaFX Application Thread] [] com.zzg.mybatis.generator.util.ConfigHelper.getAllJDBCDriverJarPaths:242 --> jar file: E:\桌面\IT\mybatis-generator-gui\lib\hamcrest-core-1.3.jar
[INFO] [14:44:00.486] [JavaFX Application Thread] [] com.zzg.mybatis.generator.util.ConfigHelper.getAllJDBCDriverJarPaths:242 --> jar file: E:\桌面\IT\mybatis-generator-gui\lib\jsch-0.1.54.jar
[INFO] [14:44:00.486] [JavaFX Application Thread] [] com.zzg.mybatis.generator.util.ConfigHelper.getAllJDBCDriverJarPaths:242 --> jar file: E:\桌面\IT\mybatis-generator-gui\lib\junit-4.12.jar
[INFO] [14:44:00.486] [JavaFX Application Thread] [] com.zzg.mybatis.generator.util.ConfigHelper.getAllJDBCDriverJarPaths:242 --> jar file: E:\桌面\IT\mybatis-generator-gui\lib\logback-classic-1.1.2.jar
[INFO] [14:44:00.487] [JavaFX Application Thread] [] com.zzg.mybatis.generator.util.ConfigHelper.getAllJDBCDriverJarPaths:242 --> jar file: E:\桌面\IT\mybatis-generator-gui\lib\logback-core-1.1.2.jar
[INFO] [14:44:00.487] [JavaFX Application Thread] [] com.zzg.mybatis.generator.util.ConfigHelper.getAllJDBCDriverJarPaths:242 --> jar file: E:\桌面\IT\mybatis-generator-gui\lib\mybatis-generator-core-1.3.6.jar
[INFO] [14:44:00.487] [JavaFX Application Thread] [] com.zzg.mybatis.generator.util.ConfigHelper.getAllJDBCDriverJarPaths:242 --> jar file: E:\桌面\IT\mybatis-generator-gui\lib\mysql-connector-java-5.1.38.jar
[INFO] [14:44:00.488] [JavaFX Application Thread] [] com.zzg.mybatis.generator.util.ConfigHelper.getAllJDBCDriverJarPaths:242 --> jar file: E:\桌面\IT\mybatis-generator-gui\lib\mysql-connector-java-8.0.11.jar
[INFO] [14:44:00.489] [JavaFX Application Thread] [] com.zzg.mybatis.generator.util.ConfigHelper.getAllJDBCDriverJarPaths:242 --> jar file: E:\桌面\IT\mybatis-generator-gui\lib\ojdbc6.jar
[INFO] [14:44:00.489] [JavaFX Application Thread] [] com.zzg.mybatis.generator.util.ConfigHelper.getAllJDBCDriverJarPaths:242 --> jar file: E:\桌面\IT\mybatis-generator-gui\lib\postgresql-9.4.1209.jar
[INFO] [14:44:00.490] [JavaFX Application Thread] [] com.zzg.mybatis.generator.util.ConfigHelper.getAllJDBCDriverJarPaths:242 --> jar file: E:\桌面\IT\mybatis-generator-gui\lib\slf4j-api-1.7.25.jar
[INFO] [14:44:00.490] [JavaFX Application Thread] [] com.zzg.mybatis.generator.util.ConfigHelper.getAllJDBCDriverJarPaths:242 --> jar file: E:\桌面\IT\mybatis-generator-gui\lib\sqlite-jdbc-3.19.3.jar
[INFO] [14:44:00.491] [JavaFX Application Thread] [] com.zzg.mybatis.generator.util.ConfigHelper.getAllJDBCDriverJarPaths:242 --> jar file: E:\桌面\IT\mybatis-generator-gui\lib\sqlite-jdbc-3.8.11.2.jar
[INFO] [14:44:00.492] [JavaFX Application Thread] [] com.zzg.mybatis.generator.util.ConfigHelper.getAllJDBCDriverJarPaths:242 --> jar file: E:\桌面\IT\mybatis-generator-gui\lib\sqljdbc4-4.0.jar
[INFO] [14:44:00.626] [JavaFX Application Thread] [] com.zzg.mybatis.generator.util.DbUtil.loadDbDriver:222 --> load driver class: com.mysql.cj.jdbc.Driver@73a94f13
[INFO] [14:44:00.629] [JavaFX Application Thread] [] com.zzg.mybatis.generator.util.DbUtil.getConnectionUrlWithSchema:208 --> getConnectionUrlWithSchema, connection url: jdbc:mysql://127.0.0.1:3306/sifa09mybatis?serverTimezone=UTC&useUnicode=true&useSSL=false&characterEncoding=utf8
[INFO] [14:44:01.061] [JavaFX Application Thread] [] com.zzg.mybatis.generator.util.DbUtil.getConnection:133 --> getConnection, connection url: com.mysql.cj.jdbc.ConnectionImpl@50f287cf
[INFO] [14:45:31.250] [JavaFX Application Thread] [] com.zzg.mybatis.generator.util.ConfigHelper.findConnectorLibPath:215 --> jar resource: jar:file:/E:/%e6%a1%8c%e9%9d%a2/IT/mybatis-generator-gui/mybatis-generator-gui.jar!/logback.xml
[INFO] [14:45:31.252] [JavaFX Application Thread] [] com.zzg.mybatis.generator.bridge.MybatisGeneratorBridge.generate:66 --> connectorLibPath: E:\桌面\IT\mybatis-generator-gui\lib\mysql-connector-java-8.0.11.jar
[INFO] [14:45:31.255] [JavaFX Application Thread] [] com.zzg.mybatis.generator.util.DbUtil.getConnectionUrlWithSchema:208 --> getConnectionUrlWithSchema, connection url: jdbc:mysql://127.0.0.1:3306/sifa09mybatis?serverTimezone=UTC&useUnicode=true&useSSL=false&characterEncoding=utf8
[DEBUG] [14:45:31.444] [JavaFX Application Thread] [] org.mybatis.generator.logging.LogFactory.setImplementation:105 --> Logging initialized using 'org.mybatis.generator.logging.slf4j.Slf4jLoggingLogFactory@6039af9c' adapter.
[DEBUG] [14:45:31.446] [JavaFX Application Thread] [] org.mybatis.generator.internal.db.DatabaseIntrospector.getColumns:506 --> Retrieving column information for table "sifa09mybatis.order_detail"
[DEBUG] [14:45:31.549] [JavaFX Application Thread] [] org.mybatis.generator.internal.db.DatabaseIntrospector.getColumns:563 --> Found column "detail_id", data type 4, in table "sifa09mybatis..order_detail"
[DEBUG] [14:45:31.550] [JavaFX Application Thread] [] org.mybatis.generator.internal.db.DatabaseIntrospector.getColumns:563 --> Found column "order_id", data type 4, in table "sifa09mybatis..order_detail"
[DEBUG] [14:45:31.551] [JavaFX Application Thread] [] org.mybatis.generator.internal.db.DatabaseIntrospector.getColumns:563 --> Found column "item_name", data type 12, in table "sifa09mybatis..order_detail"
[DEBUG] [14:45:31.552] [JavaFX Application Thread] [] org.mybatis.generator.internal.db.DatabaseIntrospector.getColumns:563 --> Found column "price", data type 8, in table "sifa09mybatis..order_detail"
[DEBUG] [14:45:31.554] [JavaFX Application Thread] [] org.mybatis.generator.internal.db.DatabaseIntrospector.getColumns:563 --> Found column "count", data type 4, in table "sifa09mybatis..order_detail"
[INFO] [16:33:43.621] [JavaFX Application Thread] [] com.zzg.mybatis.generator.util.ConnectionManager.getConnection:20 --> database FilePath :E:\桌面\IT\mybatis-generator-gui\.\config\sqlite3.db
[INFO] [16:33:49.897] [JavaFX Application Thread] [] com.zzg.mybatis.generator.util.ConfigHelper.getAllJDBCDriverJarPaths:238 --> jar lib path: E:\桌面\IT\mybatis-generator-gui\lib
[INFO] [16:33:49.897] [JavaFX Application Thread] [] com.zzg.mybatis.generator.util.ConfigHelper.getAllJDBCDriverJarPaths:242 --> jar file: E:\桌面\IT\mybatis-generator-gui\lib\commons-beanutils-1.9.2.jar
[INFO] [16:33:49.898] [JavaFX Application Thread] [] com.zzg.mybatis.generator.util.ConfigHelper.getAllJDBCDriverJarPaths:242 --> jar file: E:\桌面\IT\mybatis-generator-gui\lib\commons-collections-3.2.1.jar
[INFO] [16:33:49.899] [JavaFX Application Thread] [] com.zzg.mybatis.generator.util.ConfigHelper.getAllJDBCDriverJarPaths:242 --> jar file: E:\桌面\IT\mybatis-generator-gui\lib\commons-io-2.5.jar
[INFO] [16:33:49.900] [JavaFX Application Thread] [] com.zzg.mybatis.generator.util.ConfigHelper.getAllJDBCDriverJarPaths:242 --> jar file: E:\桌面\IT\mybatis-generator-gui\lib\commons-lang3-3.4.jar
[INFO] [16:33:49.900] [JavaFX Application Thread] [] com.zzg.mybatis.generator.util.ConfigHelper.getAllJDBCDriverJarPaths:242 --> jar file: E:\桌面\IT\mybatis-generator-gui\lib\commons-logging-1.1.1.jar
[INFO] [16:33:49.901] [JavaFX Application Thread] [] com.zzg.mybatis.generator.util.ConfigHelper.getAllJDBCDriverJarPaths:242 --> jar file: E:\桌面\IT\mybatis-generator-gui\lib\fastjson-1.2.7.jar
[INFO] [16:33:49.902] [JavaFX Application Thread] [] com.zzg.mybatis.generator.util.ConfigHelper.getAllJDBCDriverJarPaths:242 --> jar file: E:\桌面\IT\mybatis-generator-gui\lib\hamcrest-core-1.3.jar
[INFO] [16:33:49.902] [JavaFX Application Thread] [] com.zzg.mybatis.generator.util.ConfigHelper.getAllJDBCDriverJarPaths:242 --> jar file: E:\桌面\IT\mybatis-generator-gui\lib\jsch-0.1.54.jar
[INFO] [16:33:49.903] [JavaFX Application Thread] [] com.zzg.mybatis.generator.util.ConfigHelper.getAllJDBCDriverJarPaths:242 --> jar file: E:\桌面\IT\mybatis-generator-gui\lib\junit-4.12.jar
[INFO] [16:33:49.903] [JavaFX Application Thread] [] com.zzg.mybatis.generator.util.ConfigHelper.getAllJDBCDriverJarPaths:242 --> jar file: E:\桌面\IT\mybatis-generator-gui\lib\logback-classic-1.1.2.jar
[INFO] [16:33:49.903] [JavaFX Application Thread] [] com.zzg.mybatis.generator.util.ConfigHelper.getAllJDBCDriverJarPaths:242 --> jar file: E:\桌面\IT\mybatis-generator-gui\lib\logback-core-1.1.2.jar
[INFO] [16:33:49.904] [JavaFX Application Thread] [] com.zzg.mybatis.generator.util.ConfigHelper.getAllJDBCDriverJarPaths:242 --> jar file: E:\桌面\IT\mybatis-generator-gui\lib\mybatis-generator-core-1.3.6.jar
[INFO] [16:33:49.904] [JavaFX Application Thread] [] com.zzg.mybatis.generator.util.ConfigHelper.getAllJDBCDriverJarPaths:242 --> jar file: E:\桌面\IT\mybatis-generator-gui\lib\mysql-connector-java-5.1.38.jar
[INFO] [16:33:49.905] [JavaFX Application Thread] [] com.zzg.mybatis.generator.util.ConfigHelper.getAllJDBCDriverJarPaths:242 --> jar file: E:\桌面\IT\mybatis-generator-gui\lib\mysql-connector-java-8.0.11.jar
[INFO] [16:33:49.905] [JavaFX Application Thread] [] com.zzg.mybatis.generator.util.ConfigHelper.getAllJDBCDriverJarPaths:242 --> jar file: E:\桌面\IT\mybatis-generator-gui\lib\ojdbc6.jar
[INFO] [16:33:49.906] [JavaFX Application Thread] [] com.zzg.mybatis.generator.util.ConfigHelper.getAllJDBCDriverJarPaths:242 --> jar file: E:\桌面\IT\mybatis-generator-gui\lib\postgresql-9.4.1209.jar
[INFO] [16:33:49.906] [JavaFX Application Thread] [] com.zzg.mybatis.generator.util.ConfigHelper.getAllJDBCDriverJarPaths:242 --> jar file: E:\桌面\IT\mybatis-generator-gui\lib\slf4j-api-1.7.25.jar
[INFO] [16:33:49.907] [JavaFX Application Thread] [] com.zzg.mybatis.generator.util.ConfigHelper.getAllJDBCDriverJarPaths:242 --> jar file: E:\桌面\IT\mybatis-generator-gui\lib\sqlite-jdbc-3.19.3.jar
[INFO] [16:33:49.907] [JavaFX Application Thread] [] com.zzg.mybatis.generator.util.ConfigHelper.getAllJDBCDriverJarPaths:242 --> jar file: E:\桌面\IT\mybatis-generator-gui\lib\sqlite-jdbc-3.8.11.2.jar
[INFO] [16:33:49.908] [JavaFX Application Thread] [] com.zzg.mybatis.generator.util.ConfigHelper.getAllJDBCDriverJarPaths:242 --> jar file: E:\桌面\IT\mybatis-generator-gui\lib\sqljdbc4-4.0.jar
[INFO] [16:33:49.917] [JavaFX Application Thread] [] com.zzg.mybatis.generator.util.DbUtil.loadDbDriver:222 --> load driver class: com.mysql.cj.jdbc.Driver@73a94f13
[INFO] [16:33:49.919] [JavaFX Application Thread] [] com.zzg.mybatis.generator.util.DbUtil.getConnectionUrlWithSchema:208 --> getConnectionUrlWithSchema, connection url: jdbc:mysql://127.0.0.1:3306/sifa09mybatis?serverTimezone=UTC&useUnicode=true&useSSL=false&characterEncoding=utf8
[INFO] [16:33:50.130] [JavaFX Application Thread] [] com.zzg.mybatis.generator.util.DbUtil.getConnection:133 --> getConnection, connection url: com.mysql.cj.jdbc.ConnectionImpl@50f287cf
[INFO] [16:34:50.846] [JavaFX Application Thread] [] com.zzg.mybatis.generator.util.ConfigHelper.findConnectorLibPath:215 --> jar resource: jar:file:/E:/%e6%a1%8c%e9%9d%a2/IT/mybatis-generator-gui/mybatis-generator-gui.jar!/logback.xml
[INFO] [16:34:50.848] [JavaFX Application Thread] [] com.zzg.mybatis.generator.bridge.MybatisGeneratorBridge.generate:66 --> connectorLibPath: E:\桌面\IT\mybatis-generator-gui\lib\mysql-connector-java-8.0.11.jar
[INFO] [16:34:50.851] [JavaFX Application Thread] [] com.zzg.mybatis.generator.util.DbUtil.getConnectionUrlWithSchema:208 --> getConnectionUrlWithSchema, connection url: jdbc:mysql://127.0.0.1:3306/sifa09mybatis?serverTimezone=UTC&useUnicode=true&useSSL=false&characterEncoding=utf8
[DEBUG] [16:34:51.028] [JavaFX Application Thread] [] org.mybatis.generator.logging.LogFactory.setImplementation:105 --> Logging initialized using 'org.mybatis.generator.logging.slf4j.Slf4jLoggingLogFactory@604709f' adapter.
[DEBUG] [16:34:51.029] [JavaFX Application Thread] [] org.mybatis.generator.internal.db.DatabaseIntrospector.getColumns:506 --> Retrieving column information for table "sifa09mybatis.role"
[DEBUG] [16:34:51.103] [JavaFX Application Thread] [] org.mybatis.generator.internal.db.DatabaseIntrospector.getColumns:563 --> Found column "role_id", data type 4, in table "sifa09mybatis..role"
[DEBUG] [16:34:51.105] [JavaFX Application Thread] [] org.mybatis.generator.internal.db.DatabaseIntrospector.getColumns:563 --> Found column "role_name", data type 12, in table "sifa09mybatis..role"
[DEBUG] [16:34:51.107] [JavaFX Application Thread] [] org.mybatis.generator.internal.db.DatabaseIntrospector.getColumns:563 --> Found column "desc", data type 12, in table "sifa09mybatis..role"
[INFO] [19:40:45.973] [JavaFX Application Thread] [] com.zzg.mybatis.generator.util.DbUtil.getConnectionUrlWithSchema:208 --> getConnectionUrlWithSchema, connection url: jdbc:mysql://localhost:3306/schools?serverTimezone=UTC&useUnicode=true&useSSL=false&characterEncoding=utf8
[INFO] [19:40:46.293] [JavaFX Application Thread] [] com.zzg.mybatis.generator.util.DbUtil.getConnection:133 --> getConnection, connection url: com.mysql.cj.jdbc.ConnectionImpl@1281df5
[INFO] [19:40:49.881] [JavaFX Application Thread] [] com.zzg.mybatis.generator.util.ConnectionManager.getConnection:20 --> database FilePath :E:\桌面\IT\mybatis-generator-gui\.\config\sqlite3.db
[INFO] [19:40:50.060] [JavaFX Application Thread] [] com.zzg.mybatis.generator.util.ConnectionManager.getConnection:20 --> database FilePath :E:\桌面\IT\mybatis-generator-gui\.\config\sqlite3.db
[INFO] [19:40:52.811] [JavaFX Application Thread] [] com.zzg.mybatis.generator.util.DbUtil.getConnectionUrlWithSchema:208 --> getConnectionUrlWithSchema, connection url: jdbc:mysql://localhost:3306/schools?serverTimezone=UTC&useUnicode=true&useSSL=false&characterEncoding=utf8
[INFO] [19:40:52.860] [JavaFX Application Thread] [] com.zzg.mybatis.generator.util.DbUtil.getConnection:133 --> getConnection, connection url: com.mysql.cj.jdbc.ConnectionImpl@a3d9bd6
[INFO] [19:41:28.571] [JavaFX Application Thread] [] com.zzg.mybatis.generator.util.ConfigHelper.findConnectorLibPath:215 --> jar resource: jar:file:/E:/%e6%a1%8c%e9%9d%a2/IT/mybatis-generator-gui/mybatis-generator-gui.jar!/logback.xml
[INFO] [19:41:28.608] [JavaFX Application Thread] [] com.zzg.mybatis.generator.bridge.MybatisGeneratorBridge.generate:66 --> connectorLibPath: E:\桌面\IT\mybatis-generator-gui\lib\mysql-connector-java-8.0.11.jar
[INFO] [19:41:28.609] [JavaFX Application Thread] [] com.zzg.mybatis.generator.util.DbUtil.getConnectionUrlWithSchema:208 --> getConnectionUrlWithSchema, connection url: jdbc:mysql://localhost:3306/schools?serverTimezone=UTC&useUnicode=true&useSSL=false&characterEncoding=utf8
[DEBUG] [19:41:29.020] [JavaFX Application Thread] [] org.mybatis.generator.internal.db.DatabaseIntrospector.getColumns:506 --> Retrieving column information for table "schools.person"
[DEBUG] [19:41:29.042] [JavaFX Application Thread] [] org.mybatis.generator.internal.db.DatabaseIntrospector.getColumns:563 --> Found column "pId", data type 4, in table "schools..person"
[DEBUG] [19:41:29.043] [JavaFX Application Thread] [] org.mybatis.generator.internal.db.DatabaseIntrospector.getColumns:563 --> Found column "pName", data type 12, in table "schools..person"
[INFO] [19:41:55.370] [JavaFX Application Thread] [] com.zzg.mybatis.generator.util.ConfigHelper.findConnectorLibPath:215 --> jar resource: jar:file:/E:/%e6%a1%8c%e9%9d%a2/IT/mybatis-generator-gui/mybatis-generator-gui.jar!/logback.xml
[INFO] [19:41:55.371] [JavaFX Application Thread] [] com.zzg.mybatis.generator.bridge.MybatisGeneratorBridge.generate:66 --> connectorLibPath: E:\桌面\IT\mybatis-generator-gui\lib\mysql-connector-java-8.0.11.jar
[INFO] [19:41:55.372] [JavaFX Application Thread] [] com.zzg.mybatis.generator.util.DbUtil.getConnectionUrlWithSchema:208 --> getConnectionUrlWithSchema, connection url: jdbc:mysql://localhost:3306/schools?serverTimezone=UTC&useUnicode=true&useSSL=false&characterEncoding=utf8
[DEBUG] [19:41:55.483] [JavaFX Application Thread] [] org.mybatis.generator.internal.db.DatabaseIntrospector.getColumns:506 --> Retrieving column information for table "schools.clazz"
[DEBUG] [19:41:55.639] [JavaFX Application Thread] [] org.mybatis.generator.internal.db.DatabaseIntrospector.getColumns:563 --> Found column "cid", data type 4, in table "schools..clazz"
[DEBUG] [19:41:55.640] [JavaFX Application Thread] [] org.mybatis.generator.internal.db.DatabaseIntrospector.getColumns:563 --> Found column "scid", data type 4, in table "schools..clazz"
[DEBUG] [19:41:55.642] [JavaFX Application Thread] [] org.mybatis.generator.internal.db.DatabaseIntrospector.getColumns:563 --> Found column "cname", data type 12, in table "schools..clazz"
[DEBUG] [19:41:55.643] [JavaFX Application Thread] [] org.mybatis.generator.internal.db.DatabaseIntrospector.getColumns:563 --> Found column "Goodis", data type 12, in table "schools..clazz"
[INFO] [19:43:49.126] [JavaFX Application Thread] [] com.zzg.mybatis.generator.util.ConfigHelper.findConnectorLibPath:215 --> jar resource: jar:file:/E:/%e6%a1%8c%e9%9d%a2/IT/mybatis-generator-gui/mybatis-generator-gui.jar!/logback.xml
[INFO] [19:43:49.129] [JavaFX Application Thread] [] com.zzg.mybatis.generator.bridge.MybatisGeneratorBridge.generate:66 --> connectorLibPath: E:\桌面\IT\mybatis-generator-gui\lib\mysql-connector-java-8.0.11.jar
[INFO] [19:43:49.130] [JavaFX Application Thread] [] com.zzg.mybatis.generator.util.DbUtil.getConnectionUrlWithSchema:208 --> getConnectionUrlWithSchema, connection url: jdbc:mysql://localhost:3306/schools?serverTimezone=UTC&useUnicode=true&useSSL=false&characterEncoding=utf8
[DEBUG] [19:43:49.225] [JavaFX Application Thread] [] org.mybatis.generator.internal.db.DatabaseIntrospector.getColumns:506 --> Retrieving column information for table "schools.card"
[DEBUG] [19:43:49.371] [JavaFX Application Thread] [] org.mybatis.generator.internal.db.DatabaseIntrospector.getColumns:563 --> Found column "cardId", data type 4, in table "schools..card"
[DEBUG] [19:43:49.372] [JavaFX Application Thread] [] org.mybatis.generator.internal.db.DatabaseIntrospector.getColumns:563 --> Found column "cardname", data type 12, in table "schools..card"
[DEBUG] [19:43:49.373] [JavaFX Application Thread] [] org.mybatis.generator.internal.db.DatabaseIntrospector.getColumns:563 --> Found column "pId", data type 4, in table "schools..card"
[INFO] [19:56:53.426] [JavaFX Application Thread] [] com.zzg.mybatis.generator.util.ConfigHelper.findConnectorLibPath:215 --> jar resource: jar:file:/E:/%e6%a1%8c%e9%9d%a2/IT/mybatis-generator-gui/mybatis-generator-gui.jar!/logback.xml
[INFO] [19:56:53.428] [JavaFX Application Thread] [] com.zzg.mybatis.generator.bridge.MybatisGeneratorBridge.generate:66 --> connectorLibPath: E:\桌面\IT\mybatis-generator-gui\lib\mysql-connector-java-8.0.11.jar
[INFO] [19:56:53.429] [JavaFX Application Thread] [] com.zzg.mybatis.generator.util.DbUtil.getConnectionUrlWithSchema:208 --> getConnectionUrlWithSchema, connection url: jdbc:mysql://localhost:3306/schools?serverTimezone=UTC&useUnicode=true&useSSL=false&characterEncoding=utf8
[DEBUG] [19:56:53.555] [JavaFX Application Thread] [] org.mybatis.generator.internal.db.DatabaseIntrospector.getColumns:506 --> Retrieving column information for table "schools.banwei"
[DEBUG] [19:56:53.871] [JavaFX Application Thread] [] org.mybatis.generator.internal.db.DatabaseIntrospector.getColumns:563 --> Found column "BanId", data type 4, in table "schools..banwei"
[DEBUG] [19:56:53.872] [JavaFX Application Thread] [] org.mybatis.generator.internal.db.DatabaseIntrospector.getColumns:563 --> Found column "Banname", data type 12, in table "schools..banwei"
[DEBUG] [19:56:53.874] [JavaFX Application Thread] [] org.mybatis.generator.internal.db.DatabaseIntrospector.getColumns:563 --> Found column "sid", data type 4, in table "schools..banwei"
[INFO] [19:57:06.596] [JavaFX Application Thread] [] com.zzg.mybatis.generator.util.ConfigHelper.findConnectorLibPath:215 --> jar resource: jar:file:/E:/%e6%a1%8c%e9%9d%a2/IT/mybatis-generator-gui/mybatis-generator-gui.jar!/logback.xml
[INFO] [19:57:06.597] [JavaFX Application Thread] [] com.zzg.mybatis.generator.bridge.MybatisGeneratorBridge.generate:66 --> connectorLibPath: E:\桌面\IT\mybatis-generator-gui\lib\mysql-connector-java-8.0.11.jar
[INFO] [19:57:06.598] [JavaFX Application Thread] [] com.zzg.mybatis.generator.util.DbUtil.getConnectionUrlWithSchema:208 --> getConnectionUrlWithSchema, connection url: jdbc:mysql://localhost:3306/schools?serverTimezone=UTC&useUnicode=true&useSSL=false&characterEncoding=utf8
[DEBUG] [19:57:06.735] [JavaFX Application Thread] [] org.mybatis.generator.internal.db.DatabaseIntrospector.getColumns:506 --> Retrieving column information for table "schools.school"
[DEBUG] [19:57:06.839] [JavaFX Application Thread] [] org.mybatis.generator.internal.db.DatabaseIntrospector.getColumns:563 --> Found column "scid", data type 4, in table "schools..school"
[DEBUG] [19:57:06.840] [JavaFX Application Thread] [] org.mybatis.generator.internal.db.DatabaseIntrospector.getColumns:563 --> Found column "scName", data type 12, in table "schools..school"
[DEBUG] [19:57:06.841] [JavaFX Application Thread] [] org.mybatis.generator.internal.db.DatabaseIntrospector.getColumns:563 --> Found column "scAdress", data type 12, in table "schools..school"
[INFO] [19:57:11.522] [JavaFX Application Thread] [] com.zzg.mybatis.generator.util.ConfigHelper.findConnectorLibPath:215 --> jar resource: jar:file:/E:/%e6%a1%8c%e9%9d%a2/IT/mybatis-generator-gui/mybatis-generator-gui.jar!/logback.xml
[INFO] [19:57:11.523] [JavaFX Application Thread] [] com.zzg.mybatis.generator.bridge.MybatisGeneratorBridge.generate:66 --> connectorLibPath: E:\桌面\IT\mybatis-generator-gui\lib\mysql-connector-java-8.0.11.jar
[INFO] [19:57:11.524] [JavaFX Application Thread] [] com.zzg.mybatis.generator.util.DbUtil.getConnectionUrlWithSchema:208 --> getConnectionUrlWithSchema, connection url: jdbc:mysql://localhost:3306/schools?serverTimezone=UTC&useUnicode=true&useSSL=false&characterEncoding=utf8
[DEBUG] [19:57:11.623] [JavaFX Application Thread] [] org.mybatis.generator.internal.db.DatabaseIntrospector.getColumns:506 --> Retrieving column information for table "schools.student"
[DEBUG] [19:57:11.729] [JavaFX Application Thread] [] org.mybatis.generator.internal.db.DatabaseIntrospector.getColumns:563 --> Found column "sid", data type 4, in table "schools..student"
[DEBUG] [19:57:11.730] [JavaFX Application Thread] [] org.mybatis.generator.internal.db.DatabaseIntrospector.getColumns:563 --> Found column "sName", data type 12, in table "schools..student"
[DEBUG] [19:57:11.731] [JavaFX Application Thread] [] org.mybatis.generator.internal.db.DatabaseIntrospector.getColumns:563 --> Found column "sHobby", data type 12, in table "schools..student"
[DEBUG] [19:57:11.732] [JavaFX Application Thread] [] org.mybatis.generator.internal.db.DatabaseIntrospector.getColumns:563 --> Found column "cid", data type 4, in table "schools..student"
