[INFO] [11:25:38.032] [JavaFX Application Thread] [] com.zzg.mybatis.generator.util.ConnectionManager.getConnection:20 --> database FilePath :E:\桌面\IT\mybatis-generator-gui\.\config\sqlite3.db
[INFO] [11:26:12.045] [JavaFX Application Thread] [] com.zzg.mybatis.generator.util.ConfigHelper.getAllJDBCDriverJarPaths:238 --> jar lib path: E:\桌面\IT\mybatis-generator-gui\lib
[INFO] [11:26:12.046] [JavaFX Application Thread] [] com.zzg.mybatis.generator.util.ConfigHelper.getAllJDBCDriverJarPaths:242 --> jar file: E:\桌面\IT\mybatis-generator-gui\lib\commons-beanutils-1.9.2.jar
[INFO] [11:26:12.047] [JavaFX Application Thread] [] com.zzg.mybatis.generator.util.ConfigHelper.getAllJDBCDriverJarPaths:242 --> jar file: E:\桌面\IT\mybatis-generator-gui\lib\commons-collections-3.2.1.jar
[INFO] [11:26:12.048] [JavaFX Application Thread] [] com.zzg.mybatis.generator.util.ConfigHelper.getAllJDBCDriverJarPaths:242 --> jar file: E:\桌面\IT\mybatis-generator-gui\lib\commons-io-2.5.jar
[INFO] [11:26:12.049] [JavaFX Application Thread] [] com.zzg.mybatis.generator.util.ConfigHelper.getAllJDBCDriverJarPaths:242 --> jar file: E:\桌面\IT\mybatis-generator-gui\lib\commons-lang3-3.4.jar
[INFO] [11:26:12.050] [JavaFX Application Thread] [] com.zzg.mybatis.generator.util.ConfigHelper.getAllJDBCDriverJarPaths:242 --> jar file: E:\桌面\IT\mybatis-generator-gui\lib\commons-logging-1.1.1.jar
[INFO] [11:26:12.051] [JavaFX Application Thread] [] com.zzg.mybatis.generator.util.ConfigHelper.getAllJDBCDriverJarPaths:242 --> jar file: E:\桌面\IT\mybatis-generator-gui\lib\fastjson-1.2.7.jar
[INFO] [11:26:12.052] [JavaFX Application Thread] [] com.zzg.mybatis.generator.util.ConfigHelper.getAllJDBCDriverJarPaths:242 --> jar file: E:\桌面\IT\mybatis-generator-gui\lib\hamcrest-core-1.3.jar
[INFO] [11:26:12.052] [JavaFX Application Thread] [] com.zzg.mybatis.generator.util.ConfigHelper.getAllJDBCDriverJarPaths:242 --> jar file: E:\桌面\IT\mybatis-generator-gui\lib\jsch-0.1.54.jar
[INFO] [11:26:12.053] [JavaFX Application Thread] [] com.zzg.mybatis.generator.util.ConfigHelper.getAllJDBCDriverJarPaths:242 --> jar file: E:\桌面\IT\mybatis-generator-gui\lib\junit-4.12.jar
[INFO] [11:26:12.053] [JavaFX Application Thread] [] com.zzg.mybatis.generator.util.ConfigHelper.getAllJDBCDriverJarPaths:242 --> jar file: E:\桌面\IT\mybatis-generator-gui\lib\logback-classic-1.1.2.jar
[INFO] [11:26:12.054] [JavaFX Application Thread] [] com.zzg.mybatis.generator.util.ConfigHelper.getAllJDBCDriverJarPaths:242 --> jar file: E:\桌面\IT\mybatis-generator-gui\lib\logback-core-1.1.2.jar
[INFO] [11:26:12.054] [JavaFX Application Thread] [] com.zzg.mybatis.generator.util.ConfigHelper.getAllJDBCDriverJarPaths:242 --> jar file: E:\桌面\IT\mybatis-generator-gui\lib\mybatis-generator-core-1.3.6.jar
[INFO] [11:26:12.055] [JavaFX Application Thread] [] com.zzg.mybatis.generator.util.ConfigHelper.getAllJDBCDriverJarPaths:242 --> jar file: E:\桌面\IT\mybatis-generator-gui\lib\mysql-connector-java-5.1.38.jar
[INFO] [11:26:12.055] [JavaFX Application Thread] [] com.zzg.mybatis.generator.util.ConfigHelper.getAllJDBCDriverJarPaths:242 --> jar file: E:\桌面\IT\mybatis-generator-gui\lib\mysql-connector-java-8.0.11.jar
[INFO] [11:26:12.056] [JavaFX Application Thread] [] com.zzg.mybatis.generator.util.ConfigHelper.getAllJDBCDriverJarPaths:242 --> jar file: E:\桌面\IT\mybatis-generator-gui\lib\ojdbc6.jar
[INFO] [11:26:12.057] [JavaFX Application Thread] [] com.zzg.mybatis.generator.util.ConfigHelper.getAllJDBCDriverJarPaths:242 --> jar file: E:\桌面\IT\mybatis-generator-gui\lib\postgresql-9.4.1209.jar
[INFO] [11:26:12.059] [JavaFX Application Thread] [] com.zzg.mybatis.generator.util.ConfigHelper.getAllJDBCDriverJarPaths:242 --> jar file: E:\桌面\IT\mybatis-generator-gui\lib\slf4j-api-1.7.25.jar
[INFO] [11:26:12.060] [JavaFX Application Thread] [] com.zzg.mybatis.generator.util.ConfigHelper.getAllJDBCDriverJarPaths:242 --> jar file: E:\桌面\IT\mybatis-generator-gui\lib\sqlite-jdbc-3.19.3.jar
[INFO] [11:26:12.060] [JavaFX Application Thread] [] com.zzg.mybatis.generator.util.ConfigHelper.getAllJDBCDriverJarPaths:242 --> jar file: E:\桌面\IT\mybatis-generator-gui\lib\sqlite-jdbc-3.8.11.2.jar
[INFO] [11:26:12.061] [JavaFX Application Thread] [] com.zzg.mybatis.generator.util.ConfigHelper.getAllJDBCDriverJarPaths:242 --> jar file: E:\桌面\IT\mybatis-generator-gui\lib\sqljdbc4-4.0.jar
[INFO] [11:26:12.177] [JavaFX Application Thread] [] com.zzg.mybatis.generator.util.DbUtil.loadDbDriver:222 --> load driver class: com.mysql.cj.jdbc.Driver@50dcd31b
[INFO] [11:26:12.179] [JavaFX Application Thread] [] com.zzg.mybatis.generator.util.DbUtil.getConnectionUrlWithSchema:208 --> getConnectionUrlWithSchema, connection url: jdbc:mysql://localhost:3306/axinxin?serverTimezone=UTC&useUnicode=true&useSSL=false&characterEncoding=utf8
[INFO] [11:26:12.664] [JavaFX Application Thread] [] com.zzg.mybatis.generator.util.DbUtil.getConnection:133 --> getConnection, connection url: com.mysql.cj.jdbc.ConnectionImpl@615d0f23
[INFO] [11:26:15.210] [JavaFX Application Thread] [] com.zzg.mybatis.generator.util.ConnectionManager.getConnection:20 --> database FilePath :E:\桌面\IT\mybatis-generator-gui\.\config\sqlite3.db
[INFO] [11:26:15.316] [JavaFX Application Thread] [] com.zzg.mybatis.generator.util.ConnectionManager.getConnection:20 --> database FilePath :E:\桌面\IT\mybatis-generator-gui\.\config\sqlite3.db
[INFO] [11:26:17.310] [JavaFX Application Thread] [] com.zzg.mybatis.generator.util.DbUtil.getConnectionUrlWithSchema:208 --> getConnectionUrlWithSchema, connection url: jdbc:mysql://localhost:3306/axinxin?serverTimezone=UTC&useUnicode=true&useSSL=false&characterEncoding=utf8
[INFO] [11:26:17.418] [JavaFX Application Thread] [] com.zzg.mybatis.generator.util.DbUtil.getConnection:133 --> getConnection, connection url: com.mysql.cj.jdbc.ConnectionImpl@4270492d
[INFO] [11:27:46.453] [JavaFX Application Thread] [] com.zzg.mybatis.generator.util.ConfigHelper.findConnectorLibPath:215 --> jar resource: jar:file:/E:/%e6%a1%8c%e9%9d%a2/IT/mybatis-generator-gui/mybatis-generator-gui.jar!/logback.xml
[INFO] [11:27:46.455] [JavaFX Application Thread] [] com.zzg.mybatis.generator.bridge.MybatisGeneratorBridge.generate:66 --> connectorLibPath: E:\桌面\IT\mybatis-generator-gui\lib\mysql-connector-java-8.0.11.jar
[INFO] [11:27:46.458] [JavaFX Application Thread] [] com.zzg.mybatis.generator.util.DbUtil.getConnectionUrlWithSchema:208 --> getConnectionUrlWithSchema, connection url: jdbc:mysql://localhost:3306/axinxin?serverTimezone=UTC&useUnicode=true&useSSL=false&characterEncoding=utf8
[DEBUG] [11:27:46.619] [JavaFX Application Thread] [] org.mybatis.generator.logging.LogFactory.setImplementation:105 --> Logging initialized using 'org.mybatis.generator.logging.slf4j.Slf4jLoggingLogFactory@528dba6f' adapter.
[DEBUG] [11:27:46.621] [JavaFX Application Thread] [] org.mybatis.generator.internal.db.DatabaseIntrospector.getColumns:506 --> Retrieving column information for table "axinxin.admin"
[DEBUG] [11:27:46.927] [JavaFX Application Thread] [] org.mybatis.generator.internal.db.DatabaseIntrospector.getColumns:563 --> Found column "admin_id", data type 4, in table "axinxin..admin"
[DEBUG] [11:27:46.928] [JavaFX Application Thread] [] org.mybatis.generator.internal.db.DatabaseIntrospector.getColumns:563 --> Found column "admin_name", data type 12, in table "axinxin..admin"
[DEBUG] [11:27:46.929] [JavaFX Application Thread] [] org.mybatis.generator.internal.db.DatabaseIntrospector.getColumns:563 --> Found column "admin_pwd", data type 12, in table "axinxin..admin"
[DEBUG] [11:27:46.930] [JavaFX Application Thread] [] org.mybatis.generator.internal.db.DatabaseIntrospector.getColumns:563 --> Found column "admin_phone", data type 12, in table "axinxin..admin"
[DEBUG] [11:27:46.931] [JavaFX Application Thread] [] org.mybatis.generator.internal.db.DatabaseIntrospector.getColumns:563 --> Found column "admin_account", data type 12, in table "axinxin..admin"
[DEBUG] [11:27:46.931] [JavaFX Application Thread] [] org.mybatis.generator.internal.db.DatabaseIntrospector.getColumns:563 --> Found column "salt", data type 12, in table "axinxin..admin"
[DEBUG] [11:27:46.932] [JavaFX Application Thread] [] org.mybatis.generator.internal.db.DatabaseIntrospector.getColumns:563 --> Found column "tiwen", data type 8, in table "axinxin..admin"
[DEBUG] [11:27:46.933] [JavaFX Application Thread] [] org.mybatis.generator.internal.db.DatabaseIntrospector.getColumns:563 --> Found column "status", data type 4, in table "axinxin..admin"
[INFO] [11:27:57.902] [JavaFX Application Thread] [] com.zzg.mybatis.generator.util.ConfigHelper.findConnectorLibPath:215 --> jar resource: jar:file:/E:/%e6%a1%8c%e9%9d%a2/IT/mybatis-generator-gui/mybatis-generator-gui.jar!/logback.xml
[INFO] [11:27:57.903] [JavaFX Application Thread] [] com.zzg.mybatis.generator.bridge.MybatisGeneratorBridge.generate:66 --> connectorLibPath: E:\桌面\IT\mybatis-generator-gui\lib\mysql-connector-java-8.0.11.jar
[INFO] [11:27:57.903] [JavaFX Application Thread] [] com.zzg.mybatis.generator.util.DbUtil.getConnectionUrlWithSchema:208 --> getConnectionUrlWithSchema, connection url: jdbc:mysql://localhost:3306/axinxin?serverTimezone=UTC&useUnicode=true&useSSL=false&characterEncoding=utf8
[DEBUG] [11:27:58.141] [JavaFX Application Thread] [] org.mybatis.generator.internal.db.DatabaseIntrospector.getColumns:506 --> Retrieving column information for table "axinxin.jiao_se"
[DEBUG] [11:27:58.237] [JavaFX Application Thread] [] org.mybatis.generator.internal.db.DatabaseIntrospector.getColumns:563 --> Found column "jiao_se_id", data type 4, in table "axinxin..jiao_se"
[DEBUG] [11:27:58.239] [JavaFX Application Thread] [] org.mybatis.generator.internal.db.DatabaseIntrospector.getColumns:563 --> Found column "jiao_se_name", data type 12, in table "axinxin..jiao_se"
[INFO] [11:28:02.786] [JavaFX Application Thread] [] com.zzg.mybatis.generator.util.ConfigHelper.findConnectorLibPath:215 --> jar resource: jar:file:/E:/%e6%a1%8c%e9%9d%a2/IT/mybatis-generator-gui/mybatis-generator-gui.jar!/logback.xml
[INFO] [11:28:02.787] [JavaFX Application Thread] [] com.zzg.mybatis.generator.bridge.MybatisGeneratorBridge.generate:66 --> connectorLibPath: E:\桌面\IT\mybatis-generator-gui\lib\mysql-connector-java-8.0.11.jar
[INFO] [11:28:02.788] [JavaFX Application Thread] [] com.zzg.mybatis.generator.util.DbUtil.getConnectionUrlWithSchema:208 --> getConnectionUrlWithSchema, connection url: jdbc:mysql://localhost:3306/axinxin?serverTimezone=UTC&useUnicode=true&useSSL=false&characterEncoding=utf8
[DEBUG] [11:28:02.929] [JavaFX Application Thread] [] org.mybatis.generator.internal.db.DatabaseIntrospector.getColumns:506 --> Retrieving column information for table "axinxin.jiaose_quanxian"
[DEBUG] [11:28:03.049] [JavaFX Application Thread] [] org.mybatis.generator.internal.db.DatabaseIntrospector.getColumns:563 --> Found column "jiaose_quanxian_id", data type 4, in table "axinxin..jiaose_quanxian"
[DEBUG] [11:28:03.050] [JavaFX Application Thread] [] org.mybatis.generator.internal.db.DatabaseIntrospector.getColumns:563 --> Found column "jiaose_id", data type 4, in table "axinxin..jiaose_quanxian"
[DEBUG] [11:28:03.052] [JavaFX Application Thread] [] org.mybatis.generator.internal.db.DatabaseIntrospector.getColumns:563 --> Found column "quanxian_id", data type 4, in table "axinxin..jiaose_quanxian"
[INFO] [11:28:07.823] [JavaFX Application Thread] [] com.zzg.mybatis.generator.util.ConfigHelper.findConnectorLibPath:215 --> jar resource: jar:file:/E:/%e6%a1%8c%e9%9d%a2/IT/mybatis-generator-gui/mybatis-generator-gui.jar!/logback.xml
[INFO] [11:28:07.824] [JavaFX Application Thread] [] com.zzg.mybatis.generator.bridge.MybatisGeneratorBridge.generate:66 --> connectorLibPath: E:\桌面\IT\mybatis-generator-gui\lib\mysql-connector-java-8.0.11.jar
[INFO] [11:28:07.826] [JavaFX Application Thread] [] com.zzg.mybatis.generator.util.DbUtil.getConnectionUrlWithSchema:208 --> getConnectionUrlWithSchema, connection url: jdbc:mysql://localhost:3306/axinxin?serverTimezone=UTC&useUnicode=true&useSSL=false&characterEncoding=utf8
[DEBUG] [11:28:08.039] [JavaFX Application Thread] [] org.mybatis.generator.internal.db.DatabaseIntrospector.getColumns:506 --> Retrieving column information for table "axinxin.quan_xian"
[DEBUG] [11:28:08.100] [JavaFX Application Thread] [] org.mybatis.generator.internal.db.DatabaseIntrospector.getColumns:563 --> Found column "quan_xian_id", data type 4, in table "axinxin..quan_xian"
[DEBUG] [11:28:08.101] [JavaFX Application Thread] [] org.mybatis.generator.internal.db.DatabaseIntrospector.getColumns:563 --> Found column "quan_xian_code", data type 12, in table "axinxin..quan_xian"
[DEBUG] [11:28:08.102] [JavaFX Application Thread] [] org.mybatis.generator.internal.db.DatabaseIntrospector.getColumns:563 --> Found column "quan_xian_name", data type 12, in table "axinxin..quan_xian"
[DEBUG] [11:28:08.104] [JavaFX Application Thread] [] org.mybatis.generator.internal.db.DatabaseIntrospector.getColumns:563 --> Found column "quan_xian_perms", data type 12, in table "axinxin..quan_xian"
[DEBUG] [11:28:08.105] [JavaFX Application Thread] [] org.mybatis.generator.internal.db.DatabaseIntrospector.getColumns:563 --> Found column "quan_xian_url", data type 12, in table "axinxin..quan_xian"
[DEBUG] [11:28:08.106] [JavaFX Application Thread] [] org.mybatis.generator.internal.db.DatabaseIntrospector.getColumns:563 --> Found column "quan_xian_method", data type 12, in table "axinxin..quan_xian"
[DEBUG] [11:28:08.106] [JavaFX Application Thread] [] org.mybatis.generator.internal.db.DatabaseIntrospector.getColumns:563 --> Found column "quan_xian_pid", data type 4, in table "axinxin..quan_xian"
[DEBUG] [11:28:08.107] [JavaFX Application Thread] [] org.mybatis.generator.internal.db.DatabaseIntrospector.getColumns:563 --> Found column "quan_xian_order", data type 4, in table "axinxin..quan_xian"
[DEBUG] [11:28:08.107] [JavaFX Application Thread] [] org.mybatis.generator.internal.db.DatabaseIntrospector.getColumns:563 --> Found column "quan_xian_type", data type 4, in table "axinxin..quan_xian"
[DEBUG] [11:28:08.108] [JavaFX Application Thread] [] org.mybatis.generator.internal.db.DatabaseIntrospector.getColumns:563 --> Found column "quan_xian_status", data type 4, in table "axinxin..quan_xian"
[INFO] [11:28:12.465] [JavaFX Application Thread] [] com.zzg.mybatis.generator.util.ConfigHelper.findConnectorLibPath:215 --> jar resource: jar:file:/E:/%e6%a1%8c%e9%9d%a2/IT/mybatis-generator-gui/mybatis-generator-gui.jar!/logback.xml
[INFO] [11:28:12.467] [JavaFX Application Thread] [] com.zzg.mybatis.generator.bridge.MybatisGeneratorBridge.generate:66 --> connectorLibPath: E:\桌面\IT\mybatis-generator-gui\lib\mysql-connector-java-8.0.11.jar
[INFO] [11:28:12.468] [JavaFX Application Thread] [] com.zzg.mybatis.generator.util.DbUtil.getConnectionUrlWithSchema:208 --> getConnectionUrlWithSchema, connection url: jdbc:mysql://localhost:3306/axinxin?serverTimezone=UTC&useUnicode=true&useSSL=false&characterEncoding=utf8
[DEBUG] [11:28:12.564] [JavaFX Application Thread] [] org.mybatis.generator.internal.db.DatabaseIntrospector.getColumns:506 --> Retrieving column information for table "axinxin.ren_jiao_se"
[DEBUG] [11:28:12.803] [JavaFX Application Thread] [] org.mybatis.generator.internal.db.DatabaseIntrospector.getColumns:563 --> Found column "ren_jiaose_id", data type 4, in table "axinxin..ren_jiao_se"
[DEBUG] [11:28:12.804] [JavaFX Application Thread] [] org.mybatis.generator.internal.db.DatabaseIntrospector.getColumns:563 --> Found column "ren_id", data type 4, in table "axinxin..ren_jiao_se"
[DEBUG] [11:28:12.805] [JavaFX Application Thread] [] org.mybatis.generator.internal.db.DatabaseIntrospector.getColumns:563 --> Found column "jiaose_id", data type 4, in table "axinxin..ren_jiao_se"
[INFO] [11:28:17.240] [JavaFX Application Thread] [] com.zzg.mybatis.generator.util.ConfigHelper.findConnectorLibPath:215 --> jar resource: jar:file:/E:/%e6%a1%8c%e9%9d%a2/IT/mybatis-generator-gui/mybatis-generator-gui.jar!/logback.xml
[INFO] [11:28:17.242] [JavaFX Application Thread] [] com.zzg.mybatis.generator.bridge.MybatisGeneratorBridge.generate:66 --> connectorLibPath: E:\桌面\IT\mybatis-generator-gui\lib\mysql-connector-java-8.0.11.jar
[INFO] [11:28:17.244] [JavaFX Application Thread] [] com.zzg.mybatis.generator.util.DbUtil.getConnectionUrlWithSchema:208 --> getConnectionUrlWithSchema, connection url: jdbc:mysql://localhost:3306/axinxin?serverTimezone=UTC&useUnicode=true&useSSL=false&characterEncoding=utf8
[DEBUG] [11:28:17.373] [JavaFX Application Thread] [] org.mybatis.generator.internal.db.DatabaseIntrospector.getColumns:506 --> Retrieving column information for table "axinxin.student"
[DEBUG] [11:28:17.467] [JavaFX Application Thread] [] org.mybatis.generator.internal.db.DatabaseIntrospector.getColumns:563 --> Found column "student_id", data type 4, in table "axinxin..student"
[DEBUG] [11:28:17.468] [JavaFX Application Thread] [] org.mybatis.generator.internal.db.DatabaseIntrospector.getColumns:563 --> Found column "student_name", data type 12, in table "axinxin..student"
[DEBUG] [11:28:17.468] [JavaFX Application Thread] [] org.mybatis.generator.internal.db.DatabaseIntrospector.getColumns:563 --> Found column "student_sex", data type 4, in table "axinxin..student"
[DEBUG] [11:28:17.469] [JavaFX Application Thread] [] org.mybatis.generator.internal.db.DatabaseIntrospector.getColumns:563 --> Found column "student_card_id", data type 12, in table "axinxin..student"
[DEBUG] [11:28:17.470] [JavaFX Application Thread] [] org.mybatis.generator.internal.db.DatabaseIntrospector.getColumns:563 --> Found column "student_phone", data type 12, in table "axinxin..student"
[DEBUG] [11:28:17.471] [JavaFX Application Thread] [] org.mybatis.generator.internal.db.DatabaseIntrospector.getColumns:563 --> Found column "student_address", data type 12, in table "axinxin..student"
[DEBUG] [11:28:17.471] [JavaFX Application Thread] [] org.mybatis.generator.internal.db.DatabaseIntrospector.getColumns:563 --> Found column "student_come_date", data type 93, in table "axinxin..student"
[INFO] [13:59:58.579] [JavaFX Application Thread] [] com.zzg.mybatis.generator.util.ConnectionManager.getConnection:20 --> database FilePath :E:\桌面\IT\mybatis-generator-gui\.\config\sqlite3.db
[INFO] [14:00:29.126] [JavaFX Application Thread] [] com.zzg.mybatis.generator.util.ConfigHelper.getAllJDBCDriverJarPaths:238 --> jar lib path: E:\桌面\IT\mybatis-generator-gui\lib
[INFO] [14:00:29.129] [JavaFX Application Thread] [] com.zzg.mybatis.generator.util.ConfigHelper.getAllJDBCDriverJarPaths:242 --> jar file: E:\桌面\IT\mybatis-generator-gui\lib\commons-beanutils-1.9.2.jar
[INFO] [14:00:29.131] [JavaFX Application Thread] [] com.zzg.mybatis.generator.util.ConfigHelper.getAllJDBCDriverJarPaths:242 --> jar file: E:\桌面\IT\mybatis-generator-gui\lib\commons-collections-3.2.1.jar
[INFO] [14:00:29.132] [JavaFX Application Thread] [] com.zzg.mybatis.generator.util.ConfigHelper.getAllJDBCDriverJarPaths:242 --> jar file: E:\桌面\IT\mybatis-generator-gui\lib\commons-io-2.5.jar
[INFO] [14:00:29.134] [JavaFX Application Thread] [] com.zzg.mybatis.generator.util.ConfigHelper.getAllJDBCDriverJarPaths:242 --> jar file: E:\桌面\IT\mybatis-generator-gui\lib\commons-lang3-3.4.jar
[INFO] [14:00:29.136] [JavaFX Application Thread] [] com.zzg.mybatis.generator.util.ConfigHelper.getAllJDBCDriverJarPaths:242 --> jar file: E:\桌面\IT\mybatis-generator-gui\lib\commons-logging-1.1.1.jar
[INFO] [14:00:29.137] [JavaFX Application Thread] [] com.zzg.mybatis.generator.util.ConfigHelper.getAllJDBCDriverJarPaths:242 --> jar file: E:\桌面\IT\mybatis-generator-gui\lib\fastjson-1.2.7.jar
[INFO] [14:00:29.138] [JavaFX Application Thread] [] com.zzg.mybatis.generator.util.ConfigHelper.getAllJDBCDriverJarPaths:242 --> jar file: E:\桌面\IT\mybatis-generator-gui\lib\hamcrest-core-1.3.jar
[INFO] [14:00:29.140] [JavaFX Application Thread] [] com.zzg.mybatis.generator.util.ConfigHelper.getAllJDBCDriverJarPaths:242 --> jar file: E:\桌面\IT\mybatis-generator-gui\lib\jsch-0.1.54.jar
[INFO] [14:00:29.140] [JavaFX Application Thread] [] com.zzg.mybatis.generator.util.ConfigHelper.getAllJDBCDriverJarPaths:242 --> jar file: E:\桌面\IT\mybatis-generator-gui\lib\junit-4.12.jar
[INFO] [14:00:29.141] [JavaFX Application Thread] [] com.zzg.mybatis.generator.util.ConfigHelper.getAllJDBCDriverJarPaths:242 --> jar file: E:\桌面\IT\mybatis-generator-gui\lib\logback-classic-1.1.2.jar
[INFO] [14:00:29.143] [JavaFX Application Thread] [] com.zzg.mybatis.generator.util.ConfigHelper.getAllJDBCDriverJarPaths:242 --> jar file: E:\桌面\IT\mybatis-generator-gui\lib\logback-core-1.1.2.jar
[INFO] [14:00:29.144] [JavaFX Application Thread] [] com.zzg.mybatis.generator.util.ConfigHelper.getAllJDBCDriverJarPaths:242 --> jar file: E:\桌面\IT\mybatis-generator-gui\lib\mybatis-generator-core-1.3.6.jar
[INFO] [14:00:29.145] [JavaFX Application Thread] [] com.zzg.mybatis.generator.util.ConfigHelper.getAllJDBCDriverJarPaths:242 --> jar file: E:\桌面\IT\mybatis-generator-gui\lib\mysql-connector-java-5.1.38.jar
[INFO] [14:00:29.147] [JavaFX Application Thread] [] com.zzg.mybatis.generator.util.ConfigHelper.getAllJDBCDriverJarPaths:242 --> jar file: E:\桌面\IT\mybatis-generator-gui\lib\mysql-connector-java-8.0.11.jar
[INFO] [14:00:29.149] [JavaFX Application Thread] [] com.zzg.mybatis.generator.util.ConfigHelper.getAllJDBCDriverJarPaths:242 --> jar file: E:\桌面\IT\mybatis-generator-gui\lib\ojdbc6.jar
[INFO] [14:00:29.151] [JavaFX Application Thread] [] com.zzg.mybatis.generator.util.ConfigHelper.getAllJDBCDriverJarPaths:242 --> jar file: E:\桌面\IT\mybatis-generator-gui\lib\postgresql-9.4.1209.jar
[INFO] [14:00:29.152] [JavaFX Application Thread] [] com.zzg.mybatis.generator.util.ConfigHelper.getAllJDBCDriverJarPaths:242 --> jar file: E:\桌面\IT\mybatis-generator-gui\lib\slf4j-api-1.7.25.jar
[INFO] [14:00:29.153] [JavaFX Application Thread] [] com.zzg.mybatis.generator.util.ConfigHelper.getAllJDBCDriverJarPaths:242 --> jar file: E:\桌面\IT\mybatis-generator-gui\lib\sqlite-jdbc-3.19.3.jar
[INFO] [14:00:29.154] [JavaFX Application Thread] [] com.zzg.mybatis.generator.util.ConfigHelper.getAllJDBCDriverJarPaths:242 --> jar file: E:\桌面\IT\mybatis-generator-gui\lib\sqlite-jdbc-3.8.11.2.jar
[INFO] [14:00:29.155] [JavaFX Application Thread] [] com.zzg.mybatis.generator.util.ConfigHelper.getAllJDBCDriverJarPaths:242 --> jar file: E:\桌面\IT\mybatis-generator-gui\lib\sqljdbc4-4.0.jar
[INFO] [14:00:29.232] [JavaFX Application Thread] [] com.zzg.mybatis.generator.util.DbUtil.loadDbDriver:222 --> load driver class: com.mysql.cj.jdbc.Driver@20931946
[INFO] [14:00:29.240] [JavaFX Application Thread] [] com.zzg.mybatis.generator.util.DbUtil.getConnectionUrlWithSchema:208 --> getConnectionUrlWithSchema, connection url: jdbc:mysql://localhost:3306/wangweilog?serverTimezone=UTC&useUnicode=true&useSSL=false&characterEncoding=utf8
[INFO] [14:00:29.714] [JavaFX Application Thread] [] com.zzg.mybatis.generator.util.DbUtil.getConnection:133 --> getConnection, connection url: com.mysql.cj.jdbc.ConnectionImpl@38411345
[INFO] [14:00:32.620] [JavaFX Application Thread] [] com.zzg.mybatis.generator.util.ConnectionManager.getConnection:20 --> database FilePath :E:\桌面\IT\mybatis-generator-gui\.\config\sqlite3.db
[ERROR] [14:00:32.643] [JavaFX Application Thread] [] com.zzg.mybatis.generator.controller.DbConnectionController.saveConnection:54 --> 配置已经存在, 请使用其它名字
java.lang.RuntimeException: 配置已经存在, 请使用其它名字
	at com.zzg.mybatis.generator.util.ConfigHelper.saveDatabaseConfig(ConfigHelper.java:99) ~[mybatis-generator-gui.jar:na]
	at com.zzg.mybatis.generator.controller.DbConnectionController.saveConnection(DbConnectionController.java:50) ~[mybatis-generator-gui.jar:na]
	at com.zzg.mybatis.generator.controller.TabPaneController.saveConnection(TabPaneController.java:84) [mybatis-generator-gui.jar:na]
	at sun.reflect.NativeMethodAccessorImpl.invoke0(Native Method) ~[na:1.8.0_121]
	at sun.reflect.NativeMethodAccessorImpl.invoke(NativeMethodAccessorImpl.java:62) ~[na:1.8.0_121]
	at sun.reflect.DelegatingMethodAccessorImpl.invoke(DelegatingMethodAccessorImpl.java:43) ~[na:1.8.0_121]
	at java.lang.reflect.Method.invoke(Method.java:498) ~[na:1.8.0_121]
	at sun.reflect.misc.Trampoline.invoke(MethodUtil.java:71) [na:1.8.0_121]
	at sun.reflect.GeneratedMethodAccessor1.invoke(Unknown Source) ~[na:na]
	at sun.reflect.DelegatingMethodAccessorImpl.invoke(DelegatingMethodAccessorImpl.java:43) ~[na:1.8.0_121]
	at java.lang.reflect.Method.invoke(Method.java:498) ~[na:1.8.0_121]
	at sun.reflect.misc.MethodUtil.invoke(MethodUtil.java:275) [na:1.8.0_121]
	at javafx.fxml.FXMLLoader$MethodHandler.invoke(FXMLLoader.java:1771) [jfxrt.jar:na]
	at javafx.fxml.FXMLLoader$ControllerMethodEventHandler.handle(FXMLLoader.java:1657) [jfxrt.jar:na]
	at com.sun.javafx.event.CompositeEventHandler.dispatchBubblingEvent(CompositeEventHandler.java:86) [jfxrt.jar:na]
	at com.sun.javafx.event.EventHandlerManager.dispatchBubblingEvent(EventHandlerManager.java:238) [jfxrt.jar:na]
	at com.sun.javafx.event.EventHandlerManager.dispatchBubblingEvent(EventHandlerManager.java:191) [jfxrt.jar:na]
	at com.sun.javafx.event.CompositeEventDispatcher.dispatchBubblingEvent(CompositeEventDispatcher.java:59) [jfxrt.jar:na]
	at com.sun.javafx.event.BasicEventDispatcher.dispatchEvent(BasicEventDispatcher.java:58) [jfxrt.jar:na]
	at com.sun.javafx.event.EventDispatchChainImpl.dispatchEvent(EventDispatchChainImpl.java:114) [jfxrt.jar:na]
	at com.sun.javafx.event.BasicEventDispatcher.dispatchEvent(BasicEventDispatcher.java:56) [jfxrt.jar:na]
	at com.sun.javafx.event.EventDispatchChainImpl.dispatchEvent(EventDispatchChainImpl.java:114) [jfxrt.jar:na]
	at com.sun.javafx.event.BasicEventDispatcher.dispatchEvent(BasicEventDispatcher.java:56) [jfxrt.jar:na]
	at com.sun.javafx.event.EventDispatchChainImpl.dispatchEvent(EventDispatchChainImpl.java:114) [jfxrt.jar:na]
	at com.sun.javafx.event.EventUtil.fireEventImpl(EventUtil.java:74) [jfxrt.jar:na]
	at com.sun.javafx.event.EventUtil.fireEvent(EventUtil.java:49) [jfxrt.jar:na]
	at javafx.event.Event.fireEvent(Event.java:198) [jfxrt.jar:na]
	at javafx.scene.Node.fireEvent(Node.java:8413) [jfxrt.jar:na]
	at javafx.scene.control.Button.fire(Button.java:185) [jfxrt.jar:na]
	at com.sun.javafx.scene.control.behavior.ButtonBehavior.mouseReleased(ButtonBehavior.java:182) [jfxrt.jar:na]
	at com.sun.javafx.scene.control.skin.BehaviorSkinBase$1.handle(BehaviorSkinBase.java:96) [jfxrt.jar:na]
	at com.sun.javafx.scene.control.skin.BehaviorSkinBase$1.handle(BehaviorSkinBase.java:89) [jfxrt.jar:na]
	at com.sun.javafx.event.CompositeEventHandler$NormalEventHandlerRecord.handleBubblingEvent(CompositeEventHandler.java:218) [jfxrt.jar:na]
	at com.sun.javafx.event.CompositeEventHandler.dispatchBubblingEvent(CompositeEventHandler.java:80) [jfxrt.jar:na]
	at com.sun.javafx.event.EventHandlerManager.dispatchBubblingEvent(EventHandlerManager.java:238) [jfxrt.jar:na]
	at com.sun.javafx.event.EventHandlerManager.dispatchBubblingEvent(EventHandlerManager.java:191) [jfxrt.jar:na]
	at com.sun.javafx.event.CompositeEventDispatcher.dispatchBubblingEvent(CompositeEventDispatcher.java:59) [jfxrt.jar:na]
	at com.sun.javafx.event.BasicEventDispatcher.dispatchEvent(BasicEventDispatcher.java:58) [jfxrt.jar:na]
	at com.sun.javafx.event.EventDispatchChainImpl.dispatchEvent(EventDispatchChainImpl.java:114) [jfxrt.jar:na]
	at com.sun.javafx.event.BasicEventDispatcher.dispatchEvent(BasicEventDispatcher.java:56) [jfxrt.jar:na]
	at com.sun.javafx.event.EventDispatchChainImpl.dispatchEvent(EventDispatchChainImpl.java:114) [jfxrt.jar:na]
	at com.sun.javafx.event.BasicEventDispatcher.dispatchEvent(BasicEventDispatcher.java:56) [jfxrt.jar:na]
	at com.sun.javafx.event.EventDispatchChainImpl.dispatchEvent(EventDispatchChainImpl.java:114) [jfxrt.jar:na]
	at com.sun.javafx.event.EventUtil.fireEventImpl(EventUtil.java:74) [jfxrt.jar:na]
	at com.sun.javafx.event.EventUtil.fireEvent(EventUtil.java:54) [jfxrt.jar:na]
	at javafx.event.Event.fireEvent(Event.java:198) [jfxrt.jar:na]
	at javafx.scene.Scene$MouseHandler.process(Scene.java:3757) [jfxrt.jar:na]
	at javafx.scene.Scene$MouseHandler.access$1500(Scene.java:3485) [jfxrt.jar:na]
	at javafx.scene.Scene.impl_processMouseEvent(Scene.java:1762) [jfxrt.jar:na]
	at javafx.scene.Scene$ScenePeerListener.mouseEvent(Scene.java:2494) [jfxrt.jar:na]
	at com.sun.javafx.tk.quantum.GlassViewEventHandler$MouseEventNotification.run(GlassViewEventHandler.java:381) [jfxrt.jar:na]
	at com.sun.javafx.tk.quantum.GlassViewEventHandler$MouseEventNotification.run(GlassViewEventHandler.java:295) [jfxrt.jar:na]
	at java.security.AccessController.doPrivileged(Native Method) [na:1.8.0_121]
	at com.sun.javafx.tk.quantum.GlassViewEventHandler.lambda$handleMouseEvent$354(GlassViewEventHandler.java:417) [jfxrt.jar:na]
	at com.sun.javafx.tk.quantum.QuantumToolkit.runWithoutRenderLock(QuantumToolkit.java:389) ~[jfxrt.jar:na]
	at com.sun.javafx.tk.quantum.GlassViewEventHandler.handleMouseEvent(GlassViewEventHandler.java:416) [jfxrt.jar:na]
	at com.sun.glass.ui.View.handleMouseEvent(View.java:555) ~[jfxrt.jar:na]
	at com.sun.glass.ui.View.notifyMouse(View.java:937) ~[jfxrt.jar:na]
	at com.sun.glass.ui.win.WinApplication._runLoop(Native Method) ~[jfxrt.jar:na]
	at com.sun.glass.ui.win.WinApplication.lambda$null$148(WinApplication.java:191) ~[jfxrt.jar:na]
	at java.lang.Thread.run(Thread.java:745) ~[na:1.8.0_121]
[INFO] [14:00:39.471] [JavaFX Application Thread] [] com.zzg.mybatis.generator.util.DbUtil.getConnectionUrlWithSchema:208 --> getConnectionUrlWithSchema, connection url: jdbc:mysql://127.0.0.1:3306/wangweilog?serverTimezone=UTC&useUnicode=true&useSSL=false&characterEncoding=utf8
[INFO] [14:00:39.543] [JavaFX Application Thread] [] com.zzg.mybatis.generator.util.DbUtil.getConnection:133 --> getConnection, connection url: com.mysql.cj.jdbc.ConnectionImpl@2a4afb06
[INFO] [14:01:34.019] [JavaFX Application Thread] [] com.zzg.mybatis.generator.util.ConfigHelper.findConnectorLibPath:215 --> jar resource: jar:file:/E:/%e6%a1%8c%e9%9d%a2/IT/mybatis-generator-gui/mybatis-generator-gui.jar!/logback.xml
[INFO] [14:01:34.023] [JavaFX Application Thread] [] com.zzg.mybatis.generator.bridge.MybatisGeneratorBridge.generate:66 --> connectorLibPath: E:\桌面\IT\mybatis-generator-gui\lib\mysql-connector-java-8.0.11.jar
[INFO] [14:01:34.028] [JavaFX Application Thread] [] com.zzg.mybatis.generator.util.DbUtil.getConnectionUrlWithSchema:208 --> getConnectionUrlWithSchema, connection url: jdbc:mysql://127.0.0.1:3306/wangweilog?serverTimezone=UTC&useUnicode=true&useSSL=false&characterEncoding=utf8
[DEBUG] [14:01:34.154] [JavaFX Application Thread] [] org.mybatis.generator.logging.LogFactory.setImplementation:105 --> Logging initialized using 'org.mybatis.generator.logging.slf4j.Slf4jLoggingLogFactory@31a9e138' adapter.
[DEBUG] [14:01:34.157] [JavaFX Application Thread] [] org.mybatis.generator.internal.db.DatabaseIntrospector.getColumns:506 --> Retrieving column information for table "wangweilog.session_log"
[DEBUG] [14:01:34.221] [JavaFX Application Thread] [] org.mybatis.generator.internal.db.DatabaseIntrospector.getColumns:563 --> Found column "action_time", data type 93, in table "wangweilog..session_log"
[DEBUG] [14:01:34.223] [JavaFX Application Thread] [] org.mybatis.generator.internal.db.DatabaseIntrospector.getColumns:563 --> Found column "userid", data type 4, in table "wangweilog..session_log"
[DEBUG] [14:01:34.224] [JavaFX Application Thread] [] org.mybatis.generator.internal.db.DatabaseIntrospector.getColumns:563 --> Found column "pageid", data type 4, in table "wangweilog..session_log"
[DEBUG] [14:01:34.226] [JavaFX Application Thread] [] org.mybatis.generator.internal.db.DatabaseIntrospector.getColumns:563 --> Found column "sessionid", data type 12, in table "wangweilog..session_log"
[INFO] [14:01:39.182] [JavaFX Application Thread] [] com.zzg.mybatis.generator.util.ConfigHelper.findConnectorLibPath:215 --> jar resource: jar:file:/E:/%e6%a1%8c%e9%9d%a2/IT/mybatis-generator-gui/mybatis-generator-gui.jar!/logback.xml
[INFO] [14:01:39.183] [JavaFX Application Thread] [] com.zzg.mybatis.generator.bridge.MybatisGeneratorBridge.generate:66 --> connectorLibPath: E:\桌面\IT\mybatis-generator-gui\lib\mysql-connector-java-8.0.11.jar
[INFO] [14:01:39.184] [JavaFX Application Thread] [] com.zzg.mybatis.generator.util.DbUtil.getConnectionUrlWithSchema:208 --> getConnectionUrlWithSchema, connection url: jdbc:mysql://127.0.0.1:3306/wangweilog?serverTimezone=UTC&useUnicode=true&useSSL=false&characterEncoding=utf8
[DEBUG] [14:01:39.415] [JavaFX Application Thread] [] org.mybatis.generator.internal.db.DatabaseIntrospector.getColumns:506 --> Retrieving column information for table "wangweilog.sys_log"
[DEBUG] [14:01:39.454] [JavaFX Application Thread] [] org.mybatis.generator.internal.db.DatabaseIntrospector.getColumns:563 --> Found column "user_session", data type 12, in table "wangweilog..sys_log"
[DEBUG] [14:01:39.455] [JavaFX Application Thread] [] org.mybatis.generator.internal.db.DatabaseIntrospector.getColumns:563 --> Found column "event_type", data type 12, in table "wangweilog..sys_log"
[DEBUG] [14:01:39.456] [JavaFX Application Thread] [] org.mybatis.generator.internal.db.DatabaseIntrospector.getColumns:563 --> Found column "category_id", data type -5, in table "wangweilog..sys_log"
[DEBUG] [14:01:39.457] [JavaFX Application Thread] [] org.mybatis.generator.internal.db.DatabaseIntrospector.getColumns:563 --> Found column "user_id", data type 4, in table "wangweilog..sys_log"
[DEBUG] [14:01:39.458] [JavaFX Application Thread] [] org.mybatis.generator.internal.db.DatabaseIntrospector.getColumns:563 --> Found column "product_id", data type 4, in table "wangweilog..sys_log"
[DEBUG] [14:01:39.459] [JavaFX Application Thread] [] org.mybatis.generator.internal.db.DatabaseIntrospector.getColumns:563 --> Found column "address_name", data type 12, in table "wangweilog..sys_log"
[DEBUG] [14:01:39.460] [JavaFX Application Thread] [] org.mybatis.generator.internal.db.DatabaseIntrospector.getColumns:563 --> Found column "event_time", data type 93, in table "wangweilog..sys_log"
