[INFO] [15:40:08.722] [JavaFX Application Thread] [] com.zzg.mybatis.generator.util.ConnectionManager.getConnection:20 --> database FilePath :E:\00课件\mybatis-generator-gui\.\config\sqlite3.db
[INFO] [15:40:12.765] [JavaFX Application Thread] [] com.zzg.mybatis.generator.util.ConfigHelper.getAllJDBCDriverJarPaths:238 --> jar lib path: E:\00课件\mybatis-generator-gui\lib
[INFO] [15:40:12.766] [JavaFX Application Thread] [] com.zzg.mybatis.generator.util.ConfigHelper.getAllJDBCDriverJarPaths:242 --> jar file: E:\00课件\mybatis-generator-gui\lib\commons-beanutils-1.9.2.jar
[INFO] [15:40:12.766] [JavaFX Application Thread] [] com.zzg.mybatis.generator.util.ConfigHelper.getAllJDBCDriverJarPaths:242 --> jar file: E:\00课件\mybatis-generator-gui\lib\commons-collections-3.2.1.jar
[INFO] [15:40:12.767] [JavaFX Application Thread] [] com.zzg.mybatis.generator.util.ConfigHelper.getAllJDBCDriverJarPaths:242 --> jar file: E:\00课件\mybatis-generator-gui\lib\commons-io-2.5.jar
[INFO] [15:40:12.768] [JavaFX Application Thread] [] com.zzg.mybatis.generator.util.ConfigHelper.getAllJDBCDriverJarPaths:242 --> jar file: E:\00课件\mybatis-generator-gui\lib\commons-lang3-3.4.jar
[INFO] [15:40:12.769] [JavaFX Application Thread] [] com.zzg.mybatis.generator.util.ConfigHelper.getAllJDBCDriverJarPaths:242 --> jar file: E:\00课件\mybatis-generator-gui\lib\commons-logging-1.1.1.jar
[INFO] [15:40:12.770] [JavaFX Application Thread] [] com.zzg.mybatis.generator.util.ConfigHelper.getAllJDBCDriverJarPaths:242 --> jar file: E:\00课件\mybatis-generator-gui\lib\fastjson-1.2.7.jar
[INFO] [15:40:12.770] [JavaFX Application Thread] [] com.zzg.mybatis.generator.util.ConfigHelper.getAllJDBCDriverJarPaths:242 --> jar file: E:\00课件\mybatis-generator-gui\lib\hamcrest-core-1.3.jar
[INFO] [15:40:12.770] [JavaFX Application Thread] [] com.zzg.mybatis.generator.util.ConfigHelper.getAllJDBCDriverJarPaths:242 --> jar file: E:\00课件\mybatis-generator-gui\lib\jsch-0.1.54.jar
[INFO] [15:40:12.771] [JavaFX Application Thread] [] com.zzg.mybatis.generator.util.ConfigHelper.getAllJDBCDriverJarPaths:242 --> jar file: E:\00课件\mybatis-generator-gui\lib\junit-4.12.jar
[INFO] [15:40:12.771] [JavaFX Application Thread] [] com.zzg.mybatis.generator.util.ConfigHelper.getAllJDBCDriverJarPaths:242 --> jar file: E:\00课件\mybatis-generator-gui\lib\logback-classic-1.1.2.jar
[INFO] [15:40:12.772] [JavaFX Application Thread] [] com.zzg.mybatis.generator.util.ConfigHelper.getAllJDBCDriverJarPaths:242 --> jar file: E:\00课件\mybatis-generator-gui\lib\logback-core-1.1.2.jar
[INFO] [15:40:12.772] [JavaFX Application Thread] [] com.zzg.mybatis.generator.util.ConfigHelper.getAllJDBCDriverJarPaths:242 --> jar file: E:\00课件\mybatis-generator-gui\lib\mybatis-generator-core-1.3.6.jar
[INFO] [15:40:12.773] [JavaFX Application Thread] [] com.zzg.mybatis.generator.util.ConfigHelper.getAllJDBCDriverJarPaths:242 --> jar file: E:\00课件\mybatis-generator-gui\lib\mysql-connector-java-5.1.38.jar
[INFO] [15:40:12.773] [JavaFX Application Thread] [] com.zzg.mybatis.generator.util.ConfigHelper.getAllJDBCDriverJarPaths:242 --> jar file: E:\00课件\mybatis-generator-gui\lib\mysql-connector-java-8.0.11.jar
[INFO] [15:40:12.774] [JavaFX Application Thread] [] com.zzg.mybatis.generator.util.ConfigHelper.getAllJDBCDriverJarPaths:242 --> jar file: E:\00课件\mybatis-generator-gui\lib\ojdbc6.jar
[INFO] [15:40:12.775] [JavaFX Application Thread] [] com.zzg.mybatis.generator.util.ConfigHelper.getAllJDBCDriverJarPaths:242 --> jar file: E:\00课件\mybatis-generator-gui\lib\postgresql-9.4.1209.jar
[INFO] [15:40:12.775] [JavaFX Application Thread] [] com.zzg.mybatis.generator.util.ConfigHelper.getAllJDBCDriverJarPaths:242 --> jar file: E:\00课件\mybatis-generator-gui\lib\slf4j-api-1.7.25.jar
[INFO] [15:40:12.776] [JavaFX Application Thread] [] com.zzg.mybatis.generator.util.ConfigHelper.getAllJDBCDriverJarPaths:242 --> jar file: E:\00课件\mybatis-generator-gui\lib\sqlite-jdbc-3.19.3.jar
[INFO] [15:40:12.776] [JavaFX Application Thread] [] com.zzg.mybatis.generator.util.ConfigHelper.getAllJDBCDriverJarPaths:242 --> jar file: E:\00课件\mybatis-generator-gui\lib\sqlite-jdbc-3.8.11.2.jar
[INFO] [15:40:12.777] [JavaFX Application Thread] [] com.zzg.mybatis.generator.util.ConfigHelper.getAllJDBCDriverJarPaths:242 --> jar file: E:\00课件\mybatis-generator-gui\lib\sqljdbc4-4.0.jar
[INFO] [15:40:12.854] [JavaFX Application Thread] [] com.zzg.mybatis.generator.util.DbUtil.loadDbDriver:222 --> load driver class: com.mysql.jdbc.Driver@609be737
[INFO] [15:40:12.854] [JavaFX Application Thread] [] com.zzg.mybatis.generator.util.DbUtil.getConnectionUrlWithSchema:208 --> getConnectionUrlWithSchema, connection url: jdbc:mysql://127.0.0.1:3306/xinbootvue?useUnicode=true&useSSL=false&characterEncoding=utf8
[INFO] [15:40:13.358] [JavaFX Application Thread] [] com.zzg.mybatis.generator.util.DbUtil.getConnection:133 --> getConnection, connection url: com.mysql.jdbc.JDBC4Connection@229343ed
[INFO] [15:40:13.925] [JavaFX Application Thread] [] com.zzg.mybatis.generator.util.DbUtil.getConnectionUrlWithSchema:208 --> getConnectionUrlWithSchema, connection url: jdbc:mysql://127.0.0.1:3306/xinbootvue?useUnicode=true&useSSL=false&characterEncoding=utf8
[INFO] [15:40:13.929] [JavaFX Application Thread] [] com.zzg.mybatis.generator.util.DbUtil.getConnection:133 --> getConnection, connection url: com.mysql.jdbc.JDBC4Connection@425a0e88
[INFO] [15:42:31.714] [JavaFX Application Thread] [] com.zzg.mybatis.generator.controller.MainUIController.saveGeneratorConfig:350 --> user choose name: 22222
[INFO] [15:42:31.716] [JavaFX Application Thread] [] com.zzg.mybatis.generator.util.ConnectionManager.getConnection:20 --> database FilePath :E:\00课件\mybatis-generator-gui\.\config\sqlite3.db
[INFO] [15:42:31.719] [JavaFX Application Thread] [] com.zzg.mybatis.generator.util.ConfigHelper.deleteGeneratorConfig:204 --> sql: DELETE FROM generator_config where name='22222'
[INFO] [15:42:31.723] [JavaFX Application Thread] [] com.zzg.mybatis.generator.util.ConnectionManager.getConnection:20 --> database FilePath :E:\00课件\mybatis-generator-gui\.\config\sqlite3.db
[INFO] [15:42:34.265] [JavaFX Application Thread] [] com.zzg.mybatis.generator.util.ConfigHelper.findConnectorLibPath:215 --> jar resource: jar:file:/E:/00%e8%af%be%e4%bb%b6/mybatis-generator-gui/mybatis-generator-gui.jar!/logback.xml
[INFO] [15:42:34.266] [JavaFX Application Thread] [] com.zzg.mybatis.generator.bridge.MybatisGeneratorBridge.generate:66 --> connectorLibPath: E:\00课件\mybatis-generator-gui\lib\mysql-connector-java-5.1.38.jar
[INFO] [15:42:34.271] [JavaFX Application Thread] [] com.zzg.mybatis.generator.util.DbUtil.getConnectionUrlWithSchema:208 --> getConnectionUrlWithSchema, connection url: jdbc:mysql://127.0.0.1:3306/xinbootvue?useUnicode=true&useSSL=false&characterEncoding=utf8
[DEBUG] [15:42:34.461] [JavaFX Application Thread] [] org.mybatis.generator.logging.LogFactory.setImplementation:105 --> Logging initialized using 'org.mybatis.generator.logging.slf4j.Slf4jLoggingLogFactory@6594b5a0' adapter.
[DEBUG] [15:42:34.462] [JavaFX Application Thread] [] org.mybatis.generator.internal.db.DatabaseIntrospector.getColumns:506 --> Retrieving column information for table "xinbootvue.t_charts"
[DEBUG] [15:42:34.482] [JavaFX Application Thread] [] org.mybatis.generator.internal.db.DatabaseIntrospector.getColumns:563 --> Found column "id", data type -5, in table "xinbootvue..t_charts"
[DEBUG] [15:42:34.483] [JavaFX Application Thread] [] org.mybatis.generator.internal.db.DatabaseIntrospector.getColumns:563 --> Found column "sex", data type 12, in table "xinbootvue..t_charts"
[DEBUG] [15:42:34.483] [JavaFX Application Thread] [] org.mybatis.generator.internal.db.DatabaseIntrospector.getColumns:563 --> Found column "time", data type 12, in table "xinbootvue..t_charts"
[DEBUG] [15:42:34.484] [JavaFX Application Thread] [] org.mybatis.generator.internal.db.DatabaseIntrospector.getColumns:563 --> Found column "count", data type 4, in table "xinbootvue..t_charts"
[INFO] [15:42:54.363] [JavaFX Application Thread] [] com.zzg.mybatis.generator.util.ConfigHelper.findConnectorLibPath:215 --> jar resource: jar:file:/E:/00%e8%af%be%e4%bb%b6/mybatis-generator-gui/mybatis-generator-gui.jar!/logback.xml
[INFO] [15:42:54.363] [JavaFX Application Thread] [] com.zzg.mybatis.generator.bridge.MybatisGeneratorBridge.generate:66 --> connectorLibPath: E:\00课件\mybatis-generator-gui\lib\mysql-connector-java-5.1.38.jar
[INFO] [15:42:54.364] [JavaFX Application Thread] [] com.zzg.mybatis.generator.util.DbUtil.getConnectionUrlWithSchema:208 --> getConnectionUrlWithSchema, connection url: jdbc:mysql://127.0.0.1:3306/xinbootvue?useUnicode=true&useSSL=false&characterEncoding=utf8
[DEBUG] [15:42:54.549] [JavaFX Application Thread] [] org.mybatis.generator.internal.db.DatabaseIntrospector.getColumns:506 --> Retrieving column information for table "xinbootvue.t_product"
[DEBUG] [15:42:54.563] [JavaFX Application Thread] [] org.mybatis.generator.internal.db.DatabaseIntrospector.getColumns:563 --> Found column "id", data type -5, in table "xinbootvue..t_product"
[DEBUG] [15:42:54.563] [JavaFX Application Thread] [] org.mybatis.generator.internal.db.DatabaseIntrospector.getColumns:563 --> Found column "product_name", data type 12, in table "xinbootvue..t_product"
[DEBUG] [15:42:54.564] [JavaFX Application Thread] [] org.mybatis.generator.internal.db.DatabaseIntrospector.getColumns:563 --> Found column "create_time", data type 93, in table "xinbootvue..t_product"
[DEBUG] [15:42:54.565] [JavaFX Application Thread] [] org.mybatis.generator.internal.db.DatabaseIntrospector.getColumns:563 --> Found column "update_time", data type 93, in table "xinbootvue..t_product"
[DEBUG] [15:42:54.565] [JavaFX Application Thread] [] org.mybatis.generator.internal.db.DatabaseIntrospector.getColumns:563 --> Found column "is_delete", data type 12, in table "xinbootvue..t_product"
[INFO] [15:43:07.653] [JavaFX Application Thread] [] com.zzg.mybatis.generator.util.ConfigHelper.findConnectorLibPath:215 --> jar resource: jar:file:/E:/00%e8%af%be%e4%bb%b6/mybatis-generator-gui/mybatis-generator-gui.jar!/logback.xml
[INFO] [15:43:07.654] [JavaFX Application Thread] [] com.zzg.mybatis.generator.bridge.MybatisGeneratorBridge.generate:66 --> connectorLibPath: E:\00课件\mybatis-generator-gui\lib\mysql-connector-java-5.1.38.jar
[INFO] [15:43:07.655] [JavaFX Application Thread] [] com.zzg.mybatis.generator.util.DbUtil.getConnectionUrlWithSchema:208 --> getConnectionUrlWithSchema, connection url: jdbc:mysql://127.0.0.1:3306/xinbootvue?useUnicode=true&useSSL=false&characterEncoding=utf8
[DEBUG] [15:43:07.800] [JavaFX Application Thread] [] org.mybatis.generator.internal.db.DatabaseIntrospector.getColumns:506 --> Retrieving column information for table "xinbootvue.yun_menus"
[DEBUG] [15:43:07.820] [JavaFX Application Thread] [] org.mybatis.generator.internal.db.DatabaseIntrospector.getColumns:563 --> Found column "id", data type -5, in table "xinbootvue..yun_menus"
[DEBUG] [15:43:07.821] [JavaFX Application Thread] [] org.mybatis.generator.internal.db.DatabaseIntrospector.getColumns:563 --> Found column "menu_code", data type 12, in table "xinbootvue..yun_menus"
[DEBUG] [15:43:07.822] [JavaFX Application Thread] [] org.mybatis.generator.internal.db.DatabaseIntrospector.getColumns:563 --> Found column "menu_name", data type 12, in table "xinbootvue..yun_menus"
[DEBUG] [15:43:07.822] [JavaFX Application Thread] [] org.mybatis.generator.internal.db.DatabaseIntrospector.getColumns:563 --> Found column "permission_code", data type 12, in table "xinbootvue..yun_menus"
[DEBUG] [15:43:07.823] [JavaFX Application Thread] [] org.mybatis.generator.internal.db.DatabaseIntrospector.getColumns:563 --> Found column "permission_name", data type 12, in table "xinbootvue..yun_menus"
[DEBUG] [15:43:07.823] [JavaFX Application Thread] [] org.mybatis.generator.internal.db.DatabaseIntrospector.getColumns:563 --> Found column "required_permission", data type -7, in table "xinbootvue..yun_menus"
[DEBUG] [15:43:07.824] [JavaFX Application Thread] [] org.mybatis.generator.internal.db.DatabaseIntrospector.getColumns:563 --> Found column "parent_id", data type -5, in table "xinbootvue..yun_menus"
[DEBUG] [15:43:07.824] [JavaFX Application Thread] [] org.mybatis.generator.internal.db.DatabaseIntrospector.getColumns:563 --> Found column "href", data type 12, in table "xinbootvue..yun_menus"
[DEBUG] [15:43:07.825] [JavaFX Application Thread] [] org.mybatis.generator.internal.db.DatabaseIntrospector.getColumns:563 --> Found column "icon", data type 12, in table "xinbootvue..yun_menus"
[DEBUG] [15:43:07.825] [JavaFX Application Thread] [] org.mybatis.generator.internal.db.DatabaseIntrospector.getColumns:563 --> Found column "sort", data type 4, in table "xinbootvue..yun_menus"
[DEBUG] [15:43:07.826] [JavaFX Application Thread] [] org.mybatis.generator.internal.db.DatabaseIntrospector.getColumns:563 --> Found column "is_on", data type 12, in table "xinbootvue..yun_menus"
[INFO] [15:43:12.429] [JavaFX Application Thread] [] com.zzg.mybatis.generator.util.ConfigHelper.findConnectorLibPath:215 --> jar resource: jar:file:/E:/00%e8%af%be%e4%bb%b6/mybatis-generator-gui/mybatis-generator-gui.jar!/logback.xml
[INFO] [15:43:12.430] [JavaFX Application Thread] [] com.zzg.mybatis.generator.bridge.MybatisGeneratorBridge.generate:66 --> connectorLibPath: E:\00课件\mybatis-generator-gui\lib\mysql-connector-java-5.1.38.jar
[INFO] [15:43:12.431] [JavaFX Application Thread] [] com.zzg.mybatis.generator.util.DbUtil.getConnectionUrlWithSchema:208 --> getConnectionUrlWithSchema, connection url: jdbc:mysql://127.0.0.1:3306/xinbootvue?useUnicode=true&useSSL=false&characterEncoding=utf8
[DEBUG] [15:43:12.567] [JavaFX Application Thread] [] org.mybatis.generator.internal.db.DatabaseIntrospector.getColumns:506 --> Retrieving column information for table "xinbootvue.yun_role"
[DEBUG] [15:43:12.585] [JavaFX Application Thread] [] org.mybatis.generator.internal.db.DatabaseIntrospector.getColumns:563 --> Found column "id", data type -5, in table "xinbootvue..yun_role"
[DEBUG] [15:43:12.586] [JavaFX Application Thread] [] org.mybatis.generator.internal.db.DatabaseIntrospector.getColumns:563 --> Found column "role_name", data type 12, in table "xinbootvue..yun_role"
[DEBUG] [15:43:12.586] [JavaFX Application Thread] [] org.mybatis.generator.internal.db.DatabaseIntrospector.getColumns:563 --> Found column "create_time", data type 93, in table "xinbootvue..yun_role"
[DEBUG] [15:43:12.586] [JavaFX Application Thread] [] org.mybatis.generator.internal.db.DatabaseIntrospector.getColumns:563 --> Found column "update_time", data type 93, in table "xinbootvue..yun_role"
[DEBUG] [15:43:12.587] [JavaFX Application Thread] [] org.mybatis.generator.internal.db.DatabaseIntrospector.getColumns:563 --> Found column "is_delete", data type 12, in table "xinbootvue..yun_role"
[INFO] [15:43:16.834] [JavaFX Application Thread] [] com.zzg.mybatis.generator.util.ConfigHelper.findConnectorLibPath:215 --> jar resource: jar:file:/E:/00%e8%af%be%e4%bb%b6/mybatis-generator-gui/mybatis-generator-gui.jar!/logback.xml
[INFO] [15:43:16.834] [JavaFX Application Thread] [] com.zzg.mybatis.generator.bridge.MybatisGeneratorBridge.generate:66 --> connectorLibPath: E:\00课件\mybatis-generator-gui\lib\mysql-connector-java-5.1.38.jar
[INFO] [15:43:16.836] [JavaFX Application Thread] [] com.zzg.mybatis.generator.util.DbUtil.getConnectionUrlWithSchema:208 --> getConnectionUrlWithSchema, connection url: jdbc:mysql://127.0.0.1:3306/xinbootvue?useUnicode=true&useSSL=false&characterEncoding=utf8
[DEBUG] [15:43:16.975] [JavaFX Application Thread] [] org.mybatis.generator.internal.db.DatabaseIntrospector.getColumns:506 --> Retrieving column information for table "xinbootvue.yun_role_menus"
[DEBUG] [15:43:16.993] [JavaFX Application Thread] [] org.mybatis.generator.internal.db.DatabaseIntrospector.getColumns:563 --> Found column "id", data type -5, in table "xinbootvue..yun_role_menus"
[DEBUG] [15:43:16.993] [JavaFX Application Thread] [] org.mybatis.generator.internal.db.DatabaseIntrospector.getColumns:563 --> Found column "role_id", data type -5, in table "xinbootvue..yun_role_menus"
[DEBUG] [15:43:16.994] [JavaFX Application Thread] [] org.mybatis.generator.internal.db.DatabaseIntrospector.getColumns:563 --> Found column "permission_id", data type -5, in table "xinbootvue..yun_role_menus"
[DEBUG] [15:43:16.994] [JavaFX Application Thread] [] org.mybatis.generator.internal.db.DatabaseIntrospector.getColumns:563 --> Found column "create_time", data type 93, in table "xinbootvue..yun_role_menus"
[DEBUG] [15:43:16.995] [JavaFX Application Thread] [] org.mybatis.generator.internal.db.DatabaseIntrospector.getColumns:563 --> Found column "update_time", data type 93, in table "xinbootvue..yun_role_menus"
[DEBUG] [15:43:16.995] [JavaFX Application Thread] [] org.mybatis.generator.internal.db.DatabaseIntrospector.getColumns:563 --> Found column "is_delete", data type 12, in table "xinbootvue..yun_role_menus"
[INFO] [15:43:23.560] [JavaFX Application Thread] [] com.zzg.mybatis.generator.util.ConfigHelper.findConnectorLibPath:215 --> jar resource: jar:file:/E:/00%e8%af%be%e4%bb%b6/mybatis-generator-gui/mybatis-generator-gui.jar!/logback.xml
[INFO] [15:43:23.560] [JavaFX Application Thread] [] com.zzg.mybatis.generator.bridge.MybatisGeneratorBridge.generate:66 --> connectorLibPath: E:\00课件\mybatis-generator-gui\lib\mysql-connector-java-5.1.38.jar
[INFO] [15:43:23.561] [JavaFX Application Thread] [] com.zzg.mybatis.generator.util.DbUtil.getConnectionUrlWithSchema:208 --> getConnectionUrlWithSchema, connection url: jdbc:mysql://127.0.0.1:3306/xinbootvue?useUnicode=true&useSSL=false&characterEncoding=utf8
[DEBUG] [15:43:23.701] [JavaFX Application Thread] [] org.mybatis.generator.internal.db.DatabaseIntrospector.getColumns:506 --> Retrieving column information for table "xinbootvue.yun_user"
[DEBUG] [15:43:23.720] [JavaFX Application Thread] [] org.mybatis.generator.internal.db.DatabaseIntrospector.getColumns:563 --> Found column "id", data type -5, in table "xinbootvue..yun_user"
[DEBUG] [15:43:23.721] [JavaFX Application Thread] [] org.mybatis.generator.internal.db.DatabaseIntrospector.getColumns:563 --> Found column "user_name", data type 12, in table "xinbootvue..yun_user"
[DEBUG] [15:43:23.721] [JavaFX Application Thread] [] org.mybatis.generator.internal.db.DatabaseIntrospector.getColumns:563 --> Found column "pass_word", data type 12, in table "xinbootvue..yun_user"
[DEBUG] [15:43:23.722] [JavaFX Application Thread] [] org.mybatis.generator.internal.db.DatabaseIntrospector.getColumns:563 --> Found column "real_name", data type 12, in table "xinbootvue..yun_user"
[DEBUG] [15:43:23.724] [JavaFX Application Thread] [] org.mybatis.generator.internal.db.DatabaseIntrospector.getColumns:563 --> Found column "role_id", data type -5, in table "xinbootvue..yun_user"
[DEBUG] [15:43:23.724] [JavaFX Application Thread] [] org.mybatis.generator.internal.db.DatabaseIntrospector.getColumns:563 --> Found column "create_time", data type 93, in table "xinbootvue..yun_user"
[DEBUG] [15:43:23.725] [JavaFX Application Thread] [] org.mybatis.generator.internal.db.DatabaseIntrospector.getColumns:563 --> Found column "update_time", data type 93, in table "xinbootvue..yun_user"
[DEBUG] [15:43:23.725] [JavaFX Application Thread] [] org.mybatis.generator.internal.db.DatabaseIntrospector.getColumns:563 --> Found column "is_delete", data type 12, in table "xinbootvue..yun_user"
