[INFO] [22:58:23.428] [JavaFX Application Thread] [] com.zzg.mybatis.generator.util.ConnectionManager.getConnection:20 --> database FilePath :D:\greensoft\mybatis-generator-gui\.\config\sqlite3.db
[INFO] [23:00:49.556] [JavaFX Application Thread] [] com.zzg.mybatis.generator.util.ConnectionManager.getConnection:20 --> database FilePath :D:\greensoft\mybatis-generator-gui\.\config\sqlite3.db
[INFO] [23:02:12.687] [JavaFX Application Thread] [] com.zzg.mybatis.generator.util.ConfigHelper.getAllJDBCDriverJarPaths:238 --> jar lib path: D:\greensoft\mybatis-generator-gui\lib
[INFO] [23:02:12.688] [JavaFX Application Thread] [] com.zzg.mybatis.generator.util.ConfigHelper.getAllJDBCDriverJarPaths:242 --> jar file: D:\greensoft\mybatis-generator-gui\lib\commons-beanutils-1.9.2.jar
[INFO] [23:02:12.688] [JavaFX Application Thread] [] com.zzg.mybatis.generator.util.ConfigHelper.getAllJDBCDriverJarPaths:242 --> jar file: D:\greensoft\mybatis-generator-gui\lib\commons-collections-3.2.1.jar
[INFO] [23:02:12.689] [JavaFX Application Thread] [] com.zzg.mybatis.generator.util.ConfigHelper.getAllJDBCDriverJarPaths:242 --> jar file: D:\greensoft\mybatis-generator-gui\lib\commons-io-2.5.jar
[INFO] [23:02:12.689] [JavaFX Application Thread] [] com.zzg.mybatis.generator.util.ConfigHelper.getAllJDBCDriverJarPaths:242 --> jar file: D:\greensoft\mybatis-generator-gui\lib\commons-lang3-3.4.jar
[INFO] [23:02:12.689] [JavaFX Application Thread] [] com.zzg.mybatis.generator.util.ConfigHelper.getAllJDBCDriverJarPaths:242 --> jar file: D:\greensoft\mybatis-generator-gui\lib\commons-logging-1.1.1.jar
[INFO] [23:02:12.690] [JavaFX Application Thread] [] com.zzg.mybatis.generator.util.ConfigHelper.getAllJDBCDriverJarPaths:242 --> jar file: D:\greensoft\mybatis-generator-gui\lib\fastjson-1.2.7.jar
[INFO] [23:02:12.690] [JavaFX Application Thread] [] com.zzg.mybatis.generator.util.ConfigHelper.getAllJDBCDriverJarPaths:242 --> jar file: D:\greensoft\mybatis-generator-gui\lib\hamcrest-core-1.3.jar
[INFO] [23:02:12.691] [JavaFX Application Thread] [] com.zzg.mybatis.generator.util.ConfigHelper.getAllJDBCDriverJarPaths:242 --> jar file: D:\greensoft\mybatis-generator-gui\lib\jsch-0.1.54.jar
[INFO] [23:02:12.691] [JavaFX Application Thread] [] com.zzg.mybatis.generator.util.ConfigHelper.getAllJDBCDriverJarPaths:242 --> jar file: D:\greensoft\mybatis-generator-gui\lib\junit-4.12.jar
[INFO] [23:02:12.691] [JavaFX Application Thread] [] com.zzg.mybatis.generator.util.ConfigHelper.getAllJDBCDriverJarPaths:242 --> jar file: D:\greensoft\mybatis-generator-gui\lib\logback-classic-1.1.2.jar
[INFO] [23:02:12.692] [JavaFX Application Thread] [] com.zzg.mybatis.generator.util.ConfigHelper.getAllJDBCDriverJarPaths:242 --> jar file: D:\greensoft\mybatis-generator-gui\lib\logback-core-1.1.2.jar
[INFO] [23:02:12.692] [JavaFX Application Thread] [] com.zzg.mybatis.generator.util.ConfigHelper.getAllJDBCDriverJarPaths:242 --> jar file: D:\greensoft\mybatis-generator-gui\lib\mybatis-generator-core-1.3.6.jar
[INFO] [23:02:12.692] [JavaFX Application Thread] [] com.zzg.mybatis.generator.util.ConfigHelper.getAllJDBCDriverJarPaths:242 --> jar file: D:\greensoft\mybatis-generator-gui\lib\mysql-connector-java-5.1.38.jar
[INFO] [23:02:12.693] [JavaFX Application Thread] [] com.zzg.mybatis.generator.util.ConfigHelper.getAllJDBCDriverJarPaths:242 --> jar file: D:\greensoft\mybatis-generator-gui\lib\mysql-connector-java-8.0.11.jar
[INFO] [23:02:12.693] [JavaFX Application Thread] [] com.zzg.mybatis.generator.util.ConfigHelper.getAllJDBCDriverJarPaths:242 --> jar file: D:\greensoft\mybatis-generator-gui\lib\ojdbc6.jar
[INFO] [23:02:12.694] [JavaFX Application Thread] [] com.zzg.mybatis.generator.util.ConfigHelper.getAllJDBCDriverJarPaths:242 --> jar file: D:\greensoft\mybatis-generator-gui\lib\postgresql-9.4.1209.jar
[INFO] [23:02:12.694] [JavaFX Application Thread] [] com.zzg.mybatis.generator.util.ConfigHelper.getAllJDBCDriverJarPaths:242 --> jar file: D:\greensoft\mybatis-generator-gui\lib\slf4j-api-1.7.25.jar
[INFO] [23:02:12.694] [JavaFX Application Thread] [] com.zzg.mybatis.generator.util.ConfigHelper.getAllJDBCDriverJarPaths:242 --> jar file: D:\greensoft\mybatis-generator-gui\lib\sqlite-jdbc-3.19.3.jar
[INFO] [23:02:12.695] [JavaFX Application Thread] [] com.zzg.mybatis.generator.util.ConfigHelper.getAllJDBCDriverJarPaths:242 --> jar file: D:\greensoft\mybatis-generator-gui\lib\sqlite-jdbc-3.8.11.2.jar
[INFO] [23:02:12.695] [JavaFX Application Thread] [] com.zzg.mybatis.generator.util.ConfigHelper.getAllJDBCDriverJarPaths:242 --> jar file: D:\greensoft\mybatis-generator-gui\lib\sqljdbc4-4.0.jar
[INFO] [23:02:12.705] [JavaFX Application Thread] [] com.zzg.mybatis.generator.util.DbUtil.loadDbDriver:222 --> load driver class: com.mysql.jdbc.Driver@27253b8d
[INFO] [23:02:12.706] [JavaFX Application Thread] [] com.zzg.mybatis.generator.util.DbUtil.getConnectionUrlWithSchema:208 --> getConnectionUrlWithSchema, connection url: jdbc:mysql://127.0.0.1:3306/spa1?useUnicode=true&useSSL=false&characterEncoding=utf8
[INFO] [23:02:12.896] [JavaFX Application Thread] [] com.zzg.mybatis.generator.util.DbUtil.getConnection:133 --> getConnection, connection url: com.mysql.jdbc.JDBC4Connection@7e2472a6
[INFO] [23:02:14.702] [JavaFX Application Thread] [] com.zzg.mybatis.generator.util.ConnectionManager.getConnection:20 --> database FilePath :D:\greensoft\mybatis-generator-gui\.\config\sqlite3.db
[INFO] [23:02:14.774] [JavaFX Application Thread] [] com.zzg.mybatis.generator.util.ConnectionManager.getConnection:20 --> database FilePath :D:\greensoft\mybatis-generator-gui\.\config\sqlite3.db
[INFO] [23:02:16.327] [JavaFX Application Thread] [] com.zzg.mybatis.generator.util.DbUtil.getConnectionUrlWithSchema:208 --> getConnectionUrlWithSchema, connection url: jdbc:mysql://127.0.0.1:3306/spa1?useUnicode=true&useSSL=false&characterEncoding=utf8
[INFO] [23:02:16.330] [JavaFX Application Thread] [] com.zzg.mybatis.generator.util.DbUtil.getConnection:133 --> getConnection, connection url: com.mysql.jdbc.JDBC4Connection@748a56f2
[INFO] [23:05:58.257] [JavaFX Application Thread] [] com.zzg.mybatis.generator.util.ConfigHelper.findConnectorLibPath:215 --> jar resource: jar:file:/D:/greensoft/mybatis-generator-gui/mybatis-generator-gui.jar!/logback.xml
[INFO] [23:05:58.258] [JavaFX Application Thread] [] com.zzg.mybatis.generator.bridge.MybatisGeneratorBridge.generate:66 --> connectorLibPath: D:\greensoft\mybatis-generator-gui\lib\mysql-connector-java-5.1.38.jar
[INFO] [23:05:58.260] [JavaFX Application Thread] [] com.zzg.mybatis.generator.util.DbUtil.getConnectionUrlWithSchema:208 --> getConnectionUrlWithSchema, connection url: jdbc:mysql://127.0.0.1:3306/spa1?useUnicode=true&useSSL=false&characterEncoding=utf8
[DEBUG] [23:05:58.446] [JavaFX Application Thread] [] org.mybatis.generator.logging.LogFactory.setImplementation:105 --> Logging initialized using 'org.mybatis.generator.logging.slf4j.Slf4jLoggingLogFactory@496f4bf9' adapter.
[DEBUG] [23:05:58.446] [JavaFX Application Thread] [] org.mybatis.generator.internal.db.DatabaseIntrospector.getColumns:506 --> Retrieving column information for table "spa1.spa_item"
[DEBUG] [23:05:58.456] [JavaFX Application Thread] [] org.mybatis.generator.internal.db.DatabaseIntrospector.getColumns:563 --> Found column "id", data type 4, in table "spa1..spa_item"
[DEBUG] [23:05:58.457] [JavaFX Application Thread] [] org.mybatis.generator.internal.db.DatabaseIntrospector.getColumns:563 --> Found column "code", data type 12, in table "spa1..spa_item"
[DEBUG] [23:05:58.457] [JavaFX Application Thread] [] org.mybatis.generator.internal.db.DatabaseIntrospector.getColumns:563 --> Found column "name", data type 12, in table "spa1..spa_item"
[DEBUG] [23:05:58.458] [JavaFX Application Thread] [] org.mybatis.generator.internal.db.DatabaseIntrospector.getColumns:563 --> Found column "sex", data type 1, in table "spa1..spa_item"
[DEBUG] [23:05:58.458] [JavaFX Application Thread] [] org.mybatis.generator.internal.db.DatabaseIntrospector.getColumns:563 --> Found column "age", data type 12, in table "spa1..spa_item"
[DEBUG] [23:05:58.458] [JavaFX Application Thread] [] org.mybatis.generator.internal.db.DatabaseIntrospector.getColumns:563 --> Found column "price", data type 7, in table "spa1..spa_item"
[DEBUG] [23:05:58.459] [JavaFX Application Thread] [] org.mybatis.generator.internal.db.DatabaseIntrospector.getColumns:563 --> Found column "type", data type 1, in table "spa1..spa_item"
[DEBUG] [23:05:58.459] [JavaFX Application Thread] [] org.mybatis.generator.internal.db.DatabaseIntrospector.getColumns:563 --> Found column "attention", data type 12, in table "spa1..spa_item"
[DEBUG] [23:05:58.460] [JavaFX Application Thread] [] org.mybatis.generator.internal.db.DatabaseIntrospector.getColumns:563 --> Found column "remark", data type 12, in table "spa1..spa_item"
