[INFO] [12:34:19.484] [JavaFX Application Thread] [] com.zzg.mybatis.generator.util.ConnectionManager.getConnection:20 --> database FilePath :G:\finalPath\qqmsg\47449304\FileRecv\mybatis-generator-gui\.\config\sqlite3.db
[INFO] [12:34:27.347] [JavaFX Application Thread] [] com.zzg.mybatis.generator.util.ConfigHelper.getAllJDBCDriverJarPaths:238 --> jar lib path: G:\finalPath\qqmsg\47449304\FileRecv\mybatis-generator-gui\lib
[INFO] [12:34:27.347] [JavaFX Application Thread] [] com.zzg.mybatis.generator.util.ConfigHelper.getAllJDBCDriverJarPaths:242 --> jar file: G:\finalPath\qqmsg\47449304\FileRecv\mybatis-generator-gui\lib\commons-beanutils-1.9.2.jar
[INFO] [12:34:27.348] [JavaFX Application Thread] [] com.zzg.mybatis.generator.util.ConfigHelper.getAllJDBCDriverJarPaths:242 --> jar file: G:\finalPath\qqmsg\47449304\FileRecv\mybatis-generator-gui\lib\commons-collections-3.2.1.jar
[INFO] [12:34:27.349] [JavaFX Application Thread] [] com.zzg.mybatis.generator.util.ConfigHelper.getAllJDBCDriverJarPaths:242 --> jar file: G:\finalPath\qqmsg\47449304\FileRecv\mybatis-generator-gui\lib\commons-io-2.5.jar
[INFO] [12:34:27.349] [JavaFX Application Thread] [] com.zzg.mybatis.generator.util.ConfigHelper.getAllJDBCDriverJarPaths:242 --> jar file: G:\finalPath\qqmsg\47449304\FileRecv\mybatis-generator-gui\lib\commons-lang3-3.4.jar
[INFO] [12:34:27.349] [JavaFX Application Thread] [] com.zzg.mybatis.generator.util.ConfigHelper.getAllJDBCDriverJarPaths:242 --> jar file: G:\finalPath\qqmsg\47449304\FileRecv\mybatis-generator-gui\lib\commons-logging-1.1.1.jar
[INFO] [12:34:27.350] [JavaFX Application Thread] [] com.zzg.mybatis.generator.util.ConfigHelper.getAllJDBCDriverJarPaths:242 --> jar file: G:\finalPath\qqmsg\47449304\FileRecv\mybatis-generator-gui\lib\fastjson-1.2.7.jar
[INFO] [12:34:27.350] [JavaFX Application Thread] [] com.zzg.mybatis.generator.util.ConfigHelper.getAllJDBCDriverJarPaths:242 --> jar file: G:\finalPath\qqmsg\47449304\FileRecv\mybatis-generator-gui\lib\hamcrest-core-1.3.jar
[INFO] [12:34:27.351] [JavaFX Application Thread] [] com.zzg.mybatis.generator.util.ConfigHelper.getAllJDBCDriverJarPaths:242 --> jar file: G:\finalPath\qqmsg\47449304\FileRecv\mybatis-generator-gui\lib\jsch-0.1.54.jar
[INFO] [12:34:27.351] [JavaFX Application Thread] [] com.zzg.mybatis.generator.util.ConfigHelper.getAllJDBCDriverJarPaths:242 --> jar file: G:\finalPath\qqmsg\47449304\FileRecv\mybatis-generator-gui\lib\junit-4.12.jar
[INFO] [12:34:27.351] [JavaFX Application Thread] [] com.zzg.mybatis.generator.util.ConfigHelper.getAllJDBCDriverJarPaths:242 --> jar file: G:\finalPath\qqmsg\47449304\FileRecv\mybatis-generator-gui\lib\logback-classic-1.1.2.jar
[INFO] [12:34:27.352] [JavaFX Application Thread] [] com.zzg.mybatis.generator.util.ConfigHelper.getAllJDBCDriverJarPaths:242 --> jar file: G:\finalPath\qqmsg\47449304\FileRecv\mybatis-generator-gui\lib\logback-core-1.1.2.jar
[INFO] [12:34:27.352] [JavaFX Application Thread] [] com.zzg.mybatis.generator.util.ConfigHelper.getAllJDBCDriverJarPaths:242 --> jar file: G:\finalPath\qqmsg\47449304\FileRecv\mybatis-generator-gui\lib\mybatis-generator-core-1.3.6.jar
[INFO] [12:34:27.352] [JavaFX Application Thread] [] com.zzg.mybatis.generator.util.ConfigHelper.getAllJDBCDriverJarPaths:242 --> jar file: G:\finalPath\qqmsg\47449304\FileRecv\mybatis-generator-gui\lib\mysql-connector-java-5.1.38.jar
[INFO] [12:34:27.353] [JavaFX Application Thread] [] com.zzg.mybatis.generator.util.ConfigHelper.getAllJDBCDriverJarPaths:242 --> jar file: G:\finalPath\qqmsg\47449304\FileRecv\mybatis-generator-gui\lib\mysql-connector-java-8.0.11.jar
[INFO] [12:34:27.353] [JavaFX Application Thread] [] com.zzg.mybatis.generator.util.ConfigHelper.getAllJDBCDriverJarPaths:242 --> jar file: G:\finalPath\qqmsg\47449304\FileRecv\mybatis-generator-gui\lib\ojdbc6.jar
[INFO] [12:34:27.354] [JavaFX Application Thread] [] com.zzg.mybatis.generator.util.ConfigHelper.getAllJDBCDriverJarPaths:242 --> jar file: G:\finalPath\qqmsg\47449304\FileRecv\mybatis-generator-gui\lib\postgresql-9.4.1209.jar
[INFO] [12:34:27.354] [JavaFX Application Thread] [] com.zzg.mybatis.generator.util.ConfigHelper.getAllJDBCDriverJarPaths:242 --> jar file: G:\finalPath\qqmsg\47449304\FileRecv\mybatis-generator-gui\lib\slf4j-api-1.7.25.jar
[INFO] [12:34:27.355] [JavaFX Application Thread] [] com.zzg.mybatis.generator.util.ConfigHelper.getAllJDBCDriverJarPaths:242 --> jar file: G:\finalPath\qqmsg\47449304\FileRecv\mybatis-generator-gui\lib\sqlite-jdbc-3.19.3.jar
[INFO] [12:34:27.355] [JavaFX Application Thread] [] com.zzg.mybatis.generator.util.ConfigHelper.getAllJDBCDriverJarPaths:242 --> jar file: G:\finalPath\qqmsg\47449304\FileRecv\mybatis-generator-gui\lib\sqlite-jdbc-3.8.11.2.jar
[INFO] [12:34:27.355] [JavaFX Application Thread] [] com.zzg.mybatis.generator.util.ConfigHelper.getAllJDBCDriverJarPaths:242 --> jar file: G:\finalPath\qqmsg\47449304\FileRecv\mybatis-generator-gui\lib\sqljdbc4-4.0.jar
[INFO] [12:34:27.366] [JavaFX Application Thread] [] com.zzg.mybatis.generator.util.DbUtil.loadDbDriver:222 --> load driver class: com.mysql.jdbc.Driver@1ba2cf24
[INFO] [12:34:27.367] [JavaFX Application Thread] [] com.zzg.mybatis.generator.util.DbUtil.getConnectionUrlWithSchema:208 --> getConnectionUrlWithSchema, connection url: jdbc:mysql://127.0.0.1:3306/xiaoyan?useUnicode=true&useSSL=false&characterEncoding=utf8
[ERROR] [12:34:27.515] [JavaFX Application Thread] [] com.zzg.mybatis.generator.controller.MainUIController.lambda$null$6:203 --> Unknown database 'xiaoyan'
com.mysql.jdbc.exceptions.jdbc4.MySQLSyntaxErrorException: Unknown database 'xiaoyan'
	at sun.reflect.NativeConstructorAccessorImpl.newInstance0(Native Method) ~[na:1.8.0_221]
	at sun.reflect.NativeConstructorAccessorImpl.newInstance(Unknown Source) ~[na:1.8.0_221]
	at sun.reflect.DelegatingConstructorAccessorImpl.newInstance(Unknown Source) ~[na:1.8.0_221]
	at java.lang.reflect.Constructor.newInstance(Unknown Source) ~[na:1.8.0_221]
	at com.mysql.jdbc.Util.handleNewInstance(Util.java:404) ~[na:na]
	at com.mysql.jdbc.Util.getInstance(Util.java:387) ~[na:na]
	at com.mysql.jdbc.SQLError.createSQLException(SQLError.java:939) ~[na:na]
	at com.mysql.jdbc.MysqlIO.checkErrorPacket(MysqlIO.java:3878) ~[na:na]
	at com.mysql.jdbc.MysqlIO.checkErrorPacket(MysqlIO.java:3814) ~[na:na]
	at com.mysql.jdbc.MysqlIO.checkErrorPacket(MysqlIO.java:871) ~[na:na]
	at com.mysql.jdbc.MysqlIO.proceedHandshakeWithPluggableAuthentication(MysqlIO.java:1694) ~[na:na]
	at com.mysql.jdbc.MysqlIO.doHandshake(MysqlIO.java:1215) ~[na:na]
	at com.mysql.jdbc.ConnectionImpl.coreConnect(ConnectionImpl.java:2255) ~[na:na]
	at com.mysql.jdbc.ConnectionImpl.connectOneTryOnly(ConnectionImpl.java:2286) ~[na:na]
	at com.mysql.jdbc.ConnectionImpl.createNewIO(ConnectionImpl.java:2085) ~[na:na]
	at com.mysql.jdbc.ConnectionImpl.<init>(ConnectionImpl.java:795) ~[na:na]
	at com.mysql.jdbc.JDBC4Connection.<init>(JDBC4Connection.java:44) ~[na:na]
	at sun.reflect.NativeConstructorAccessorImpl.newInstance0(Native Method) ~[na:1.8.0_221]
	at sun.reflect.NativeConstructorAccessorImpl.newInstance(Unknown Source) ~[na:1.8.0_221]
	at sun.reflect.DelegatingConstructorAccessorImpl.newInstance(Unknown Source) ~[na:1.8.0_221]
	at java.lang.reflect.Constructor.newInstance(Unknown Source) ~[na:1.8.0_221]
	at com.mysql.jdbc.Util.handleNewInstance(Util.java:404) ~[na:na]
	at com.mysql.jdbc.ConnectionImpl.getInstance(ConnectionImpl.java:400) ~[na:na]
	at com.mysql.jdbc.NonRegisteringDriver.connect(NonRegisteringDriver.java:327) ~[na:na]
	at com.zzg.mybatis.generator.util.DbUtil.getConnection(DbUtil.java:132) ~[mybatis-generator-gui.jar:na]
	at com.zzg.mybatis.generator.util.DbUtil.getTableNames(DbUtil.java:140) ~[mybatis-generator-gui.jar:na]
	at com.zzg.mybatis.generator.controller.MainUIController.lambda$null$6(MainUIController.java:185) ~[mybatis-generator-gui.jar:na]
	at com.sun.javafx.event.CompositeEventHandler$NormalEventHandlerRecord.handleBubblingEvent(CompositeEventHandler.java:218) ~[jfxrt.jar:na]
	at com.sun.javafx.event.CompositeEventHandler.dispatchBubblingEvent(CompositeEventHandler.java:80) ~[jfxrt.jar:na]
	at com.sun.javafx.event.EventHandlerManager.dispatchBubblingEvent(EventHandlerManager.java:238) ~[jfxrt.jar:na]
	at com.sun.javafx.event.EventHandlerManager.dispatchBubblingEvent(EventHandlerManager.java:191) ~[jfxrt.jar:na]
	at com.sun.javafx.event.CompositeEventDispatcher.dispatchBubblingEvent(CompositeEventDispatcher.java:59) ~[jfxrt.jar:na]
	at com.sun.javafx.event.BasicEventDispatcher.dispatchEvent(BasicEventDispatcher.java:58) ~[jfxrt.jar:na]
	at com.sun.javafx.event.EventDispatchChainImpl.dispatchEvent(EventDispatchChainImpl.java:114) ~[jfxrt.jar:na]
	at com.sun.javafx.event.BasicEventDispatcher.dispatchEvent(BasicEventDispatcher.java:56) ~[jfxrt.jar:na]
	at com.sun.javafx.event.EventDispatchChainImpl.dispatchEvent(EventDispatchChainImpl.java:114) ~[jfxrt.jar:na]
	at com.sun.javafx.event.BasicEventDispatcher.dispatchEvent(BasicEventDispatcher.java:56) ~[jfxrt.jar:na]
	at com.sun.javafx.event.EventDispatchChainImpl.dispatchEvent(EventDispatchChainImpl.java:114) ~[jfxrt.jar:na]
	at com.sun.javafx.event.BasicEventDispatcher.dispatchEvent(BasicEventDispatcher.java:56) ~[jfxrt.jar:na]
	at com.sun.javafx.event.EventDispatchChainImpl.dispatchEvent(EventDispatchChainImpl.java:114) ~[jfxrt.jar:na]
	at com.sun.javafx.event.BasicEventDispatcher.dispatchEvent(BasicEventDispatcher.java:56) ~[jfxrt.jar:na]
	at com.sun.javafx.event.EventDispatchChainImpl.dispatchEvent(EventDispatchChainImpl.java:114) ~[jfxrt.jar:na]
	at com.sun.javafx.event.BasicEventDispatcher.dispatchEvent(BasicEventDispatcher.java:56) ~[jfxrt.jar:na]
	at com.sun.javafx.event.EventDispatchChainImpl.dispatchEvent(EventDispatchChainImpl.java:114) ~[jfxrt.jar:na]
	at com.sun.javafx.event.EventUtil.fireEventImpl(EventUtil.java:74) ~[jfxrt.jar:na]
	at com.sun.javafx.event.EventUtil.fireEvent(EventUtil.java:54) ~[jfxrt.jar:na]
	at javafx.event.Event.fireEvent(Event.java:198) ~[jfxrt.jar:na]
	at javafx.scene.Scene$ClickGenerator.postProcess(Scene.java:3470) ~[jfxrt.jar:na]
	at javafx.scene.Scene$ClickGenerator.access$8100(Scene.java:3398) ~[jfxrt.jar:na]
	at javafx.scene.Scene$MouseHandler.process(Scene.java:3766) ~[jfxrt.jar:na]
	at javafx.scene.Scene$MouseHandler.access$1500(Scene.java:3485) ~[jfxrt.jar:na]
	at javafx.scene.Scene.impl_processMouseEvent(Scene.java:1762) ~[jfxrt.jar:na]
	at javafx.scene.Scene$ScenePeerListener.mouseEvent(Scene.java:2494) ~[jfxrt.jar:na]
	at com.sun.javafx.tk.quantum.GlassViewEventHandler$MouseEventNotification.run(GlassViewEventHandler.java:394) ~[jfxrt.jar:na]
	at com.sun.javafx.tk.quantum.GlassViewEventHandler$MouseEventNotification.run(GlassViewEventHandler.java:295) ~[jfxrt.jar:na]
	at java.security.AccessController.doPrivileged(Native Method) ~[na:1.8.0_221]
	at com.sun.javafx.tk.quantum.GlassViewEventHandler.lambda$handleMouseEvent$2(GlassViewEventHandler.java:432) ~[jfxrt.jar:na]
	at com.sun.javafx.tk.quantum.QuantumToolkit.runWithoutRenderLock(QuantumToolkit.java:410) ~[jfxrt.jar:na]
	at com.sun.javafx.tk.quantum.GlassViewEventHandler.handleMouseEvent(GlassViewEventHandler.java:431) ~[jfxrt.jar:na]
	at com.sun.glass.ui.View.handleMouseEvent(View.java:555) ~[jfxrt.jar:na]
	at com.sun.glass.ui.View.notifyMouse(View.java:937) ~[jfxrt.jar:na]
	at com.sun.glass.ui.win.WinApplication._runLoop(Native Method) ~[jfxrt.jar:na]
	at com.sun.glass.ui.win.WinApplication.lambda$null$3(WinApplication.java:177) ~[jfxrt.jar:na]
	at java.lang.Thread.run(Unknown Source) ~[na:1.8.0_221]
[INFO] [12:34:29.654] [JavaFX Application Thread] [] com.zzg.mybatis.generator.util.ConfigHelper.getAllJDBCDriverJarPaths:238 --> jar lib path: G:\finalPath\qqmsg\47449304\FileRecv\mybatis-generator-gui\lib
[INFO] [12:34:29.655] [JavaFX Application Thread] [] com.zzg.mybatis.generator.util.ConfigHelper.getAllJDBCDriverJarPaths:242 --> jar file: G:\finalPath\qqmsg\47449304\FileRecv\mybatis-generator-gui\lib\commons-beanutils-1.9.2.jar
[INFO] [12:34:29.656] [JavaFX Application Thread] [] com.zzg.mybatis.generator.util.ConfigHelper.getAllJDBCDriverJarPaths:242 --> jar file: G:\finalPath\qqmsg\47449304\FileRecv\mybatis-generator-gui\lib\commons-collections-3.2.1.jar
[INFO] [12:34:29.656] [JavaFX Application Thread] [] com.zzg.mybatis.generator.util.ConfigHelper.getAllJDBCDriverJarPaths:242 --> jar file: G:\finalPath\qqmsg\47449304\FileRecv\mybatis-generator-gui\lib\commons-io-2.5.jar
[INFO] [12:34:29.657] [JavaFX Application Thread] [] com.zzg.mybatis.generator.util.ConfigHelper.getAllJDBCDriverJarPaths:242 --> jar file: G:\finalPath\qqmsg\47449304\FileRecv\mybatis-generator-gui\lib\commons-lang3-3.4.jar
[INFO] [12:34:29.657] [JavaFX Application Thread] [] com.zzg.mybatis.generator.util.ConfigHelper.getAllJDBCDriverJarPaths:242 --> jar file: G:\finalPath\qqmsg\47449304\FileRecv\mybatis-generator-gui\lib\commons-logging-1.1.1.jar
[INFO] [12:34:29.658] [JavaFX Application Thread] [] com.zzg.mybatis.generator.util.ConfigHelper.getAllJDBCDriverJarPaths:242 --> jar file: G:\finalPath\qqmsg\47449304\FileRecv\mybatis-generator-gui\lib\fastjson-1.2.7.jar
[INFO] [12:34:29.658] [JavaFX Application Thread] [] com.zzg.mybatis.generator.util.ConfigHelper.getAllJDBCDriverJarPaths:242 --> jar file: G:\finalPath\qqmsg\47449304\FileRecv\mybatis-generator-gui\lib\hamcrest-core-1.3.jar
[INFO] [12:34:29.659] [JavaFX Application Thread] [] com.zzg.mybatis.generator.util.ConfigHelper.getAllJDBCDriverJarPaths:242 --> jar file: G:\finalPath\qqmsg\47449304\FileRecv\mybatis-generator-gui\lib\jsch-0.1.54.jar
[INFO] [12:34:29.659] [JavaFX Application Thread] [] com.zzg.mybatis.generator.util.ConfigHelper.getAllJDBCDriverJarPaths:242 --> jar file: G:\finalPath\qqmsg\47449304\FileRecv\mybatis-generator-gui\lib\junit-4.12.jar
[INFO] [12:34:29.660] [JavaFX Application Thread] [] com.zzg.mybatis.generator.util.ConfigHelper.getAllJDBCDriverJarPaths:242 --> jar file: G:\finalPath\qqmsg\47449304\FileRecv\mybatis-generator-gui\lib\logback-classic-1.1.2.jar
[INFO] [12:34:29.660] [JavaFX Application Thread] [] com.zzg.mybatis.generator.util.ConfigHelper.getAllJDBCDriverJarPaths:242 --> jar file: G:\finalPath\qqmsg\47449304\FileRecv\mybatis-generator-gui\lib\logback-core-1.1.2.jar
[INFO] [12:34:29.661] [JavaFX Application Thread] [] com.zzg.mybatis.generator.util.ConfigHelper.getAllJDBCDriverJarPaths:242 --> jar file: G:\finalPath\qqmsg\47449304\FileRecv\mybatis-generator-gui\lib\mybatis-generator-core-1.3.6.jar
[INFO] [12:34:29.661] [JavaFX Application Thread] [] com.zzg.mybatis.generator.util.ConfigHelper.getAllJDBCDriverJarPaths:242 --> jar file: G:\finalPath\qqmsg\47449304\FileRecv\mybatis-generator-gui\lib\mysql-connector-java-5.1.38.jar
[INFO] [12:34:29.662] [JavaFX Application Thread] [] com.zzg.mybatis.generator.util.ConfigHelper.getAllJDBCDriverJarPaths:242 --> jar file: G:\finalPath\qqmsg\47449304\FileRecv\mybatis-generator-gui\lib\mysql-connector-java-8.0.11.jar
[INFO] [12:34:29.662] [JavaFX Application Thread] [] com.zzg.mybatis.generator.util.ConfigHelper.getAllJDBCDriverJarPaths:242 --> jar file: G:\finalPath\qqmsg\47449304\FileRecv\mybatis-generator-gui\lib\ojdbc6.jar
[INFO] [12:34:29.663] [JavaFX Application Thread] [] com.zzg.mybatis.generator.util.ConfigHelper.getAllJDBCDriverJarPaths:242 --> jar file: G:\finalPath\qqmsg\47449304\FileRecv\mybatis-generator-gui\lib\postgresql-9.4.1209.jar
[INFO] [12:34:29.663] [JavaFX Application Thread] [] com.zzg.mybatis.generator.util.ConfigHelper.getAllJDBCDriverJarPaths:242 --> jar file: G:\finalPath\qqmsg\47449304\FileRecv\mybatis-generator-gui\lib\slf4j-api-1.7.25.jar
[INFO] [12:34:29.664] [JavaFX Application Thread] [] com.zzg.mybatis.generator.util.ConfigHelper.getAllJDBCDriverJarPaths:242 --> jar file: G:\finalPath\qqmsg\47449304\FileRecv\mybatis-generator-gui\lib\sqlite-jdbc-3.19.3.jar
[INFO] [12:34:29.664] [JavaFX Application Thread] [] com.zzg.mybatis.generator.util.ConfigHelper.getAllJDBCDriverJarPaths:242 --> jar file: G:\finalPath\qqmsg\47449304\FileRecv\mybatis-generator-gui\lib\sqlite-jdbc-3.8.11.2.jar
[INFO] [12:34:29.665] [JavaFX Application Thread] [] com.zzg.mybatis.generator.util.ConfigHelper.getAllJDBCDriverJarPaths:242 --> jar file: G:\finalPath\qqmsg\47449304\FileRecv\mybatis-generator-gui\lib\sqljdbc4-4.0.jar
[INFO] [12:34:29.676] [JavaFX Application Thread] [] com.zzg.mybatis.generator.util.DbUtil.loadDbDriver:222 --> load driver class: com.mysql.cj.jdbc.Driver@6f9ccc29
[INFO] [12:34:29.677] [JavaFX Application Thread] [] com.zzg.mybatis.generator.util.DbUtil.getConnectionUrlWithSchema:208 --> getConnectionUrlWithSchema, connection url: jdbc:mysql://localhost:3306/mybatis?serverTimezone=UTC&useUnicode=true&useSSL=false&characterEncoding=utf8
[ERROR] [12:34:29.770] [JavaFX Application Thread] [] com.zzg.mybatis.generator.controller.MainUIController.lambda$null$6:203 --> Access denied for user 'root'@'localhost' (using password: YES)
java.sql.SQLException: Access denied for user 'root'@'localhost' (using password: YES)
	at com.mysql.cj.jdbc.exceptions.SQLError.createSQLException(SQLError.java:127) ~[na:na]
	at com.mysql.cj.jdbc.exceptions.SQLError.createSQLException(SQLError.java:95) ~[na:na]
	at com.mysql.cj.jdbc.exceptions.SQLExceptionsMapping.translateException(SQLExceptionsMapping.java:122) ~[na:na]
	at com.mysql.cj.jdbc.ConnectionImpl.createNewIO(ConnectionImpl.java:862) ~[na:na]
	at com.mysql.cj.jdbc.ConnectionImpl.<init>(ConnectionImpl.java:444) ~[na:na]
	at com.mysql.cj.jdbc.ConnectionImpl.getInstance(ConnectionImpl.java:230) ~[na:na]
	at com.mysql.cj.jdbc.NonRegisteringDriver.connect(NonRegisteringDriver.java:226) ~[na:na]
	at com.zzg.mybatis.generator.util.DbUtil.getConnection(DbUtil.java:132) ~[mybatis-generator-gui.jar:na]
	at com.zzg.mybatis.generator.util.DbUtil.getTableNames(DbUtil.java:140) ~[mybatis-generator-gui.jar:na]
	at com.zzg.mybatis.generator.controller.MainUIController.lambda$null$6(MainUIController.java:185) ~[mybatis-generator-gui.jar:na]
	at com.sun.javafx.event.CompositeEventHandler$NormalEventHandlerRecord.handleBubblingEvent(CompositeEventHandler.java:218) ~[jfxrt.jar:na]
	at com.sun.javafx.event.CompositeEventHandler.dispatchBubblingEvent(CompositeEventHandler.java:80) ~[jfxrt.jar:na]
	at com.sun.javafx.event.EventHandlerManager.dispatchBubblingEvent(EventHandlerManager.java:238) ~[jfxrt.jar:na]
	at com.sun.javafx.event.EventHandlerManager.dispatchBubblingEvent(EventHandlerManager.java:191) ~[jfxrt.jar:na]
	at com.sun.javafx.event.CompositeEventDispatcher.dispatchBubblingEvent(CompositeEventDispatcher.java:59) ~[jfxrt.jar:na]
	at com.sun.javafx.event.BasicEventDispatcher.dispatchEvent(BasicEventDispatcher.java:58) ~[jfxrt.jar:na]
	at com.sun.javafx.event.EventDispatchChainImpl.dispatchEvent(EventDispatchChainImpl.java:114) ~[jfxrt.jar:na]
	at com.sun.javafx.event.BasicEventDispatcher.dispatchEvent(BasicEventDispatcher.java:56) ~[jfxrt.jar:na]
	at com.sun.javafx.event.EventDispatchChainImpl.dispatchEvent(EventDispatchChainImpl.java:114) ~[jfxrt.jar:na]
	at com.sun.javafx.event.BasicEventDispatcher.dispatchEvent(BasicEventDispatcher.java:56) ~[jfxrt.jar:na]
	at com.sun.javafx.event.EventDispatchChainImpl.dispatchEvent(EventDispatchChainImpl.java:114) ~[jfxrt.jar:na]
	at com.sun.javafx.event.BasicEventDispatcher.dispatchEvent(BasicEventDispatcher.java:56) ~[jfxrt.jar:na]
	at com.sun.javafx.event.EventDispatchChainImpl.dispatchEvent(EventDispatchChainImpl.java:114) ~[jfxrt.jar:na]
	at com.sun.javafx.event.BasicEventDispatcher.dispatchEvent(BasicEventDispatcher.java:56) ~[jfxrt.jar:na]
	at com.sun.javafx.event.EventDispatchChainImpl.dispatchEvent(EventDispatchChainImpl.java:114) ~[jfxrt.jar:na]
	at com.sun.javafx.event.BasicEventDispatcher.dispatchEvent(BasicEventDispatcher.java:56) ~[jfxrt.jar:na]
	at com.sun.javafx.event.EventDispatchChainImpl.dispatchEvent(EventDispatchChainImpl.java:114) ~[jfxrt.jar:na]
	at com.sun.javafx.event.EventUtil.fireEventImpl(EventUtil.java:74) ~[jfxrt.jar:na]
	at com.sun.javafx.event.EventUtil.fireEvent(EventUtil.java:54) ~[jfxrt.jar:na]
	at javafx.event.Event.fireEvent(Event.java:198) ~[jfxrt.jar:na]
	at javafx.scene.Scene$ClickGenerator.postProcess(Scene.java:3470) ~[jfxrt.jar:na]
	at javafx.scene.Scene$ClickGenerator.access$8100(Scene.java:3398) ~[jfxrt.jar:na]
	at javafx.scene.Scene$MouseHandler.process(Scene.java:3766) ~[jfxrt.jar:na]
	at javafx.scene.Scene$MouseHandler.access$1500(Scene.java:3485) ~[jfxrt.jar:na]
	at javafx.scene.Scene.impl_processMouseEvent(Scene.java:1762) ~[jfxrt.jar:na]
	at javafx.scene.Scene$ScenePeerListener.mouseEvent(Scene.java:2494) ~[jfxrt.jar:na]
	at com.sun.javafx.tk.quantum.GlassViewEventHandler$MouseEventNotification.run(GlassViewEventHandler.java:394) ~[jfxrt.jar:na]
	at com.sun.javafx.tk.quantum.GlassViewEventHandler$MouseEventNotification.run(GlassViewEventHandler.java:295) ~[jfxrt.jar:na]
	at java.security.AccessController.doPrivileged(Native Method) ~[na:1.8.0_221]
	at com.sun.javafx.tk.quantum.GlassViewEventHandler.lambda$handleMouseEvent$2(GlassViewEventHandler.java:432) ~[jfxrt.jar:na]
	at com.sun.javafx.tk.quantum.QuantumToolkit.runWithoutRenderLock(QuantumToolkit.java:410) ~[jfxrt.jar:na]
	at com.sun.javafx.tk.quantum.GlassViewEventHandler.handleMouseEvent(GlassViewEventHandler.java:431) ~[jfxrt.jar:na]
	at com.sun.glass.ui.View.handleMouseEvent(View.java:555) ~[jfxrt.jar:na]
	at com.sun.glass.ui.View.notifyMouse(View.java:937) ~[jfxrt.jar:na]
	at com.sun.glass.ui.win.WinApplication._runLoop(Native Method) ~[jfxrt.jar:na]
	at com.sun.glass.ui.win.WinApplication.lambda$null$3(WinApplication.java:177) ~[jfxrt.jar:na]
	at java.lang.Thread.run(Unknown Source) ~[na:1.8.0_221]
