[INFO] [16:24:12.362] [JavaFX Application Thread] [] com.zzg.mybatis.generator.util.ConnectionManager.getConnection:20 --> database FilePath :E:\00课件\mybatis-generator-gui\.\config\sqlite3.db
[INFO] [16:24:16.174] [JavaFX Application Thread] [] com.zzg.mybatis.generator.util.ConfigHelper.getAllJDBCDriverJarPaths:238 --> jar lib path: E:\00课件\mybatis-generator-gui\lib
[INFO] [16:24:16.174] [JavaFX Application Thread] [] com.zzg.mybatis.generator.util.ConfigHelper.getAllJDBCDriverJarPaths:242 --> jar file: E:\00课件\mybatis-generator-gui\lib\commons-beanutils-1.9.2.jar
[INFO] [16:24:16.175] [JavaFX Application Thread] [] com.zzg.mybatis.generator.util.ConfigHelper.getAllJDBCDriverJarPaths:242 --> jar file: E:\00课件\mybatis-generator-gui\lib\commons-collections-3.2.1.jar
[INFO] [16:24:16.176] [JavaFX Application Thread] [] com.zzg.mybatis.generator.util.ConfigHelper.getAllJDBCDriverJarPaths:242 --> jar file: E:\00课件\mybatis-generator-gui\lib\commons-io-2.5.jar
[INFO] [16:24:16.177] [JavaFX Application Thread] [] com.zzg.mybatis.generator.util.ConfigHelper.getAllJDBCDriverJarPaths:242 --> jar file: E:\00课件\mybatis-generator-gui\lib\commons-lang3-3.4.jar
[INFO] [16:24:16.178] [JavaFX Application Thread] [] com.zzg.mybatis.generator.util.ConfigHelper.getAllJDBCDriverJarPaths:242 --> jar file: E:\00课件\mybatis-generator-gui\lib\commons-logging-1.1.1.jar
[INFO] [16:24:16.180] [JavaFX Application Thread] [] com.zzg.mybatis.generator.util.ConfigHelper.getAllJDBCDriverJarPaths:242 --> jar file: E:\00课件\mybatis-generator-gui\lib\fastjson-1.2.7.jar
[INFO] [16:24:16.180] [JavaFX Application Thread] [] com.zzg.mybatis.generator.util.ConfigHelper.getAllJDBCDriverJarPaths:242 --> jar file: E:\00课件\mybatis-generator-gui\lib\hamcrest-core-1.3.jar
[INFO] [16:24:16.180] [JavaFX Application Thread] [] com.zzg.mybatis.generator.util.ConfigHelper.getAllJDBCDriverJarPaths:242 --> jar file: E:\00课件\mybatis-generator-gui\lib\jsch-0.1.54.jar
[INFO] [16:24:16.181] [JavaFX Application Thread] [] com.zzg.mybatis.generator.util.ConfigHelper.getAllJDBCDriverJarPaths:242 --> jar file: E:\00课件\mybatis-generator-gui\lib\junit-4.12.jar
[INFO] [16:24:16.181] [JavaFX Application Thread] [] com.zzg.mybatis.generator.util.ConfigHelper.getAllJDBCDriverJarPaths:242 --> jar file: E:\00课件\mybatis-generator-gui\lib\logback-classic-1.1.2.jar
[INFO] [16:24:16.182] [JavaFX Application Thread] [] com.zzg.mybatis.generator.util.ConfigHelper.getAllJDBCDriverJarPaths:242 --> jar file: E:\00课件\mybatis-generator-gui\lib\logback-core-1.1.2.jar
[INFO] [16:24:16.182] [JavaFX Application Thread] [] com.zzg.mybatis.generator.util.ConfigHelper.getAllJDBCDriverJarPaths:242 --> jar file: E:\00课件\mybatis-generator-gui\lib\mybatis-generator-core-1.3.6.jar
[INFO] [16:24:16.183] [JavaFX Application Thread] [] com.zzg.mybatis.generator.util.ConfigHelper.getAllJDBCDriverJarPaths:242 --> jar file: E:\00课件\mybatis-generator-gui\lib\mysql-connector-java-5.1.38.jar
[INFO] [16:24:16.183] [JavaFX Application Thread] [] com.zzg.mybatis.generator.util.ConfigHelper.getAllJDBCDriverJarPaths:242 --> jar file: E:\00课件\mybatis-generator-gui\lib\mysql-connector-java-8.0.11.jar
[INFO] [16:24:16.184] [JavaFX Application Thread] [] com.zzg.mybatis.generator.util.ConfigHelper.getAllJDBCDriverJarPaths:242 --> jar file: E:\00课件\mybatis-generator-gui\lib\ojdbc6.jar
[INFO] [16:24:16.184] [JavaFX Application Thread] [] com.zzg.mybatis.generator.util.ConfigHelper.getAllJDBCDriverJarPaths:242 --> jar file: E:\00课件\mybatis-generator-gui\lib\postgresql-9.4.1209.jar
[INFO] [16:24:16.185] [JavaFX Application Thread] [] com.zzg.mybatis.generator.util.ConfigHelper.getAllJDBCDriverJarPaths:242 --> jar file: E:\00课件\mybatis-generator-gui\lib\slf4j-api-1.7.25.jar
[INFO] [16:24:16.185] [JavaFX Application Thread] [] com.zzg.mybatis.generator.util.ConfigHelper.getAllJDBCDriverJarPaths:242 --> jar file: E:\00课件\mybatis-generator-gui\lib\sqlite-jdbc-3.19.3.jar
[INFO] [16:24:16.186] [JavaFX Application Thread] [] com.zzg.mybatis.generator.util.ConfigHelper.getAllJDBCDriverJarPaths:242 --> jar file: E:\00课件\mybatis-generator-gui\lib\sqlite-jdbc-3.8.11.2.jar
[INFO] [16:24:16.186] [JavaFX Application Thread] [] com.zzg.mybatis.generator.util.ConfigHelper.getAllJDBCDriverJarPaths:242 --> jar file: E:\00课件\mybatis-generator-gui\lib\sqljdbc4-4.0.jar
[INFO] [16:24:16.233] [JavaFX Application Thread] [] com.zzg.mybatis.generator.util.DbUtil.loadDbDriver:222 --> load driver class: com.mysql.jdbc.Driver@1c773fa9
[INFO] [16:24:16.234] [JavaFX Application Thread] [] com.zzg.mybatis.generator.util.DbUtil.getConnectionUrlWithSchema:208 --> getConnectionUrlWithSchema, connection url: jdbc:mysql://127.0.0.1:3306/xinbootvue?useUnicode=true&useSSL=false&characterEncoding=utf8
[INFO] [16:24:16.699] [JavaFX Application Thread] [] com.zzg.mybatis.generator.util.DbUtil.getConnection:133 --> getConnection, connection url: com.mysql.jdbc.JDBC4Connection@2bb3ca43
[INFO] [16:24:32.847] [JavaFX Application Thread] [] com.zzg.mybatis.generator.util.ConnectionManager.getConnection:20 --> database FilePath :E:\00课件\mybatis-generator-gui\.\config\sqlite3.db
[INFO] [16:24:32.848] [JavaFX Application Thread] [] com.zzg.mybatis.generator.util.ConfigHelper.loadGeneratorConfigs:182 --> sql: SELECT * FROM generator_config
[INFO] [16:24:39.278] [JavaFX Application Thread] [] com.zzg.mybatis.generator.util.ConnectionManager.getConnection:20 --> database FilePath :E:\00课件\mybatis-generator-gui\.\config\sqlite3.db
[INFO] [16:24:39.279] [JavaFX Application Thread] [] com.zzg.mybatis.generator.util.ConfigHelper.loadGeneratorConfig:159 --> sql: SELECT * FROM generator_config where name='xinbootvue'
[INFO] [16:25:00.294] [JavaFX Application Thread] [] com.zzg.mybatis.generator.util.ConfigHelper.findConnectorLibPath:215 --> jar resource: jar:file:/E:/00%e8%af%be%e4%bb%b6/mybatis-generator-gui/mybatis-generator-gui.jar!/logback.xml
[INFO] [16:25:00.295] [JavaFX Application Thread] [] com.zzg.mybatis.generator.bridge.MybatisGeneratorBridge.generate:66 --> connectorLibPath: E:\00课件\mybatis-generator-gui\lib\mysql-connector-java-5.1.38.jar
[INFO] [16:25:00.297] [JavaFX Application Thread] [] com.zzg.mybatis.generator.util.DbUtil.getConnectionUrlWithSchema:208 --> getConnectionUrlWithSchema, connection url: jdbc:mysql://127.0.0.1:3306/xinbootvue?useUnicode=true&useSSL=false&characterEncoding=utf8
[DEBUG] [16:25:00.507] [JavaFX Application Thread] [] org.mybatis.generator.logging.LogFactory.setImplementation:105 --> Logging initialized using 'org.mybatis.generator.logging.slf4j.Slf4jLoggingLogFactory@758c3127' adapter.
[DEBUG] [16:25:00.509] [JavaFX Application Thread] [] org.mybatis.generator.internal.db.DatabaseIntrospector.getColumns:506 --> Retrieving column information for table "xinbootvue.t_charts"
[DEBUG] [16:25:00.526] [JavaFX Application Thread] [] org.mybatis.generator.internal.db.DatabaseIntrospector.getColumns:563 --> Found column "id", data type -5, in table "xinbootvue..t_charts"
[DEBUG] [16:25:00.526] [JavaFX Application Thread] [] org.mybatis.generator.internal.db.DatabaseIntrospector.getColumns:563 --> Found column "sex", data type 12, in table "xinbootvue..t_charts"
[DEBUG] [16:25:00.527] [JavaFX Application Thread] [] org.mybatis.generator.internal.db.DatabaseIntrospector.getColumns:563 --> Found column "time", data type 12, in table "xinbootvue..t_charts"
[DEBUG] [16:25:00.527] [JavaFX Application Thread] [] org.mybatis.generator.internal.db.DatabaseIntrospector.getColumns:563 --> Found column "count", data type 4, in table "xinbootvue..t_charts"
