[INFO] [15:35:31.672] [JavaFX Application Thread] [] com.zzg.mybatis.generator.util.ConnectionManager.getConnection:20 --> database FilePath :D:\soft\mybatis-generator-gui\.\config\sqlite3.db
[INFO] [15:36:09.109] [JavaFX Application Thread] [] com.zzg.mybatis.generator.util.ConfigHelper.getAllJDBCDriverJarPaths:238 --> jar lib path: D:\soft\mybatis-generator-gui\lib
[INFO] [15:36:09.110] [JavaFX Application Thread] [] com.zzg.mybatis.generator.util.ConfigHelper.getAllJDBCDriverJarPaths:242 --> jar file: D:\soft\mybatis-generator-gui\lib\commons-beanutils-1.9.2.jar
[INFO] [15:36:09.110] [JavaFX Application Thread] [] com.zzg.mybatis.generator.util.ConfigHelper.getAllJDBCDriverJarPaths:242 --> jar file: D:\soft\mybatis-generator-gui\lib\commons-collections-3.2.1.jar
[INFO] [15:36:09.111] [JavaFX Application Thread] [] com.zzg.mybatis.generator.util.ConfigHelper.getAllJDBCDriverJarPaths:242 --> jar file: D:\soft\mybatis-generator-gui\lib\commons-io-2.5.jar
[INFO] [15:36:09.111] [JavaFX Application Thread] [] com.zzg.mybatis.generator.util.ConfigHelper.getAllJDBCDriverJarPaths:242 --> jar file: D:\soft\mybatis-generator-gui\lib\commons-lang3-3.4.jar
[INFO] [15:36:09.111] [JavaFX Application Thread] [] com.zzg.mybatis.generator.util.ConfigHelper.getAllJDBCDriverJarPaths:242 --> jar file: D:\soft\mybatis-generator-gui\lib\commons-logging-1.1.1.jar
[INFO] [15:36:09.112] [JavaFX Application Thread] [] com.zzg.mybatis.generator.util.ConfigHelper.getAllJDBCDriverJarPaths:242 --> jar file: D:\soft\mybatis-generator-gui\lib\fastjson-1.2.7.jar
[INFO] [15:36:09.112] [JavaFX Application Thread] [] com.zzg.mybatis.generator.util.ConfigHelper.getAllJDBCDriverJarPaths:242 --> jar file: D:\soft\mybatis-generator-gui\lib\hamcrest-core-1.3.jar
[INFO] [15:36:09.113] [JavaFX Application Thread] [] com.zzg.mybatis.generator.util.ConfigHelper.getAllJDBCDriverJarPaths:242 --> jar file: D:\soft\mybatis-generator-gui\lib\jsch-0.1.54.jar
[INFO] [15:36:09.113] [JavaFX Application Thread] [] com.zzg.mybatis.generator.util.ConfigHelper.getAllJDBCDriverJarPaths:242 --> jar file: D:\soft\mybatis-generator-gui\lib\junit-4.12.jar
[INFO] [15:36:09.114] [JavaFX Application Thread] [] com.zzg.mybatis.generator.util.ConfigHelper.getAllJDBCDriverJarPaths:242 --> jar file: D:\soft\mybatis-generator-gui\lib\logback-classic-1.1.2.jar
[INFO] [15:36:09.114] [JavaFX Application Thread] [] com.zzg.mybatis.generator.util.ConfigHelper.getAllJDBCDriverJarPaths:242 --> jar file: D:\soft\mybatis-generator-gui\lib\logback-core-1.1.2.jar
[INFO] [15:36:09.114] [JavaFX Application Thread] [] com.zzg.mybatis.generator.util.ConfigHelper.getAllJDBCDriverJarPaths:242 --> jar file: D:\soft\mybatis-generator-gui\lib\mybatis-generator-core-1.3.6.jar
[INFO] [15:36:09.115] [JavaFX Application Thread] [] com.zzg.mybatis.generator.util.ConfigHelper.getAllJDBCDriverJarPaths:242 --> jar file: D:\soft\mybatis-generator-gui\lib\mysql-connector-java-5.1.38.jar
[INFO] [15:36:09.115] [JavaFX Application Thread] [] com.zzg.mybatis.generator.util.ConfigHelper.getAllJDBCDriverJarPaths:242 --> jar file: D:\soft\mybatis-generator-gui\lib\mysql-connector-java-8.0.11.jar
[INFO] [15:36:09.116] [JavaFX Application Thread] [] com.zzg.mybatis.generator.util.ConfigHelper.getAllJDBCDriverJarPaths:242 --> jar file: D:\soft\mybatis-generator-gui\lib\ojdbc6.jar
[INFO] [15:36:09.117] [JavaFX Application Thread] [] com.zzg.mybatis.generator.util.ConfigHelper.getAllJDBCDriverJarPaths:242 --> jar file: D:\soft\mybatis-generator-gui\lib\postgresql-9.4.1209.jar
[INFO] [15:36:09.117] [JavaFX Application Thread] [] com.zzg.mybatis.generator.util.ConfigHelper.getAllJDBCDriverJarPaths:242 --> jar file: D:\soft\mybatis-generator-gui\lib\slf4j-api-1.7.25.jar
[INFO] [15:36:09.118] [JavaFX Application Thread] [] com.zzg.mybatis.generator.util.ConfigHelper.getAllJDBCDriverJarPaths:242 --> jar file: D:\soft\mybatis-generator-gui\lib\sqlite-jdbc-3.19.3.jar
[INFO] [15:36:09.118] [JavaFX Application Thread] [] com.zzg.mybatis.generator.util.ConfigHelper.getAllJDBCDriverJarPaths:242 --> jar file: D:\soft\mybatis-generator-gui\lib\sqlite-jdbc-3.8.11.2.jar
[INFO] [15:36:09.119] [JavaFX Application Thread] [] com.zzg.mybatis.generator.util.ConfigHelper.getAllJDBCDriverJarPaths:242 --> jar file: D:\soft\mybatis-generator-gui\lib\sqljdbc4-4.0.jar
[INFO] [15:36:09.129] [JavaFX Application Thread] [] com.zzg.mybatis.generator.util.DbUtil.loadDbDriver:222 --> load driver class: com.mysql.jdbc.Driver@c55de0a
[INFO] [15:36:09.130] [JavaFX Application Thread] [] com.zzg.mybatis.generator.util.DbUtil.getConnectionUrlWithSchema:208 --> getConnectionUrlWithSchema, connection url: jdbc:mysql://127.0.0.1:3306/roadhelp?useUnicode=true&useSSL=false&characterEncoding=utf8
[INFO] [15:36:09.424] [JavaFX Application Thread] [] com.zzg.mybatis.generator.util.DbUtil.getConnection:133 --> getConnection, connection url: com.mysql.jdbc.JDBC4Connection@1109b1f1
[INFO] [15:36:11.273] [JavaFX Application Thread] [] com.zzg.mybatis.generator.util.ConnectionManager.getConnection:20 --> database FilePath :D:\soft\mybatis-generator-gui\.\config\sqlite3.db
[INFO] [15:36:11.314] [JavaFX Application Thread] [] com.zzg.mybatis.generator.util.ConnectionManager.getConnection:20 --> database FilePath :D:\soft\mybatis-generator-gui\.\config\sqlite3.db
[INFO] [15:36:12.873] [JavaFX Application Thread] [] com.zzg.mybatis.generator.util.DbUtil.getConnectionUrlWithSchema:208 --> getConnectionUrlWithSchema, connection url: jdbc:mysql://127.0.0.1:3306/roadhelp?useUnicode=true&useSSL=false&characterEncoding=utf8
[INFO] [15:36:12.878] [JavaFX Application Thread] [] com.zzg.mybatis.generator.util.DbUtil.getConnection:133 --> getConnection, connection url: com.mysql.jdbc.JDBC4Connection@53bdf7cb
[INFO] [15:36:49.229] [JavaFX Application Thread] [] com.zzg.mybatis.generator.util.ConfigHelper.findConnectorLibPath:215 --> jar resource: jar:file:/D:/soft/mybatis-generator-gui/mybatis-generator-gui.jar!/logback.xml
[INFO] [15:36:49.230] [JavaFX Application Thread] [] com.zzg.mybatis.generator.bridge.MybatisGeneratorBridge.generate:66 --> connectorLibPath: D:\soft\mybatis-generator-gui\lib\mysql-connector-java-5.1.38.jar
[INFO] [15:36:49.234] [JavaFX Application Thread] [] com.zzg.mybatis.generator.util.DbUtil.getConnectionUrlWithSchema:208 --> getConnectionUrlWithSchema, connection url: jdbc:mysql://127.0.0.1:3306/roadhelp?useUnicode=true&useSSL=false&characterEncoding=utf8
[DEBUG] [15:36:49.538] [JavaFX Application Thread] [] org.mybatis.generator.logging.LogFactory.setImplementation:105 --> Logging initialized using 'org.mybatis.generator.logging.slf4j.Slf4jLoggingLogFactory@658e2454' adapter.
[DEBUG] [15:36:49.540] [JavaFX Application Thread] [] org.mybatis.generator.internal.db.DatabaseIntrospector.getColumns:506 --> Retrieving column information for table "roadhelp.customer"
[DEBUG] [15:36:49.558] [JavaFX Application Thread] [] org.mybatis.generator.internal.db.DatabaseIntrospector.getColumns:563 --> Found column "id", data type 4, in table "roadhelp..customer"
[DEBUG] [15:36:49.559] [JavaFX Application Thread] [] org.mybatis.generator.internal.db.DatabaseIntrospector.getColumns:563 --> Found column "name", data type 12, in table "roadhelp..customer"
[DEBUG] [15:36:49.560] [JavaFX Application Thread] [] org.mybatis.generator.internal.db.DatabaseIntrospector.getColumns:563 --> Found column "phone", data type 12, in table "roadhelp..customer"
[DEBUG] [15:36:49.561] [JavaFX Application Thread] [] org.mybatis.generator.internal.db.DatabaseIntrospector.getColumns:563 --> Found column "createtime", data type 93, in table "roadhelp..customer"
[DEBUG] [15:36:49.562] [JavaFX Application Thread] [] org.mybatis.generator.internal.db.DatabaseIntrospector.getColumns:563 --> Found column "idcard", data type 12, in table "roadhelp..customer"
[DEBUG] [15:36:49.563] [JavaFX Application Thread] [] org.mybatis.generator.internal.db.DatabaseIntrospector.getColumns:563 --> Found column "score", data type 12, in table "roadhelp..customer"
[DEBUG] [15:36:49.564] [JavaFX Application Thread] [] org.mybatis.generator.internal.db.DatabaseIntrospector.getColumns:563 --> Found column "car", data type 12, in table "roadhelp..customer"
[DEBUG] [15:36:49.564] [JavaFX Application Thread] [] org.mybatis.generator.internal.db.DatabaseIntrospector.getColumns:563 --> Found column "sex", data type 12, in table "roadhelp..customer"
