[INFO] [11:38:32.856] [JavaFX Application Thread] [] com.zzg.mybatis.generator.util.ConnectionManager.getConnection:20 --> database FilePath :E:\桌面\mybatis-generator-gui\.\config\sqlite3.db
[INFO] [11:39:19.338] [JavaFX Application Thread] [] com.zzg.mybatis.generator.util.ConfigHelper.getAllJDBCDriverJarPaths:238 --> jar lib path: E:\桌面\mybatis-generator-gui\lib
[INFO] [11:39:19.339] [JavaFX Application Thread] [] com.zzg.mybatis.generator.util.ConfigHelper.getAllJDBCDriverJarPaths:242 --> jar file: E:\桌面\mybatis-generator-gui\lib\commons-beanutils-1.9.2.jar
[INFO] [11:39:19.340] [JavaFX Application Thread] [] com.zzg.mybatis.generator.util.ConfigHelper.getAllJDBCDriverJarPaths:242 --> jar file: E:\桌面\mybatis-generator-gui\lib\commons-collections-3.2.1.jar
[INFO] [11:39:19.341] [JavaFX Application Thread] [] com.zzg.mybatis.generator.util.ConfigHelper.getAllJDBCDriverJarPaths:242 --> jar file: E:\桌面\mybatis-generator-gui\lib\commons-io-2.5.jar
[INFO] [11:39:19.341] [JavaFX Application Thread] [] com.zzg.mybatis.generator.util.ConfigHelper.getAllJDBCDriverJarPaths:242 --> jar file: E:\桌面\mybatis-generator-gui\lib\commons-lang3-3.4.jar
[INFO] [11:39:19.342] [JavaFX Application Thread] [] com.zzg.mybatis.generator.util.ConfigHelper.getAllJDBCDriverJarPaths:242 --> jar file: E:\桌面\mybatis-generator-gui\lib\commons-logging-1.1.1.jar
[INFO] [11:39:19.343] [JavaFX Application Thread] [] com.zzg.mybatis.generator.util.ConfigHelper.getAllJDBCDriverJarPaths:242 --> jar file: E:\桌面\mybatis-generator-gui\lib\fastjson-1.2.7.jar
[INFO] [11:39:19.344] [JavaFX Application Thread] [] com.zzg.mybatis.generator.util.ConfigHelper.getAllJDBCDriverJarPaths:242 --> jar file: E:\桌面\mybatis-generator-gui\lib\hamcrest-core-1.3.jar
[INFO] [11:39:19.344] [JavaFX Application Thread] [] com.zzg.mybatis.generator.util.ConfigHelper.getAllJDBCDriverJarPaths:242 --> jar file: E:\桌面\mybatis-generator-gui\lib\jsch-0.1.54.jar
[INFO] [11:39:19.345] [JavaFX Application Thread] [] com.zzg.mybatis.generator.util.ConfigHelper.getAllJDBCDriverJarPaths:242 --> jar file: E:\桌面\mybatis-generator-gui\lib\junit-4.12.jar
[INFO] [11:39:19.346] [JavaFX Application Thread] [] com.zzg.mybatis.generator.util.ConfigHelper.getAllJDBCDriverJarPaths:242 --> jar file: E:\桌面\mybatis-generator-gui\lib\logback-classic-1.1.2.jar
[INFO] [11:39:19.346] [JavaFX Application Thread] [] com.zzg.mybatis.generator.util.ConfigHelper.getAllJDBCDriverJarPaths:242 --> jar file: E:\桌面\mybatis-generator-gui\lib\logback-core-1.1.2.jar
[INFO] [11:39:19.347] [JavaFX Application Thread] [] com.zzg.mybatis.generator.util.ConfigHelper.getAllJDBCDriverJarPaths:242 --> jar file: E:\桌面\mybatis-generator-gui\lib\mybatis-generator-core-1.3.6.jar
[INFO] [11:39:19.347] [JavaFX Application Thread] [] com.zzg.mybatis.generator.util.ConfigHelper.getAllJDBCDriverJarPaths:242 --> jar file: E:\桌面\mybatis-generator-gui\lib\mysql-connector-java-5.1.38.jar
[INFO] [11:39:19.348] [JavaFX Application Thread] [] com.zzg.mybatis.generator.util.ConfigHelper.getAllJDBCDriverJarPaths:242 --> jar file: E:\桌面\mybatis-generator-gui\lib\mysql-connector-java-8.0.11.jar
[INFO] [11:39:19.348] [JavaFX Application Thread] [] com.zzg.mybatis.generator.util.ConfigHelper.getAllJDBCDriverJarPaths:242 --> jar file: E:\桌面\mybatis-generator-gui\lib\ojdbc6.jar
[INFO] [11:39:19.349] [JavaFX Application Thread] [] com.zzg.mybatis.generator.util.ConfigHelper.getAllJDBCDriverJarPaths:242 --> jar file: E:\桌面\mybatis-generator-gui\lib\postgresql-9.4.1209.jar
[INFO] [11:39:19.349] [JavaFX Application Thread] [] com.zzg.mybatis.generator.util.ConfigHelper.getAllJDBCDriverJarPaths:242 --> jar file: E:\桌面\mybatis-generator-gui\lib\slf4j-api-1.7.25.jar
[INFO] [11:39:19.350] [JavaFX Application Thread] [] com.zzg.mybatis.generator.util.ConfigHelper.getAllJDBCDriverJarPaths:242 --> jar file: E:\桌面\mybatis-generator-gui\lib\sqlite-jdbc-3.19.3.jar
[INFO] [11:39:19.350] [JavaFX Application Thread] [] com.zzg.mybatis.generator.util.ConfigHelper.getAllJDBCDriverJarPaths:242 --> jar file: E:\桌面\mybatis-generator-gui\lib\sqlite-jdbc-3.8.11.2.jar
[INFO] [11:39:19.351] [JavaFX Application Thread] [] com.zzg.mybatis.generator.util.ConfigHelper.getAllJDBCDriverJarPaths:242 --> jar file: E:\桌面\mybatis-generator-gui\lib\sqljdbc4-4.0.jar
[INFO] [11:39:19.478] [JavaFX Application Thread] [] com.zzg.mybatis.generator.util.DbUtil.loadDbDriver:222 --> load driver class: com.mysql.cj.jdbc.Driver@20931946
[INFO] [11:39:19.479] [JavaFX Application Thread] [] com.zzg.mybatis.generator.util.DbUtil.getConnectionUrlWithSchema:208 --> getConnectionUrlWithSchema, connection url: jdbc:mysql://localhost:3306/loan?serverTimezone=UTC&useUnicode=true&useSSL=false&characterEncoding=utf8
[INFO] [11:39:19.792] [JavaFX Application Thread] [] com.zzg.mybatis.generator.util.DbUtil.getConnection:133 --> getConnection, connection url: com.mysql.cj.jdbc.ConnectionImpl@38411345
[INFO] [11:39:23.881] [JavaFX Application Thread] [] com.zzg.mybatis.generator.util.ConnectionManager.getConnection:20 --> database FilePath :E:\桌面\mybatis-generator-gui\.\config\sqlite3.db
[INFO] [11:39:23.988] [JavaFX Application Thread] [] com.zzg.mybatis.generator.util.ConnectionManager.getConnection:20 --> database FilePath :E:\桌面\mybatis-generator-gui\.\config\sqlite3.db
[INFO] [11:39:27.913] [JavaFX Application Thread] [] com.zzg.mybatis.generator.util.DbUtil.getConnectionUrlWithSchema:208 --> getConnectionUrlWithSchema, connection url: jdbc:mysql://localhost:3306/loan?serverTimezone=UTC&useUnicode=true&useSSL=false&characterEncoding=utf8
[INFO] [11:39:27.919] [JavaFX Application Thread] [] com.zzg.mybatis.generator.util.DbUtil.getConnection:133 --> getConnection, connection url: com.mysql.cj.jdbc.ConnectionImpl@3b683b15
[INFO] [11:41:47.366] [JavaFX Application Thread] [] com.zzg.mybatis.generator.util.ConfigHelper.findConnectorLibPath:215 --> jar resource: jar:file:/E:/%e6%a1%8c%e9%9d%a2/mybatis-generator-gui/mybatis-generator-gui.jar!/logback.xml
[INFO] [11:41:47.368] [JavaFX Application Thread] [] com.zzg.mybatis.generator.bridge.MybatisGeneratorBridge.generate:66 --> connectorLibPath: E:\桌面\mybatis-generator-gui\lib\mysql-connector-java-8.0.11.jar
[INFO] [11:41:47.379] [JavaFX Application Thread] [] com.zzg.mybatis.generator.util.DbUtil.getConnectionUrlWithSchema:208 --> getConnectionUrlWithSchema, connection url: jdbc:mysql://localhost:3306/loan?serverTimezone=UTC&useUnicode=true&useSSL=false&characterEncoding=utf8
[DEBUG] [11:41:47.543] [JavaFX Application Thread] [] org.mybatis.generator.logging.LogFactory.setImplementation:105 --> Logging initialized using 'org.mybatis.generator.logging.slf4j.Slf4jLoggingLogFactory@2283c3f2' adapter.
[DEBUG] [11:41:47.546] [JavaFX Application Thread] [] org.mybatis.generator.internal.db.DatabaseIntrospector.getColumns:506 --> Retrieving column information for table "loan.customer"
[DEBUG] [11:41:47.602] [JavaFX Application Thread] [] org.mybatis.generator.internal.db.DatabaseIntrospector.getColumns:563 --> Found column "cno", data type 4, in table "loan..customer"
[DEBUG] [11:41:47.603] [JavaFX Application Thread] [] org.mybatis.generator.internal.db.DatabaseIntrospector.getColumns:563 --> Found column "empno", data type 4, in table "loan..customer"
[DEBUG] [11:41:47.604] [JavaFX Application Thread] [] org.mybatis.generator.internal.db.DatabaseIntrospector.getColumns:563 --> Found column "cname", data type 12, in table "loan..customer"
[DEBUG] [11:41:47.606] [JavaFX Application Thread] [] org.mybatis.generator.internal.db.DatabaseIntrospector.getColumns:563 --> Found column "sex", data type 12, in table "loan..customer"
[DEBUG] [11:41:47.606] [JavaFX Application Thread] [] org.mybatis.generator.internal.db.DatabaseIntrospector.getColumns:563 --> Found column "education", data type 12, in table "loan..customer"
[DEBUG] [11:41:47.607] [JavaFX Application Thread] [] org.mybatis.generator.internal.db.DatabaseIntrospector.getColumns:563 --> Found column "sal", data type 4, in table "loan..customer"
[DEBUG] [11:41:47.607] [JavaFX Application Thread] [] org.mybatis.generator.internal.db.DatabaseIntrospector.getColumns:563 --> Found column "tel", data type 12, in table "loan..customer"
[DEBUG] [11:41:47.608] [JavaFX Application Thread] [] org.mybatis.generator.internal.db.DatabaseIntrospector.getColumns:563 --> Found column "money", data type 4, in table "loan..customer"
[DEBUG] [11:41:47.609] [JavaFX Application Thread] [] org.mybatis.generator.internal.db.DatabaseIntrospector.getColumns:563 --> Found column "remarks", data type 12, in table "loan..customer"
[INFO] [11:44:14.151] [JavaFX Application Thread] [] com.zzg.mybatis.generator.util.ConfigHelper.findConnectorLibPath:215 --> jar resource: jar:file:/E:/%e6%a1%8c%e9%9d%a2/mybatis-generator-gui/mybatis-generator-gui.jar!/logback.xml
[INFO] [11:44:14.153] [JavaFX Application Thread] [] com.zzg.mybatis.generator.bridge.MybatisGeneratorBridge.generate:66 --> connectorLibPath: E:\桌面\mybatis-generator-gui\lib\mysql-connector-java-8.0.11.jar
[INFO] [11:44:14.154] [JavaFX Application Thread] [] com.zzg.mybatis.generator.util.DbUtil.getConnectionUrlWithSchema:208 --> getConnectionUrlWithSchema, connection url: jdbc:mysql://localhost:3306/loan?serverTimezone=UTC&useUnicode=true&useSSL=false&characterEncoding=utf8
[DEBUG] [11:44:14.355] [JavaFX Application Thread] [] org.mybatis.generator.internal.db.DatabaseIntrospector.getColumns:506 --> Retrieving column information for table "loan.dept"
[DEBUG] [11:44:14.426] [JavaFX Application Thread] [] org.mybatis.generator.internal.db.DatabaseIntrospector.getColumns:563 --> Found column "deptno", data type 4, in table "loan..dept"
[DEBUG] [11:44:14.427] [JavaFX Application Thread] [] org.mybatis.generator.internal.db.DatabaseIntrospector.getColumns:563 --> Found column "dname", data type 12, in table "loan..dept"
[DEBUG] [11:44:14.428] [JavaFX Application Thread] [] org.mybatis.generator.internal.db.DatabaseIntrospector.getColumns:563 --> Found column "loc", data type 12, in table "loan..dept"
[INFO] [11:44:22.105] [JavaFX Application Thread] [] com.zzg.mybatis.generator.util.ConfigHelper.findConnectorLibPath:215 --> jar resource: jar:file:/E:/%e6%a1%8c%e9%9d%a2/mybatis-generator-gui/mybatis-generator-gui.jar!/logback.xml
[INFO] [11:44:22.106] [JavaFX Application Thread] [] com.zzg.mybatis.generator.bridge.MybatisGeneratorBridge.generate:66 --> connectorLibPath: E:\桌面\mybatis-generator-gui\lib\mysql-connector-java-8.0.11.jar
[INFO] [11:44:22.106] [JavaFX Application Thread] [] com.zzg.mybatis.generator.util.DbUtil.getConnectionUrlWithSchema:208 --> getConnectionUrlWithSchema, connection url: jdbc:mysql://localhost:3306/loan?serverTimezone=UTC&useUnicode=true&useSSL=false&characterEncoding=utf8
[DEBUG] [11:44:22.193] [JavaFX Application Thread] [] org.mybatis.generator.internal.db.DatabaseIntrospector.getColumns:506 --> Retrieving column information for table "loan.emp"
[DEBUG] [11:44:22.215] [JavaFX Application Thread] [] org.mybatis.generator.internal.db.DatabaseIntrospector.getColumns:563 --> Found column "empno", data type 4, in table "loan..emp"
[DEBUG] [11:44:22.216] [JavaFX Application Thread] [] org.mybatis.generator.internal.db.DatabaseIntrospector.getColumns:563 --> Found column "ename", data type 12, in table "loan..emp"
[DEBUG] [11:44:22.217] [JavaFX Application Thread] [] org.mybatis.generator.internal.db.DatabaseIntrospector.getColumns:563 --> Found column "sex", data type 12, in table "loan..emp"
[DEBUG] [11:44:22.218] [JavaFX Application Thread] [] org.mybatis.generator.internal.db.DatabaseIntrospector.getColumns:563 --> Found column "age", data type 4, in table "loan..emp"
[DEBUG] [11:44:22.220] [JavaFX Application Thread] [] org.mybatis.generator.internal.db.DatabaseIntrospector.getColumns:563 --> Found column "tel", data type 12, in table "loan..emp"
[DEBUG] [11:44:22.221] [JavaFX Application Thread] [] org.mybatis.generator.internal.db.DatabaseIntrospector.getColumns:563 --> Found column "deptno", data type 4, in table "loan..emp"
