[INFO] [10:43:21.066] [JavaFX Application Thread] [] com.zzg.mybatis.generator.util.ConnectionManager.getConnection:20 --> database FilePath :G:\finalPath\qqmsg\47449304\FileRecv\mybatis-generator-gui\.\config\sqlite3.db
[INFO] [11:01:39.396] [JavaFX Application Thread] [] com.zzg.mybatis.generator.util.ConfigHelper.getAllJDBCDriverJarPaths:238 --> jar lib path: G:\finalPath\qqmsg\47449304\FileRecv\mybatis-generator-gui\lib
[INFO] [11:01:39.397] [JavaFX Application Thread] [] com.zzg.mybatis.generator.util.ConfigHelper.getAllJDBCDriverJarPaths:242 --> jar file: G:\finalPath\qqmsg\47449304\FileRecv\mybatis-generator-gui\lib\commons-beanutils-1.9.2.jar
[INFO] [11:01:39.397] [JavaFX Application Thread] [] com.zzg.mybatis.generator.util.ConfigHelper.getAllJDBCDriverJarPaths:242 --> jar file: G:\finalPath\qqmsg\47449304\FileRecv\mybatis-generator-gui\lib\commons-collections-3.2.1.jar
[INFO] [11:01:39.398] [JavaFX Application Thread] [] com.zzg.mybatis.generator.util.ConfigHelper.getAllJDBCDriverJarPaths:242 --> jar file: G:\finalPath\qqmsg\47449304\FileRecv\mybatis-generator-gui\lib\commons-io-2.5.jar
[INFO] [11:01:39.398] [JavaFX Application Thread] [] com.zzg.mybatis.generator.util.ConfigHelper.getAllJDBCDriverJarPaths:242 --> jar file: G:\finalPath\qqmsg\47449304\FileRecv\mybatis-generator-gui\lib\commons-lang3-3.4.jar
[INFO] [11:01:39.399] [JavaFX Application Thread] [] com.zzg.mybatis.generator.util.ConfigHelper.getAllJDBCDriverJarPaths:242 --> jar file: G:\finalPath\qqmsg\47449304\FileRecv\mybatis-generator-gui\lib\commons-logging-1.1.1.jar
[INFO] [11:01:39.399] [JavaFX Application Thread] [] com.zzg.mybatis.generator.util.ConfigHelper.getAllJDBCDriverJarPaths:242 --> jar file: G:\finalPath\qqmsg\47449304\FileRecv\mybatis-generator-gui\lib\fastjson-1.2.7.jar
[INFO] [11:01:39.399] [JavaFX Application Thread] [] com.zzg.mybatis.generator.util.ConfigHelper.getAllJDBCDriverJarPaths:242 --> jar file: G:\finalPath\qqmsg\47449304\FileRecv\mybatis-generator-gui\lib\hamcrest-core-1.3.jar
[INFO] [11:01:39.400] [JavaFX Application Thread] [] com.zzg.mybatis.generator.util.ConfigHelper.getAllJDBCDriverJarPaths:242 --> jar file: G:\finalPath\qqmsg\47449304\FileRecv\mybatis-generator-gui\lib\jsch-0.1.54.jar
[INFO] [11:01:39.400] [JavaFX Application Thread] [] com.zzg.mybatis.generator.util.ConfigHelper.getAllJDBCDriverJarPaths:242 --> jar file: G:\finalPath\qqmsg\47449304\FileRecv\mybatis-generator-gui\lib\junit-4.12.jar
[INFO] [11:01:39.401] [JavaFX Application Thread] [] com.zzg.mybatis.generator.util.ConfigHelper.getAllJDBCDriverJarPaths:242 --> jar file: G:\finalPath\qqmsg\47449304\FileRecv\mybatis-generator-gui\lib\logback-classic-1.1.2.jar
[INFO] [11:01:39.401] [JavaFX Application Thread] [] com.zzg.mybatis.generator.util.ConfigHelper.getAllJDBCDriverJarPaths:242 --> jar file: G:\finalPath\qqmsg\47449304\FileRecv\mybatis-generator-gui\lib\logback-core-1.1.2.jar
[INFO] [11:01:39.402] [JavaFX Application Thread] [] com.zzg.mybatis.generator.util.ConfigHelper.getAllJDBCDriverJarPaths:242 --> jar file: G:\finalPath\qqmsg\47449304\FileRecv\mybatis-generator-gui\lib\mybatis-generator-core-1.3.6.jar
[INFO] [11:01:39.402] [JavaFX Application Thread] [] com.zzg.mybatis.generator.util.ConfigHelper.getAllJDBCDriverJarPaths:242 --> jar file: G:\finalPath\qqmsg\47449304\FileRecv\mybatis-generator-gui\lib\mysql-connector-java-5.1.38.jar
[INFO] [11:01:39.403] [JavaFX Application Thread] [] com.zzg.mybatis.generator.util.ConfigHelper.getAllJDBCDriverJarPaths:242 --> jar file: G:\finalPath\qqmsg\47449304\FileRecv\mybatis-generator-gui\lib\mysql-connector-java-8.0.11.jar
[INFO] [11:01:39.403] [JavaFX Application Thread] [] com.zzg.mybatis.generator.util.ConfigHelper.getAllJDBCDriverJarPaths:242 --> jar file: G:\finalPath\qqmsg\47449304\FileRecv\mybatis-generator-gui\lib\ojdbc6.jar
[INFO] [11:01:39.403] [JavaFX Application Thread] [] com.zzg.mybatis.generator.util.ConfigHelper.getAllJDBCDriverJarPaths:242 --> jar file: G:\finalPath\qqmsg\47449304\FileRecv\mybatis-generator-gui\lib\postgresql-9.4.1209.jar
[INFO] [11:01:39.404] [JavaFX Application Thread] [] com.zzg.mybatis.generator.util.ConfigHelper.getAllJDBCDriverJarPaths:242 --> jar file: G:\finalPath\qqmsg\47449304\FileRecv\mybatis-generator-gui\lib\slf4j-api-1.7.25.jar
[INFO] [11:01:39.404] [JavaFX Application Thread] [] com.zzg.mybatis.generator.util.ConfigHelper.getAllJDBCDriverJarPaths:242 --> jar file: G:\finalPath\qqmsg\47449304\FileRecv\mybatis-generator-gui\lib\sqlite-jdbc-3.19.3.jar
[INFO] [11:01:39.405] [JavaFX Application Thread] [] com.zzg.mybatis.generator.util.ConfigHelper.getAllJDBCDriverJarPaths:242 --> jar file: G:\finalPath\qqmsg\47449304\FileRecv\mybatis-generator-gui\lib\sqlite-jdbc-3.8.11.2.jar
[INFO] [11:01:39.405] [JavaFX Application Thread] [] com.zzg.mybatis.generator.util.ConfigHelper.getAllJDBCDriverJarPaths:242 --> jar file: G:\finalPath\qqmsg\47449304\FileRecv\mybatis-generator-gui\lib\sqljdbc4-4.0.jar
[INFO] [11:01:39.537] [JavaFX Application Thread] [] com.zzg.mybatis.generator.util.DbUtil.loadDbDriver:222 --> load driver class: com.mysql.jdbc.Driver@41f61b1a
[INFO] [11:01:39.538] [JavaFX Application Thread] [] com.zzg.mybatis.generator.util.DbUtil.getConnectionUrlWithSchema:208 --> getConnectionUrlWithSchema, connection url: jdbc:mysql://127.0.0.1:3306/dj190801?useUnicode=true&useSSL=false&characterEncoding=utf8
[INFO] [11:01:39.911] [JavaFX Application Thread] [] com.zzg.mybatis.generator.util.DbUtil.getConnection:133 --> getConnection, connection url: com.mysql.jdbc.JDBC4Connection@133a2da5
[INFO] [11:01:42.472] [JavaFX Application Thread] [] com.zzg.mybatis.generator.util.DbUtil.getConnectionUrlWithSchema:208 --> getConnectionUrlWithSchema, connection url: jdbc:mysql://127.0.0.1:3306/dj190801?useUnicode=true&useSSL=false&characterEncoding=utf8
[INFO] [11:01:42.477] [JavaFX Application Thread] [] com.zzg.mybatis.generator.util.DbUtil.getConnection:133 --> getConnection, connection url: com.mysql.jdbc.JDBC4Connection@311bc6ae
[INFO] [11:02:46.080] [JavaFX Application Thread] [] com.zzg.mybatis.generator.util.ConnectionManager.getConnection:20 --> database FilePath :G:\finalPath\qqmsg\47449304\FileRecv\mybatis-generator-gui\.\config\sqlite3.db
[INFO] [11:02:46.553] [JavaFX Application Thread] [] com.zzg.mybatis.generator.util.ConnectionManager.getConnection:20 --> database FilePath :G:\finalPath\qqmsg\47449304\FileRecv\mybatis-generator-gui\.\config\sqlite3.db
[INFO] [11:02:48.985] [JavaFX Application Thread] [] com.zzg.mybatis.generator.util.DbUtil.getConnectionUrlWithSchema:208 --> getConnectionUrlWithSchema, connection url: jdbc:mysql://127.0.0.1:3306/dj190801?useUnicode=true&useSSL=false&characterEncoding=utf8
[INFO] [11:02:48.988] [JavaFX Application Thread] [] com.zzg.mybatis.generator.util.DbUtil.getConnection:133 --> getConnection, connection url: com.mysql.jdbc.JDBC4Connection@6a11a7e5
[INFO] [11:04:40.398] [JavaFX Application Thread] [] com.zzg.mybatis.generator.util.ConfigHelper.findConnectorLibPath:215 --> jar resource: jar:file:/G:/finalPath/qqmsg/47449304/FileRecv/mybatis-generator-gui/mybatis-generator-gui.jar!/logback.xml
[INFO] [11:04:40.400] [JavaFX Application Thread] [] com.zzg.mybatis.generator.bridge.MybatisGeneratorBridge.generate:66 --> connectorLibPath: G:\finalPath\qqmsg\47449304\FileRecv\mybatis-generator-gui\lib\mysql-connector-java-5.1.38.jar
[INFO] [11:04:40.402] [JavaFX Application Thread] [] com.zzg.mybatis.generator.util.DbUtil.getConnectionUrlWithSchema:208 --> getConnectionUrlWithSchema, connection url: jdbc:mysql://127.0.0.1:3306/dj190801?useUnicode=true&useSSL=false&characterEncoding=utf8
[DEBUG] [11:04:40.596] [JavaFX Application Thread] [] org.mybatis.generator.logging.LogFactory.setImplementation:105 --> Logging initialized using 'org.mybatis.generator.logging.slf4j.Slf4jLoggingLogFactory@2ee60578' adapter.
[DEBUG] [11:04:40.597] [JavaFX Application Thread] [] org.mybatis.generator.internal.db.DatabaseIntrospector.getColumns:506 --> Retrieving column information for table "dj190801.myorder"
[DEBUG] [11:04:40.638] [JavaFX Application Thread] [] org.mybatis.generator.internal.db.DatabaseIntrospector.getColumns:563 --> Found column "myorder_id", data type 4, in table "dj190801..myorder"
[DEBUG] [11:04:40.638] [JavaFX Application Thread] [] org.mybatis.generator.internal.db.DatabaseIntrospector.getColumns:563 --> Found column "personId", data type 4, in table "dj190801..myorder"
[DEBUG] [11:04:40.639] [JavaFX Application Thread] [] org.mybatis.generator.internal.db.DatabaseIntrospector.getColumns:563 --> Found column "myorder_money", data type 8, in table "dj190801..myorder"
[DEBUG] [11:04:40.639] [JavaFX Application Thread] [] org.mybatis.generator.internal.db.DatabaseIntrospector.getColumns:563 --> Found column "myorder_addr", data type 12, in table "dj190801..myorder"
