[INFO] [11:03:10.703] [JavaFX Application Thread] [] com.zzg.mybatis.generator.util.ConnectionManager.getConnection:20 --> database FilePath :D:\greensoft\mybatis-generator-gui\.\config\sqlite3.db
[INFO] [11:03:14.379] [JavaFX Application Thread] [] com.zzg.mybatis.generator.util.ConfigHelper.getAllJDBCDriverJarPaths:238 --> jar lib path: D:\greensoft\mybatis-generator-gui\lib
[INFO] [11:03:14.380] [JavaFX Application Thread] [] com.zzg.mybatis.generator.util.ConfigHelper.getAllJDBCDriverJarPaths:242 --> jar file: D:\greensoft\mybatis-generator-gui\lib\commons-beanutils-1.9.2.jar
[INFO] [11:03:14.380] [JavaFX Application Thread] [] com.zzg.mybatis.generator.util.ConfigHelper.getAllJDBCDriverJarPaths:242 --> jar file: D:\greensoft\mybatis-generator-gui\lib\commons-collections-3.2.1.jar
[INFO] [11:03:14.381] [JavaFX Application Thread] [] com.zzg.mybatis.generator.util.ConfigHelper.getAllJDBCDriverJarPaths:242 --> jar file: D:\greensoft\mybatis-generator-gui\lib\commons-io-2.5.jar
[INFO] [11:03:14.382] [JavaFX Application Thread] [] com.zzg.mybatis.generator.util.ConfigHelper.getAllJDBCDriverJarPaths:242 --> jar file: D:\greensoft\mybatis-generator-gui\lib\commons-lang3-3.4.jar
[INFO] [11:03:14.382] [JavaFX Application Thread] [] com.zzg.mybatis.generator.util.ConfigHelper.getAllJDBCDriverJarPaths:242 --> jar file: D:\greensoft\mybatis-generator-gui\lib\commons-logging-1.1.1.jar
[INFO] [11:03:14.383] [JavaFX Application Thread] [] com.zzg.mybatis.generator.util.ConfigHelper.getAllJDBCDriverJarPaths:242 --> jar file: D:\greensoft\mybatis-generator-gui\lib\fastjson-1.2.7.jar
[INFO] [11:03:14.383] [JavaFX Application Thread] [] com.zzg.mybatis.generator.util.ConfigHelper.getAllJDBCDriverJarPaths:242 --> jar file: D:\greensoft\mybatis-generator-gui\lib\hamcrest-core-1.3.jar
[INFO] [11:03:14.383] [JavaFX Application Thread] [] com.zzg.mybatis.generator.util.ConfigHelper.getAllJDBCDriverJarPaths:242 --> jar file: D:\greensoft\mybatis-generator-gui\lib\jsch-0.1.54.jar
[INFO] [11:03:14.384] [JavaFX Application Thread] [] com.zzg.mybatis.generator.util.ConfigHelper.getAllJDBCDriverJarPaths:242 --> jar file: D:\greensoft\mybatis-generator-gui\lib\junit-4.12.jar
[INFO] [11:03:14.384] [JavaFX Application Thread] [] com.zzg.mybatis.generator.util.ConfigHelper.getAllJDBCDriverJarPaths:242 --> jar file: D:\greensoft\mybatis-generator-gui\lib\logback-classic-1.1.2.jar
[INFO] [11:03:14.384] [JavaFX Application Thread] [] com.zzg.mybatis.generator.util.ConfigHelper.getAllJDBCDriverJarPaths:242 --> jar file: D:\greensoft\mybatis-generator-gui\lib\logback-core-1.1.2.jar
[INFO] [11:03:14.385] [JavaFX Application Thread] [] com.zzg.mybatis.generator.util.ConfigHelper.getAllJDBCDriverJarPaths:242 --> jar file: D:\greensoft\mybatis-generator-gui\lib\mybatis-generator-core-1.3.6.jar
[INFO] [11:03:14.385] [JavaFX Application Thread] [] com.zzg.mybatis.generator.util.ConfigHelper.getAllJDBCDriverJarPaths:242 --> jar file: D:\greensoft\mybatis-generator-gui\lib\mysql-connector-java-5.1.38.jar
[INFO] [11:03:14.385] [JavaFX Application Thread] [] com.zzg.mybatis.generator.util.ConfigHelper.getAllJDBCDriverJarPaths:242 --> jar file: D:\greensoft\mybatis-generator-gui\lib\mysql-connector-java-8.0.11.jar
[INFO] [11:03:14.386] [JavaFX Application Thread] [] com.zzg.mybatis.generator.util.ConfigHelper.getAllJDBCDriverJarPaths:242 --> jar file: D:\greensoft\mybatis-generator-gui\lib\ojdbc6.jar
[INFO] [11:03:14.386] [JavaFX Application Thread] [] com.zzg.mybatis.generator.util.ConfigHelper.getAllJDBCDriverJarPaths:242 --> jar file: D:\greensoft\mybatis-generator-gui\lib\postgresql-9.4.1209.jar
[INFO] [11:03:14.387] [JavaFX Application Thread] [] com.zzg.mybatis.generator.util.ConfigHelper.getAllJDBCDriverJarPaths:242 --> jar file: D:\greensoft\mybatis-generator-gui\lib\slf4j-api-1.7.25.jar
[INFO] [11:03:14.387] [JavaFX Application Thread] [] com.zzg.mybatis.generator.util.ConfigHelper.getAllJDBCDriverJarPaths:242 --> jar file: D:\greensoft\mybatis-generator-gui\lib\sqlite-jdbc-3.19.3.jar
[INFO] [11:03:14.387] [JavaFX Application Thread] [] com.zzg.mybatis.generator.util.ConfigHelper.getAllJDBCDriverJarPaths:242 --> jar file: D:\greensoft\mybatis-generator-gui\lib\sqlite-jdbc-3.8.11.2.jar
[INFO] [11:03:14.388] [JavaFX Application Thread] [] com.zzg.mybatis.generator.util.ConfigHelper.getAllJDBCDriverJarPaths:242 --> jar file: D:\greensoft\mybatis-generator-gui\lib\sqljdbc4-4.0.jar
[INFO] [11:03:14.397] [JavaFX Application Thread] [] com.zzg.mybatis.generator.util.DbUtil.loadDbDriver:222 --> load driver class: com.mysql.jdbc.Driver@306b8cbd
[INFO] [11:03:14.398] [JavaFX Application Thread] [] com.zzg.mybatis.generator.util.DbUtil.getConnectionUrlWithSchema:208 --> getConnectionUrlWithSchema, connection url: jdbc:mysql://127.0.0.1:3306/company_frame?useUnicode=true&useSSL=false&characterEncoding=utf8
[INFO] [11:03:14.581] [JavaFX Application Thread] [] com.zzg.mybatis.generator.util.DbUtil.getConnection:133 --> getConnection, connection url: com.mysql.jdbc.JDBC4Connection@209a5ba
[INFO] [11:03:50.859] [JavaFX Application Thread] [] com.zzg.mybatis.generator.util.DbUtil.getConnectionUrlWithSchema:208 --> getConnectionUrlWithSchema, connection url: jdbc:mysql://127.0.0.1:3306/hpmanager?useUnicode=true&useSSL=false&characterEncoding=utf8
[INFO] [11:03:50.863] [JavaFX Application Thread] [] com.zzg.mybatis.generator.util.DbUtil.getConnection:133 --> getConnection, connection url: com.mysql.jdbc.JDBC4Connection@6babd52f
[INFO] [11:03:52.647] [JavaFX Application Thread] [] com.zzg.mybatis.generator.util.ConnectionManager.getConnection:20 --> database FilePath :D:\greensoft\mybatis-generator-gui\.\config\sqlite3.db
[INFO] [11:03:52.689] [JavaFX Application Thread] [] com.zzg.mybatis.generator.util.ConnectionManager.getConnection:20 --> database FilePath :D:\greensoft\mybatis-generator-gui\.\config\sqlite3.db
[INFO] [11:03:54.383] [JavaFX Application Thread] [] com.zzg.mybatis.generator.util.DbUtil.getConnectionUrlWithSchema:208 --> getConnectionUrlWithSchema, connection url: jdbc:mysql://127.0.0.1:3306/hpmanager?useUnicode=true&useSSL=false&characterEncoding=utf8
[INFO] [11:03:54.387] [JavaFX Application Thread] [] com.zzg.mybatis.generator.util.DbUtil.getConnection:133 --> getConnection, connection url: com.mysql.jdbc.JDBC4Connection@3421bc25
[INFO] [11:04:43.488] [JavaFX Application Thread] [] com.zzg.mybatis.generator.util.DbUtil.getConnectionUrlWithSchema:208 --> getConnectionUrlWithSchema, connection url: jdbc:mysql://127.0.0.1:3306/hpmanager?useUnicode=true&useSSL=false&characterEncoding=utf8
[INFO] [11:04:43.492] [JavaFX Application Thread] [] com.zzg.mybatis.generator.util.DbUtil.getConnection:133 --> getConnection, connection url: com.mysql.jdbc.JDBC4Connection@4d8ce66f
[INFO] [11:07:58.779] [JavaFX Application Thread] [] com.zzg.mybatis.generator.util.ConfigHelper.findConnectorLibPath:215 --> jar resource: jar:file:/D:/greensoft/mybatis-generator-gui/mybatis-generator-gui.jar!/logback.xml
[INFO] [11:07:58.780] [JavaFX Application Thread] [] com.zzg.mybatis.generator.bridge.MybatisGeneratorBridge.generate:66 --> connectorLibPath: D:\greensoft\mybatis-generator-gui\lib\mysql-connector-java-5.1.38.jar
[INFO] [11:07:58.783] [JavaFX Application Thread] [] com.zzg.mybatis.generator.util.DbUtil.getConnectionUrlWithSchema:208 --> getConnectionUrlWithSchema, connection url: jdbc:mysql://127.0.0.1:3306/hpmanager?useUnicode=true&useSSL=false&characterEncoding=utf8
[DEBUG] [11:07:58.948] [JavaFX Application Thread] [] org.mybatis.generator.logging.LogFactory.setImplementation:105 --> Logging initialized using 'org.mybatis.generator.logging.slf4j.Slf4jLoggingLogFactory@5e8a9a32' adapter.
[DEBUG] [11:07:58.949] [JavaFX Application Thread] [] org.mybatis.generator.internal.db.DatabaseIntrospector.getColumns:506 --> Retrieving column information for table "hpmanager.hp_teacher"
[DEBUG] [11:07:58.960] [JavaFX Application Thread] [] org.mybatis.generator.internal.db.DatabaseIntrospector.getColumns:563 --> Found column "id", data type 4, in table "hpmanager..hp_teacher"
[DEBUG] [11:07:58.961] [JavaFX Application Thread] [] org.mybatis.generator.internal.db.DatabaseIntrospector.getColumns:563 --> Found column "teacher_name", data type 12, in table "hpmanager..hp_teacher"
[DEBUG] [11:07:58.961] [JavaFX Application Thread] [] org.mybatis.generator.internal.db.DatabaseIntrospector.getColumns:563 --> Found column "salt", data type 12, in table "hpmanager..hp_teacher"
[DEBUG] [11:07:58.962] [JavaFX Application Thread] [] org.mybatis.generator.internal.db.DatabaseIntrospector.getColumns:563 --> Found column "teacher_password", data type 12, in table "hpmanager..hp_teacher"
[DEBUG] [11:07:58.962] [JavaFX Application Thread] [] org.mybatis.generator.internal.db.DatabaseIntrospector.getColumns:563 --> Found column "teacher_phone", data type 12, in table "hpmanager..hp_teacher"
[DEBUG] [11:07:58.962] [JavaFX Application Thread] [] org.mybatis.generator.internal.db.DatabaseIntrospector.getColumns:563 --> Found column "dept_id", data type 12, in table "hpmanager..hp_teacher"
[DEBUG] [11:07:58.963] [JavaFX Application Thread] [] org.mybatis.generator.internal.db.DatabaseIntrospector.getColumns:563 --> Found column "real_name", data type 12, in table "hpmanager..hp_teacher"
[DEBUG] [11:07:58.963] [JavaFX Application Thread] [] org.mybatis.generator.internal.db.DatabaseIntrospector.getColumns:563 --> Found column "nick_name", data type 12, in table "hpmanager..hp_teacher"
[DEBUG] [11:07:58.963] [JavaFX Application Thread] [] org.mybatis.generator.internal.db.DatabaseIntrospector.getColumns:563 --> Found column "teacher_age", data type 12, in table "hpmanager..hp_teacher"
[DEBUG] [11:07:58.964] [JavaFX Application Thread] [] org.mybatis.generator.internal.db.DatabaseIntrospector.getColumns:563 --> Found column "status", data type -6, in table "hpmanager..hp_teacher"
[DEBUG] [11:07:58.964] [JavaFX Application Thread] [] org.mybatis.generator.internal.db.DatabaseIntrospector.getColumns:563 --> Found column "sex", data type -6, in table "hpmanager..hp_teacher"
[DEBUG] [11:07:58.965] [JavaFX Application Thread] [] org.mybatis.generator.internal.db.DatabaseIntrospector.getColumns:563 --> Found column "deleted", data type -6, in table "hpmanager..hp_teacher"
[DEBUG] [11:07:58.965] [JavaFX Application Thread] [] org.mybatis.generator.internal.db.DatabaseIntrospector.getColumns:563 --> Found column "create_id", data type 12, in table "hpmanager..hp_teacher"
[DEBUG] [11:07:58.965] [JavaFX Application Thread] [] org.mybatis.generator.internal.db.DatabaseIntrospector.getColumns:563 --> Found column "update_id", data type 12, in table "hpmanager..hp_teacher"
[DEBUG] [11:07:58.966] [JavaFX Application Thread] [] org.mybatis.generator.internal.db.DatabaseIntrospector.getColumns:563 --> Found column "create_where", data type -6, in table "hpmanager..hp_teacher"
[DEBUG] [11:07:58.966] [JavaFX Application Thread] [] org.mybatis.generator.internal.db.DatabaseIntrospector.getColumns:563 --> Found column "create_time", data type 93, in table "hpmanager..hp_teacher"
[DEBUG] [11:07:58.967] [JavaFX Application Thread] [] org.mybatis.generator.internal.db.DatabaseIntrospector.getColumns:563 --> Found column "update_time", data type 93, in table "hpmanager..hp_teacher"
[INFO] [14:16:08.419] [JavaFX Application Thread] [] com.zzg.mybatis.generator.util.ConnectionManager.getConnection:20 --> database FilePath :D:\greensoft\mybatis-generator-gui\.\config\sqlite3.db
[INFO] [14:16:16.102] [JavaFX Application Thread] [] com.zzg.mybatis.generator.util.DbUtil.getConnectionUrlWithSchema:208 --> getConnectionUrlWithSchema, connection url: jdbc:mysql://127.0.0.1:3306/company_frame?useUnicode=true&useSSL=false&characterEncoding=utf8
[INFO] [14:16:16.108] [JavaFX Application Thread] [] com.zzg.mybatis.generator.util.DbUtil.getConnection:133 --> getConnection, connection url: com.mysql.jdbc.JDBC4Connection@5857735f
[INFO] [14:19:18.523] [JavaFX Application Thread] [] com.zzg.mybatis.generator.util.ConfigHelper.findConnectorLibPath:215 --> jar resource: jar:file:/D:/greensoft/mybatis-generator-gui/mybatis-generator-gui.jar!/logback.xml
[INFO] [14:19:18.525] [JavaFX Application Thread] [] com.zzg.mybatis.generator.bridge.MybatisGeneratorBridge.generate:66 --> connectorLibPath: D:\greensoft\mybatis-generator-gui\lib\mysql-connector-java-5.1.38.jar
[INFO] [14:19:18.526] [JavaFX Application Thread] [] com.zzg.mybatis.generator.util.DbUtil.getConnectionUrlWithSchema:208 --> getConnectionUrlWithSchema, connection url: jdbc:mysql://127.0.0.1:3306/company_frame?useUnicode=true&useSSL=false&characterEncoding=utf8
[DEBUG] [14:19:18.801] [JavaFX Application Thread] [] org.mybatis.generator.internal.db.DatabaseIntrospector.getColumns:506 --> Retrieving column information for table "company_frame.sys_user"
[DEBUG] [14:19:18.816] [JavaFX Application Thread] [] org.mybatis.generator.internal.db.DatabaseIntrospector.getColumns:563 --> Found column "id", data type 12, in table "company_frame..sys_user"
[DEBUG] [14:19:18.816] [JavaFX Application Thread] [] org.mybatis.generator.internal.db.DatabaseIntrospector.getColumns:563 --> Found column "username", data type 12, in table "company_frame..sys_user"
[DEBUG] [14:19:18.817] [JavaFX Application Thread] [] org.mybatis.generator.internal.db.DatabaseIntrospector.getColumns:563 --> Found column "salt", data type 12, in table "company_frame..sys_user"
[DEBUG] [14:19:18.817] [JavaFX Application Thread] [] org.mybatis.generator.internal.db.DatabaseIntrospector.getColumns:563 --> Found column "password", data type 12, in table "company_frame..sys_user"
[DEBUG] [14:19:18.817] [JavaFX Application Thread] [] org.mybatis.generator.internal.db.DatabaseIntrospector.getColumns:563 --> Found column "phone", data type 12, in table "company_frame..sys_user"
[DEBUG] [14:19:18.818] [JavaFX Application Thread] [] org.mybatis.generator.internal.db.DatabaseIntrospector.getColumns:563 --> Found column "dept_id", data type 12, in table "company_frame..sys_user"
[DEBUG] [14:19:18.819] [JavaFX Application Thread] [] org.mybatis.generator.internal.db.DatabaseIntrospector.getColumns:563 --> Found column "real_name", data type 12, in table "company_frame..sys_user"
[DEBUG] [14:19:18.819] [JavaFX Application Thread] [] org.mybatis.generator.internal.db.DatabaseIntrospector.getColumns:563 --> Found column "nick_name", data type 12, in table "company_frame..sys_user"
[DEBUG] [14:19:18.819] [JavaFX Application Thread] [] org.mybatis.generator.internal.db.DatabaseIntrospector.getColumns:563 --> Found column "email", data type 12, in table "company_frame..sys_user"
[DEBUG] [14:19:18.820] [JavaFX Application Thread] [] org.mybatis.generator.internal.db.DatabaseIntrospector.getColumns:563 --> Found column "status", data type -6, in table "company_frame..sys_user"
[DEBUG] [14:19:18.820] [JavaFX Application Thread] [] org.mybatis.generator.internal.db.DatabaseIntrospector.getColumns:563 --> Found column "sex", data type -6, in table "company_frame..sys_user"
[DEBUG] [14:19:18.821] [JavaFX Application Thread] [] org.mybatis.generator.internal.db.DatabaseIntrospector.getColumns:563 --> Found column "deleted", data type -6, in table "company_frame..sys_user"
[DEBUG] [14:19:18.821] [JavaFX Application Thread] [] org.mybatis.generator.internal.db.DatabaseIntrospector.getColumns:563 --> Found column "create_id", data type 12, in table "company_frame..sys_user"
[DEBUG] [14:19:18.822] [JavaFX Application Thread] [] org.mybatis.generator.internal.db.DatabaseIntrospector.getColumns:563 --> Found column "update_id", data type 12, in table "company_frame..sys_user"
[DEBUG] [14:19:18.822] [JavaFX Application Thread] [] org.mybatis.generator.internal.db.DatabaseIntrospector.getColumns:563 --> Found column "create_where", data type -6, in table "company_frame..sys_user"
[DEBUG] [14:19:18.822] [JavaFX Application Thread] [] org.mybatis.generator.internal.db.DatabaseIntrospector.getColumns:563 --> Found column "create_time", data type 93, in table "company_frame..sys_user"
[DEBUG] [14:19:18.822] [JavaFX Application Thread] [] org.mybatis.generator.internal.db.DatabaseIntrospector.getColumns:563 --> Found column "update_time", data type 93, in table "company_frame..sys_user"
[INFO] [14:19:27.305] [JavaFX Application Thread] [] com.zzg.mybatis.generator.util.ConfigHelper.findConnectorLibPath:215 --> jar resource: jar:file:/D:/greensoft/mybatis-generator-gui/mybatis-generator-gui.jar!/logback.xml
[INFO] [14:19:27.306] [JavaFX Application Thread] [] com.zzg.mybatis.generator.bridge.MybatisGeneratorBridge.generate:66 --> connectorLibPath: D:\greensoft\mybatis-generator-gui\lib\mysql-connector-java-5.1.38.jar
[INFO] [14:19:27.306] [JavaFX Application Thread] [] com.zzg.mybatis.generator.util.DbUtil.getConnectionUrlWithSchema:208 --> getConnectionUrlWithSchema, connection url: jdbc:mysql://127.0.0.1:3306/company_frame?useUnicode=true&useSSL=false&characterEncoding=utf8
[DEBUG] [14:19:27.459] [JavaFX Application Thread] [] org.mybatis.generator.internal.db.DatabaseIntrospector.getColumns:506 --> Retrieving column information for table "company_frame.sys_role"
[DEBUG] [14:19:27.471] [JavaFX Application Thread] [] org.mybatis.generator.internal.db.DatabaseIntrospector.getColumns:563 --> Found column "id", data type 12, in table "company_frame..sys_role"
[DEBUG] [14:19:27.472] [JavaFX Application Thread] [] org.mybatis.generator.internal.db.DatabaseIntrospector.getColumns:563 --> Found column "name", data type 12, in table "company_frame..sys_role"
[DEBUG] [14:19:27.472] [JavaFX Application Thread] [] org.mybatis.generator.internal.db.DatabaseIntrospector.getColumns:563 --> Found column "description", data type 12, in table "company_frame..sys_role"
[DEBUG] [14:19:27.473] [JavaFX Application Thread] [] org.mybatis.generator.internal.db.DatabaseIntrospector.getColumns:563 --> Found column "status", data type -6, in table "company_frame..sys_role"
[DEBUG] [14:19:27.473] [JavaFX Application Thread] [] org.mybatis.generator.internal.db.DatabaseIntrospector.getColumns:563 --> Found column "create_time", data type 93, in table "company_frame..sys_role"
[DEBUG] [14:19:27.473] [JavaFX Application Thread] [] org.mybatis.generator.internal.db.DatabaseIntrospector.getColumns:563 --> Found column "update_time", data type 93, in table "company_frame..sys_role"
[DEBUG] [14:19:27.474] [JavaFX Application Thread] [] org.mybatis.generator.internal.db.DatabaseIntrospector.getColumns:563 --> Found column "deleted", data type -6, in table "company_frame..sys_role"
[INFO] [14:19:31.142] [JavaFX Application Thread] [] com.zzg.mybatis.generator.util.ConfigHelper.findConnectorLibPath:215 --> jar resource: jar:file:/D:/greensoft/mybatis-generator-gui/mybatis-generator-gui.jar!/logback.xml
[INFO] [14:19:31.144] [JavaFX Application Thread] [] com.zzg.mybatis.generator.bridge.MybatisGeneratorBridge.generate:66 --> connectorLibPath: D:\greensoft\mybatis-generator-gui\lib\mysql-connector-java-5.1.38.jar
[INFO] [14:19:31.145] [JavaFX Application Thread] [] com.zzg.mybatis.generator.util.DbUtil.getConnectionUrlWithSchema:208 --> getConnectionUrlWithSchema, connection url: jdbc:mysql://127.0.0.1:3306/company_frame?useUnicode=true&useSSL=false&characterEncoding=utf8
[DEBUG] [14:19:31.301] [JavaFX Application Thread] [] org.mybatis.generator.internal.db.DatabaseIntrospector.getColumns:506 --> Retrieving column information for table "company_frame.sys_user_role"
[DEBUG] [14:19:31.310] [JavaFX Application Thread] [] org.mybatis.generator.internal.db.DatabaseIntrospector.getColumns:563 --> Found column "id", data type 12, in table "company_frame..sys_user_role"
[DEBUG] [14:19:31.310] [JavaFX Application Thread] [] org.mybatis.generator.internal.db.DatabaseIntrospector.getColumns:563 --> Found column "user_id", data type 12, in table "company_frame..sys_user_role"
[DEBUG] [14:19:31.310] [JavaFX Application Thread] [] org.mybatis.generator.internal.db.DatabaseIntrospector.getColumns:563 --> Found column "role_id", data type 12, in table "company_frame..sys_user_role"
[DEBUG] [14:19:31.311] [JavaFX Application Thread] [] org.mybatis.generator.internal.db.DatabaseIntrospector.getColumns:563 --> Found column "create_time", data type 93, in table "company_frame..sys_user_role"
