[INFO] [20:20:30.016] [JavaFX Application Thread] [] com.zzg.mybatis.generator.util.ConnectionManager.getConnection:20 --> database FilePath :G:\finalPath\qqmsg\47449304\FileRecv\mybatis-generator-gui\.\config\sqlite3.db
[INFO] [20:21:57.252] [JavaFX Application Thread] [] com.zzg.mybatis.generator.util.ConfigHelper.getAllJDBCDriverJarPaths:238 --> jar lib path: G:\finalPath\qqmsg\47449304\FileRecv\mybatis-generator-gui\lib
[INFO] [20:21:57.253] [JavaFX Application Thread] [] com.zzg.mybatis.generator.util.ConfigHelper.getAllJDBCDriverJarPaths:242 --> jar file: G:\finalPath\qqmsg\47449304\FileRecv\mybatis-generator-gui\lib\commons-beanutils-1.9.2.jar
[INFO] [20:21:57.254] [JavaFX Application Thread] [] com.zzg.mybatis.generator.util.ConfigHelper.getAllJDBCDriverJarPaths:242 --> jar file: G:\finalPath\qqmsg\47449304\FileRecv\mybatis-generator-gui\lib\commons-collections-3.2.1.jar
[INFO] [20:21:57.256] [JavaFX Application Thread] [] com.zzg.mybatis.generator.util.ConfigHelper.getAllJDBCDriverJarPaths:242 --> jar file: G:\finalPath\qqmsg\47449304\FileRecv\mybatis-generator-gui\lib\commons-io-2.5.jar
[INFO] [20:21:57.257] [JavaFX Application Thread] [] com.zzg.mybatis.generator.util.ConfigHelper.getAllJDBCDriverJarPaths:242 --> jar file: G:\finalPath\qqmsg\47449304\FileRecv\mybatis-generator-gui\lib\commons-lang3-3.4.jar
[INFO] [20:21:57.258] [JavaFX Application Thread] [] com.zzg.mybatis.generator.util.ConfigHelper.getAllJDBCDriverJarPaths:242 --> jar file: G:\finalPath\qqmsg\47449304\FileRecv\mybatis-generator-gui\lib\commons-logging-1.1.1.jar
[INFO] [20:21:57.259] [JavaFX Application Thread] [] com.zzg.mybatis.generator.util.ConfigHelper.getAllJDBCDriverJarPaths:242 --> jar file: G:\finalPath\qqmsg\47449304\FileRecv\mybatis-generator-gui\lib\fastjson-1.2.7.jar
[INFO] [20:21:57.260] [JavaFX Application Thread] [] com.zzg.mybatis.generator.util.ConfigHelper.getAllJDBCDriverJarPaths:242 --> jar file: G:\finalPath\qqmsg\47449304\FileRecv\mybatis-generator-gui\lib\hamcrest-core-1.3.jar
[INFO] [20:21:57.261] [JavaFX Application Thread] [] com.zzg.mybatis.generator.util.ConfigHelper.getAllJDBCDriverJarPaths:242 --> jar file: G:\finalPath\qqmsg\47449304\FileRecv\mybatis-generator-gui\lib\jsch-0.1.54.jar
[INFO] [20:21:57.261] [JavaFX Application Thread] [] com.zzg.mybatis.generator.util.ConfigHelper.getAllJDBCDriverJarPaths:242 --> jar file: G:\finalPath\qqmsg\47449304\FileRecv\mybatis-generator-gui\lib\junit-4.12.jar
[INFO] [20:21:57.263] [JavaFX Application Thread] [] com.zzg.mybatis.generator.util.ConfigHelper.getAllJDBCDriverJarPaths:242 --> jar file: G:\finalPath\qqmsg\47449304\FileRecv\mybatis-generator-gui\lib\logback-classic-1.1.2.jar
[INFO] [20:21:57.263] [JavaFX Application Thread] [] com.zzg.mybatis.generator.util.ConfigHelper.getAllJDBCDriverJarPaths:242 --> jar file: G:\finalPath\qqmsg\47449304\FileRecv\mybatis-generator-gui\lib\logback-core-1.1.2.jar
[INFO] [20:21:57.264] [JavaFX Application Thread] [] com.zzg.mybatis.generator.util.ConfigHelper.getAllJDBCDriverJarPaths:242 --> jar file: G:\finalPath\qqmsg\47449304\FileRecv\mybatis-generator-gui\lib\mybatis-generator-core-1.3.6.jar
[INFO] [20:21:57.265] [JavaFX Application Thread] [] com.zzg.mybatis.generator.util.ConfigHelper.getAllJDBCDriverJarPaths:242 --> jar file: G:\finalPath\qqmsg\47449304\FileRecv\mybatis-generator-gui\lib\mysql-connector-java-5.1.38.jar
[INFO] [20:21:57.266] [JavaFX Application Thread] [] com.zzg.mybatis.generator.util.ConfigHelper.getAllJDBCDriverJarPaths:242 --> jar file: G:\finalPath\qqmsg\47449304\FileRecv\mybatis-generator-gui\lib\mysql-connector-java-8.0.11.jar
[INFO] [20:21:57.267] [JavaFX Application Thread] [] com.zzg.mybatis.generator.util.ConfigHelper.getAllJDBCDriverJarPaths:242 --> jar file: G:\finalPath\qqmsg\47449304\FileRecv\mybatis-generator-gui\lib\ojdbc6.jar
[INFO] [20:21:57.268] [JavaFX Application Thread] [] com.zzg.mybatis.generator.util.ConfigHelper.getAllJDBCDriverJarPaths:242 --> jar file: G:\finalPath\qqmsg\47449304\FileRecv\mybatis-generator-gui\lib\postgresql-9.4.1209.jar
[INFO] [20:21:57.269] [JavaFX Application Thread] [] com.zzg.mybatis.generator.util.ConfigHelper.getAllJDBCDriverJarPaths:242 --> jar file: G:\finalPath\qqmsg\47449304\FileRecv\mybatis-generator-gui\lib\slf4j-api-1.7.25.jar
[INFO] [20:21:57.270] [JavaFX Application Thread] [] com.zzg.mybatis.generator.util.ConfigHelper.getAllJDBCDriverJarPaths:242 --> jar file: G:\finalPath\qqmsg\47449304\FileRecv\mybatis-generator-gui\lib\sqlite-jdbc-3.19.3.jar
[INFO] [20:21:57.271] [JavaFX Application Thread] [] com.zzg.mybatis.generator.util.ConfigHelper.getAllJDBCDriverJarPaths:242 --> jar file: G:\finalPath\qqmsg\47449304\FileRecv\mybatis-generator-gui\lib\sqlite-jdbc-3.8.11.2.jar
[INFO] [20:21:57.272] [JavaFX Application Thread] [] com.zzg.mybatis.generator.util.ConfigHelper.getAllJDBCDriverJarPaths:242 --> jar file: G:\finalPath\qqmsg\47449304\FileRecv\mybatis-generator-gui\lib\sqljdbc4-4.0.jar
[INFO] [20:21:57.471] [JavaFX Application Thread] [] com.zzg.mybatis.generator.util.DbUtil.loadDbDriver:222 --> load driver class: com.mysql.jdbc.Driver@461ac77b
[INFO] [20:21:57.473] [JavaFX Application Thread] [] com.zzg.mybatis.generator.util.DbUtil.getConnectionUrlWithSchema:208 --> getConnectionUrlWithSchema, connection url: jdbc:mysql://127.0.0.1:3306/xiexinjiaoshoujia?useUnicode=true&useSSL=false&characterEncoding=utf8
[INFO] [20:21:58.217] [JavaFX Application Thread] [] com.zzg.mybatis.generator.util.DbUtil.getConnection:133 --> getConnection, connection url: com.mysql.jdbc.JDBC4Connection@7c91edfc
[INFO] [20:21:59.991] [JavaFX Application Thread] [] com.zzg.mybatis.generator.util.ConnectionManager.getConnection:20 --> database FilePath :G:\finalPath\qqmsg\47449304\FileRecv\mybatis-generator-gui\.\config\sqlite3.db
[INFO] [20:22:00.367] [JavaFX Application Thread] [] com.zzg.mybatis.generator.util.ConnectionManager.getConnection:20 --> database FilePath :G:\finalPath\qqmsg\47449304\FileRecv\mybatis-generator-gui\.\config\sqlite3.db
[INFO] [20:22:03.640] [JavaFX Application Thread] [] com.zzg.mybatis.generator.util.DbUtil.getConnectionUrlWithSchema:208 --> getConnectionUrlWithSchema, connection url: jdbc:mysql://127.0.0.1:3306/xiexinjiaoshoujia?useUnicode=true&useSSL=false&characterEncoding=utf8
[INFO] [20:22:03.647] [JavaFX Application Thread] [] com.zzg.mybatis.generator.util.DbUtil.getConnection:133 --> getConnection, connection url: com.mysql.jdbc.JDBC4Connection@67a9e226
[INFO] [20:22:56.319] [JavaFX Application Thread] [] com.zzg.mybatis.generator.controller.MainUIController.saveGeneratorConfig:350 --> user choose name: 1
[INFO] [20:22:56.320] [JavaFX Application Thread] [] com.zzg.mybatis.generator.util.ConnectionManager.getConnection:20 --> database FilePath :G:\finalPath\qqmsg\47449304\FileRecv\mybatis-generator-gui\.\config\sqlite3.db
[INFO] [20:22:56.323] [JavaFX Application Thread] [] com.zzg.mybatis.generator.util.ConfigHelper.deleteGeneratorConfig:204 --> sql: DELETE FROM generator_config where name='1'
[INFO] [20:22:56.998] [JavaFX Application Thread] [] com.zzg.mybatis.generator.util.ConnectionManager.getConnection:20 --> database FilePath :G:\finalPath\qqmsg\47449304\FileRecv\mybatis-generator-gui\.\config\sqlite3.db
[INFO] [20:22:58.176] [JavaFX Application Thread] [] com.zzg.mybatis.generator.util.ConfigHelper.findConnectorLibPath:215 --> jar resource: jar:file:/G:/finalPath/qqmsg/47449304/FileRecv/mybatis-generator-gui/mybatis-generator-gui.jar!/logback.xml
[INFO] [20:22:58.179] [JavaFX Application Thread] [] com.zzg.mybatis.generator.bridge.MybatisGeneratorBridge.generate:66 --> connectorLibPath: G:\finalPath\qqmsg\47449304\FileRecv\mybatis-generator-gui\lib\mysql-connector-java-5.1.38.jar
[INFO] [20:22:58.183] [JavaFX Application Thread] [] com.zzg.mybatis.generator.util.DbUtil.getConnectionUrlWithSchema:208 --> getConnectionUrlWithSchema, connection url: jdbc:mysql://127.0.0.1:3306/xiexinjiaoshoujia?useUnicode=true&useSSL=false&characterEncoding=utf8
[DEBUG] [20:22:58.602] [JavaFX Application Thread] [] org.mybatis.generator.logging.LogFactory.setImplementation:105 --> Logging initialized using 'org.mybatis.generator.logging.slf4j.Slf4jLoggingLogFactory@2504b802' adapter.
[DEBUG] [20:22:58.607] [JavaFX Application Thread] [] org.mybatis.generator.internal.db.DatabaseIntrospector.getColumns:506 --> Retrieving column information for table "xiexinjiaoshoujia.admin"
[DEBUG] [20:22:58.676] [JavaFX Application Thread] [] org.mybatis.generator.internal.db.DatabaseIntrospector.getColumns:563 --> Found column "admin_id", data type 4, in table "xiexinjiaoshoujia..admin"
[DEBUG] [20:22:58.677] [JavaFX Application Thread] [] org.mybatis.generator.internal.db.DatabaseIntrospector.getColumns:563 --> Found column "admin_name", data type 12, in table "xiexinjiaoshoujia..admin"
[DEBUG] [20:22:58.679] [JavaFX Application Thread] [] org.mybatis.generator.internal.db.DatabaseIntrospector.getColumns:563 --> Found column "admin_pwd", data type 12, in table "xiexinjiaoshoujia..admin"
[INFO] [20:23:00.553] [JavaFX Application Thread] [] com.zzg.mybatis.generator.util.ConfigHelper.findConnectorLibPath:215 --> jar resource: jar:file:/G:/finalPath/qqmsg/47449304/FileRecv/mybatis-generator-gui/mybatis-generator-gui.jar!/logback.xml
[INFO] [20:23:00.554] [JavaFX Application Thread] [] com.zzg.mybatis.generator.bridge.MybatisGeneratorBridge.generate:66 --> connectorLibPath: G:\finalPath\qqmsg\47449304\FileRecv\mybatis-generator-gui\lib\mysql-connector-java-5.1.38.jar
[INFO] [20:23:00.555] [JavaFX Application Thread] [] com.zzg.mybatis.generator.util.DbUtil.getConnectionUrlWithSchema:208 --> getConnectionUrlWithSchema, connection url: jdbc:mysql://127.0.0.1:3306/xiexinjiaoshoujia?useUnicode=true&useSSL=false&characterEncoding=utf8
[DEBUG] [20:23:00.996] [JavaFX Application Thread] [] org.mybatis.generator.internal.db.DatabaseIntrospector.getColumns:506 --> Retrieving column information for table "xiexinjiaoshoujia.admin"
[DEBUG] [20:23:01.022] [JavaFX Application Thread] [] org.mybatis.generator.internal.db.DatabaseIntrospector.getColumns:563 --> Found column "admin_id", data type 4, in table "xiexinjiaoshoujia..admin"
[DEBUG] [20:23:01.023] [JavaFX Application Thread] [] org.mybatis.generator.internal.db.DatabaseIntrospector.getColumns:563 --> Found column "admin_name", data type 12, in table "xiexinjiaoshoujia..admin"
[DEBUG] [20:23:01.026] [JavaFX Application Thread] [] org.mybatis.generator.internal.db.DatabaseIntrospector.getColumns:563 --> Found column "admin_pwd", data type 12, in table "xiexinjiaoshoujia..admin"
[INFO] [20:23:18.145] [JavaFX Application Thread] [] com.zzg.mybatis.generator.util.ConfigHelper.findConnectorLibPath:215 --> jar resource: jar:file:/G:/finalPath/qqmsg/47449304/FileRecv/mybatis-generator-gui/mybatis-generator-gui.jar!/logback.xml
[INFO] [20:23:18.147] [JavaFX Application Thread] [] com.zzg.mybatis.generator.bridge.MybatisGeneratorBridge.generate:66 --> connectorLibPath: G:\finalPath\qqmsg\47449304\FileRecv\mybatis-generator-gui\lib\mysql-connector-java-5.1.38.jar
[INFO] [20:23:18.148] [JavaFX Application Thread] [] com.zzg.mybatis.generator.util.DbUtil.getConnectionUrlWithSchema:208 --> getConnectionUrlWithSchema, connection url: jdbc:mysql://127.0.0.1:3306/xiexinjiaoshoujia?useUnicode=true&useSSL=false&characterEncoding=utf8
[DEBUG] [20:23:18.463] [JavaFX Application Thread] [] org.mybatis.generator.internal.db.DatabaseIntrospector.getColumns:506 --> Retrieving column information for table "xiexinjiaoshoujia.user"
[DEBUG] [20:23:18.508] [JavaFX Application Thread] [] org.mybatis.generator.internal.db.DatabaseIntrospector.getColumns:563 --> Found column "user_id", data type 4, in table "xiexinjiaoshoujia..user"
[DEBUG] [20:23:18.509] [JavaFX Application Thread] [] org.mybatis.generator.internal.db.DatabaseIntrospector.getColumns:563 --> Found column "user_level", data type 4, in table "xiexinjiaoshoujia..user"
[DEBUG] [20:23:18.510] [JavaFX Application Thread] [] org.mybatis.generator.internal.db.DatabaseIntrospector.getColumns:563 --> Found column "user_name", data type 12, in table "xiexinjiaoshoujia..user"
[DEBUG] [20:23:18.511] [JavaFX Application Thread] [] org.mybatis.generator.internal.db.DatabaseIntrospector.getColumns:563 --> Found column "user_real_name", data type 12, in table "xiexinjiaoshoujia..user"
[DEBUG] [20:23:18.512] [JavaFX Application Thread] [] org.mybatis.generator.internal.db.DatabaseIntrospector.getColumns:563 --> Found column "user_pwd", data type 12, in table "xiexinjiaoshoujia..user"
