[INFO] [18:52:32.832] [JavaFX Application Thread] [] com.zzg.mybatis.generator.util.ConnectionManager.getConnection:20 --> database FilePath :D:\soft\mybatis-generator-gui\.\config\sqlite3.db
[INFO] [18:52:36.916] [JavaFX Application Thread] [] com.zzg.mybatis.generator.util.ConfigHelper.getAllJDBCDriverJarPaths:238 --> jar lib path: D:\soft\mybatis-generator-gui\lib
[INFO] [18:52:36.916] [JavaFX Application Thread] [] com.zzg.mybatis.generator.util.ConfigHelper.getAllJDBCDriverJarPaths:242 --> jar file: D:\soft\mybatis-generator-gui\lib\commons-beanutils-1.9.2.jar
[INFO] [18:52:36.917] [JavaFX Application Thread] [] com.zzg.mybatis.generator.util.ConfigHelper.getAllJDBCDriverJarPaths:242 --> jar file: D:\soft\mybatis-generator-gui\lib\commons-collections-3.2.1.jar
[INFO] [18:52:36.917] [JavaFX Application Thread] [] com.zzg.mybatis.generator.util.ConfigHelper.getAllJDBCDriverJarPaths:242 --> jar file: D:\soft\mybatis-generator-gui\lib\commons-io-2.5.jar
[INFO] [18:52:36.917] [JavaFX Application Thread] [] com.zzg.mybatis.generator.util.ConfigHelper.getAllJDBCDriverJarPaths:242 --> jar file: D:\soft\mybatis-generator-gui\lib\commons-lang3-3.4.jar
[INFO] [18:52:36.917] [JavaFX Application Thread] [] com.zzg.mybatis.generator.util.ConfigHelper.getAllJDBCDriverJarPaths:242 --> jar file: D:\soft\mybatis-generator-gui\lib\commons-logging-1.1.1.jar
[INFO] [18:52:36.918] [JavaFX Application Thread] [] com.zzg.mybatis.generator.util.ConfigHelper.getAllJDBCDriverJarPaths:242 --> jar file: D:\soft\mybatis-generator-gui\lib\fastjson-1.2.7.jar
[INFO] [18:52:36.918] [JavaFX Application Thread] [] com.zzg.mybatis.generator.util.ConfigHelper.getAllJDBCDriverJarPaths:242 --> jar file: D:\soft\mybatis-generator-gui\lib\hamcrest-core-1.3.jar
[INFO] [18:52:36.918] [JavaFX Application Thread] [] com.zzg.mybatis.generator.util.ConfigHelper.getAllJDBCDriverJarPaths:242 --> jar file: D:\soft\mybatis-generator-gui\lib\jsch-0.1.54.jar
[INFO] [18:52:36.918] [JavaFX Application Thread] [] com.zzg.mybatis.generator.util.ConfigHelper.getAllJDBCDriverJarPaths:242 --> jar file: D:\soft\mybatis-generator-gui\lib\junit-4.12.jar
[INFO] [18:52:36.919] [JavaFX Application Thread] [] com.zzg.mybatis.generator.util.ConfigHelper.getAllJDBCDriverJarPaths:242 --> jar file: D:\soft\mybatis-generator-gui\lib\logback-classic-1.1.2.jar
[INFO] [18:52:36.919] [JavaFX Application Thread] [] com.zzg.mybatis.generator.util.ConfigHelper.getAllJDBCDriverJarPaths:242 --> jar file: D:\soft\mybatis-generator-gui\lib\logback-core-1.1.2.jar
[INFO] [18:52:36.919] [JavaFX Application Thread] [] com.zzg.mybatis.generator.util.ConfigHelper.getAllJDBCDriverJarPaths:242 --> jar file: D:\soft\mybatis-generator-gui\lib\mybatis-generator-core-1.3.6.jar
[INFO] [18:52:36.919] [JavaFX Application Thread] [] com.zzg.mybatis.generator.util.ConfigHelper.getAllJDBCDriverJarPaths:242 --> jar file: D:\soft\mybatis-generator-gui\lib\mysql-connector-java-5.1.38.jar
[INFO] [18:52:36.919] [JavaFX Application Thread] [] com.zzg.mybatis.generator.util.ConfigHelper.getAllJDBCDriverJarPaths:242 --> jar file: D:\soft\mybatis-generator-gui\lib\mysql-connector-java-8.0.11.jar
[INFO] [18:52:36.920] [JavaFX Application Thread] [] com.zzg.mybatis.generator.util.ConfigHelper.getAllJDBCDriverJarPaths:242 --> jar file: D:\soft\mybatis-generator-gui\lib\ojdbc6.jar
[INFO] [18:52:36.920] [JavaFX Application Thread] [] com.zzg.mybatis.generator.util.ConfigHelper.getAllJDBCDriverJarPaths:242 --> jar file: D:\soft\mybatis-generator-gui\lib\postgresql-9.4.1209.jar
[INFO] [18:52:36.921] [JavaFX Application Thread] [] com.zzg.mybatis.generator.util.ConfigHelper.getAllJDBCDriverJarPaths:242 --> jar file: D:\soft\mybatis-generator-gui\lib\slf4j-api-1.7.25.jar
[INFO] [18:52:36.921] [JavaFX Application Thread] [] com.zzg.mybatis.generator.util.ConfigHelper.getAllJDBCDriverJarPaths:242 --> jar file: D:\soft\mybatis-generator-gui\lib\sqlite-jdbc-3.19.3.jar
[INFO] [18:52:36.921] [JavaFX Application Thread] [] com.zzg.mybatis.generator.util.ConfigHelper.getAllJDBCDriverJarPaths:242 --> jar file: D:\soft\mybatis-generator-gui\lib\sqlite-jdbc-3.8.11.2.jar
[INFO] [18:52:36.921] [JavaFX Application Thread] [] com.zzg.mybatis.generator.util.ConfigHelper.getAllJDBCDriverJarPaths:242 --> jar file: D:\soft\mybatis-generator-gui\lib\sqljdbc4-4.0.jar
[INFO] [18:52:36.928] [JavaFX Application Thread] [] com.zzg.mybatis.generator.util.DbUtil.loadDbDriver:222 --> load driver class: com.mysql.jdbc.Driver@269fc835
[INFO] [18:52:36.929] [JavaFX Application Thread] [] com.zzg.mybatis.generator.util.DbUtil.getConnectionUrlWithSchema:208 --> getConnectionUrlWithSchema, connection url: jdbc:mysql://127.0.0.1:3306/roadhelp?useUnicode=true&useSSL=false&characterEncoding=utf8
[INFO] [18:52:37.092] [JavaFX Application Thread] [] com.zzg.mybatis.generator.util.DbUtil.getConnection:133 --> getConnection, connection url: com.mysql.jdbc.JDBC4Connection@5f8fb481
[INFO] [18:53:17.249] [JavaFX Application Thread] [] com.zzg.mybatis.generator.util.ConfigHelper.findConnectorLibPath:215 --> jar resource: jar:file:/D:/soft/mybatis-generator-gui/mybatis-generator-gui.jar!/logback.xml
[INFO] [18:53:17.249] [JavaFX Application Thread] [] com.zzg.mybatis.generator.bridge.MybatisGeneratorBridge.generate:66 --> connectorLibPath: D:\soft\mybatis-generator-gui\lib\mysql-connector-java-5.1.38.jar
[INFO] [18:53:17.251] [JavaFX Application Thread] [] com.zzg.mybatis.generator.util.DbUtil.getConnectionUrlWithSchema:208 --> getConnectionUrlWithSchema, connection url: jdbc:mysql://127.0.0.1:3306/roadhelp?useUnicode=true&useSSL=false&characterEncoding=utf8
[DEBUG] [18:53:17.420] [JavaFX Application Thread] [] org.mybatis.generator.logging.LogFactory.setImplementation:105 --> Logging initialized using 'org.mybatis.generator.logging.slf4j.Slf4jLoggingLogFactory@61d2de65' adapter.
[DEBUG] [18:53:17.421] [JavaFX Application Thread] [] org.mybatis.generator.internal.db.DatabaseIntrospector.getColumns:506 --> Retrieving column information for table "roadhelp.account"
[DEBUG] [18:53:17.434] [JavaFX Application Thread] [] org.mybatis.generator.internal.db.DatabaseIntrospector.getColumns:563 --> Found column "account_id", data type 4, in table "roadhelp..account"
[DEBUG] [18:53:17.435] [JavaFX Application Thread] [] org.mybatis.generator.internal.db.DatabaseIntrospector.getColumns:563 --> Found column "account_num", data type 12, in table "roadhelp..account"
[DEBUG] [18:53:17.435] [JavaFX Application Thread] [] org.mybatis.generator.internal.db.DatabaseIntrospector.getColumns:563 --> Found column "account_pwd", data type 12, in table "roadhelp..account"
[DEBUG] [18:53:17.436] [JavaFX Application Thread] [] org.mybatis.generator.internal.db.DatabaseIntrospector.getColumns:563 --> Found column "salt", data type 12, in table "roadhelp..account"
[INFO] [18:53:21.857] [JavaFX Application Thread] [] com.zzg.mybatis.generator.util.ConfigHelper.findConnectorLibPath:215 --> jar resource: jar:file:/D:/soft/mybatis-generator-gui/mybatis-generator-gui.jar!/logback.xml
[INFO] [18:53:21.858] [JavaFX Application Thread] [] com.zzg.mybatis.generator.bridge.MybatisGeneratorBridge.generate:66 --> connectorLibPath: D:\soft\mybatis-generator-gui\lib\mysql-connector-java-5.1.38.jar
[INFO] [18:53:21.858] [JavaFX Application Thread] [] com.zzg.mybatis.generator.util.DbUtil.getConnectionUrlWithSchema:208 --> getConnectionUrlWithSchema, connection url: jdbc:mysql://127.0.0.1:3306/roadhelp?useUnicode=true&useSSL=false&characterEncoding=utf8
[DEBUG] [18:53:22.005] [JavaFX Application Thread] [] org.mybatis.generator.internal.db.DatabaseIntrospector.getColumns:506 --> Retrieving column information for table "roadhelp.jiao_se"
[DEBUG] [18:53:22.017] [JavaFX Application Thread] [] org.mybatis.generator.internal.db.DatabaseIntrospector.getColumns:563 --> Found column "jiao_se_id", data type 4, in table "roadhelp..jiao_se"
[DEBUG] [18:53:22.017] [JavaFX Application Thread] [] org.mybatis.generator.internal.db.DatabaseIntrospector.getColumns:563 --> Found column "jiao_se_name", data type 12, in table "roadhelp..jiao_se"
[INFO] [18:53:26.431] [JavaFX Application Thread] [] com.zzg.mybatis.generator.util.ConfigHelper.findConnectorLibPath:215 --> jar resource: jar:file:/D:/soft/mybatis-generator-gui/mybatis-generator-gui.jar!/logback.xml
[INFO] [18:53:26.431] [JavaFX Application Thread] [] com.zzg.mybatis.generator.bridge.MybatisGeneratorBridge.generate:66 --> connectorLibPath: D:\soft\mybatis-generator-gui\lib\mysql-connector-java-5.1.38.jar
[INFO] [18:53:26.432] [JavaFX Application Thread] [] com.zzg.mybatis.generator.util.DbUtil.getConnectionUrlWithSchema:208 --> getConnectionUrlWithSchema, connection url: jdbc:mysql://127.0.0.1:3306/roadhelp?useUnicode=true&useSSL=false&characterEncoding=utf8
[DEBUG] [18:53:26.621] [JavaFX Application Thread] [] org.mybatis.generator.internal.db.DatabaseIntrospector.getColumns:506 --> Retrieving column information for table "roadhelp.ren_jiao_se"
[DEBUG] [18:53:26.633] [JavaFX Application Thread] [] org.mybatis.generator.internal.db.DatabaseIntrospector.getColumns:563 --> Found column "ren_jiaose_id", data type 4, in table "roadhelp..ren_jiao_se"
[DEBUG] [18:53:26.634] [JavaFX Application Thread] [] org.mybatis.generator.internal.db.DatabaseIntrospector.getColumns:563 --> Found column "ren_id", data type 4, in table "roadhelp..ren_jiao_se"
[DEBUG] [18:53:26.634] [JavaFX Application Thread] [] org.mybatis.generator.internal.db.DatabaseIntrospector.getColumns:563 --> Found column "jiaose_id", data type 4, in table "roadhelp..ren_jiao_se"
