[INFO] [13:34:57.070] [JavaFX Application Thread] [] com.zzg.mybatis.generator.util.ConnectionManager.getConnection:20 --> database FilePath :E:\桌面\IT\mybatis-generator-gui\.\config\sqlite3.db
[INFO] [13:35:54.529] [JavaFX Application Thread] [] com.zzg.mybatis.generator.util.ConfigHelper.getAllJDBCDriverJarPaths:238 --> jar lib path: E:\桌面\IT\mybatis-generator-gui\lib
[INFO] [13:35:54.530] [JavaFX Application Thread] [] com.zzg.mybatis.generator.util.ConfigHelper.getAllJDBCDriverJarPaths:242 --> jar file: E:\桌面\IT\mybatis-generator-gui\lib\commons-beanutils-1.9.2.jar
[INFO] [13:35:54.531] [JavaFX Application Thread] [] com.zzg.mybatis.generator.util.ConfigHelper.getAllJDBCDriverJarPaths:242 --> jar file: E:\桌面\IT\mybatis-generator-gui\lib\commons-collections-3.2.1.jar
[INFO] [13:35:54.532] [JavaFX Application Thread] [] com.zzg.mybatis.generator.util.ConfigHelper.getAllJDBCDriverJarPaths:242 --> jar file: E:\桌面\IT\mybatis-generator-gui\lib\commons-io-2.5.jar
[INFO] [13:35:54.533] [JavaFX Application Thread] [] com.zzg.mybatis.generator.util.ConfigHelper.getAllJDBCDriverJarPaths:242 --> jar file: E:\桌面\IT\mybatis-generator-gui\lib\commons-lang3-3.4.jar
[INFO] [13:35:54.533] [JavaFX Application Thread] [] com.zzg.mybatis.generator.util.ConfigHelper.getAllJDBCDriverJarPaths:242 --> jar file: E:\桌面\IT\mybatis-generator-gui\lib\commons-logging-1.1.1.jar
[INFO] [13:35:54.534] [JavaFX Application Thread] [] com.zzg.mybatis.generator.util.ConfigHelper.getAllJDBCDriverJarPaths:242 --> jar file: E:\桌面\IT\mybatis-generator-gui\lib\fastjson-1.2.7.jar
[INFO] [13:35:54.535] [JavaFX Application Thread] [] com.zzg.mybatis.generator.util.ConfigHelper.getAllJDBCDriverJarPaths:242 --> jar file: E:\桌面\IT\mybatis-generator-gui\lib\hamcrest-core-1.3.jar
[INFO] [13:35:54.535] [JavaFX Application Thread] [] com.zzg.mybatis.generator.util.ConfigHelper.getAllJDBCDriverJarPaths:242 --> jar file: E:\桌面\IT\mybatis-generator-gui\lib\jsch-0.1.54.jar
[INFO] [13:35:54.536] [JavaFX Application Thread] [] com.zzg.mybatis.generator.util.ConfigHelper.getAllJDBCDriverJarPaths:242 --> jar file: E:\桌面\IT\mybatis-generator-gui\lib\junit-4.12.jar
[INFO] [13:35:54.536] [JavaFX Application Thread] [] com.zzg.mybatis.generator.util.ConfigHelper.getAllJDBCDriverJarPaths:242 --> jar file: E:\桌面\IT\mybatis-generator-gui\lib\logback-classic-1.1.2.jar
[INFO] [13:35:54.537] [JavaFX Application Thread] [] com.zzg.mybatis.generator.util.ConfigHelper.getAllJDBCDriverJarPaths:242 --> jar file: E:\桌面\IT\mybatis-generator-gui\lib\logback-core-1.1.2.jar
[INFO] [13:35:54.537] [JavaFX Application Thread] [] com.zzg.mybatis.generator.util.ConfigHelper.getAllJDBCDriverJarPaths:242 --> jar file: E:\桌面\IT\mybatis-generator-gui\lib\mybatis-generator-core-1.3.6.jar
[INFO] [13:35:54.538] [JavaFX Application Thread] [] com.zzg.mybatis.generator.util.ConfigHelper.getAllJDBCDriverJarPaths:242 --> jar file: E:\桌面\IT\mybatis-generator-gui\lib\mysql-connector-java-5.1.38.jar
[INFO] [13:35:54.538] [JavaFX Application Thread] [] com.zzg.mybatis.generator.util.ConfigHelper.getAllJDBCDriverJarPaths:242 --> jar file: E:\桌面\IT\mybatis-generator-gui\lib\mysql-connector-java-8.0.11.jar
[INFO] [13:35:54.540] [JavaFX Application Thread] [] com.zzg.mybatis.generator.util.ConfigHelper.getAllJDBCDriverJarPaths:242 --> jar file: E:\桌面\IT\mybatis-generator-gui\lib\ojdbc6.jar
[INFO] [13:35:54.540] [JavaFX Application Thread] [] com.zzg.mybatis.generator.util.ConfigHelper.getAllJDBCDriverJarPaths:242 --> jar file: E:\桌面\IT\mybatis-generator-gui\lib\postgresql-9.4.1209.jar
[INFO] [13:35:54.541] [JavaFX Application Thread] [] com.zzg.mybatis.generator.util.ConfigHelper.getAllJDBCDriverJarPaths:242 --> jar file: E:\桌面\IT\mybatis-generator-gui\lib\slf4j-api-1.7.25.jar
[INFO] [13:35:54.541] [JavaFX Application Thread] [] com.zzg.mybatis.generator.util.ConfigHelper.getAllJDBCDriverJarPaths:242 --> jar file: E:\桌面\IT\mybatis-generator-gui\lib\sqlite-jdbc-3.19.3.jar
[INFO] [13:35:54.542] [JavaFX Application Thread] [] com.zzg.mybatis.generator.util.ConfigHelper.getAllJDBCDriverJarPaths:242 --> jar file: E:\桌面\IT\mybatis-generator-gui\lib\sqlite-jdbc-3.8.11.2.jar
[INFO] [13:35:54.542] [JavaFX Application Thread] [] com.zzg.mybatis.generator.util.ConfigHelper.getAllJDBCDriverJarPaths:242 --> jar file: E:\桌面\IT\mybatis-generator-gui\lib\sqljdbc4-4.0.jar
[INFO] [13:35:54.684] [JavaFX Application Thread] [] com.zzg.mybatis.generator.util.DbUtil.loadDbDriver:222 --> load driver class: com.mysql.cj.jdbc.Driver@42df6c55
[INFO] [13:35:54.686] [JavaFX Application Thread] [] com.zzg.mybatis.generator.util.DbUtil.getConnectionUrlWithSchema:208 --> getConnectionUrlWithSchema, connection url: jdbc:mysql://localhost:3306/zhongqiu?serverTimezone=UTC&useUnicode=true&useSSL=false&characterEncoding=utf8
[INFO] [13:35:54.998] [JavaFX Application Thread] [] com.zzg.mybatis.generator.util.DbUtil.getConnection:133 --> getConnection, connection url: com.mysql.cj.jdbc.ConnectionImpl@4029ca12
[INFO] [13:35:58.308] [JavaFX Application Thread] [] com.zzg.mybatis.generator.util.ConnectionManager.getConnection:20 --> database FilePath :E:\桌面\IT\mybatis-generator-gui\.\config\sqlite3.db
[INFO] [13:35:58.414] [JavaFX Application Thread] [] com.zzg.mybatis.generator.util.ConnectionManager.getConnection:20 --> database FilePath :E:\桌面\IT\mybatis-generator-gui\.\config\sqlite3.db
[INFO] [13:36:00.723] [JavaFX Application Thread] [] com.zzg.mybatis.generator.util.DbUtil.getConnectionUrlWithSchema:208 --> getConnectionUrlWithSchema, connection url: jdbc:mysql://localhost:3306/zhongqiu?serverTimezone=UTC&useUnicode=true&useSSL=false&characterEncoding=utf8
[INFO] [13:36:00.729] [JavaFX Application Thread] [] com.zzg.mybatis.generator.util.DbUtil.getConnection:133 --> getConnection, connection url: com.mysql.cj.jdbc.ConnectionImpl@70bd72fe
[INFO] [13:37:02.914] [JavaFX Application Thread] [] com.zzg.mybatis.generator.util.ConfigHelper.findConnectorLibPath:215 --> jar resource: jar:file:/E:/%e6%a1%8c%e9%9d%a2/IT/mybatis-generator-gui/mybatis-generator-gui.jar!/logback.xml
[INFO] [13:37:02.916] [JavaFX Application Thread] [] com.zzg.mybatis.generator.bridge.MybatisGeneratorBridge.generate:66 --> connectorLibPath: E:\桌面\IT\mybatis-generator-gui\lib\mysql-connector-java-8.0.11.jar
[INFO] [13:37:02.918] [JavaFX Application Thread] [] com.zzg.mybatis.generator.util.DbUtil.getConnectionUrlWithSchema:208 --> getConnectionUrlWithSchema, connection url: jdbc:mysql://localhost:3306/zhongqiu?serverTimezone=UTC&useUnicode=true&useSSL=false&characterEncoding=utf8
[DEBUG] [13:37:03.058] [JavaFX Application Thread] [] org.mybatis.generator.logging.LogFactory.setImplementation:105 --> Logging initialized using 'org.mybatis.generator.logging.slf4j.Slf4jLoggingLogFactory@7bd28532' adapter.
[DEBUG] [13:37:03.060] [JavaFX Application Thread] [] org.mybatis.generator.internal.db.DatabaseIntrospector.getColumns:506 --> Retrieving column information for table "zhongqiu.component"
[DEBUG] [13:37:03.157] [JavaFX Application Thread] [] org.mybatis.generator.internal.db.DatabaseIntrospector.getColumns:563 --> Found column "component_id", data type 4, in table "zhongqiu..component"
[DEBUG] [13:37:03.159] [JavaFX Application Thread] [] org.mybatis.generator.internal.db.DatabaseIntrospector.getColumns:563 --> Found column "Type_id", data type 4, in table "zhongqiu..component"
[DEBUG] [13:37:03.160] [JavaFX Application Thread] [] org.mybatis.generator.internal.db.DatabaseIntrospector.getColumns:563 --> Found column "Component_name", data type 12, in table "zhongqiu..component"
[DEBUG] [13:37:03.161] [JavaFX Application Thread] [] org.mybatis.generator.internal.db.DatabaseIntrospector.getColumns:563 --> Found column "capacity", data type 12, in table "zhongqiu..component"
[DEBUG] [13:37:03.162] [JavaFX Application Thread] [] org.mybatis.generator.internal.db.DatabaseIntrospector.getColumns:563 --> Found column "price", data type 4, in table "zhongqiu..component"
[INFO] [13:38:06.475] [JavaFX Application Thread] [] com.zzg.mybatis.generator.util.ConfigHelper.findConnectorLibPath:215 --> jar resource: jar:file:/E:/%e6%a1%8c%e9%9d%a2/IT/mybatis-generator-gui/mybatis-generator-gui.jar!/logback.xml
[INFO] [13:38:06.477] [JavaFX Application Thread] [] com.zzg.mybatis.generator.bridge.MybatisGeneratorBridge.generate:66 --> connectorLibPath: E:\桌面\IT\mybatis-generator-gui\lib\mysql-connector-java-8.0.11.jar
[INFO] [13:38:06.478] [JavaFX Application Thread] [] com.zzg.mybatis.generator.util.DbUtil.getConnectionUrlWithSchema:208 --> getConnectionUrlWithSchema, connection url: jdbc:mysql://localhost:3306/zhongqiu?serverTimezone=UTC&useUnicode=true&useSSL=false&characterEncoding=utf8
[DEBUG] [13:38:06.686] [JavaFX Application Thread] [] org.mybatis.generator.internal.db.DatabaseIntrospector.getColumns:506 --> Retrieving column information for table "zhongqiu.component_type"
[DEBUG] [13:38:06.734] [JavaFX Application Thread] [] org.mybatis.generator.internal.db.DatabaseIntrospector.getColumns:563 --> Found column "Type_id", data type 4, in table "zhongqiu..component_type"
[DEBUG] [13:38:06.735] [JavaFX Application Thread] [] org.mybatis.generator.internal.db.DatabaseIntrospector.getColumns:563 --> Found column "typename", data type 12, in table "zhongqiu..component_type"
[INFO] [13:38:13.593] [JavaFX Application Thread] [] com.zzg.mybatis.generator.util.ConfigHelper.findConnectorLibPath:215 --> jar resource: jar:file:/E:/%e6%a1%8c%e9%9d%a2/IT/mybatis-generator-gui/mybatis-generator-gui.jar!/logback.xml
[INFO] [13:38:13.594] [JavaFX Application Thread] [] com.zzg.mybatis.generator.bridge.MybatisGeneratorBridge.generate:66 --> connectorLibPath: E:\桌面\IT\mybatis-generator-gui\lib\mysql-connector-java-8.0.11.jar
[INFO] [13:38:13.595] [JavaFX Application Thread] [] com.zzg.mybatis.generator.util.DbUtil.getConnectionUrlWithSchema:208 --> getConnectionUrlWithSchema, connection url: jdbc:mysql://localhost:3306/zhongqiu?serverTimezone=UTC&useUnicode=true&useSSL=false&characterEncoding=utf8
[DEBUG] [13:38:13.724] [JavaFX Application Thread] [] org.mybatis.generator.internal.db.DatabaseIntrospector.getColumns:506 --> Retrieving column information for table "zhongqiu.computer"
[DEBUG] [13:38:13.762] [JavaFX Application Thread] [] org.mybatis.generator.internal.db.DatabaseIntrospector.getColumns:563 --> Found column "computer_id", data type 4, in table "zhongqiu..computer"
[DEBUG] [13:38:13.763] [JavaFX Application Thread] [] org.mybatis.generator.internal.db.DatabaseIntrospector.getColumns:563 --> Found column "Computer_name", data type 12, in table "zhongqiu..computer"
[DEBUG] [13:38:13.764] [JavaFX Application Thread] [] org.mybatis.generator.internal.db.DatabaseIntrospector.getColumns:563 --> Found column "memory", data type 12, in table "zhongqiu..computer"
[DEBUG] [13:38:13.766] [JavaFX Application Thread] [] org.mybatis.generator.internal.db.DatabaseIntrospector.getColumns:563 --> Found column "cup", data type 12, in table "zhongqiu..computer"
[DEBUG] [13:38:13.767] [JavaFX Application Thread] [] org.mybatis.generator.internal.db.DatabaseIntrospector.getColumns:563 --> Found column "videocard", data type 12, in table "zhongqiu..computer"
[DEBUG] [13:38:13.767] [JavaFX Application Thread] [] org.mybatis.generator.internal.db.DatabaseIntrospector.getColumns:563 --> Found column "display", data type 12, in table "zhongqiu..computer"
[DEBUG] [13:38:13.768] [JavaFX Application Thread] [] org.mybatis.generator.internal.db.DatabaseIntrospector.getColumns:563 --> Found column "hdd", data type 12, in table "zhongqiu..computer"
[DEBUG] [13:38:13.768] [JavaFX Application Thread] [] org.mybatis.generator.internal.db.DatabaseIntrospector.getColumns:563 --> Found column "price", data type 12, in table "zhongqiu..computer"
