[INFO] [16:47:28.903] [JavaFX Application Thread] [] com.zzg.mybatis.generator.util.ConnectionManager.getConnection:20 --> database FilePath :E:\桌面\IT\mybatis-generator-gui\.\config\sqlite3.db
[INFO] [16:48:19.642] [JavaFX Application Thread] [] com.zzg.mybatis.generator.util.ConfigHelper.getAllJDBCDriverJarPaths:238 --> jar lib path: E:\桌面\IT\mybatis-generator-gui\lib
[INFO] [16:48:19.643] [JavaFX Application Thread] [] com.zzg.mybatis.generator.util.ConfigHelper.getAllJDBCDriverJarPaths:242 --> jar file: E:\桌面\IT\mybatis-generator-gui\lib\commons-beanutils-1.9.2.jar
[INFO] [16:48:19.644] [JavaFX Application Thread] [] com.zzg.mybatis.generator.util.ConfigHelper.getAllJDBCDriverJarPaths:242 --> jar file: E:\桌面\IT\mybatis-generator-gui\lib\commons-collections-3.2.1.jar
[INFO] [16:48:19.645] [JavaFX Application Thread] [] com.zzg.mybatis.generator.util.ConfigHelper.getAllJDBCDriverJarPaths:242 --> jar file: E:\桌面\IT\mybatis-generator-gui\lib\commons-io-2.5.jar
[INFO] [16:48:19.646] [JavaFX Application Thread] [] com.zzg.mybatis.generator.util.ConfigHelper.getAllJDBCDriverJarPaths:242 --> jar file: E:\桌面\IT\mybatis-generator-gui\lib\commons-lang3-3.4.jar
[INFO] [16:48:19.646] [JavaFX Application Thread] [] com.zzg.mybatis.generator.util.ConfigHelper.getAllJDBCDriverJarPaths:242 --> jar file: E:\桌面\IT\mybatis-generator-gui\lib\commons-logging-1.1.1.jar
[INFO] [16:48:19.647] [JavaFX Application Thread] [] com.zzg.mybatis.generator.util.ConfigHelper.getAllJDBCDriverJarPaths:242 --> jar file: E:\桌面\IT\mybatis-generator-gui\lib\fastjson-1.2.7.jar
[INFO] [16:48:19.648] [JavaFX Application Thread] [] com.zzg.mybatis.generator.util.ConfigHelper.getAllJDBCDriverJarPaths:242 --> jar file: E:\桌面\IT\mybatis-generator-gui\lib\hamcrest-core-1.3.jar
[INFO] [16:48:19.648] [JavaFX Application Thread] [] com.zzg.mybatis.generator.util.ConfigHelper.getAllJDBCDriverJarPaths:242 --> jar file: E:\桌面\IT\mybatis-generator-gui\lib\jsch-0.1.54.jar
[INFO] [16:48:19.649] [JavaFX Application Thread] [] com.zzg.mybatis.generator.util.ConfigHelper.getAllJDBCDriverJarPaths:242 --> jar file: E:\桌面\IT\mybatis-generator-gui\lib\junit-4.12.jar
[INFO] [16:48:19.649] [JavaFX Application Thread] [] com.zzg.mybatis.generator.util.ConfigHelper.getAllJDBCDriverJarPaths:242 --> jar file: E:\桌面\IT\mybatis-generator-gui\lib\logback-classic-1.1.2.jar
[INFO] [16:48:19.650] [JavaFX Application Thread] [] com.zzg.mybatis.generator.util.ConfigHelper.getAllJDBCDriverJarPaths:242 --> jar file: E:\桌面\IT\mybatis-generator-gui\lib\logback-core-1.1.2.jar
[INFO] [16:48:19.651] [JavaFX Application Thread] [] com.zzg.mybatis.generator.util.ConfigHelper.getAllJDBCDriverJarPaths:242 --> jar file: E:\桌面\IT\mybatis-generator-gui\lib\mybatis-generator-core-1.3.6.jar
[INFO] [16:48:19.651] [JavaFX Application Thread] [] com.zzg.mybatis.generator.util.ConfigHelper.getAllJDBCDriverJarPaths:242 --> jar file: E:\桌面\IT\mybatis-generator-gui\lib\mysql-connector-java-5.1.38.jar
[INFO] [16:48:19.652] [JavaFX Application Thread] [] com.zzg.mybatis.generator.util.ConfigHelper.getAllJDBCDriverJarPaths:242 --> jar file: E:\桌面\IT\mybatis-generator-gui\lib\mysql-connector-java-8.0.11.jar
[INFO] [16:48:19.653] [JavaFX Application Thread] [] com.zzg.mybatis.generator.util.ConfigHelper.getAllJDBCDriverJarPaths:242 --> jar file: E:\桌面\IT\mybatis-generator-gui\lib\ojdbc6.jar
[INFO] [16:48:19.654] [JavaFX Application Thread] [] com.zzg.mybatis.generator.util.ConfigHelper.getAllJDBCDriverJarPaths:242 --> jar file: E:\桌面\IT\mybatis-generator-gui\lib\postgresql-9.4.1209.jar
[INFO] [16:48:19.655] [JavaFX Application Thread] [] com.zzg.mybatis.generator.util.ConfigHelper.getAllJDBCDriverJarPaths:242 --> jar file: E:\桌面\IT\mybatis-generator-gui\lib\slf4j-api-1.7.25.jar
[INFO] [16:48:19.655] [JavaFX Application Thread] [] com.zzg.mybatis.generator.util.ConfigHelper.getAllJDBCDriverJarPaths:242 --> jar file: E:\桌面\IT\mybatis-generator-gui\lib\sqlite-jdbc-3.19.3.jar
[INFO] [16:48:19.656] [JavaFX Application Thread] [] com.zzg.mybatis.generator.util.ConfigHelper.getAllJDBCDriverJarPaths:242 --> jar file: E:\桌面\IT\mybatis-generator-gui\lib\sqlite-jdbc-3.8.11.2.jar
[INFO] [16:48:19.657] [JavaFX Application Thread] [] com.zzg.mybatis.generator.util.ConfigHelper.getAllJDBCDriverJarPaths:242 --> jar file: E:\桌面\IT\mybatis-generator-gui\lib\sqljdbc4-4.0.jar
[INFO] [16:48:19.764] [JavaFX Application Thread] [] com.zzg.mybatis.generator.util.DbUtil.loadDbDriver:222 --> load driver class: com.mysql.cj.jdbc.Driver@1fc17110
[INFO] [16:48:19.765] [JavaFX Application Thread] [] com.zzg.mybatis.generator.util.DbUtil.getConnectionUrlWithSchema:208 --> getConnectionUrlWithSchema, connection url: jdbc:mysql://localhost:3306/empinsert?serverTimezone=UTC&useUnicode=true&useSSL=false&characterEncoding=utf8
[INFO] [16:48:20.293] [JavaFX Application Thread] [] com.zzg.mybatis.generator.util.DbUtil.getConnection:133 --> getConnection, connection url: com.mysql.cj.jdbc.ConnectionImpl@72068495
[INFO] [16:48:23.270] [JavaFX Application Thread] [] com.zzg.mybatis.generator.util.ConnectionManager.getConnection:20 --> database FilePath :E:\桌面\IT\mybatis-generator-gui\.\config\sqlite3.db
[INFO] [16:48:23.401] [JavaFX Application Thread] [] com.zzg.mybatis.generator.util.ConnectionManager.getConnection:20 --> database FilePath :E:\桌面\IT\mybatis-generator-gui\.\config\sqlite3.db
[INFO] [16:48:25.185] [JavaFX Application Thread] [] com.zzg.mybatis.generator.util.DbUtil.getConnectionUrlWithSchema:208 --> getConnectionUrlWithSchema, connection url: jdbc:mysql://localhost:3306/empinsert?serverTimezone=UTC&useUnicode=true&useSSL=false&characterEncoding=utf8
[INFO] [16:48:25.292] [JavaFX Application Thread] [] com.zzg.mybatis.generator.util.DbUtil.getConnection:133 --> getConnection, connection url: com.mysql.cj.jdbc.ConnectionImpl@428a7c2d
[INFO] [16:49:55.981] [JavaFX Application Thread] [] com.zzg.mybatis.generator.util.ConfigHelper.findConnectorLibPath:215 --> jar resource: jar:file:/E:/%e6%a1%8c%e9%9d%a2/IT/mybatis-generator-gui/mybatis-generator-gui.jar!/logback.xml
[INFO] [16:49:55.983] [JavaFX Application Thread] [] com.zzg.mybatis.generator.bridge.MybatisGeneratorBridge.generate:66 --> connectorLibPath: E:\桌面\IT\mybatis-generator-gui\lib\mysql-connector-java-8.0.11.jar
[INFO] [16:49:55.988] [JavaFX Application Thread] [] com.zzg.mybatis.generator.util.DbUtil.getConnectionUrlWithSchema:208 --> getConnectionUrlWithSchema, connection url: jdbc:mysql://localhost:3306/empinsert?serverTimezone=UTC&useUnicode=true&useSSL=false&characterEncoding=utf8
[DEBUG] [16:49:56.235] [JavaFX Application Thread] [] org.mybatis.generator.logging.LogFactory.setImplementation:105 --> Logging initialized using 'org.mybatis.generator.logging.slf4j.Slf4jLoggingLogFactory@7a5fcf87' adapter.
[DEBUG] [16:49:56.239] [JavaFX Application Thread] [] org.mybatis.generator.internal.db.DatabaseIntrospector.getColumns:506 --> Retrieving column information for table "empinsert.dept"
[DEBUG] [16:49:56.377] [JavaFX Application Thread] [] org.mybatis.generator.internal.db.DatabaseIntrospector.getColumns:563 --> Found column "deptNum", data type 4, in table "empinsert..dept"
[DEBUG] [16:49:56.379] [JavaFX Application Thread] [] org.mybatis.generator.internal.db.DatabaseIntrospector.getColumns:563 --> Found column "deptName", data type 12, in table "empinsert..dept"
[DEBUG] [16:49:56.384] [JavaFX Application Thread] [] org.mybatis.generator.internal.db.DatabaseIntrospector.getColumns:563 --> Found column "deptAddr", data type 12, in table "empinsert..dept"
[DEBUG] [16:49:56.385] [JavaFX Application Thread] [] org.mybatis.generator.internal.db.DatabaseIntrospector.getColumns:563 --> Found column "parentNum", data type 4, in table "empinsert..dept"
[DEBUG] [16:49:56.386] [JavaFX Application Thread] [] org.mybatis.generator.internal.db.DatabaseIntrospector.getColumns:563 --> Found column "status", data type 12, in table "empinsert..dept"
[INFO] [16:51:26.441] [JavaFX Application Thread] [] com.zzg.mybatis.generator.util.ConfigHelper.findConnectorLibPath:215 --> jar resource: jar:file:/E:/%e6%a1%8c%e9%9d%a2/IT/mybatis-generator-gui/mybatis-generator-gui.jar!/logback.xml
[INFO] [16:51:26.444] [JavaFX Application Thread] [] com.zzg.mybatis.generator.bridge.MybatisGeneratorBridge.generate:66 --> connectorLibPath: E:\桌面\IT\mybatis-generator-gui\lib\mysql-connector-java-8.0.11.jar
[INFO] [16:51:26.445] [JavaFX Application Thread] [] com.zzg.mybatis.generator.util.DbUtil.getConnectionUrlWithSchema:208 --> getConnectionUrlWithSchema, connection url: jdbc:mysql://localhost:3306/empinsert?serverTimezone=UTC&useUnicode=true&useSSL=false&characterEncoding=utf8
[DEBUG] [16:51:26.780] [JavaFX Application Thread] [] org.mybatis.generator.internal.db.DatabaseIntrospector.getColumns:506 --> Retrieving column information for table "empinsert.dept"
[DEBUG] [16:51:26.839] [JavaFX Application Thread] [] org.mybatis.generator.internal.db.DatabaseIntrospector.getColumns:563 --> Found column "deptNum", data type 4, in table "empinsert..dept"
[DEBUG] [16:51:26.840] [JavaFX Application Thread] [] org.mybatis.generator.internal.db.DatabaseIntrospector.getColumns:563 --> Found column "deptName", data type 12, in table "empinsert..dept"
[DEBUG] [16:51:26.841] [JavaFX Application Thread] [] org.mybatis.generator.internal.db.DatabaseIntrospector.getColumns:563 --> Found column "deptAddr", data type 12, in table "empinsert..dept"
[DEBUG] [16:51:26.843] [JavaFX Application Thread] [] org.mybatis.generator.internal.db.DatabaseIntrospector.getColumns:563 --> Found column "parentNum", data type 4, in table "empinsert..dept"
[DEBUG] [16:51:26.846] [JavaFX Application Thread] [] org.mybatis.generator.internal.db.DatabaseIntrospector.getColumns:563 --> Found column "status", data type 12, in table "empinsert..dept"
[INFO] [16:51:31.292] [JavaFX Application Thread] [] com.zzg.mybatis.generator.util.ConfigHelper.findConnectorLibPath:215 --> jar resource: jar:file:/E:/%e6%a1%8c%e9%9d%a2/IT/mybatis-generator-gui/mybatis-generator-gui.jar!/logback.xml
[INFO] [16:51:31.294] [JavaFX Application Thread] [] com.zzg.mybatis.generator.bridge.MybatisGeneratorBridge.generate:66 --> connectorLibPath: E:\桌面\IT\mybatis-generator-gui\lib\mysql-connector-java-8.0.11.jar
[INFO] [16:51:31.295] [JavaFX Application Thread] [] com.zzg.mybatis.generator.util.DbUtil.getConnectionUrlWithSchema:208 --> getConnectionUrlWithSchema, connection url: jdbc:mysql://localhost:3306/empinsert?serverTimezone=UTC&useUnicode=true&useSSL=false&characterEncoding=utf8
[DEBUG] [16:51:31.439] [JavaFX Application Thread] [] org.mybatis.generator.internal.db.DatabaseIntrospector.getColumns:506 --> Retrieving column information for table "empinsert.depttype"
[DEBUG] [16:51:31.626] [JavaFX Application Thread] [] org.mybatis.generator.internal.db.DatabaseIntrospector.getColumns:563 --> Found column "parentNum", data type 4, in table "empinsert..depttype"
[DEBUG] [16:51:31.627] [JavaFX Application Thread] [] org.mybatis.generator.internal.db.DatabaseIntrospector.getColumns:563 --> Found column "parentName", data type 12, in table "empinsert..depttype"
[INFO] [16:51:36.225] [JavaFX Application Thread] [] com.zzg.mybatis.generator.util.ConfigHelper.findConnectorLibPath:215 --> jar resource: jar:file:/E:/%e6%a1%8c%e9%9d%a2/IT/mybatis-generator-gui/mybatis-generator-gui.jar!/logback.xml
[INFO] [16:51:36.227] [JavaFX Application Thread] [] com.zzg.mybatis.generator.bridge.MybatisGeneratorBridge.generate:66 --> connectorLibPath: E:\桌面\IT\mybatis-generator-gui\lib\mysql-connector-java-8.0.11.jar
[INFO] [16:51:36.230] [JavaFX Application Thread] [] com.zzg.mybatis.generator.util.DbUtil.getConnectionUrlWithSchema:208 --> getConnectionUrlWithSchema, connection url: jdbc:mysql://localhost:3306/empinsert?serverTimezone=UTC&useUnicode=true&useSSL=false&characterEncoding=utf8
[DEBUG] [16:51:36.514] [JavaFX Application Thread] [] org.mybatis.generator.internal.db.DatabaseIntrospector.getColumns:506 --> Retrieving column information for table "empinsert.emp"
[DEBUG] [16:51:36.624] [JavaFX Application Thread] [] org.mybatis.generator.internal.db.DatabaseIntrospector.getColumns:563 --> Found column "empNum", data type 4, in table "empinsert..emp"
[DEBUG] [16:51:36.626] [JavaFX Application Thread] [] org.mybatis.generator.internal.db.DatabaseIntrospector.getColumns:563 --> Found column "empName", data type 12, in table "empinsert..emp"
[DEBUG] [16:51:36.628] [JavaFX Application Thread] [] org.mybatis.generator.internal.db.DatabaseIntrospector.getColumns:563 --> Found column "empSex", data type 12, in table "empinsert..emp"
[DEBUG] [16:51:36.630] [JavaFX Application Thread] [] org.mybatis.generator.internal.db.DatabaseIntrospector.getColumns:563 --> Found column "deptNum", data type 4, in table "empinsert..emp"
[DEBUG] [16:51:36.631] [JavaFX Application Thread] [] org.mybatis.generator.internal.db.DatabaseIntrospector.getColumns:563 --> Found column "deptType", data type 4, in table "empinsert..emp"
[INFO] [17:31:06.343] [JavaFX Application Thread] [] com.zzg.mybatis.generator.util.ConnectionManager.getConnection:20 --> database FilePath :E:\桌面\IT\mybatis-generator-gui\.\config\sqlite3.db
[INFO] [17:31:13.181] [JavaFX Application Thread] [] com.zzg.mybatis.generator.util.ConfigHelper.getAllJDBCDriverJarPaths:238 --> jar lib path: E:\桌面\IT\mybatis-generator-gui\lib
[INFO] [17:31:13.182] [JavaFX Application Thread] [] com.zzg.mybatis.generator.util.ConfigHelper.getAllJDBCDriverJarPaths:242 --> jar file: E:\桌面\IT\mybatis-generator-gui\lib\commons-beanutils-1.9.2.jar
[INFO] [17:31:13.183] [JavaFX Application Thread] [] com.zzg.mybatis.generator.util.ConfigHelper.getAllJDBCDriverJarPaths:242 --> jar file: E:\桌面\IT\mybatis-generator-gui\lib\commons-collections-3.2.1.jar
[INFO] [17:31:13.184] [JavaFX Application Thread] [] com.zzg.mybatis.generator.util.ConfigHelper.getAllJDBCDriverJarPaths:242 --> jar file: E:\桌面\IT\mybatis-generator-gui\lib\commons-io-2.5.jar
[INFO] [17:31:13.185] [JavaFX Application Thread] [] com.zzg.mybatis.generator.util.ConfigHelper.getAllJDBCDriverJarPaths:242 --> jar file: E:\桌面\IT\mybatis-generator-gui\lib\commons-lang3-3.4.jar
[INFO] [17:31:13.186] [JavaFX Application Thread] [] com.zzg.mybatis.generator.util.ConfigHelper.getAllJDBCDriverJarPaths:242 --> jar file: E:\桌面\IT\mybatis-generator-gui\lib\commons-logging-1.1.1.jar
[INFO] [17:31:13.186] [JavaFX Application Thread] [] com.zzg.mybatis.generator.util.ConfigHelper.getAllJDBCDriverJarPaths:242 --> jar file: E:\桌面\IT\mybatis-generator-gui\lib\fastjson-1.2.7.jar
[INFO] [17:31:13.187] [JavaFX Application Thread] [] com.zzg.mybatis.generator.util.ConfigHelper.getAllJDBCDriverJarPaths:242 --> jar file: E:\桌面\IT\mybatis-generator-gui\lib\hamcrest-core-1.3.jar
[INFO] [17:31:13.187] [JavaFX Application Thread] [] com.zzg.mybatis.generator.util.ConfigHelper.getAllJDBCDriverJarPaths:242 --> jar file: E:\桌面\IT\mybatis-generator-gui\lib\jsch-0.1.54.jar
[INFO] [17:31:13.188] [JavaFX Application Thread] [] com.zzg.mybatis.generator.util.ConfigHelper.getAllJDBCDriverJarPaths:242 --> jar file: E:\桌面\IT\mybatis-generator-gui\lib\junit-4.12.jar
[INFO] [17:31:13.189] [JavaFX Application Thread] [] com.zzg.mybatis.generator.util.ConfigHelper.getAllJDBCDriverJarPaths:242 --> jar file: E:\桌面\IT\mybatis-generator-gui\lib\logback-classic-1.1.2.jar
[INFO] [17:31:13.190] [JavaFX Application Thread] [] com.zzg.mybatis.generator.util.ConfigHelper.getAllJDBCDriverJarPaths:242 --> jar file: E:\桌面\IT\mybatis-generator-gui\lib\logback-core-1.1.2.jar
[INFO] [17:31:13.191] [JavaFX Application Thread] [] com.zzg.mybatis.generator.util.ConfigHelper.getAllJDBCDriverJarPaths:242 --> jar file: E:\桌面\IT\mybatis-generator-gui\lib\mybatis-generator-core-1.3.6.jar
[INFO] [17:31:13.192] [JavaFX Application Thread] [] com.zzg.mybatis.generator.util.ConfigHelper.getAllJDBCDriverJarPaths:242 --> jar file: E:\桌面\IT\mybatis-generator-gui\lib\mysql-connector-java-5.1.38.jar
[INFO] [17:31:13.193] [JavaFX Application Thread] [] com.zzg.mybatis.generator.util.ConfigHelper.getAllJDBCDriverJarPaths:242 --> jar file: E:\桌面\IT\mybatis-generator-gui\lib\mysql-connector-java-8.0.11.jar
[INFO] [17:31:13.194] [JavaFX Application Thread] [] com.zzg.mybatis.generator.util.ConfigHelper.getAllJDBCDriverJarPaths:242 --> jar file: E:\桌面\IT\mybatis-generator-gui\lib\ojdbc6.jar
[INFO] [17:31:13.196] [JavaFX Application Thread] [] com.zzg.mybatis.generator.util.ConfigHelper.getAllJDBCDriverJarPaths:242 --> jar file: E:\桌面\IT\mybatis-generator-gui\lib\postgresql-9.4.1209.jar
[INFO] [17:31:13.197] [JavaFX Application Thread] [] com.zzg.mybatis.generator.util.ConfigHelper.getAllJDBCDriverJarPaths:242 --> jar file: E:\桌面\IT\mybatis-generator-gui\lib\slf4j-api-1.7.25.jar
[INFO] [17:31:13.198] [JavaFX Application Thread] [] com.zzg.mybatis.generator.util.ConfigHelper.getAllJDBCDriverJarPaths:242 --> jar file: E:\桌面\IT\mybatis-generator-gui\lib\sqlite-jdbc-3.19.3.jar
[INFO] [17:31:13.199] [JavaFX Application Thread] [] com.zzg.mybatis.generator.util.ConfigHelper.getAllJDBCDriverJarPaths:242 --> jar file: E:\桌面\IT\mybatis-generator-gui\lib\sqlite-jdbc-3.8.11.2.jar
[INFO] [17:31:13.200] [JavaFX Application Thread] [] com.zzg.mybatis.generator.util.ConfigHelper.getAllJDBCDriverJarPaths:242 --> jar file: E:\桌面\IT\mybatis-generator-gui\lib\sqljdbc4-4.0.jar
[INFO] [17:31:13.289] [JavaFX Application Thread] [] com.zzg.mybatis.generator.util.DbUtil.loadDbDriver:222 --> load driver class: com.mysql.cj.jdbc.Driver@5f75158b
[INFO] [17:31:13.292] [JavaFX Application Thread] [] com.zzg.mybatis.generator.util.DbUtil.getConnectionUrlWithSchema:208 --> getConnectionUrlWithSchema, connection url: jdbc:mysql://localhost:3306/empinsert?serverTimezone=UTC&useUnicode=true&useSSL=false&characterEncoding=utf8
[INFO] [17:31:13.659] [JavaFX Application Thread] [] com.zzg.mybatis.generator.util.DbUtil.getConnection:133 --> getConnection, connection url: com.mysql.cj.jdbc.ConnectionImpl@f5ed4f2
[INFO] [17:32:19.772] [JavaFX Application Thread] [] com.zzg.mybatis.generator.util.ConfigHelper.findConnectorLibPath:215 --> jar resource: jar:file:/E:/%e6%a1%8c%e9%9d%a2/IT/mybatis-generator-gui/mybatis-generator-gui.jar!/logback.xml
[INFO] [17:32:19.775] [JavaFX Application Thread] [] com.zzg.mybatis.generator.bridge.MybatisGeneratorBridge.generate:66 --> connectorLibPath: E:\桌面\IT\mybatis-generator-gui\lib\mysql-connector-java-8.0.11.jar
[INFO] [17:32:19.779] [JavaFX Application Thread] [] com.zzg.mybatis.generator.util.DbUtil.getConnectionUrlWithSchema:208 --> getConnectionUrlWithSchema, connection url: jdbc:mysql://localhost:3306/empinsert?serverTimezone=UTC&useUnicode=true&useSSL=false&characterEncoding=utf8
[DEBUG] [17:32:20.044] [JavaFX Application Thread] [] org.mybatis.generator.logging.LogFactory.setImplementation:105 --> Logging initialized using 'org.mybatis.generator.logging.slf4j.Slf4jLoggingLogFactory@1d633542' adapter.
[DEBUG] [17:32:20.048] [JavaFX Application Thread] [] org.mybatis.generator.internal.db.DatabaseIntrospector.getColumns:506 --> Retrieving column information for table "empinsert.dept"
[DEBUG] [17:32:20.092] [JavaFX Application Thread] [] org.mybatis.generator.internal.db.DatabaseIntrospector.getColumns:563 --> Found column "deptNum", data type 4, in table "empinsert..dept"
[DEBUG] [17:32:20.095] [JavaFX Application Thread] [] org.mybatis.generator.internal.db.DatabaseIntrospector.getColumns:563 --> Found column "deptName", data type 12, in table "empinsert..dept"
[DEBUG] [17:32:20.097] [JavaFX Application Thread] [] org.mybatis.generator.internal.db.DatabaseIntrospector.getColumns:563 --> Found column "deptAddr", data type 12, in table "empinsert..dept"
[DEBUG] [17:32:20.099] [JavaFX Application Thread] [] org.mybatis.generator.internal.db.DatabaseIntrospector.getColumns:563 --> Found column "parentNum", data type 4, in table "empinsert..dept"
[DEBUG] [17:32:20.101] [JavaFX Application Thread] [] org.mybatis.generator.internal.db.DatabaseIntrospector.getColumns:563 --> Found column "status", data type 12, in table "empinsert..dept"
[DEBUG] [17:32:20.103] [JavaFX Application Thread] [] org.mybatis.generator.internal.db.DatabaseIntrospector.getColumns:563 --> Found column "parentName", data type 12, in table "empinsert..dept"
[INFO] [17:32:48.474] [JavaFX Application Thread] [] com.zzg.mybatis.generator.util.ConfigHelper.findConnectorLibPath:215 --> jar resource: jar:file:/E:/%e6%a1%8c%e9%9d%a2/IT/mybatis-generator-gui/mybatis-generator-gui.jar!/logback.xml
[INFO] [17:32:48.498] [JavaFX Application Thread] [] com.zzg.mybatis.generator.bridge.MybatisGeneratorBridge.generate:66 --> connectorLibPath: E:\桌面\IT\mybatis-generator-gui\lib\mysql-connector-java-8.0.11.jar
[INFO] [17:32:48.526] [JavaFX Application Thread] [] com.zzg.mybatis.generator.util.DbUtil.getConnectionUrlWithSchema:208 --> getConnectionUrlWithSchema, connection url: jdbc:mysql://localhost:3306/empinsert?serverTimezone=UTC&useUnicode=true&useSSL=false&characterEncoding=utf8
[DEBUG] [17:32:50.147] [JavaFX Application Thread] [] org.mybatis.generator.internal.db.DatabaseIntrospector.getColumns:506 --> Retrieving column information for table "empinsert.emp"
[DEBUG] [17:32:50.301] [JavaFX Application Thread] [] org.mybatis.generator.internal.db.DatabaseIntrospector.getColumns:563 --> Found column "empNum", data type 4, in table "empinsert..emp"
[DEBUG] [17:32:50.304] [JavaFX Application Thread] [] org.mybatis.generator.internal.db.DatabaseIntrospector.getColumns:563 --> Found column "empName", data type 12, in table "empinsert..emp"
[DEBUG] [17:32:50.306] [JavaFX Application Thread] [] org.mybatis.generator.internal.db.DatabaseIntrospector.getColumns:563 --> Found column "empSex", data type 12, in table "empinsert..emp"
[DEBUG] [17:32:50.309] [JavaFX Application Thread] [] org.mybatis.generator.internal.db.DatabaseIntrospector.getColumns:563 --> Found column "deptNum", data type 4, in table "empinsert..emp"
[DEBUG] [17:32:50.311] [JavaFX Application Thread] [] org.mybatis.generator.internal.db.DatabaseIntrospector.getColumns:563 --> Found column "deptType", data type 4, in table "empinsert..emp"
