[INFO] [14:50:38.096] [JavaFX Application Thread] [] com.zzg.mybatis.generator.util.ConnectionManager.getConnection:20 --> database FilePath :G:\finalPath\qqmsg\47449304\FileRecv\mybatis-generator-gui\.\config\sqlite3.db
[INFO] [14:51:09.090] [JavaFX Application Thread] [] com.zzg.mybatis.generator.util.ConfigHelper.getAllJDBCDriverJarPaths:238 --> jar lib path: G:\finalPath\qqmsg\47449304\FileRecv\mybatis-generator-gui\lib
[INFO] [14:51:09.092] [JavaFX Application Thread] [] com.zzg.mybatis.generator.util.ConfigHelper.getAllJDBCDriverJarPaths:242 --> jar file: G:\finalPath\qqmsg\47449304\FileRecv\mybatis-generator-gui\lib\commons-beanutils-1.9.2.jar
[INFO] [14:51:09.093] [JavaFX Application Thread] [] com.zzg.mybatis.generator.util.ConfigHelper.getAllJDBCDriverJarPaths:242 --> jar file: G:\finalPath\qqmsg\47449304\FileRecv\mybatis-generator-gui\lib\commons-collections-3.2.1.jar
[INFO] [14:51:09.094] [JavaFX Application Thread] [] com.zzg.mybatis.generator.util.ConfigHelper.getAllJDBCDriverJarPaths:242 --> jar file: G:\finalPath\qqmsg\47449304\FileRecv\mybatis-generator-gui\lib\commons-io-2.5.jar
[INFO] [14:51:09.095] [JavaFX Application Thread] [] com.zzg.mybatis.generator.util.ConfigHelper.getAllJDBCDriverJarPaths:242 --> jar file: G:\finalPath\qqmsg\47449304\FileRecv\mybatis-generator-gui\lib\commons-lang3-3.4.jar
[INFO] [14:51:09.096] [JavaFX Application Thread] [] com.zzg.mybatis.generator.util.ConfigHelper.getAllJDBCDriverJarPaths:242 --> jar file: G:\finalPath\qqmsg\47449304\FileRecv\mybatis-generator-gui\lib\commons-logging-1.1.1.jar
[INFO] [14:51:09.098] [JavaFX Application Thread] [] com.zzg.mybatis.generator.util.ConfigHelper.getAllJDBCDriverJarPaths:242 --> jar file: G:\finalPath\qqmsg\47449304\FileRecv\mybatis-generator-gui\lib\fastjson-1.2.7.jar
[INFO] [14:51:09.098] [JavaFX Application Thread] [] com.zzg.mybatis.generator.util.ConfigHelper.getAllJDBCDriverJarPaths:242 --> jar file: G:\finalPath\qqmsg\47449304\FileRecv\mybatis-generator-gui\lib\hamcrest-core-1.3.jar
[INFO] [14:51:09.099] [JavaFX Application Thread] [] com.zzg.mybatis.generator.util.ConfigHelper.getAllJDBCDriverJarPaths:242 --> jar file: G:\finalPath\qqmsg\47449304\FileRecv\mybatis-generator-gui\lib\jsch-0.1.54.jar
[INFO] [14:51:09.099] [JavaFX Application Thread] [] com.zzg.mybatis.generator.util.ConfigHelper.getAllJDBCDriverJarPaths:242 --> jar file: G:\finalPath\qqmsg\47449304\FileRecv\mybatis-generator-gui\lib\junit-4.12.jar
[INFO] [14:51:09.100] [JavaFX Application Thread] [] com.zzg.mybatis.generator.util.ConfigHelper.getAllJDBCDriverJarPaths:242 --> jar file: G:\finalPath\qqmsg\47449304\FileRecv\mybatis-generator-gui\lib\logback-classic-1.1.2.jar
[INFO] [14:51:09.101] [JavaFX Application Thread] [] com.zzg.mybatis.generator.util.ConfigHelper.getAllJDBCDriverJarPaths:242 --> jar file: G:\finalPath\qqmsg\47449304\FileRecv\mybatis-generator-gui\lib\logback-core-1.1.2.jar
[INFO] [14:51:09.102] [JavaFX Application Thread] [] com.zzg.mybatis.generator.util.ConfigHelper.getAllJDBCDriverJarPaths:242 --> jar file: G:\finalPath\qqmsg\47449304\FileRecv\mybatis-generator-gui\lib\mybatis-generator-core-1.3.6.jar
[INFO] [14:51:09.102] [JavaFX Application Thread] [] com.zzg.mybatis.generator.util.ConfigHelper.getAllJDBCDriverJarPaths:242 --> jar file: G:\finalPath\qqmsg\47449304\FileRecv\mybatis-generator-gui\lib\mysql-connector-java-5.1.38.jar
[INFO] [14:51:09.104] [JavaFX Application Thread] [] com.zzg.mybatis.generator.util.ConfigHelper.getAllJDBCDriverJarPaths:242 --> jar file: G:\finalPath\qqmsg\47449304\FileRecv\mybatis-generator-gui\lib\mysql-connector-java-8.0.11.jar
[INFO] [14:51:09.107] [JavaFX Application Thread] [] com.zzg.mybatis.generator.util.ConfigHelper.getAllJDBCDriverJarPaths:242 --> jar file: G:\finalPath\qqmsg\47449304\FileRecv\mybatis-generator-gui\lib\ojdbc6.jar
[INFO] [14:51:09.108] [JavaFX Application Thread] [] com.zzg.mybatis.generator.util.ConfigHelper.getAllJDBCDriverJarPaths:242 --> jar file: G:\finalPath\qqmsg\47449304\FileRecv\mybatis-generator-gui\lib\postgresql-9.4.1209.jar
[INFO] [14:51:09.109] [JavaFX Application Thread] [] com.zzg.mybatis.generator.util.ConfigHelper.getAllJDBCDriverJarPaths:242 --> jar file: G:\finalPath\qqmsg\47449304\FileRecv\mybatis-generator-gui\lib\slf4j-api-1.7.25.jar
[INFO] [14:51:09.110] [JavaFX Application Thread] [] com.zzg.mybatis.generator.util.ConfigHelper.getAllJDBCDriverJarPaths:242 --> jar file: G:\finalPath\qqmsg\47449304\FileRecv\mybatis-generator-gui\lib\sqlite-jdbc-3.19.3.jar
[INFO] [14:51:09.111] [JavaFX Application Thread] [] com.zzg.mybatis.generator.util.ConfigHelper.getAllJDBCDriverJarPaths:242 --> jar file: G:\finalPath\qqmsg\47449304\FileRecv\mybatis-generator-gui\lib\sqlite-jdbc-3.8.11.2.jar
[INFO] [14:51:09.112] [JavaFX Application Thread] [] com.zzg.mybatis.generator.util.ConfigHelper.getAllJDBCDriverJarPaths:242 --> jar file: G:\finalPath\qqmsg\47449304\FileRecv\mybatis-generator-gui\lib\sqljdbc4-4.0.jar
[INFO] [14:51:09.168] [JavaFX Application Thread] [] com.zzg.mybatis.generator.util.DbUtil.loadDbDriver:222 --> load driver class: com.mysql.jdbc.Driver@6bf80e26
[INFO] [14:51:09.169] [JavaFX Application Thread] [] com.zzg.mybatis.generator.util.DbUtil.getConnectionUrlWithSchema:208 --> getConnectionUrlWithSchema, connection url: jdbc:mysql://localhost:3306/startman?useUnicode=true&useSSL=false&characterEncoding=utf8
[INFO] [14:51:09.739] [JavaFX Application Thread] [] com.zzg.mybatis.generator.util.DbUtil.getConnection:133 --> getConnection, connection url: com.mysql.jdbc.JDBC4Connection@30ff6ba3
[INFO] [14:51:10.280] [JavaFX Application Thread] [] com.zzg.mybatis.generator.util.DbUtil.getConnectionUrlWithSchema:208 --> getConnectionUrlWithSchema, connection url: jdbc:mysql://localhost:3306/startman?useUnicode=true&useSSL=false&characterEncoding=utf8
[INFO] [14:51:10.287] [JavaFX Application Thread] [] com.zzg.mybatis.generator.util.DbUtil.getConnection:133 --> getConnection, connection url: com.mysql.jdbc.JDBC4Connection@28654603
[INFO] [14:53:55.555] [JavaFX Application Thread] [] com.zzg.mybatis.generator.controller.MainUIController.saveGeneratorConfig:350 --> user choose name: 1
[INFO] [14:53:55.557] [JavaFX Application Thread] [] com.zzg.mybatis.generator.util.ConnectionManager.getConnection:20 --> database FilePath :G:\finalPath\qqmsg\47449304\FileRecv\mybatis-generator-gui\.\config\sqlite3.db
[INFO] [14:53:55.559] [JavaFX Application Thread] [] com.zzg.mybatis.generator.util.ConfigHelper.deleteGeneratorConfig:204 --> sql: DELETE FROM generator_config where name='1'
[INFO] [14:53:55.825] [JavaFX Application Thread] [] com.zzg.mybatis.generator.util.ConnectionManager.getConnection:20 --> database FilePath :G:\finalPath\qqmsg\47449304\FileRecv\mybatis-generator-gui\.\config\sqlite3.db
[INFO] [14:55:16.221] [JavaFX Application Thread] [] com.zzg.mybatis.generator.util.ConfigHelper.findConnectorLibPath:215 --> jar resource: jar:file:/G:/finalPath/qqmsg/47449304/FileRecv/mybatis-generator-gui/mybatis-generator-gui.jar!/logback.xml
[INFO] [14:55:16.224] [JavaFX Application Thread] [] com.zzg.mybatis.generator.bridge.MybatisGeneratorBridge.generate:66 --> connectorLibPath: G:\finalPath\qqmsg\47449304\FileRecv\mybatis-generator-gui\lib\mysql-connector-java-5.1.38.jar
[INFO] [14:55:16.290] [JavaFX Application Thread] [] com.zzg.mybatis.generator.util.DbUtil.getConnectionUrlWithSchema:208 --> getConnectionUrlWithSchema, connection url: jdbc:mysql://localhost:3306/startman?useUnicode=true&useSSL=false&characterEncoding=utf8
[DEBUG] [14:55:16.714] [JavaFX Application Thread] [] org.mybatis.generator.logging.LogFactory.setImplementation:105 --> Logging initialized using 'org.mybatis.generator.logging.slf4j.Slf4jLoggingLogFactory@6734274a' adapter.
[DEBUG] [14:55:16.718] [JavaFX Application Thread] [] org.mybatis.generator.internal.db.DatabaseIntrospector.getColumns:506 --> Retrieving column information for table "startman.school"
[DEBUG] [14:55:16.755] [JavaFX Application Thread] [] org.mybatis.generator.internal.db.DatabaseIntrospector.getColumns:563 --> Found column "school_id", data type 4, in table "startman..school"
[DEBUG] [14:55:16.756] [JavaFX Application Thread] [] org.mybatis.generator.internal.db.DatabaseIntrospector.getColumns:563 --> Found column "school_name", data type 12, in table "startman..school"
[INFO] [14:57:42.860] [JavaFX Application Thread] [] com.zzg.mybatis.generator.util.ConfigHelper.findConnectorLibPath:215 --> jar resource: jar:file:/G:/finalPath/qqmsg/47449304/FileRecv/mybatis-generator-gui/mybatis-generator-gui.jar!/logback.xml
[INFO] [14:57:42.864] [JavaFX Application Thread] [] com.zzg.mybatis.generator.bridge.MybatisGeneratorBridge.generate:66 --> connectorLibPath: G:\finalPath\qqmsg\47449304\FileRecv\mybatis-generator-gui\lib\mysql-connector-java-5.1.38.jar
[INFO] [14:57:42.865] [JavaFX Application Thread] [] com.zzg.mybatis.generator.util.DbUtil.getConnectionUrlWithSchema:208 --> getConnectionUrlWithSchema, connection url: jdbc:mysql://localhost:3306/startman?useUnicode=true&useSSL=false&characterEncoding=utf8
[DEBUG] [14:57:43.254] [JavaFX Application Thread] [] org.mybatis.generator.internal.db.DatabaseIntrospector.getColumns:506 --> Retrieving column information for table "startman.major"
[DEBUG] [14:57:43.290] [JavaFX Application Thread] [] org.mybatis.generator.internal.db.DatabaseIntrospector.getColumns:563 --> Found column "major_id", data type 4, in table "startman..major"
[DEBUG] [14:57:43.291] [JavaFX Application Thread] [] org.mybatis.generator.internal.db.DatabaseIntrospector.getColumns:563 --> Found column "major_name", data type 12, in table "startman..major"
[DEBUG] [14:57:43.292] [JavaFX Application Thread] [] org.mybatis.generator.internal.db.DatabaseIntrospector.getColumns:563 --> Found column "sc_id", data type 4, in table "startman..major"
