[INFO] [09:42:21.167] [JavaFX Application Thread] [] com.zzg.mybatis.generator.util.ConnectionManager.getConnection:20 --> database FilePath :F:\待整理\qqmsg\47449304\FileRecv\mybatis-generator-gui-新改版\mybatis-generator-gui\.\config\sqlite3.db
[INFO] [09:43:37.127] [JavaFX Application Thread] [] com.zzg.mybatis.generator.util.ConfigHelper.getAllJDBCDriverJarPaths:238 --> jar lib path: F:\待整理\qqmsg\47449304\FileRecv\mybatis-generator-gui-新改版\mybatis-generator-gui\lib
[INFO] [09:43:37.130] [JavaFX Application Thread] [] com.zzg.mybatis.generator.util.ConfigHelper.getAllJDBCDriverJarPaths:242 --> jar file: F:\待整理\qqmsg\47449304\FileRecv\mybatis-generator-gui-新改版\mybatis-generator-gui\lib\commons-beanutils-1.9.2.jar
[INFO] [09:43:37.132] [JavaFX Application Thread] [] com.zzg.mybatis.generator.util.ConfigHelper.getAllJDBCDriverJarPaths:242 --> jar file: F:\待整理\qqmsg\47449304\FileRecv\mybatis-generator-gui-新改版\mybatis-generator-gui\lib\commons-collections-3.2.1.jar
[INFO] [09:43:37.133] [JavaFX Application Thread] [] com.zzg.mybatis.generator.util.ConfigHelper.getAllJDBCDriverJarPaths:242 --> jar file: F:\待整理\qqmsg\47449304\FileRecv\mybatis-generator-gui-新改版\mybatis-generator-gui\lib\commons-io-2.5.jar
[INFO] [09:43:37.134] [JavaFX Application Thread] [] com.zzg.mybatis.generator.util.ConfigHelper.getAllJDBCDriverJarPaths:242 --> jar file: F:\待整理\qqmsg\47449304\FileRecv\mybatis-generator-gui-新改版\mybatis-generator-gui\lib\commons-lang3-3.4.jar
[INFO] [09:43:37.136] [JavaFX Application Thread] [] com.zzg.mybatis.generator.util.ConfigHelper.getAllJDBCDriverJarPaths:242 --> jar file: F:\待整理\qqmsg\47449304\FileRecv\mybatis-generator-gui-新改版\mybatis-generator-gui\lib\commons-logging-1.1.1.jar
[INFO] [09:43:37.137] [JavaFX Application Thread] [] com.zzg.mybatis.generator.util.ConfigHelper.getAllJDBCDriverJarPaths:242 --> jar file: F:\待整理\qqmsg\47449304\FileRecv\mybatis-generator-gui-新改版\mybatis-generator-gui\lib\fastjson-1.2.7.jar
[INFO] [09:43:37.138] [JavaFX Application Thread] [] com.zzg.mybatis.generator.util.ConfigHelper.getAllJDBCDriverJarPaths:242 --> jar file: F:\待整理\qqmsg\47449304\FileRecv\mybatis-generator-gui-新改版\mybatis-generator-gui\lib\hamcrest-core-1.3.jar
[INFO] [09:43:37.139] [JavaFX Application Thread] [] com.zzg.mybatis.generator.util.ConfigHelper.getAllJDBCDriverJarPaths:242 --> jar file: F:\待整理\qqmsg\47449304\FileRecv\mybatis-generator-gui-新改版\mybatis-generator-gui\lib\jsch-0.1.54.jar
[INFO] [09:43:37.140] [JavaFX Application Thread] [] com.zzg.mybatis.generator.util.ConfigHelper.getAllJDBCDriverJarPaths:242 --> jar file: F:\待整理\qqmsg\47449304\FileRecv\mybatis-generator-gui-新改版\mybatis-generator-gui\lib\junit-4.12.jar
[INFO] [09:43:37.141] [JavaFX Application Thread] [] com.zzg.mybatis.generator.util.ConfigHelper.getAllJDBCDriverJarPaths:242 --> jar file: F:\待整理\qqmsg\47449304\FileRecv\mybatis-generator-gui-新改版\mybatis-generator-gui\lib\logback-classic-1.1.2.jar
[INFO] [09:43:37.143] [JavaFX Application Thread] [] com.zzg.mybatis.generator.util.ConfigHelper.getAllJDBCDriverJarPaths:242 --> jar file: F:\待整理\qqmsg\47449304\FileRecv\mybatis-generator-gui-新改版\mybatis-generator-gui\lib\logback-core-1.1.2.jar
[INFO] [09:43:37.144] [JavaFX Application Thread] [] com.zzg.mybatis.generator.util.ConfigHelper.getAllJDBCDriverJarPaths:242 --> jar file: F:\待整理\qqmsg\47449304\FileRecv\mybatis-generator-gui-新改版\mybatis-generator-gui\lib\mybatis-generator-core-1.3.6.jar
[INFO] [09:43:37.148] [JavaFX Application Thread] [] com.zzg.mybatis.generator.util.ConfigHelper.getAllJDBCDriverJarPaths:242 --> jar file: F:\待整理\qqmsg\47449304\FileRecv\mybatis-generator-gui-新改版\mybatis-generator-gui\lib\mysql-connector-java-5.1.38.jar
[INFO] [09:43:37.149] [JavaFX Application Thread] [] com.zzg.mybatis.generator.util.ConfigHelper.getAllJDBCDriverJarPaths:242 --> jar file: F:\待整理\qqmsg\47449304\FileRecv\mybatis-generator-gui-新改版\mybatis-generator-gui\lib\mysql-connector-java-8.0.11.jar
[INFO] [09:43:37.151] [JavaFX Application Thread] [] com.zzg.mybatis.generator.util.ConfigHelper.getAllJDBCDriverJarPaths:242 --> jar file: F:\待整理\qqmsg\47449304\FileRecv\mybatis-generator-gui-新改版\mybatis-generator-gui\lib\ojdbc6.jar
[INFO] [09:43:37.152] [JavaFX Application Thread] [] com.zzg.mybatis.generator.util.ConfigHelper.getAllJDBCDriverJarPaths:242 --> jar file: F:\待整理\qqmsg\47449304\FileRecv\mybatis-generator-gui-新改版\mybatis-generator-gui\lib\postgresql-9.4.1209.jar
[INFO] [09:43:37.153] [JavaFX Application Thread] [] com.zzg.mybatis.generator.util.ConfigHelper.getAllJDBCDriverJarPaths:242 --> jar file: F:\待整理\qqmsg\47449304\FileRecv\mybatis-generator-gui-新改版\mybatis-generator-gui\lib\slf4j-api-1.7.25.jar
[INFO] [09:43:37.154] [JavaFX Application Thread] [] com.zzg.mybatis.generator.util.ConfigHelper.getAllJDBCDriverJarPaths:242 --> jar file: F:\待整理\qqmsg\47449304\FileRecv\mybatis-generator-gui-新改版\mybatis-generator-gui\lib\sqlite-jdbc-3.19.3.jar
[INFO] [09:43:37.156] [JavaFX Application Thread] [] com.zzg.mybatis.generator.util.ConfigHelper.getAllJDBCDriverJarPaths:242 --> jar file: F:\待整理\qqmsg\47449304\FileRecv\mybatis-generator-gui-新改版\mybatis-generator-gui\lib\sqlite-jdbc-3.8.11.2.jar
[INFO] [09:43:37.157] [JavaFX Application Thread] [] com.zzg.mybatis.generator.util.ConfigHelper.getAllJDBCDriverJarPaths:242 --> jar file: F:\待整理\qqmsg\47449304\FileRecv\mybatis-generator-gui-新改版\mybatis-generator-gui\lib\sqljdbc4-4.0.jar
[INFO] [09:43:37.207] [JavaFX Application Thread] [] com.zzg.mybatis.generator.util.DbUtil.loadDbDriver:222 --> load driver class: com.mysql.jdbc.Driver@33c6e341
[INFO] [09:43:37.208] [JavaFX Application Thread] [] com.zzg.mybatis.generator.util.DbUtil.getConnectionUrlWithSchema:208 --> getConnectionUrlWithSchema, connection url: jdbc:mysql://127.0.0.1:3306/ssmaop?useUnicode=true&useSSL=false&characterEncoding=utf8
[INFO] [09:43:37.574] [JavaFX Application Thread] [] com.zzg.mybatis.generator.util.DbUtil.getConnection:133 --> getConnection, connection url: com.mysql.jdbc.JDBC4Connection@40489ba
[INFO] [09:43:39.594] [JavaFX Application Thread] [] com.zzg.mybatis.generator.util.ConnectionManager.getConnection:20 --> database FilePath :F:\待整理\qqmsg\47449304\FileRecv\mybatis-generator-gui-新改版\mybatis-generator-gui\.\config\sqlite3.db
[INFO] [09:43:39.793] [JavaFX Application Thread] [] com.zzg.mybatis.generator.util.ConnectionManager.getConnection:20 --> database FilePath :F:\待整理\qqmsg\47449304\FileRecv\mybatis-generator-gui-新改版\mybatis-generator-gui\.\config\sqlite3.db
[INFO] [09:43:41.552] [JavaFX Application Thread] [] com.zzg.mybatis.generator.util.DbUtil.getConnectionUrlWithSchema:208 --> getConnectionUrlWithSchema, connection url: jdbc:mysql://127.0.0.1:3306/ssmaop?useUnicode=true&useSSL=false&characterEncoding=utf8
[INFO] [09:43:41.557] [JavaFX Application Thread] [] com.zzg.mybatis.generator.util.DbUtil.getConnection:133 --> getConnection, connection url: com.mysql.jdbc.JDBC4Connection@6fb3f4cd
[INFO] [09:44:33.723] [JavaFX Application Thread] [] com.zzg.mybatis.generator.util.ConfigHelper.findConnectorLibPath:215 --> jar resource: jar:file:/F:/%e5%be%85%e6%95%b4%e7%90%86/qqmsg/47449304/FileRecv/mybatis-generator-gui-%e6%96%b0%e6%94%b9%e7%89%88/mybatis-generator-gui/mybatis-generator-gui.jar!/logback.xml
[INFO] [09:44:33.727] [JavaFX Application Thread] [] com.zzg.mybatis.generator.bridge.MybatisGeneratorBridge.generate:66 --> connectorLibPath: F:\待整理\qqmsg\47449304\FileRecv\mybatis-generator-gui-新改版\mybatis-generator-gui\lib\mysql-connector-java-5.1.38.jar
[INFO] [09:44:33.732] [JavaFX Application Thread] [] com.zzg.mybatis.generator.util.DbUtil.getConnectionUrlWithSchema:208 --> getConnectionUrlWithSchema, connection url: jdbc:mysql://127.0.0.1:3306/ssmaop?useUnicode=true&useSSL=false&characterEncoding=utf8
[DEBUG] [09:44:33.908] [JavaFX Application Thread] [] org.mybatis.generator.logging.LogFactory.setImplementation:105 --> Logging initialized using 'org.mybatis.generator.logging.slf4j.Slf4jLoggingLogFactory@26a3b3d4' adapter.
[DEBUG] [09:44:33.910] [JavaFX Application Thread] [] org.mybatis.generator.internal.db.DatabaseIntrospector.getColumns:506 --> Retrieving column information for table "ssmaop.admin"
[DEBUG] [09:44:33.922] [JavaFX Application Thread] [] org.mybatis.generator.internal.db.DatabaseIntrospector.getColumns:563 --> Found column "admin_id", data type 4, in table "ssmaop..admin"
[DEBUG] [09:44:33.922] [JavaFX Application Thread] [] org.mybatis.generator.internal.db.DatabaseIntrospector.getColumns:563 --> Found column "admin_name", data type 12, in table "ssmaop..admin"
[DEBUG] [09:44:33.923] [JavaFX Application Thread] [] org.mybatis.generator.internal.db.DatabaseIntrospector.getColumns:563 --> Found column "admin_pwd", data type 12, in table "ssmaop..admin"
[INFO] [09:55:35.525] [JavaFX Application Thread] [] com.zzg.mybatis.generator.util.ConnectionManager.getConnection:20 --> database FilePath :F:\待整理\qqmsg\47449304\FileRecv\mybatis-generator-gui-新改版\mybatis-generator-gui\.\config\sqlite3.db
[INFO] [09:55:38.361] [JavaFX Application Thread] [] com.zzg.mybatis.generator.util.ConfigHelper.getAllJDBCDriverJarPaths:238 --> jar lib path: F:\待整理\qqmsg\47449304\FileRecv\mybatis-generator-gui-新改版\mybatis-generator-gui\lib
[INFO] [09:55:38.361] [JavaFX Application Thread] [] com.zzg.mybatis.generator.util.ConfigHelper.getAllJDBCDriverJarPaths:242 --> jar file: F:\待整理\qqmsg\47449304\FileRecv\mybatis-generator-gui-新改版\mybatis-generator-gui\lib\commons-beanutils-1.9.2.jar
[INFO] [09:55:38.362] [JavaFX Application Thread] [] com.zzg.mybatis.generator.util.ConfigHelper.getAllJDBCDriverJarPaths:242 --> jar file: F:\待整理\qqmsg\47449304\FileRecv\mybatis-generator-gui-新改版\mybatis-generator-gui\lib\commons-collections-3.2.1.jar
[INFO] [09:55:38.362] [JavaFX Application Thread] [] com.zzg.mybatis.generator.util.ConfigHelper.getAllJDBCDriverJarPaths:242 --> jar file: F:\待整理\qqmsg\47449304\FileRecv\mybatis-generator-gui-新改版\mybatis-generator-gui\lib\commons-io-2.5.jar
[INFO] [09:55:38.362] [JavaFX Application Thread] [] com.zzg.mybatis.generator.util.ConfigHelper.getAllJDBCDriverJarPaths:242 --> jar file: F:\待整理\qqmsg\47449304\FileRecv\mybatis-generator-gui-新改版\mybatis-generator-gui\lib\commons-lang3-3.4.jar
[INFO] [09:55:38.362] [JavaFX Application Thread] [] com.zzg.mybatis.generator.util.ConfigHelper.getAllJDBCDriverJarPaths:242 --> jar file: F:\待整理\qqmsg\47449304\FileRecv\mybatis-generator-gui-新改版\mybatis-generator-gui\lib\commons-logging-1.1.1.jar
[INFO] [09:55:38.363] [JavaFX Application Thread] [] com.zzg.mybatis.generator.util.ConfigHelper.getAllJDBCDriverJarPaths:242 --> jar file: F:\待整理\qqmsg\47449304\FileRecv\mybatis-generator-gui-新改版\mybatis-generator-gui\lib\fastjson-1.2.7.jar
[INFO] [09:55:38.363] [JavaFX Application Thread] [] com.zzg.mybatis.generator.util.ConfigHelper.getAllJDBCDriverJarPaths:242 --> jar file: F:\待整理\qqmsg\47449304\FileRecv\mybatis-generator-gui-新改版\mybatis-generator-gui\lib\hamcrest-core-1.3.jar
[INFO] [09:55:38.363] [JavaFX Application Thread] [] com.zzg.mybatis.generator.util.ConfigHelper.getAllJDBCDriverJarPaths:242 --> jar file: F:\待整理\qqmsg\47449304\FileRecv\mybatis-generator-gui-新改版\mybatis-generator-gui\lib\jsch-0.1.54.jar
[INFO] [09:55:38.364] [JavaFX Application Thread] [] com.zzg.mybatis.generator.util.ConfigHelper.getAllJDBCDriverJarPaths:242 --> jar file: F:\待整理\qqmsg\47449304\FileRecv\mybatis-generator-gui-新改版\mybatis-generator-gui\lib\junit-4.12.jar
[INFO] [09:55:38.364] [JavaFX Application Thread] [] com.zzg.mybatis.generator.util.ConfigHelper.getAllJDBCDriverJarPaths:242 --> jar file: F:\待整理\qqmsg\47449304\FileRecv\mybatis-generator-gui-新改版\mybatis-generator-gui\lib\logback-classic-1.1.2.jar
[INFO] [09:55:38.364] [JavaFX Application Thread] [] com.zzg.mybatis.generator.util.ConfigHelper.getAllJDBCDriverJarPaths:242 --> jar file: F:\待整理\qqmsg\47449304\FileRecv\mybatis-generator-gui-新改版\mybatis-generator-gui\lib\logback-core-1.1.2.jar
[INFO] [09:55:38.365] [JavaFX Application Thread] [] com.zzg.mybatis.generator.util.ConfigHelper.getAllJDBCDriverJarPaths:242 --> jar file: F:\待整理\qqmsg\47449304\FileRecv\mybatis-generator-gui-新改版\mybatis-generator-gui\lib\mybatis-generator-core-1.3.6.jar
[INFO] [09:55:38.366] [JavaFX Application Thread] [] com.zzg.mybatis.generator.util.ConfigHelper.getAllJDBCDriverJarPaths:242 --> jar file: F:\待整理\qqmsg\47449304\FileRecv\mybatis-generator-gui-新改版\mybatis-generator-gui\lib\mysql-connector-java-5.1.38.jar
[INFO] [09:55:38.366] [JavaFX Application Thread] [] com.zzg.mybatis.generator.util.ConfigHelper.getAllJDBCDriverJarPaths:242 --> jar file: F:\待整理\qqmsg\47449304\FileRecv\mybatis-generator-gui-新改版\mybatis-generator-gui\lib\mysql-connector-java-8.0.11.jar
[INFO] [09:55:38.367] [JavaFX Application Thread] [] com.zzg.mybatis.generator.util.ConfigHelper.getAllJDBCDriverJarPaths:242 --> jar file: F:\待整理\qqmsg\47449304\FileRecv\mybatis-generator-gui-新改版\mybatis-generator-gui\lib\ojdbc6.jar
[INFO] [09:55:38.367] [JavaFX Application Thread] [] com.zzg.mybatis.generator.util.ConfigHelper.getAllJDBCDriverJarPaths:242 --> jar file: F:\待整理\qqmsg\47449304\FileRecv\mybatis-generator-gui-新改版\mybatis-generator-gui\lib\postgresql-9.4.1209.jar
[INFO] [09:55:38.367] [JavaFX Application Thread] [] com.zzg.mybatis.generator.util.ConfigHelper.getAllJDBCDriverJarPaths:242 --> jar file: F:\待整理\qqmsg\47449304\FileRecv\mybatis-generator-gui-新改版\mybatis-generator-gui\lib\slf4j-api-1.7.25.jar
[INFO] [09:55:38.368] [JavaFX Application Thread] [] com.zzg.mybatis.generator.util.ConfigHelper.getAllJDBCDriverJarPaths:242 --> jar file: F:\待整理\qqmsg\47449304\FileRecv\mybatis-generator-gui-新改版\mybatis-generator-gui\lib\sqlite-jdbc-3.19.3.jar
[INFO] [09:55:38.368] [JavaFX Application Thread] [] com.zzg.mybatis.generator.util.ConfigHelper.getAllJDBCDriverJarPaths:242 --> jar file: F:\待整理\qqmsg\47449304\FileRecv\mybatis-generator-gui-新改版\mybatis-generator-gui\lib\sqlite-jdbc-3.8.11.2.jar
[INFO] [09:55:38.368] [JavaFX Application Thread] [] com.zzg.mybatis.generator.util.ConfigHelper.getAllJDBCDriverJarPaths:242 --> jar file: F:\待整理\qqmsg\47449304\FileRecv\mybatis-generator-gui-新改版\mybatis-generator-gui\lib\sqljdbc4-4.0.jar
[INFO] [09:55:38.375] [JavaFX Application Thread] [] com.zzg.mybatis.generator.util.DbUtil.loadDbDriver:222 --> load driver class: com.mysql.jdbc.Driver@5f9df953
[INFO] [09:55:38.376] [JavaFX Application Thread] [] com.zzg.mybatis.generator.util.DbUtil.getConnectionUrlWithSchema:208 --> getConnectionUrlWithSchema, connection url: jdbc:mysql://127.0.0.1:3306/ssmaop?useUnicode=true&useSSL=false&characterEncoding=utf8
[INFO] [09:55:38.536] [JavaFX Application Thread] [] com.zzg.mybatis.generator.util.DbUtil.getConnection:133 --> getConnection, connection url: com.mysql.jdbc.JDBC4Connection@17abd6fb
[INFO] [09:56:26.726] [JavaFX Application Thread] [] com.zzg.mybatis.generator.controller.MainUIController.saveGeneratorConfig:350 --> user choose name: 1
[INFO] [09:56:26.726] [JavaFX Application Thread] [] com.zzg.mybatis.generator.util.ConnectionManager.getConnection:20 --> database FilePath :F:\待整理\qqmsg\47449304\FileRecv\mybatis-generator-gui-新改版\mybatis-generator-gui\.\config\sqlite3.db
[INFO] [09:56:26.728] [JavaFX Application Thread] [] com.zzg.mybatis.generator.util.ConfigHelper.deleteGeneratorConfig:204 --> sql: DELETE FROM generator_config where name='1'
[INFO] [09:56:27.253] [JavaFX Application Thread] [] com.zzg.mybatis.generator.util.ConnectionManager.getConnection:20 --> database FilePath :F:\待整理\qqmsg\47449304\FileRecv\mybatis-generator-gui-新改版\mybatis-generator-gui\.\config\sqlite3.db
[INFO] [09:56:27.826] [JavaFX Application Thread] [] com.zzg.mybatis.generator.util.ConfigHelper.findConnectorLibPath:215 --> jar resource: jar:file:/F:/%e5%be%85%e6%95%b4%e7%90%86/qqmsg/47449304/FileRecv/mybatis-generator-gui-%e6%96%b0%e6%94%b9%e7%89%88/mybatis-generator-gui/mybatis-generator-gui.jar!/logback.xml
[INFO] [09:56:27.827] [JavaFX Application Thread] [] com.zzg.mybatis.generator.bridge.MybatisGeneratorBridge.generate:66 --> connectorLibPath: F:\待整理\qqmsg\47449304\FileRecv\mybatis-generator-gui-新改版\mybatis-generator-gui\lib\mysql-connector-java-5.1.38.jar
[INFO] [09:56:27.829] [JavaFX Application Thread] [] com.zzg.mybatis.generator.util.DbUtil.getConnectionUrlWithSchema:208 --> getConnectionUrlWithSchema, connection url: jdbc:mysql://127.0.0.1:3306/ssmaop?useUnicode=true&useSSL=false&characterEncoding=utf8
[DEBUG] [09:56:27.988] [JavaFX Application Thread] [] org.mybatis.generator.logging.LogFactory.setImplementation:105 --> Logging initialized using 'org.mybatis.generator.logging.slf4j.Slf4jLoggingLogFactory@76fa080a' adapter.
[DEBUG] [09:56:27.990] [JavaFX Application Thread] [] org.mybatis.generator.internal.db.DatabaseIntrospector.getColumns:506 --> Retrieving column information for table "ssmaop.admin"
[DEBUG] [09:56:28.015] [JavaFX Application Thread] [] org.mybatis.generator.internal.db.DatabaseIntrospector.getColumns:563 --> Found column "admin_id", data type 4, in table "ssmaop..admin"
[DEBUG] [09:56:28.016] [JavaFX Application Thread] [] org.mybatis.generator.internal.db.DatabaseIntrospector.getColumns:563 --> Found column "admin_name", data type 12, in table "ssmaop..admin"
[DEBUG] [09:56:28.016] [JavaFX Application Thread] [] org.mybatis.generator.internal.db.DatabaseIntrospector.getColumns:563 --> Found column "admin_pwd", data type 12, in table "ssmaop..admin"
