[INFO] [09:56:32.724] [JavaFX Application Thread] [] com.zzg.mybatis.generator.util.ConnectionManager.getConnection:20 --> database FilePath :D:\soft\mybatis-generator-gui\.\config\sqlite3.db
[INFO] [09:57:08.182] [JavaFX Application Thread] [] com.zzg.mybatis.generator.util.ConfigHelper.getAllJDBCDriverJarPaths:238 --> jar lib path: D:\soft\mybatis-generator-gui\lib
[INFO] [09:57:08.182] [JavaFX Application Thread] [] com.zzg.mybatis.generator.util.ConfigHelper.getAllJDBCDriverJarPaths:242 --> jar file: D:\soft\mybatis-generator-gui\lib\commons-beanutils-1.9.2.jar
[INFO] [09:57:08.183] [JavaFX Application Thread] [] com.zzg.mybatis.generator.util.ConfigHelper.getAllJDBCDriverJarPaths:242 --> jar file: D:\soft\mybatis-generator-gui\lib\commons-collections-3.2.1.jar
[INFO] [09:57:08.184] [JavaFX Application Thread] [] com.zzg.mybatis.generator.util.ConfigHelper.getAllJDBCDriverJarPaths:242 --> jar file: D:\soft\mybatis-generator-gui\lib\commons-io-2.5.jar
[INFO] [09:57:08.184] [JavaFX Application Thread] [] com.zzg.mybatis.generator.util.ConfigHelper.getAllJDBCDriverJarPaths:242 --> jar file: D:\soft\mybatis-generator-gui\lib\commons-lang3-3.4.jar
[INFO] [09:57:08.184] [JavaFX Application Thread] [] com.zzg.mybatis.generator.util.ConfigHelper.getAllJDBCDriverJarPaths:242 --> jar file: D:\soft\mybatis-generator-gui\lib\commons-logging-1.1.1.jar
[INFO] [09:57:08.185] [JavaFX Application Thread] [] com.zzg.mybatis.generator.util.ConfigHelper.getAllJDBCDriverJarPaths:242 --> jar file: D:\soft\mybatis-generator-gui\lib\fastjson-1.2.7.jar
[INFO] [09:57:08.185] [JavaFX Application Thread] [] com.zzg.mybatis.generator.util.ConfigHelper.getAllJDBCDriverJarPaths:242 --> jar file: D:\soft\mybatis-generator-gui\lib\hamcrest-core-1.3.jar
[INFO] [09:57:08.186] [JavaFX Application Thread] [] com.zzg.mybatis.generator.util.ConfigHelper.getAllJDBCDriverJarPaths:242 --> jar file: D:\soft\mybatis-generator-gui\lib\jsch-0.1.54.jar
[INFO] [09:57:08.186] [JavaFX Application Thread] [] com.zzg.mybatis.generator.util.ConfigHelper.getAllJDBCDriverJarPaths:242 --> jar file: D:\soft\mybatis-generator-gui\lib\junit-4.12.jar
[INFO] [09:57:08.186] [JavaFX Application Thread] [] com.zzg.mybatis.generator.util.ConfigHelper.getAllJDBCDriverJarPaths:242 --> jar file: D:\soft\mybatis-generator-gui\lib\logback-classic-1.1.2.jar
[INFO] [09:57:08.186] [JavaFX Application Thread] [] com.zzg.mybatis.generator.util.ConfigHelper.getAllJDBCDriverJarPaths:242 --> jar file: D:\soft\mybatis-generator-gui\lib\logback-core-1.1.2.jar
[INFO] [09:57:08.186] [JavaFX Application Thread] [] com.zzg.mybatis.generator.util.ConfigHelper.getAllJDBCDriverJarPaths:242 --> jar file: D:\soft\mybatis-generator-gui\lib\mybatis-generator-core-1.3.6.jar
[INFO] [09:57:08.187] [JavaFX Application Thread] [] com.zzg.mybatis.generator.util.ConfigHelper.getAllJDBCDriverJarPaths:242 --> jar file: D:\soft\mybatis-generator-gui\lib\mysql-connector-java-5.1.38.jar
[INFO] [09:57:08.187] [JavaFX Application Thread] [] com.zzg.mybatis.generator.util.ConfigHelper.getAllJDBCDriverJarPaths:242 --> jar file: D:\soft\mybatis-generator-gui\lib\mysql-connector-java-8.0.11.jar
[INFO] [09:57:08.188] [JavaFX Application Thread] [] com.zzg.mybatis.generator.util.ConfigHelper.getAllJDBCDriverJarPaths:242 --> jar file: D:\soft\mybatis-generator-gui\lib\ojdbc6.jar
[INFO] [09:57:08.188] [JavaFX Application Thread] [] com.zzg.mybatis.generator.util.ConfigHelper.getAllJDBCDriverJarPaths:242 --> jar file: D:\soft\mybatis-generator-gui\lib\postgresql-9.4.1209.jar
[INFO] [09:57:08.188] [JavaFX Application Thread] [] com.zzg.mybatis.generator.util.ConfigHelper.getAllJDBCDriverJarPaths:242 --> jar file: D:\soft\mybatis-generator-gui\lib\slf4j-api-1.7.25.jar
[INFO] [09:57:08.189] [JavaFX Application Thread] [] com.zzg.mybatis.generator.util.ConfigHelper.getAllJDBCDriverJarPaths:242 --> jar file: D:\soft\mybatis-generator-gui\lib\sqlite-jdbc-3.19.3.jar
[INFO] [09:57:08.189] [JavaFX Application Thread] [] com.zzg.mybatis.generator.util.ConfigHelper.getAllJDBCDriverJarPaths:242 --> jar file: D:\soft\mybatis-generator-gui\lib\sqlite-jdbc-3.8.11.2.jar
[INFO] [09:57:08.189] [JavaFX Application Thread] [] com.zzg.mybatis.generator.util.ConfigHelper.getAllJDBCDriverJarPaths:242 --> jar file: D:\soft\mybatis-generator-gui\lib\sqljdbc4-4.0.jar
[INFO] [09:57:08.197] [JavaFX Application Thread] [] com.zzg.mybatis.generator.util.DbUtil.loadDbDriver:222 --> load driver class: com.mysql.jdbc.Driver@785da492
[INFO] [09:57:08.197] [JavaFX Application Thread] [] com.zzg.mybatis.generator.util.DbUtil.getConnectionUrlWithSchema:208 --> getConnectionUrlWithSchema, connection url: jdbc:mysql://localhost:3306/axinxin?useUnicode=true&useSSL=false&characterEncoding=utf8
[INFO] [09:57:08.376] [JavaFX Application Thread] [] com.zzg.mybatis.generator.util.DbUtil.getConnection:133 --> getConnection, connection url: com.mysql.jdbc.JDBC4Connection@1f9d7462
[INFO] [09:57:09.829] [JavaFX Application Thread] [] com.zzg.mybatis.generator.util.ConnectionManager.getConnection:20 --> database FilePath :D:\soft\mybatis-generator-gui\.\config\sqlite3.db
[INFO] [09:57:09.859] [JavaFX Application Thread] [] com.zzg.mybatis.generator.util.ConnectionManager.getConnection:20 --> database FilePath :D:\soft\mybatis-generator-gui\.\config\sqlite3.db
[INFO] [09:57:47.662] [JavaFX Application Thread] [] com.zzg.mybatis.generator.util.DbUtil.getConnectionUrlWithSchema:208 --> getConnectionUrlWithSchema, connection url: jdbc:mysql://localhost:3306/axinxin?useUnicode=true&useSSL=false&characterEncoding=utf8
[INFO] [09:57:47.666] [JavaFX Application Thread] [] com.zzg.mybatis.generator.util.DbUtil.getConnection:133 --> getConnection, connection url: com.mysql.jdbc.JDBC4Connection@33f48e2f
[INFO] [09:57:55.147] [JavaFX Application Thread] [] com.zzg.mybatis.generator.util.ConfigHelper.findConnectorLibPath:215 --> jar resource: jar:file:/D:/soft/mybatis-generator-gui/mybatis-generator-gui.jar!/logback.xml
[INFO] [09:57:55.147] [JavaFX Application Thread] [] com.zzg.mybatis.generator.bridge.MybatisGeneratorBridge.generate:66 --> connectorLibPath: D:\soft\mybatis-generator-gui\lib\mysql-connector-java-5.1.38.jar
[INFO] [09:57:55.149] [JavaFX Application Thread] [] com.zzg.mybatis.generator.util.DbUtil.getConnectionUrlWithSchema:208 --> getConnectionUrlWithSchema, connection url: jdbc:mysql://localhost:3306/axinxin?useUnicode=true&useSSL=false&characterEncoding=utf8
[DEBUG] [09:57:55.308] [JavaFX Application Thread] [] org.mybatis.generator.logging.LogFactory.setImplementation:105 --> Logging initialized using 'org.mybatis.generator.logging.slf4j.Slf4jLoggingLogFactory@3b84c1a9' adapter.
[DEBUG] [09:57:55.309] [JavaFX Application Thread] [] org.mybatis.generator.internal.db.DatabaseIntrospector.getColumns:506 --> Retrieving column information for table "axinxin.admin"
[DEBUG] [09:57:55.322] [JavaFX Application Thread] [] org.mybatis.generator.internal.db.DatabaseIntrospector.getColumns:563 --> Found column "admin_id", data type 4, in table "axinxin..admin"
[DEBUG] [09:57:55.322] [JavaFX Application Thread] [] org.mybatis.generator.internal.db.DatabaseIntrospector.getColumns:563 --> Found column "admin_name", data type 12, in table "axinxin..admin"
[DEBUG] [09:57:55.323] [JavaFX Application Thread] [] org.mybatis.generator.internal.db.DatabaseIntrospector.getColumns:563 --> Found column "admin_pwd", data type 12, in table "axinxin..admin"
[DEBUG] [09:57:55.323] [JavaFX Application Thread] [] org.mybatis.generator.internal.db.DatabaseIntrospector.getColumns:563 --> Found column "admin_phone", data type 12, in table "axinxin..admin"
[DEBUG] [09:57:55.323] [JavaFX Application Thread] [] org.mybatis.generator.internal.db.DatabaseIntrospector.getColumns:563 --> Found column "admin_account", data type 12, in table "axinxin..admin"
[INFO] [09:58:44.824] [JavaFX Application Thread] [] com.zzg.mybatis.generator.util.ConfigHelper.findConnectorLibPath:215 --> jar resource: jar:file:/D:/soft/mybatis-generator-gui/mybatis-generator-gui.jar!/logback.xml
[INFO] [09:58:44.825] [JavaFX Application Thread] [] com.zzg.mybatis.generator.bridge.MybatisGeneratorBridge.generate:66 --> connectorLibPath: D:\soft\mybatis-generator-gui\lib\mysql-connector-java-5.1.38.jar
[INFO] [09:58:44.825] [JavaFX Application Thread] [] com.zzg.mybatis.generator.util.DbUtil.getConnectionUrlWithSchema:208 --> getConnectionUrlWithSchema, connection url: jdbc:mysql://localhost:3306/axinxin?useUnicode=true&useSSL=false&characterEncoding=utf8
[DEBUG] [09:58:45.017] [JavaFX Application Thread] [] org.mybatis.generator.internal.db.DatabaseIntrospector.getColumns:506 --> Retrieving column information for table "axinxin.admin"
[DEBUG] [09:58:45.028] [JavaFX Application Thread] [] org.mybatis.generator.internal.db.DatabaseIntrospector.getColumns:563 --> Found column "admin_id", data type 4, in table "axinxin..admin"
[DEBUG] [09:58:45.029] [JavaFX Application Thread] [] org.mybatis.generator.internal.db.DatabaseIntrospector.getColumns:563 --> Found column "admin_name", data type 12, in table "axinxin..admin"
[DEBUG] [09:58:45.029] [JavaFX Application Thread] [] org.mybatis.generator.internal.db.DatabaseIntrospector.getColumns:563 --> Found column "admin_pwd", data type 12, in table "axinxin..admin"
[DEBUG] [09:58:45.029] [JavaFX Application Thread] [] org.mybatis.generator.internal.db.DatabaseIntrospector.getColumns:563 --> Found column "admin_phone", data type 12, in table "axinxin..admin"
[DEBUG] [09:58:45.030] [JavaFX Application Thread] [] org.mybatis.generator.internal.db.DatabaseIntrospector.getColumns:563 --> Found column "admin_account", data type 12, in table "axinxin..admin"
[INFO] [11:53:44.304] [JavaFX Application Thread] [] com.zzg.mybatis.generator.util.ConfigHelper.findConnectorLibPath:215 --> jar resource: jar:file:/D:/soft/mybatis-generator-gui/mybatis-generator-gui.jar!/logback.xml
[INFO] [11:53:44.306] [JavaFX Application Thread] [] com.zzg.mybatis.generator.bridge.MybatisGeneratorBridge.generate:66 --> connectorLibPath: D:\soft\mybatis-generator-gui\lib\mysql-connector-java-5.1.38.jar
[INFO] [11:53:44.306] [JavaFX Application Thread] [] com.zzg.mybatis.generator.util.DbUtil.getConnectionUrlWithSchema:208 --> getConnectionUrlWithSchema, connection url: jdbc:mysql://localhost:3306/axinxin?useUnicode=true&useSSL=false&characterEncoding=utf8
[DEBUG] [11:53:44.445] [JavaFX Application Thread] [] org.mybatis.generator.internal.db.DatabaseIntrospector.getColumns:506 --> Retrieving column information for table "axinxin.admin"
[DEBUG] [11:53:44.457] [JavaFX Application Thread] [] org.mybatis.generator.internal.db.DatabaseIntrospector.getColumns:563 --> Found column "admin_id", data type 4, in table "axinxin..admin"
[DEBUG] [11:53:44.457] [JavaFX Application Thread] [] org.mybatis.generator.internal.db.DatabaseIntrospector.getColumns:563 --> Found column "admin_name", data type 12, in table "axinxin..admin"
[DEBUG] [11:53:44.458] [JavaFX Application Thread] [] org.mybatis.generator.internal.db.DatabaseIntrospector.getColumns:563 --> Found column "admin_pwd", data type 12, in table "axinxin..admin"
[DEBUG] [11:53:44.459] [JavaFX Application Thread] [] org.mybatis.generator.internal.db.DatabaseIntrospector.getColumns:563 --> Found column "admin_phone", data type 12, in table "axinxin..admin"
[DEBUG] [11:53:44.459] [JavaFX Application Thread] [] org.mybatis.generator.internal.db.DatabaseIntrospector.getColumns:563 --> Found column "admin_account", data type 12, in table "axinxin..admin"
[INFO] [11:54:41.818] [JavaFX Application Thread] [] com.zzg.mybatis.generator.util.ConfigHelper.findConnectorLibPath:215 --> jar resource: jar:file:/D:/soft/mybatis-generator-gui/mybatis-generator-gui.jar!/logback.xml
[INFO] [11:54:41.819] [JavaFX Application Thread] [] com.zzg.mybatis.generator.bridge.MybatisGeneratorBridge.generate:66 --> connectorLibPath: D:\soft\mybatis-generator-gui\lib\mysql-connector-java-5.1.38.jar
[INFO] [11:54:41.820] [JavaFX Application Thread] [] com.zzg.mybatis.generator.util.DbUtil.getConnectionUrlWithSchema:208 --> getConnectionUrlWithSchema, connection url: jdbc:mysql://localhost:3306/axinxin?useUnicode=true&useSSL=false&characterEncoding=utf8
[DEBUG] [11:54:41.960] [JavaFX Application Thread] [] org.mybatis.generator.internal.db.DatabaseIntrospector.getColumns:506 --> Retrieving column information for table "axinxin.jiao_se"
[DEBUG] [11:54:41.971] [JavaFX Application Thread] [] org.mybatis.generator.internal.db.DatabaseIntrospector.getColumns:563 --> Found column "jiao_se_id", data type 4, in table "axinxin..jiao_se"
[DEBUG] [11:54:41.971] [JavaFX Application Thread] [] org.mybatis.generator.internal.db.DatabaseIntrospector.getColumns:563 --> Found column "jiao_se_name", data type 12, in table "axinxin..jiao_se"
[INFO] [11:54:47.087] [JavaFX Application Thread] [] com.zzg.mybatis.generator.util.ConfigHelper.findConnectorLibPath:215 --> jar resource: jar:file:/D:/soft/mybatis-generator-gui/mybatis-generator-gui.jar!/logback.xml
[INFO] [11:54:47.088] [JavaFX Application Thread] [] com.zzg.mybatis.generator.bridge.MybatisGeneratorBridge.generate:66 --> connectorLibPath: D:\soft\mybatis-generator-gui\lib\mysql-connector-java-5.1.38.jar
[INFO] [11:54:47.088] [JavaFX Application Thread] [] com.zzg.mybatis.generator.util.DbUtil.getConnectionUrlWithSchema:208 --> getConnectionUrlWithSchema, connection url: jdbc:mysql://localhost:3306/axinxin?useUnicode=true&useSSL=false&characterEncoding=utf8
[DEBUG] [11:54:47.221] [JavaFX Application Thread] [] org.mybatis.generator.internal.db.DatabaseIntrospector.getColumns:506 --> Retrieving column information for table "axinxin.ren_jiao_se"
[DEBUG] [11:54:47.235] [JavaFX Application Thread] [] org.mybatis.generator.internal.db.DatabaseIntrospector.getColumns:563 --> Found column "ren_jiaose_id", data type 4, in table "axinxin..ren_jiao_se"
[DEBUG] [11:54:47.236] [JavaFX Application Thread] [] org.mybatis.generator.internal.db.DatabaseIntrospector.getColumns:563 --> Found column "ren_id", data type 4, in table "axinxin..ren_jiao_se"
[DEBUG] [11:54:47.236] [JavaFX Application Thread] [] org.mybatis.generator.internal.db.DatabaseIntrospector.getColumns:563 --> Found column "jiaose_id", data type 4, in table "axinxin..ren_jiao_se"
[INFO] [11:54:51.983] [JavaFX Application Thread] [] com.zzg.mybatis.generator.util.ConfigHelper.findConnectorLibPath:215 --> jar resource: jar:file:/D:/soft/mybatis-generator-gui/mybatis-generator-gui.jar!/logback.xml
[INFO] [11:54:51.983] [JavaFX Application Thread] [] com.zzg.mybatis.generator.bridge.MybatisGeneratorBridge.generate:66 --> connectorLibPath: D:\soft\mybatis-generator-gui\lib\mysql-connector-java-5.1.38.jar
[INFO] [11:54:51.984] [JavaFX Application Thread] [] com.zzg.mybatis.generator.util.DbUtil.getConnectionUrlWithSchema:208 --> getConnectionUrlWithSchema, connection url: jdbc:mysql://localhost:3306/axinxin?useUnicode=true&useSSL=false&characterEncoding=utf8
[DEBUG] [11:54:52.117] [JavaFX Application Thread] [] org.mybatis.generator.internal.db.DatabaseIntrospector.getColumns:506 --> Retrieving column information for table "axinxin.quan_xian"
[DEBUG] [11:54:52.128] [JavaFX Application Thread] [] org.mybatis.generator.internal.db.DatabaseIntrospector.getColumns:563 --> Found column "quan_xian_id", data type 4, in table "axinxin..quan_xian"
[DEBUG] [11:54:52.129] [JavaFX Application Thread] [] org.mybatis.generator.internal.db.DatabaseIntrospector.getColumns:563 --> Found column "quan_xian_code", data type 12, in table "axinxin..quan_xian"
[DEBUG] [11:54:52.129] [JavaFX Application Thread] [] org.mybatis.generator.internal.db.DatabaseIntrospector.getColumns:563 --> Found column "quan_xian_name", data type 12, in table "axinxin..quan_xian"
[DEBUG] [11:54:52.129] [JavaFX Application Thread] [] org.mybatis.generator.internal.db.DatabaseIntrospector.getColumns:563 --> Found column "quan_xian_perms", data type 12, in table "axinxin..quan_xian"
[DEBUG] [11:54:52.130] [JavaFX Application Thread] [] org.mybatis.generator.internal.db.DatabaseIntrospector.getColumns:563 --> Found column "quan_xian_url", data type 12, in table "axinxin..quan_xian"
[DEBUG] [11:54:52.130] [JavaFX Application Thread] [] org.mybatis.generator.internal.db.DatabaseIntrospector.getColumns:563 --> Found column "quan_xian_method", data type 12, in table "axinxin..quan_xian"
[DEBUG] [11:54:52.130] [JavaFX Application Thread] [] org.mybatis.generator.internal.db.DatabaseIntrospector.getColumns:563 --> Found column "quan_xian_pid", data type 4, in table "axinxin..quan_xian"
[DEBUG] [11:54:52.131] [JavaFX Application Thread] [] org.mybatis.generator.internal.db.DatabaseIntrospector.getColumns:563 --> Found column "quan_xian_order", data type 4, in table "axinxin..quan_xian"
[DEBUG] [11:54:52.131] [JavaFX Application Thread] [] org.mybatis.generator.internal.db.DatabaseIntrospector.getColumns:563 --> Found column "quan_xian_type", data type 4, in table "axinxin..quan_xian"
[DEBUG] [11:54:52.132] [JavaFX Application Thread] [] org.mybatis.generator.internal.db.DatabaseIntrospector.getColumns:563 --> Found column "quan_xian_status", data type 4, in table "axinxin..quan_xian"
[INFO] [11:54:55.252] [JavaFX Application Thread] [] com.zzg.mybatis.generator.util.ConfigHelper.findConnectorLibPath:215 --> jar resource: jar:file:/D:/soft/mybatis-generator-gui/mybatis-generator-gui.jar!/logback.xml
[INFO] [11:54:55.253] [JavaFX Application Thread] [] com.zzg.mybatis.generator.bridge.MybatisGeneratorBridge.generate:66 --> connectorLibPath: D:\soft\mybatis-generator-gui\lib\mysql-connector-java-5.1.38.jar
[INFO] [11:54:55.253] [JavaFX Application Thread] [] com.zzg.mybatis.generator.util.DbUtil.getConnectionUrlWithSchema:208 --> getConnectionUrlWithSchema, connection url: jdbc:mysql://localhost:3306/axinxin?useUnicode=true&useSSL=false&characterEncoding=utf8
[DEBUG] [11:54:55.391] [JavaFX Application Thread] [] org.mybatis.generator.internal.db.DatabaseIntrospector.getColumns:506 --> Retrieving column information for table "axinxin.jiaose_quanxian"
[DEBUG] [11:54:55.404] [JavaFX Application Thread] [] org.mybatis.generator.internal.db.DatabaseIntrospector.getColumns:563 --> Found column "jiaose_quanxian_id", data type 4, in table "axinxin..jiaose_quanxian"
[DEBUG] [11:54:55.405] [JavaFX Application Thread] [] org.mybatis.generator.internal.db.DatabaseIntrospector.getColumns:563 --> Found column "jiaose_id", data type 4, in table "axinxin..jiaose_quanxian"
[DEBUG] [11:54:55.405] [JavaFX Application Thread] [] org.mybatis.generator.internal.db.DatabaseIntrospector.getColumns:563 --> Found column "quanxian_id", data type 4, in table "axinxin..jiaose_quanxian"
