[INFO] [19:01:03.727] [JavaFX Application Thread] [] com.zzg.mybatis.generator.util.ConnectionManager.getConnection:20 --> database FilePath :F:\待整理\qqmsg\47449304\FileRecv\mybatis-generator-gui-新改版\mybatis-generator-gui\.\config\sqlite3.db
[INFO] [19:01:08.665] [JavaFX Application Thread] [] com.zzg.mybatis.generator.util.ConfigHelper.getAllJDBCDriverJarPaths:238 --> jar lib path: F:\待整理\qqmsg\47449304\FileRecv\mybatis-generator-gui-新改版\mybatis-generator-gui\lib
[INFO] [19:01:08.666] [JavaFX Application Thread] [] com.zzg.mybatis.generator.util.ConfigHelper.getAllJDBCDriverJarPaths:242 --> jar file: F:\待整理\qqmsg\47449304\FileRecv\mybatis-generator-gui-新改版\mybatis-generator-gui\lib\commons-beanutils-1.9.2.jar
[INFO] [19:01:08.667] [JavaFX Application Thread] [] com.zzg.mybatis.generator.util.ConfigHelper.getAllJDBCDriverJarPaths:242 --> jar file: F:\待整理\qqmsg\47449304\FileRecv\mybatis-generator-gui-新改版\mybatis-generator-gui\lib\commons-collections-3.2.1.jar
[INFO] [19:01:08.667] [JavaFX Application Thread] [] com.zzg.mybatis.generator.util.ConfigHelper.getAllJDBCDriverJarPaths:242 --> jar file: F:\待整理\qqmsg\47449304\FileRecv\mybatis-generator-gui-新改版\mybatis-generator-gui\lib\commons-io-2.5.jar
[INFO] [19:01:08.667] [JavaFX Application Thread] [] com.zzg.mybatis.generator.util.ConfigHelper.getAllJDBCDriverJarPaths:242 --> jar file: F:\待整理\qqmsg\47449304\FileRecv\mybatis-generator-gui-新改版\mybatis-generator-gui\lib\commons-lang3-3.4.jar
[INFO] [19:01:08.668] [JavaFX Application Thread] [] com.zzg.mybatis.generator.util.ConfigHelper.getAllJDBCDriverJarPaths:242 --> jar file: F:\待整理\qqmsg\47449304\FileRecv\mybatis-generator-gui-新改版\mybatis-generator-gui\lib\commons-logging-1.1.1.jar
[INFO] [19:01:08.668] [JavaFX Application Thread] [] com.zzg.mybatis.generator.util.ConfigHelper.getAllJDBCDriverJarPaths:242 --> jar file: F:\待整理\qqmsg\47449304\FileRecv\mybatis-generator-gui-新改版\mybatis-generator-gui\lib\fastjson-1.2.7.jar
[INFO] [19:01:08.668] [JavaFX Application Thread] [] com.zzg.mybatis.generator.util.ConfigHelper.getAllJDBCDriverJarPaths:242 --> jar file: F:\待整理\qqmsg\47449304\FileRecv\mybatis-generator-gui-新改版\mybatis-generator-gui\lib\hamcrest-core-1.3.jar
[INFO] [19:01:08.669] [JavaFX Application Thread] [] com.zzg.mybatis.generator.util.ConfigHelper.getAllJDBCDriverJarPaths:242 --> jar file: F:\待整理\qqmsg\47449304\FileRecv\mybatis-generator-gui-新改版\mybatis-generator-gui\lib\jsch-0.1.54.jar
[INFO] [19:01:08.669] [JavaFX Application Thread] [] com.zzg.mybatis.generator.util.ConfigHelper.getAllJDBCDriverJarPaths:242 --> jar file: F:\待整理\qqmsg\47449304\FileRecv\mybatis-generator-gui-新改版\mybatis-generator-gui\lib\junit-4.12.jar
[INFO] [19:01:08.669] [JavaFX Application Thread] [] com.zzg.mybatis.generator.util.ConfigHelper.getAllJDBCDriverJarPaths:242 --> jar file: F:\待整理\qqmsg\47449304\FileRecv\mybatis-generator-gui-新改版\mybatis-generator-gui\lib\logback-classic-1.1.2.jar
[INFO] [19:01:08.669] [JavaFX Application Thread] [] com.zzg.mybatis.generator.util.ConfigHelper.getAllJDBCDriverJarPaths:242 --> jar file: F:\待整理\qqmsg\47449304\FileRecv\mybatis-generator-gui-新改版\mybatis-generator-gui\lib\logback-core-1.1.2.jar
[INFO] [19:01:08.669] [JavaFX Application Thread] [] com.zzg.mybatis.generator.util.ConfigHelper.getAllJDBCDriverJarPaths:242 --> jar file: F:\待整理\qqmsg\47449304\FileRecv\mybatis-generator-gui-新改版\mybatis-generator-gui\lib\mybatis-generator-core-1.3.6.jar
[INFO] [19:01:08.669] [JavaFX Application Thread] [] com.zzg.mybatis.generator.util.ConfigHelper.getAllJDBCDriverJarPaths:242 --> jar file: F:\待整理\qqmsg\47449304\FileRecv\mybatis-generator-gui-新改版\mybatis-generator-gui\lib\mysql-connector-java-5.1.38.jar
[INFO] [19:01:08.670] [JavaFX Application Thread] [] com.zzg.mybatis.generator.util.ConfigHelper.getAllJDBCDriverJarPaths:242 --> jar file: F:\待整理\qqmsg\47449304\FileRecv\mybatis-generator-gui-新改版\mybatis-generator-gui\lib\mysql-connector-java-8.0.11.jar
[INFO] [19:01:08.670] [JavaFX Application Thread] [] com.zzg.mybatis.generator.util.ConfigHelper.getAllJDBCDriverJarPaths:242 --> jar file: F:\待整理\qqmsg\47449304\FileRecv\mybatis-generator-gui-新改版\mybatis-generator-gui\lib\ojdbc6.jar
[INFO] [19:01:08.671] [JavaFX Application Thread] [] com.zzg.mybatis.generator.util.ConfigHelper.getAllJDBCDriverJarPaths:242 --> jar file: F:\待整理\qqmsg\47449304\FileRecv\mybatis-generator-gui-新改版\mybatis-generator-gui\lib\postgresql-9.4.1209.jar
[INFO] [19:01:08.671] [JavaFX Application Thread] [] com.zzg.mybatis.generator.util.ConfigHelper.getAllJDBCDriverJarPaths:242 --> jar file: F:\待整理\qqmsg\47449304\FileRecv\mybatis-generator-gui-新改版\mybatis-generator-gui\lib\slf4j-api-1.7.25.jar
[INFO] [19:01:08.671] [JavaFX Application Thread] [] com.zzg.mybatis.generator.util.ConfigHelper.getAllJDBCDriverJarPaths:242 --> jar file: F:\待整理\qqmsg\47449304\FileRecv\mybatis-generator-gui-新改版\mybatis-generator-gui\lib\sqlite-jdbc-3.19.3.jar
[INFO] [19:01:08.672] [JavaFX Application Thread] [] com.zzg.mybatis.generator.util.ConfigHelper.getAllJDBCDriverJarPaths:242 --> jar file: F:\待整理\qqmsg\47449304\FileRecv\mybatis-generator-gui-新改版\mybatis-generator-gui\lib\sqlite-jdbc-3.8.11.2.jar
[INFO] [19:01:08.672] [JavaFX Application Thread] [] com.zzg.mybatis.generator.util.ConfigHelper.getAllJDBCDriverJarPaths:242 --> jar file: F:\待整理\qqmsg\47449304\FileRecv\mybatis-generator-gui-新改版\mybatis-generator-gui\lib\sqljdbc4-4.0.jar
[INFO] [19:01:08.796] [JavaFX Application Thread] [] com.zzg.mybatis.generator.util.DbUtil.loadDbDriver:222 --> load driver class: com.mysql.jdbc.Driver@4df7b4c3
[INFO] [19:01:08.798] [JavaFX Application Thread] [] com.zzg.mybatis.generator.util.DbUtil.getConnectionUrlWithSchema:208 --> getConnectionUrlWithSchema, connection url: jdbc:mysql://127.0.0.01:3306/wuye?useUnicode=true&useSSL=false&characterEncoding=utf8
[INFO] [19:01:09.088] [JavaFX Application Thread] [] com.zzg.mybatis.generator.util.DbUtil.getConnection:133 --> getConnection, connection url: com.mysql.jdbc.JDBC4Connection@677c813e
[INFO] [19:01:09.432] [JavaFX Application Thread] [] com.zzg.mybatis.generator.util.DbUtil.getConnectionUrlWithSchema:208 --> getConnectionUrlWithSchema, connection url: jdbc:mysql://127.0.0.01:3306/wuye?useUnicode=true&useSSL=false&characterEncoding=utf8
[INFO] [19:01:09.436] [JavaFX Application Thread] [] com.zzg.mybatis.generator.util.DbUtil.getConnection:133 --> getConnection, connection url: com.mysql.jdbc.JDBC4Connection@523245b9
[INFO] [19:03:37.445] [JavaFX Application Thread] [] com.zzg.mybatis.generator.util.ConfigHelper.findConnectorLibPath:215 --> jar resource: jar:file:/F:/%e5%be%85%e6%95%b4%e7%90%86/qqmsg/47449304/FileRecv/mybatis-generator-gui-%e6%96%b0%e6%94%b9%e7%89%88/mybatis-generator-gui/mybatis-generator-gui.jar!/logback.xml
[INFO] [19:03:37.446] [JavaFX Application Thread] [] com.zzg.mybatis.generator.bridge.MybatisGeneratorBridge.generate:66 --> connectorLibPath: F:\待整理\qqmsg\47449304\FileRecv\mybatis-generator-gui-新改版\mybatis-generator-gui\lib\mysql-connector-java-5.1.38.jar
[INFO] [19:03:37.449] [JavaFX Application Thread] [] com.zzg.mybatis.generator.util.DbUtil.getConnectionUrlWithSchema:208 --> getConnectionUrlWithSchema, connection url: jdbc:mysql://127.0.0.01:3306/wuye?useUnicode=true&useSSL=false&characterEncoding=utf8
[DEBUG] [19:03:37.881] [JavaFX Application Thread] [] org.mybatis.generator.logging.LogFactory.setImplementation:105 --> Logging initialized using 'org.mybatis.generator.logging.slf4j.Slf4jLoggingLogFactory@6d5bc055' adapter.
[DEBUG] [19:03:37.883] [JavaFX Application Thread] [] org.mybatis.generator.internal.db.DatabaseIntrospector.getColumns:506 --> Retrieving column information for table "wuye.admin"
[DEBUG] [19:03:37.927] [JavaFX Application Thread] [] org.mybatis.generator.internal.db.DatabaseIntrospector.getColumns:563 --> Found column "admin_id", data type 4, in table "wuye..admin"
[DEBUG] [19:03:37.927] [JavaFX Application Thread] [] org.mybatis.generator.internal.db.DatabaseIntrospector.getColumns:563 --> Found column "admin_name", data type 12, in table "wuye..admin"
[DEBUG] [19:03:37.928] [JavaFX Application Thread] [] org.mybatis.generator.internal.db.DatabaseIntrospector.getColumns:563 --> Found column "admin_pwd", data type 12, in table "wuye..admin"
[INFO] [19:04:17.612] [JavaFX Application Thread] [] com.zzg.mybatis.generator.util.ConfigHelper.findConnectorLibPath:215 --> jar resource: jar:file:/F:/%e5%be%85%e6%95%b4%e7%90%86/qqmsg/47449304/FileRecv/mybatis-generator-gui-%e6%96%b0%e6%94%b9%e7%89%88/mybatis-generator-gui/mybatis-generator-gui.jar!/logback.xml
[INFO] [19:04:17.614] [JavaFX Application Thread] [] com.zzg.mybatis.generator.bridge.MybatisGeneratorBridge.generate:66 --> connectorLibPath: F:\待整理\qqmsg\47449304\FileRecv\mybatis-generator-gui-新改版\mybatis-generator-gui\lib\mysql-connector-java-5.1.38.jar
[INFO] [19:04:17.615] [JavaFX Application Thread] [] com.zzg.mybatis.generator.util.DbUtil.getConnectionUrlWithSchema:208 --> getConnectionUrlWithSchema, connection url: jdbc:mysql://127.0.0.01:3306/wuye?useUnicode=true&useSSL=false&characterEncoding=utf8
[DEBUG] [19:04:17.757] [JavaFX Application Thread] [] org.mybatis.generator.internal.db.DatabaseIntrospector.getColumns:506 --> Retrieving column information for table "wuye.house"
[DEBUG] [19:04:17.772] [JavaFX Application Thread] [] org.mybatis.generator.internal.db.DatabaseIntrospector.getColumns:563 --> Found column "house_id", data type 4, in table "wuye..house"
[DEBUG] [19:04:17.773] [JavaFX Application Thread] [] org.mybatis.generator.internal.db.DatabaseIntrospector.getColumns:563 --> Found column "house_name", data type 12, in table "wuye..house"
[DEBUG] [19:04:17.774] [JavaFX Application Thread] [] org.mybatis.generator.internal.db.DatabaseIntrospector.getColumns:563 --> Found column "house_unit_count", data type 4, in table "wuye..house"
[INFO] [19:04:39.449] [JavaFX Application Thread] [] com.zzg.mybatis.generator.util.ConfigHelper.findConnectorLibPath:215 --> jar resource: jar:file:/F:/%e5%be%85%e6%95%b4%e7%90%86/qqmsg/47449304/FileRecv/mybatis-generator-gui-%e6%96%b0%e6%94%b9%e7%89%88/mybatis-generator-gui/mybatis-generator-gui.jar!/logback.xml
[INFO] [19:04:39.449] [JavaFX Application Thread] [] com.zzg.mybatis.generator.bridge.MybatisGeneratorBridge.generate:66 --> connectorLibPath: F:\待整理\qqmsg\47449304\FileRecv\mybatis-generator-gui-新改版\mybatis-generator-gui\lib\mysql-connector-java-5.1.38.jar
[INFO] [19:04:39.450] [JavaFX Application Thread] [] com.zzg.mybatis.generator.util.DbUtil.getConnectionUrlWithSchema:208 --> getConnectionUrlWithSchema, connection url: jdbc:mysql://127.0.0.01:3306/wuye?useUnicode=true&useSSL=false&characterEncoding=utf8
[DEBUG] [19:04:39.623] [JavaFX Application Thread] [] org.mybatis.generator.internal.db.DatabaseIntrospector.getColumns:506 --> Retrieving column information for table "wuye.house_bind"
[DEBUG] [19:04:39.664] [JavaFX Application Thread] [] org.mybatis.generator.internal.db.DatabaseIntrospector.getColumns:563 --> Found column "house_bind_id", data type 4, in table "wuye..house_bind"
[DEBUG] [19:04:39.665] [JavaFX Application Thread] [] org.mybatis.generator.internal.db.DatabaseIntrospector.getColumns:563 --> Found column "user_id", data type 4, in table "wuye..house_bind"
[DEBUG] [19:04:39.665] [JavaFX Application Thread] [] org.mybatis.generator.internal.db.DatabaseIntrospector.getColumns:563 --> Found column "room_id", data type 4, in table "wuye..house_bind"
[INFO] [19:04:49.907] [JavaFX Application Thread] [] com.zzg.mybatis.generator.util.ConfigHelper.findConnectorLibPath:215 --> jar resource: jar:file:/F:/%e5%be%85%e6%95%b4%e7%90%86/qqmsg/47449304/FileRecv/mybatis-generator-gui-%e6%96%b0%e6%94%b9%e7%89%88/mybatis-generator-gui/mybatis-generator-gui.jar!/logback.xml
[INFO] [19:04:49.908] [JavaFX Application Thread] [] com.zzg.mybatis.generator.bridge.MybatisGeneratorBridge.generate:66 --> connectorLibPath: F:\待整理\qqmsg\47449304\FileRecv\mybatis-generator-gui-新改版\mybatis-generator-gui\lib\mysql-connector-java-5.1.38.jar
[INFO] [19:04:49.909] [JavaFX Application Thread] [] com.zzg.mybatis.generator.util.DbUtil.getConnectionUrlWithSchema:208 --> getConnectionUrlWithSchema, connection url: jdbc:mysql://127.0.0.01:3306/wuye?useUnicode=true&useSSL=false&characterEncoding=utf8
[DEBUG] [19:04:50.043] [JavaFX Application Thread] [] org.mybatis.generator.internal.db.DatabaseIntrospector.getColumns:506 --> Retrieving column information for table "wuye.house_unit"
[DEBUG] [19:04:50.055] [JavaFX Application Thread] [] org.mybatis.generator.internal.db.DatabaseIntrospector.getColumns:563 --> Found column "house_unit_id", data type 4, in table "wuye..house_unit"
[DEBUG] [19:04:50.055] [JavaFX Application Thread] [] org.mybatis.generator.internal.db.DatabaseIntrospector.getColumns:563 --> Found column "house_id", data type 4, in table "wuye..house_unit"
[DEBUG] [19:04:50.056] [JavaFX Application Thread] [] org.mybatis.generator.internal.db.DatabaseIntrospector.getColumns:563 --> Found column "house_unit_name", data type 12, in table "wuye..house_unit"
[DEBUG] [19:04:50.056] [JavaFX Application Thread] [] org.mybatis.generator.internal.db.DatabaseIntrospector.getColumns:563 --> Found column "house_unit_floor_count", data type 4, in table "wuye..house_unit"
[DEBUG] [19:04:50.056] [JavaFX Application Thread] [] org.mybatis.generator.internal.db.DatabaseIntrospector.getColumns:563 --> Found column "house_unit_total_floor", data type 4, in table "wuye..house_unit"
[INFO] [19:04:53.015] [JavaFX Application Thread] [] com.zzg.mybatis.generator.util.ConfigHelper.findConnectorLibPath:215 --> jar resource: jar:file:/F:/%e5%be%85%e6%95%b4%e7%90%86/qqmsg/47449304/FileRecv/mybatis-generator-gui-%e6%96%b0%e6%94%b9%e7%89%88/mybatis-generator-gui/mybatis-generator-gui.jar!/logback.xml
[INFO] [19:04:53.016] [JavaFX Application Thread] [] com.zzg.mybatis.generator.bridge.MybatisGeneratorBridge.generate:66 --> connectorLibPath: F:\待整理\qqmsg\47449304\FileRecv\mybatis-generator-gui-新改版\mybatis-generator-gui\lib\mysql-connector-java-5.1.38.jar
[INFO] [19:04:53.017] [JavaFX Application Thread] [] com.zzg.mybatis.generator.util.DbUtil.getConnectionUrlWithSchema:208 --> getConnectionUrlWithSchema, connection url: jdbc:mysql://127.0.0.01:3306/wuye?useUnicode=true&useSSL=false&characterEncoding=utf8
[DEBUG] [19:04:53.159] [JavaFX Application Thread] [] org.mybatis.generator.internal.db.DatabaseIntrospector.getColumns:506 --> Retrieving column information for table "wuye.room"
[DEBUG] [19:04:53.180] [JavaFX Application Thread] [] org.mybatis.generator.internal.db.DatabaseIntrospector.getColumns:563 --> Found column "room_id", data type 4, in table "wuye..room"
[DEBUG] [19:04:53.181] [JavaFX Application Thread] [] org.mybatis.generator.internal.db.DatabaseIntrospector.getColumns:563 --> Found column "house_unit_id", data type 4, in table "wuye..room"
[DEBUG] [19:04:53.181] [JavaFX Application Thread] [] org.mybatis.generator.internal.db.DatabaseIntrospector.getColumns:563 --> Found column "room_name", data type 12, in table "wuye..room"
[DEBUG] [19:04:53.182] [JavaFX Application Thread] [] org.mybatis.generator.internal.db.DatabaseIntrospector.getColumns:563 --> Found column "room_floor", data type 4, in table "wuye..room"
[DEBUG] [19:04:53.182] [JavaFX Application Thread] [] org.mybatis.generator.internal.db.DatabaseIntrospector.getColumns:563 --> Found column "room_area", data type 8, in table "wuye..room"
[DEBUG] [19:04:53.182] [JavaFX Application Thread] [] org.mybatis.generator.internal.db.DatabaseIntrospector.getColumns:563 --> Found column "room_user_name", data type 12, in table "wuye..room"
[DEBUG] [19:04:53.183] [JavaFX Application Thread] [] org.mybatis.generator.internal.db.DatabaseIntrospector.getColumns:563 --> Found column "room_phone", data type 12, in table "wuye..room"
[DEBUG] [19:04:53.183] [JavaFX Application Thread] [] org.mybatis.generator.internal.db.DatabaseIntrospector.getColumns:563 --> Found column "room_tel", data type 12, in table "wuye..room"
[DEBUG] [19:04:53.183] [JavaFX Application Thread] [] org.mybatis.generator.internal.db.DatabaseIntrospector.getColumns:563 --> Found column "room_pay_date", data type 91, in table "wuye..room"
[DEBUG] [19:04:53.184] [JavaFX Application Thread] [] org.mybatis.generator.internal.db.DatabaseIntrospector.getColumns:563 --> Found column "room_pay_status", data type 4, in table "wuye..room"
[DEBUG] [19:04:53.184] [JavaFX Application Thread] [] org.mybatis.generator.internal.db.DatabaseIntrospector.getColumns:563 --> Found column "room_water_number", data type 4, in table "wuye..room"
[DEBUG] [19:04:53.184] [JavaFX Application Thread] [] org.mybatis.generator.internal.db.DatabaseIntrospector.getColumns:563 --> Found column "room_electricity_number", data type 4, in table "wuye..room"
[DEBUG] [19:04:53.185] [JavaFX Application Thread] [] org.mybatis.generator.internal.db.DatabaseIntrospector.getColumns:563 --> Found column "room_gas_number", data type 4, in table "wuye..room"
[DEBUG] [19:04:53.185] [JavaFX Application Thread] [] org.mybatis.generator.internal.db.DatabaseIntrospector.getColumns:563 --> Found column "room_user_note", data type -1, in table "wuye..room"
[INFO] [19:04:55.595] [JavaFX Application Thread] [] com.zzg.mybatis.generator.util.ConfigHelper.findConnectorLibPath:215 --> jar resource: jar:file:/F:/%e5%be%85%e6%95%b4%e7%90%86/qqmsg/47449304/FileRecv/mybatis-generator-gui-%e6%96%b0%e6%94%b9%e7%89%88/mybatis-generator-gui/mybatis-generator-gui.jar!/logback.xml
[INFO] [19:04:55.596] [JavaFX Application Thread] [] com.zzg.mybatis.generator.bridge.MybatisGeneratorBridge.generate:66 --> connectorLibPath: F:\待整理\qqmsg\47449304\FileRecv\mybatis-generator-gui-新改版\mybatis-generator-gui\lib\mysql-connector-java-5.1.38.jar
[INFO] [19:04:55.596] [JavaFX Application Thread] [] com.zzg.mybatis.generator.util.DbUtil.getConnectionUrlWithSchema:208 --> getConnectionUrlWithSchema, connection url: jdbc:mysql://127.0.0.01:3306/wuye?useUnicode=true&useSSL=false&characterEncoding=utf8
[DEBUG] [19:04:55.739] [JavaFX Application Thread] [] org.mybatis.generator.internal.db.DatabaseIntrospector.getColumns:506 --> Retrieving column information for table "wuye.user"
[DEBUG] [19:04:55.778] [JavaFX Application Thread] [] org.mybatis.generator.internal.db.DatabaseIntrospector.getColumns:563 --> Found column "user_id", data type 4, in table "wuye..user"
[DEBUG] [19:04:55.778] [JavaFX Application Thread] [] org.mybatis.generator.internal.db.DatabaseIntrospector.getColumns:563 --> Found column "user_account", data type 12, in table "wuye..user"
[DEBUG] [19:04:55.779] [JavaFX Application Thread] [] org.mybatis.generator.internal.db.DatabaseIntrospector.getColumns:563 --> Found column "user_pwd", data type 12, in table "wuye..user"
[DEBUG] [19:04:55.779] [JavaFX Application Thread] [] org.mybatis.generator.internal.db.DatabaseIntrospector.getColumns:563 --> Found column "user_balance", data type 8, in table "wuye..user"
[DEBUG] [19:04:55.779] [JavaFX Application Thread] [] org.mybatis.generator.internal.db.DatabaseIntrospector.getColumns:563 --> Found column "user_openId", data type 12, in table "wuye..user"
[DEBUG] [19:04:55.780] [JavaFX Application Thread] [] org.mybatis.generator.internal.db.DatabaseIntrospector.getColumns:563 --> Found column "user_creat_time", data type 93, in table "wuye..user"
