[INFO] [12:17:38.637] [JavaFX Application Thread] [] com.zzg.mybatis.generator.util.ConnectionManager.getConnection:20 --> database FilePath :E:\桌面\mybatis-generator-gui\.\config\sqlite3.db
[INFO] [12:18:02.053] [JavaFX Application Thread] [] com.zzg.mybatis.generator.util.ConnectionManager.getConnection:20 --> database FilePath :E:\桌面\mybatis-generator-gui\.\config\sqlite3.db
[INFO] [12:18:02.116] [JavaFX Application Thread] [] com.zzg.mybatis.generator.util.ConnectionManager.getConnection:20 --> database FilePath :E:\桌面\mybatis-generator-gui\.\config\sqlite3.db
[INFO] [12:18:05.045] [JavaFX Application Thread] [] com.zzg.mybatis.generator.util.ConnectionManager.getConnection:20 --> database FilePath :E:\桌面\mybatis-generator-gui\.\config\sqlite3.db
[INFO] [12:18:05.085] [JavaFX Application Thread] [] com.zzg.mybatis.generator.util.ConnectionManager.getConnection:20 --> database FilePath :E:\桌面\mybatis-generator-gui\.\config\sqlite3.db
[INFO] [12:18:07.831] [JavaFX Application Thread] [] com.zzg.mybatis.generator.util.ConnectionManager.getConnection:20 --> database FilePath :E:\桌面\mybatis-generator-gui\.\config\sqlite3.db
[INFO] [12:18:07.899] [JavaFX Application Thread] [] com.zzg.mybatis.generator.util.ConnectionManager.getConnection:20 --> database FilePath :E:\桌面\mybatis-generator-gui\.\config\sqlite3.db
[INFO] [12:18:10.624] [JavaFX Application Thread] [] com.zzg.mybatis.generator.util.ConnectionManager.getConnection:20 --> database FilePath :E:\桌面\mybatis-generator-gui\.\config\sqlite3.db
[INFO] [12:18:10.691] [JavaFX Application Thread] [] com.zzg.mybatis.generator.util.ConnectionManager.getConnection:20 --> database FilePath :E:\桌面\mybatis-generator-gui\.\config\sqlite3.db
[INFO] [12:18:13.304] [JavaFX Application Thread] [] com.zzg.mybatis.generator.util.ConnectionManager.getConnection:20 --> database FilePath :E:\桌面\mybatis-generator-gui\.\config\sqlite3.db
[INFO] [12:18:13.369] [JavaFX Application Thread] [] com.zzg.mybatis.generator.util.ConnectionManager.getConnection:20 --> database FilePath :E:\桌面\mybatis-generator-gui\.\config\sqlite3.db
[INFO] [12:19:20.075] [JavaFX Application Thread] [] com.zzg.mybatis.generator.util.ConfigHelper.getAllJDBCDriverJarPaths:238 --> jar lib path: E:\桌面\mybatis-generator-gui\lib
[INFO] [12:19:20.076] [JavaFX Application Thread] [] com.zzg.mybatis.generator.util.ConfigHelper.getAllJDBCDriverJarPaths:242 --> jar file: E:\桌面\mybatis-generator-gui\lib\commons-beanutils-1.9.2.jar
[INFO] [12:19:20.076] [JavaFX Application Thread] [] com.zzg.mybatis.generator.util.ConfigHelper.getAllJDBCDriverJarPaths:242 --> jar file: E:\桌面\mybatis-generator-gui\lib\commons-collections-3.2.1.jar
[INFO] [12:19:20.077] [JavaFX Application Thread] [] com.zzg.mybatis.generator.util.ConfigHelper.getAllJDBCDriverJarPaths:242 --> jar file: E:\桌面\mybatis-generator-gui\lib\commons-io-2.5.jar
[INFO] [12:19:20.077] [JavaFX Application Thread] [] com.zzg.mybatis.generator.util.ConfigHelper.getAllJDBCDriverJarPaths:242 --> jar file: E:\桌面\mybatis-generator-gui\lib\commons-lang3-3.4.jar
[INFO] [12:19:20.078] [JavaFX Application Thread] [] com.zzg.mybatis.generator.util.ConfigHelper.getAllJDBCDriverJarPaths:242 --> jar file: E:\桌面\mybatis-generator-gui\lib\commons-logging-1.1.1.jar
[INFO] [12:19:20.079] [JavaFX Application Thread] [] com.zzg.mybatis.generator.util.ConfigHelper.getAllJDBCDriverJarPaths:242 --> jar file: E:\桌面\mybatis-generator-gui\lib\fastjson-1.2.7.jar
[INFO] [12:19:20.079] [JavaFX Application Thread] [] com.zzg.mybatis.generator.util.ConfigHelper.getAllJDBCDriverJarPaths:242 --> jar file: E:\桌面\mybatis-generator-gui\lib\hamcrest-core-1.3.jar
[INFO] [12:19:20.080] [JavaFX Application Thread] [] com.zzg.mybatis.generator.util.ConfigHelper.getAllJDBCDriverJarPaths:242 --> jar file: E:\桌面\mybatis-generator-gui\lib\jsch-0.1.54.jar
[INFO] [12:19:20.080] [JavaFX Application Thread] [] com.zzg.mybatis.generator.util.ConfigHelper.getAllJDBCDriverJarPaths:242 --> jar file: E:\桌面\mybatis-generator-gui\lib\junit-4.12.jar
[INFO] [12:19:20.081] [JavaFX Application Thread] [] com.zzg.mybatis.generator.util.ConfigHelper.getAllJDBCDriverJarPaths:242 --> jar file: E:\桌面\mybatis-generator-gui\lib\logback-classic-1.1.2.jar
[INFO] [12:19:20.081] [JavaFX Application Thread] [] com.zzg.mybatis.generator.util.ConfigHelper.getAllJDBCDriverJarPaths:242 --> jar file: E:\桌面\mybatis-generator-gui\lib\logback-core-1.1.2.jar
[INFO] [12:19:20.082] [JavaFX Application Thread] [] com.zzg.mybatis.generator.util.ConfigHelper.getAllJDBCDriverJarPaths:242 --> jar file: E:\桌面\mybatis-generator-gui\lib\mybatis-generator-core-1.3.6.jar
[INFO] [12:19:20.082] [JavaFX Application Thread] [] com.zzg.mybatis.generator.util.ConfigHelper.getAllJDBCDriverJarPaths:242 --> jar file: E:\桌面\mybatis-generator-gui\lib\mysql-connector-java-5.1.38.jar
[INFO] [12:19:20.082] [JavaFX Application Thread] [] com.zzg.mybatis.generator.util.ConfigHelper.getAllJDBCDriverJarPaths:242 --> jar file: E:\桌面\mybatis-generator-gui\lib\mysql-connector-java-8.0.11.jar
[INFO] [12:19:20.083] [JavaFX Application Thread] [] com.zzg.mybatis.generator.util.ConfigHelper.getAllJDBCDriverJarPaths:242 --> jar file: E:\桌面\mybatis-generator-gui\lib\ojdbc6.jar
[INFO] [12:19:20.083] [JavaFX Application Thread] [] com.zzg.mybatis.generator.util.ConfigHelper.getAllJDBCDriverJarPaths:242 --> jar file: E:\桌面\mybatis-generator-gui\lib\postgresql-9.4.1209.jar
[INFO] [12:19:20.084] [JavaFX Application Thread] [] com.zzg.mybatis.generator.util.ConfigHelper.getAllJDBCDriverJarPaths:242 --> jar file: E:\桌面\mybatis-generator-gui\lib\slf4j-api-1.7.25.jar
[INFO] [12:19:20.085] [JavaFX Application Thread] [] com.zzg.mybatis.generator.util.ConfigHelper.getAllJDBCDriverJarPaths:242 --> jar file: E:\桌面\mybatis-generator-gui\lib\sqlite-jdbc-3.19.3.jar
[INFO] [12:19:20.085] [JavaFX Application Thread] [] com.zzg.mybatis.generator.util.ConfigHelper.getAllJDBCDriverJarPaths:242 --> jar file: E:\桌面\mybatis-generator-gui\lib\sqlite-jdbc-3.8.11.2.jar
[INFO] [12:19:20.086] [JavaFX Application Thread] [] com.zzg.mybatis.generator.util.ConfigHelper.getAllJDBCDriverJarPaths:242 --> jar file: E:\桌面\mybatis-generator-gui\lib\sqljdbc4-4.0.jar
[INFO] [12:19:20.095] [JavaFX Application Thread] [] com.zzg.mybatis.generator.util.DbUtil.loadDbDriver:222 --> load driver class: com.mysql.cj.jdbc.Driver@73eba182
[INFO] [12:19:20.098] [JavaFX Application Thread] [] com.zzg.mybatis.generator.util.DbUtil.getConnectionUrlWithSchema:208 --> getConnectionUrlWithSchema, connection url: jdbc:mysql://127.0.0.1:3306/sifa09mybatis?serverTimezone=UTC&useUnicode=true&useSSL=false&characterEncoding=utf8
[INFO] [12:19:20.318] [JavaFX Application Thread] [] com.zzg.mybatis.generator.util.DbUtil.getConnection:133 --> getConnection, connection url: com.mysql.cj.jdbc.ConnectionImpl@3071454a
[INFO] [12:19:23.511] [JavaFX Application Thread] [] com.zzg.mybatis.generator.util.ConnectionManager.getConnection:20 --> database FilePath :E:\桌面\mybatis-generator-gui\.\config\sqlite3.db
[INFO] [12:19:23.607] [JavaFX Application Thread] [] com.zzg.mybatis.generator.util.ConnectionManager.getConnection:20 --> database FilePath :E:\桌面\mybatis-generator-gui\.\config\sqlite3.db
[INFO] [12:19:26.663] [JavaFX Application Thread] [] com.zzg.mybatis.generator.util.DbUtil.getConnectionUrlWithSchema:208 --> getConnectionUrlWithSchema, connection url: jdbc:mysql://127.0.0.1:3306/sifa09mybatis?serverTimezone=UTC&useUnicode=true&useSSL=false&characterEncoding=utf8
[INFO] [12:19:26.669] [JavaFX Application Thread] [] com.zzg.mybatis.generator.util.DbUtil.getConnection:133 --> getConnection, connection url: com.mysql.cj.jdbc.ConnectionImpl@12efed85
[INFO] [12:21:55.335] [JavaFX Application Thread] [] com.zzg.mybatis.generator.util.ConfigHelper.findConnectorLibPath:215 --> jar resource: jar:file:/E:/%e6%a1%8c%e9%9d%a2/mybatis-generator-gui/mybatis-generator-gui.jar!/logback.xml
[INFO] [12:21:55.337] [JavaFX Application Thread] [] com.zzg.mybatis.generator.bridge.MybatisGeneratorBridge.generate:66 --> connectorLibPath: E:\桌面\mybatis-generator-gui\lib\mysql-connector-java-8.0.11.jar
[INFO] [12:21:55.339] [JavaFX Application Thread] [] com.zzg.mybatis.generator.util.DbUtil.getConnectionUrlWithSchema:208 --> getConnectionUrlWithSchema, connection url: jdbc:mysql://127.0.0.1:3306/sifa09mybatis?serverTimezone=UTC&useUnicode=true&useSSL=false&characterEncoding=utf8
[DEBUG] [12:21:55.450] [JavaFX Application Thread] [] org.mybatis.generator.logging.LogFactory.setImplementation:105 --> Logging initialized using 'org.mybatis.generator.logging.slf4j.Slf4jLoggingLogFactory@3fd7130e' adapter.
[DEBUG] [12:21:55.451] [JavaFX Application Thread] [] org.mybatis.generator.internal.db.DatabaseIntrospector.getColumns:506 --> Retrieving column information for table "sifa09mybatis.human"
[DEBUG] [12:21:55.522] [JavaFX Application Thread] [] org.mybatis.generator.internal.db.DatabaseIntrospector.getColumns:563 --> Found column "id", data type 4, in table "sifa09mybatis..human"
[DEBUG] [12:21:55.523] [JavaFX Application Thread] [] org.mybatis.generator.internal.db.DatabaseIntrospector.getColumns:563 --> Found column "name", data type 12, in table "sifa09mybatis..human"
[DEBUG] [12:21:55.524] [JavaFX Application Thread] [] org.mybatis.generator.internal.db.DatabaseIntrospector.getColumns:563 --> Found column "gender", data type 4, in table "sifa09mybatis..human"
[DEBUG] [12:21:55.525] [JavaFX Application Thread] [] org.mybatis.generator.internal.db.DatabaseIntrospector.getColumns:563 --> Found column "birthday", data type 91, in table "sifa09mybatis..human"
[DEBUG] [12:21:55.525] [JavaFX Application Thread] [] org.mybatis.generator.internal.db.DatabaseIntrospector.getColumns:563 --> Found column "address", data type 12, in table "sifa09mybatis..human"
[DEBUG] [12:21:55.526] [JavaFX Application Thread] [] org.mybatis.generator.internal.db.DatabaseIntrospector.getColumns:563 --> Found column "score", data type 8, in table "sifa09mybatis..human"
