[INFO] [11:25:29.791] [JavaFX Application Thread] [] com.zzg.mybatis.generator.util.ConnectionManager.getConnection:20 --> database FilePath :D:\soft\mybatis-generator-gui\.\config\sqlite3.db
[INFO] [11:25:32.944] [JavaFX Application Thread] [] com.zzg.mybatis.generator.util.ConfigHelper.getAllJDBCDriverJarPaths:238 --> jar lib path: D:\soft\mybatis-generator-gui\lib
[INFO] [11:25:32.945] [JavaFX Application Thread] [] com.zzg.mybatis.generator.util.ConfigHelper.getAllJDBCDriverJarPaths:242 --> jar file: D:\soft\mybatis-generator-gui\lib\commons-beanutils-1.9.2.jar
[INFO] [11:25:32.945] [JavaFX Application Thread] [] com.zzg.mybatis.generator.util.ConfigHelper.getAllJDBCDriverJarPaths:242 --> jar file: D:\soft\mybatis-generator-gui\lib\commons-collections-3.2.1.jar
[INFO] [11:25:32.945] [JavaFX Application Thread] [] com.zzg.mybatis.generator.util.ConfigHelper.getAllJDBCDriverJarPaths:242 --> jar file: D:\soft\mybatis-generator-gui\lib\commons-io-2.5.jar
[INFO] [11:25:32.946] [JavaFX Application Thread] [] com.zzg.mybatis.generator.util.ConfigHelper.getAllJDBCDriverJarPaths:242 --> jar file: D:\soft\mybatis-generator-gui\lib\commons-lang3-3.4.jar
[INFO] [11:25:32.946] [JavaFX Application Thread] [] com.zzg.mybatis.generator.util.ConfigHelper.getAllJDBCDriverJarPaths:242 --> jar file: D:\soft\mybatis-generator-gui\lib\commons-logging-1.1.1.jar
[INFO] [11:25:32.946] [JavaFX Application Thread] [] com.zzg.mybatis.generator.util.ConfigHelper.getAllJDBCDriverJarPaths:242 --> jar file: D:\soft\mybatis-generator-gui\lib\fastjson-1.2.7.jar
[INFO] [11:25:32.946] [JavaFX Application Thread] [] com.zzg.mybatis.generator.util.ConfigHelper.getAllJDBCDriverJarPaths:242 --> jar file: D:\soft\mybatis-generator-gui\lib\hamcrest-core-1.3.jar
[INFO] [11:25:32.946] [JavaFX Application Thread] [] com.zzg.mybatis.generator.util.ConfigHelper.getAllJDBCDriverJarPaths:242 --> jar file: D:\soft\mybatis-generator-gui\lib\jsch-0.1.54.jar
[INFO] [11:25:32.947] [JavaFX Application Thread] [] com.zzg.mybatis.generator.util.ConfigHelper.getAllJDBCDriverJarPaths:242 --> jar file: D:\soft\mybatis-generator-gui\lib\junit-4.12.jar
[INFO] [11:25:32.947] [JavaFX Application Thread] [] com.zzg.mybatis.generator.util.ConfigHelper.getAllJDBCDriverJarPaths:242 --> jar file: D:\soft\mybatis-generator-gui\lib\logback-classic-1.1.2.jar
[INFO] [11:25:32.947] [JavaFX Application Thread] [] com.zzg.mybatis.generator.util.ConfigHelper.getAllJDBCDriverJarPaths:242 --> jar file: D:\soft\mybatis-generator-gui\lib\logback-core-1.1.2.jar
[INFO] [11:25:32.947] [JavaFX Application Thread] [] com.zzg.mybatis.generator.util.ConfigHelper.getAllJDBCDriverJarPaths:242 --> jar file: D:\soft\mybatis-generator-gui\lib\mybatis-generator-core-1.3.6.jar
[INFO] [11:25:32.947] [JavaFX Application Thread] [] com.zzg.mybatis.generator.util.ConfigHelper.getAllJDBCDriverJarPaths:242 --> jar file: D:\soft\mybatis-generator-gui\lib\mysql-connector-java-5.1.38.jar
[INFO] [11:25:32.947] [JavaFX Application Thread] [] com.zzg.mybatis.generator.util.ConfigHelper.getAllJDBCDriverJarPaths:242 --> jar file: D:\soft\mybatis-generator-gui\lib\mysql-connector-java-8.0.11.jar
[INFO] [11:25:32.948] [JavaFX Application Thread] [] com.zzg.mybatis.generator.util.ConfigHelper.getAllJDBCDriverJarPaths:242 --> jar file: D:\soft\mybatis-generator-gui\lib\ojdbc6.jar
[INFO] [11:25:32.948] [JavaFX Application Thread] [] com.zzg.mybatis.generator.util.ConfigHelper.getAllJDBCDriverJarPaths:242 --> jar file: D:\soft\mybatis-generator-gui\lib\postgresql-9.4.1209.jar
[INFO] [11:25:32.948] [JavaFX Application Thread] [] com.zzg.mybatis.generator.util.ConfigHelper.getAllJDBCDriverJarPaths:242 --> jar file: D:\soft\mybatis-generator-gui\lib\slf4j-api-1.7.25.jar
[INFO] [11:25:32.949] [JavaFX Application Thread] [] com.zzg.mybatis.generator.util.ConfigHelper.getAllJDBCDriverJarPaths:242 --> jar file: D:\soft\mybatis-generator-gui\lib\sqlite-jdbc-3.19.3.jar
[INFO] [11:25:32.949] [JavaFX Application Thread] [] com.zzg.mybatis.generator.util.ConfigHelper.getAllJDBCDriverJarPaths:242 --> jar file: D:\soft\mybatis-generator-gui\lib\sqlite-jdbc-3.8.11.2.jar
[INFO] [11:25:32.949] [JavaFX Application Thread] [] com.zzg.mybatis.generator.util.ConfigHelper.getAllJDBCDriverJarPaths:242 --> jar file: D:\soft\mybatis-generator-gui\lib\sqljdbc4-4.0.jar
[INFO] [11:25:32.956] [JavaFX Application Thread] [] com.zzg.mybatis.generator.util.DbUtil.loadDbDriver:222 --> load driver class: com.mysql.jdbc.Driver@22b06fd
[INFO] [11:25:32.957] [JavaFX Application Thread] [] com.zzg.mybatis.generator.util.DbUtil.getConnectionUrlWithSchema:208 --> getConnectionUrlWithSchema, connection url: jdbc:mysql://127.0.0.1:3306/company_frame?useUnicode=true&useSSL=false&characterEncoding=utf8
[INFO] [11:25:33.140] [JavaFX Application Thread] [] com.zzg.mybatis.generator.util.DbUtil.getConnection:133 --> getConnection, connection url: com.mysql.jdbc.JDBC4Connection@22ea0d48
[INFO] [11:25:33.901] [JavaFX Application Thread] [] com.zzg.mybatis.generator.util.DbUtil.getConnectionUrlWithSchema:208 --> getConnectionUrlWithSchema, connection url: jdbc:mysql://127.0.0.1:3306/company_frame?useUnicode=true&useSSL=false&characterEncoding=utf8
[INFO] [11:25:33.904] [JavaFX Application Thread] [] com.zzg.mybatis.generator.util.DbUtil.getConnection:133 --> getConnection, connection url: com.mysql.jdbc.JDBC4Connection@1d7f810
[INFO] [11:26:19.576] [JavaFX Application Thread] [] com.zzg.mybatis.generator.util.ConfigHelper.findConnectorLibPath:215 --> jar resource: jar:file:/D:/soft/mybatis-generator-gui/mybatis-generator-gui.jar!/logback.xml
[INFO] [11:26:19.577] [JavaFX Application Thread] [] com.zzg.mybatis.generator.bridge.MybatisGeneratorBridge.generate:66 --> connectorLibPath: D:\soft\mybatis-generator-gui\lib\mysql-connector-java-5.1.38.jar
[INFO] [11:26:19.579] [JavaFX Application Thread] [] com.zzg.mybatis.generator.util.DbUtil.getConnectionUrlWithSchema:208 --> getConnectionUrlWithSchema, connection url: jdbc:mysql://127.0.0.1:3306/company_frame?useUnicode=true&useSSL=false&characterEncoding=utf8
[DEBUG] [11:26:19.740] [JavaFX Application Thread] [] org.mybatis.generator.logging.LogFactory.setImplementation:105 --> Logging initialized using 'org.mybatis.generator.logging.slf4j.Slf4jLoggingLogFactory@50f64d9a' adapter.
[DEBUG] [11:26:19.741] [JavaFX Application Thread] [] org.mybatis.generator.internal.db.DatabaseIntrospector.getColumns:506 --> Retrieving column information for table "company_frame.sys_role"
[DEBUG] [11:26:19.753] [JavaFX Application Thread] [] org.mybatis.generator.internal.db.DatabaseIntrospector.getColumns:563 --> Found column "id", data type 12, in table "company_frame..sys_role"
[DEBUG] [11:26:19.754] [JavaFX Application Thread] [] org.mybatis.generator.internal.db.DatabaseIntrospector.getColumns:563 --> Found column "name", data type 12, in table "company_frame..sys_role"
[DEBUG] [11:26:19.754] [JavaFX Application Thread] [] org.mybatis.generator.internal.db.DatabaseIntrospector.getColumns:563 --> Found column "description", data type 12, in table "company_frame..sys_role"
[DEBUG] [11:26:19.754] [JavaFX Application Thread] [] org.mybatis.generator.internal.db.DatabaseIntrospector.getColumns:563 --> Found column "status", data type -6, in table "company_frame..sys_role"
[DEBUG] [11:26:19.755] [JavaFX Application Thread] [] org.mybatis.generator.internal.db.DatabaseIntrospector.getColumns:563 --> Found column "create_time", data type 93, in table "company_frame..sys_role"
[DEBUG] [11:26:19.755] [JavaFX Application Thread] [] org.mybatis.generator.internal.db.DatabaseIntrospector.getColumns:563 --> Found column "update_time", data type 93, in table "company_frame..sys_role"
[DEBUG] [11:26:19.755] [JavaFX Application Thread] [] org.mybatis.generator.internal.db.DatabaseIntrospector.getColumns:563 --> Found column "deleted", data type -6, in table "company_frame..sys_role"
[INFO] [11:26:27.350] [JavaFX Application Thread] [] com.zzg.mybatis.generator.util.ConfigHelper.findConnectorLibPath:215 --> jar resource: jar:file:/D:/soft/mybatis-generator-gui/mybatis-generator-gui.jar!/logback.xml
[INFO] [11:26:27.351] [JavaFX Application Thread] [] com.zzg.mybatis.generator.bridge.MybatisGeneratorBridge.generate:66 --> connectorLibPath: D:\soft\mybatis-generator-gui\lib\mysql-connector-java-5.1.38.jar
[INFO] [11:26:27.351] [JavaFX Application Thread] [] com.zzg.mybatis.generator.util.DbUtil.getConnectionUrlWithSchema:208 --> getConnectionUrlWithSchema, connection url: jdbc:mysql://127.0.0.1:3306/company_frame?useUnicode=true&useSSL=false&characterEncoding=utf8
[DEBUG] [11:26:27.491] [JavaFX Application Thread] [] org.mybatis.generator.internal.db.DatabaseIntrospector.getColumns:506 --> Retrieving column information for table "company_frame.sys_user_role"
[DEBUG] [11:26:27.507] [JavaFX Application Thread] [] org.mybatis.generator.internal.db.DatabaseIntrospector.getColumns:563 --> Found column "id", data type 12, in table "company_frame..sys_user_role"
[DEBUG] [11:26:27.508] [JavaFX Application Thread] [] org.mybatis.generator.internal.db.DatabaseIntrospector.getColumns:563 --> Found column "user_id", data type 12, in table "company_frame..sys_user_role"
[DEBUG] [11:26:27.508] [JavaFX Application Thread] [] org.mybatis.generator.internal.db.DatabaseIntrospector.getColumns:563 --> Found column "role_id", data type 12, in table "company_frame..sys_user_role"
[DEBUG] [11:26:27.509] [JavaFX Application Thread] [] org.mybatis.generator.internal.db.DatabaseIntrospector.getColumns:563 --> Found column "create_time", data type 93, in table "company_frame..sys_user_role"
[INFO] [11:26:31.223] [JavaFX Application Thread] [] com.zzg.mybatis.generator.util.ConfigHelper.findConnectorLibPath:215 --> jar resource: jar:file:/D:/soft/mybatis-generator-gui/mybatis-generator-gui.jar!/logback.xml
[INFO] [11:26:31.223] [JavaFX Application Thread] [] com.zzg.mybatis.generator.bridge.MybatisGeneratorBridge.generate:66 --> connectorLibPath: D:\soft\mybatis-generator-gui\lib\mysql-connector-java-5.1.38.jar
[INFO] [11:26:31.224] [JavaFX Application Thread] [] com.zzg.mybatis.generator.util.DbUtil.getConnectionUrlWithSchema:208 --> getConnectionUrlWithSchema, connection url: jdbc:mysql://127.0.0.1:3306/company_frame?useUnicode=true&useSSL=false&characterEncoding=utf8
[DEBUG] [11:26:31.408] [JavaFX Application Thread] [] org.mybatis.generator.internal.db.DatabaseIntrospector.getColumns:506 --> Retrieving column information for table "company_frame.sys_permission"
[DEBUG] [11:26:31.422] [JavaFX Application Thread] [] org.mybatis.generator.internal.db.DatabaseIntrospector.getColumns:563 --> Found column "id", data type 12, in table "company_frame..sys_permission"
[DEBUG] [11:26:31.424] [JavaFX Application Thread] [] org.mybatis.generator.internal.db.DatabaseIntrospector.getColumns:563 --> Found column "code", data type 12, in table "company_frame..sys_permission"
[DEBUG] [11:26:31.424] [JavaFX Application Thread] [] org.mybatis.generator.internal.db.DatabaseIntrospector.getColumns:563 --> Found column "name", data type 12, in table "company_frame..sys_permission"
[DEBUG] [11:26:31.425] [JavaFX Application Thread] [] org.mybatis.generator.internal.db.DatabaseIntrospector.getColumns:563 --> Found column "perms", data type 12, in table "company_frame..sys_permission"
[DEBUG] [11:26:31.426] [JavaFX Application Thread] [] org.mybatis.generator.internal.db.DatabaseIntrospector.getColumns:563 --> Found column "url", data type 12, in table "company_frame..sys_permission"
[DEBUG] [11:26:31.426] [JavaFX Application Thread] [] org.mybatis.generator.internal.db.DatabaseIntrospector.getColumns:563 --> Found column "method", data type 12, in table "company_frame..sys_permission"
[DEBUG] [11:26:31.427] [JavaFX Application Thread] [] org.mybatis.generator.internal.db.DatabaseIntrospector.getColumns:563 --> Found column "pid", data type 12, in table "company_frame..sys_permission"
[DEBUG] [11:26:31.427] [JavaFX Application Thread] [] org.mybatis.generator.internal.db.DatabaseIntrospector.getColumns:563 --> Found column "order_num", data type 4, in table "company_frame..sys_permission"
[DEBUG] [11:26:31.427] [JavaFX Application Thread] [] org.mybatis.generator.internal.db.DatabaseIntrospector.getColumns:563 --> Found column "type", data type -6, in table "company_frame..sys_permission"
[DEBUG] [11:26:31.427] [JavaFX Application Thread] [] org.mybatis.generator.internal.db.DatabaseIntrospector.getColumns:563 --> Found column "status", data type -6, in table "company_frame..sys_permission"
[DEBUG] [11:26:31.427] [JavaFX Application Thread] [] org.mybatis.generator.internal.db.DatabaseIntrospector.getColumns:563 --> Found column "create_time", data type 93, in table "company_frame..sys_permission"
[DEBUG] [11:26:31.428] [JavaFX Application Thread] [] org.mybatis.generator.internal.db.DatabaseIntrospector.getColumns:563 --> Found column "update_time", data type 93, in table "company_frame..sys_permission"
[DEBUG] [11:26:31.428] [JavaFX Application Thread] [] org.mybatis.generator.internal.db.DatabaseIntrospector.getColumns:563 --> Found column "deleted", data type -6, in table "company_frame..sys_permission"
[INFO] [11:26:34.110] [JavaFX Application Thread] [] com.zzg.mybatis.generator.util.ConfigHelper.findConnectorLibPath:215 --> jar resource: jar:file:/D:/soft/mybatis-generator-gui/mybatis-generator-gui.jar!/logback.xml
[INFO] [11:26:34.110] [JavaFX Application Thread] [] com.zzg.mybatis.generator.bridge.MybatisGeneratorBridge.generate:66 --> connectorLibPath: D:\soft\mybatis-generator-gui\lib\mysql-connector-java-5.1.38.jar
[INFO] [11:26:34.110] [JavaFX Application Thread] [] com.zzg.mybatis.generator.util.DbUtil.getConnectionUrlWithSchema:208 --> getConnectionUrlWithSchema, connection url: jdbc:mysql://127.0.0.1:3306/company_frame?useUnicode=true&useSSL=false&characterEncoding=utf8
[DEBUG] [11:26:34.251] [JavaFX Application Thread] [] org.mybatis.generator.internal.db.DatabaseIntrospector.getColumns:506 --> Retrieving column information for table "company_frame.sys_role_permission"
[DEBUG] [11:26:34.265] [JavaFX Application Thread] [] org.mybatis.generator.internal.db.DatabaseIntrospector.getColumns:563 --> Found column "id", data type 12, in table "company_frame..sys_role_permission"
[DEBUG] [11:26:34.265] [JavaFX Application Thread] [] org.mybatis.generator.internal.db.DatabaseIntrospector.getColumns:563 --> Found column "role_id", data type 12, in table "company_frame..sys_role_permission"
[DEBUG] [11:26:34.265] [JavaFX Application Thread] [] org.mybatis.generator.internal.db.DatabaseIntrospector.getColumns:563 --> Found column "permission_id", data type 12, in table "company_frame..sys_role_permission"
[DEBUG] [11:26:34.266] [JavaFX Application Thread] [] org.mybatis.generator.internal.db.DatabaseIntrospector.getColumns:563 --> Found column "create_time", data type 93, in table "company_frame..sys_role_permission"
