[INFO] [23:20:47.336] [JavaFX Application Thread] [] com.zzg.mybatis.generator.util.ConnectionManager.getConnection:20 --> database FilePath :D:\chengxu\mybatis-generator-gui\.\config\sqlite3.db
[INFO] [23:20:51.423] [JavaFX Application Thread] [] com.zzg.mybatis.generator.util.ConfigHelper.getAllJDBCDriverJarPaths:238 --> jar lib path: D:\chengxu\mybatis-generator-gui\lib
[INFO] [23:20:51.425] [JavaFX Application Thread] [] com.zzg.mybatis.generator.util.ConfigHelper.getAllJDBCDriverJarPaths:242 --> jar file: D:\chengxu\mybatis-generator-gui\lib\commons-beanutils-1.9.2.jar
[INFO] [23:20:51.426] [JavaFX Application Thread] [] com.zzg.mybatis.generator.util.ConfigHelper.getAllJDBCDriverJarPaths:242 --> jar file: D:\chengxu\mybatis-generator-gui\lib\commons-collections-3.2.1.jar
[INFO] [23:20:51.429] [JavaFX Application Thread] [] com.zzg.mybatis.generator.util.ConfigHelper.getAllJDBCDriverJarPaths:242 --> jar file: D:\chengxu\mybatis-generator-gui\lib\commons-io-2.5.jar
[INFO] [23:20:51.429] [JavaFX Application Thread] [] com.zzg.mybatis.generator.util.ConfigHelper.getAllJDBCDriverJarPaths:242 --> jar file: D:\chengxu\mybatis-generator-gui\lib\commons-lang3-3.4.jar
[INFO] [23:20:51.430] [JavaFX Application Thread] [] com.zzg.mybatis.generator.util.ConfigHelper.getAllJDBCDriverJarPaths:242 --> jar file: D:\chengxu\mybatis-generator-gui\lib\commons-logging-1.1.1.jar
[INFO] [23:20:51.430] [JavaFX Application Thread] [] com.zzg.mybatis.generator.util.ConfigHelper.getAllJDBCDriverJarPaths:242 --> jar file: D:\chengxu\mybatis-generator-gui\lib\fastjson-1.2.7.jar
[INFO] [23:20:51.430] [JavaFX Application Thread] [] com.zzg.mybatis.generator.util.ConfigHelper.getAllJDBCDriverJarPaths:242 --> jar file: D:\chengxu\mybatis-generator-gui\lib\hamcrest-core-1.3.jar
[INFO] [23:20:51.431] [JavaFX Application Thread] [] com.zzg.mybatis.generator.util.ConfigHelper.getAllJDBCDriverJarPaths:242 --> jar file: D:\chengxu\mybatis-generator-gui\lib\jsch-0.1.54.jar
[INFO] [23:20:51.431] [JavaFX Application Thread] [] com.zzg.mybatis.generator.util.ConfigHelper.getAllJDBCDriverJarPaths:242 --> jar file: D:\chengxu\mybatis-generator-gui\lib\junit-4.12.jar
[INFO] [23:20:51.431] [JavaFX Application Thread] [] com.zzg.mybatis.generator.util.ConfigHelper.getAllJDBCDriverJarPaths:242 --> jar file: D:\chengxu\mybatis-generator-gui\lib\logback-classic-1.1.2.jar
[INFO] [23:20:51.431] [JavaFX Application Thread] [] com.zzg.mybatis.generator.util.ConfigHelper.getAllJDBCDriverJarPaths:242 --> jar file: D:\chengxu\mybatis-generator-gui\lib\logback-core-1.1.2.jar
[INFO] [23:20:51.432] [JavaFX Application Thread] [] com.zzg.mybatis.generator.util.ConfigHelper.getAllJDBCDriverJarPaths:242 --> jar file: D:\chengxu\mybatis-generator-gui\lib\mybatis-generator-core-1.3.6.jar
[INFO] [23:20:51.432] [JavaFX Application Thread] [] com.zzg.mybatis.generator.util.ConfigHelper.getAllJDBCDriverJarPaths:242 --> jar file: D:\chengxu\mybatis-generator-gui\lib\mysql-connector-java-5.1.38.jar
[INFO] [23:20:51.433] [JavaFX Application Thread] [] com.zzg.mybatis.generator.util.ConfigHelper.getAllJDBCDriverJarPaths:242 --> jar file: D:\chengxu\mybatis-generator-gui\lib\mysql-connector-java-8.0.11.jar
[INFO] [23:20:51.434] [JavaFX Application Thread] [] com.zzg.mybatis.generator.util.ConfigHelper.getAllJDBCDriverJarPaths:242 --> jar file: D:\chengxu\mybatis-generator-gui\lib\ojdbc6.jar
[INFO] [23:20:51.434] [JavaFX Application Thread] [] com.zzg.mybatis.generator.util.ConfigHelper.getAllJDBCDriverJarPaths:242 --> jar file: D:\chengxu\mybatis-generator-gui\lib\postgresql-9.4.1209.jar
[INFO] [23:20:51.434] [JavaFX Application Thread] [] com.zzg.mybatis.generator.util.ConfigHelper.getAllJDBCDriverJarPaths:242 --> jar file: D:\chengxu\mybatis-generator-gui\lib\slf4j-api-1.7.25.jar
[INFO] [23:20:51.435] [JavaFX Application Thread] [] com.zzg.mybatis.generator.util.ConfigHelper.getAllJDBCDriverJarPaths:242 --> jar file: D:\chengxu\mybatis-generator-gui\lib\sqlite-jdbc-3.19.3.jar
[INFO] [23:20:51.435] [JavaFX Application Thread] [] com.zzg.mybatis.generator.util.ConfigHelper.getAllJDBCDriverJarPaths:242 --> jar file: D:\chengxu\mybatis-generator-gui\lib\sqlite-jdbc-3.8.11.2.jar
[INFO] [23:20:51.436] [JavaFX Application Thread] [] com.zzg.mybatis.generator.util.ConfigHelper.getAllJDBCDriverJarPaths:242 --> jar file: D:\chengxu\mybatis-generator-gui\lib\sqljdbc4-4.0.jar
[INFO] [23:20:51.445] [JavaFX Application Thread] [] com.zzg.mybatis.generator.util.DbUtil.loadDbDriver:222 --> load driver class: com.mysql.jdbc.Driver@42b0adc8
[INFO] [23:20:51.446] [JavaFX Application Thread] [] com.zzg.mybatis.generator.util.DbUtil.getConnectionUrlWithSchema:208 --> getConnectionUrlWithSchema, connection url: jdbc:mysql://127.0.0.1:3306/xinbootvue?useUnicode=true&useSSL=false&characterEncoding=utf8
[INFO] [23:20:51.638] [JavaFX Application Thread] [] com.zzg.mybatis.generator.util.DbUtil.getConnection:133 --> getConnection, connection url: com.mysql.jdbc.JDBC4Connection@5d40dc4
[INFO] [23:22:14.341] [JavaFX Application Thread] [] com.zzg.mybatis.generator.util.ConfigHelper.findConnectorLibPath:215 --> jar resource: jar:file:/D:/chengxu/mybatis-generator-gui/mybatis-generator-gui.jar!/logback.xml
[INFO] [23:22:14.342] [JavaFX Application Thread] [] com.zzg.mybatis.generator.bridge.MybatisGeneratorBridge.generate:66 --> connectorLibPath: D:\chengxu\mybatis-generator-gui\lib\mysql-connector-java-5.1.38.jar
[INFO] [23:22:14.344] [JavaFX Application Thread] [] com.zzg.mybatis.generator.util.DbUtil.getConnectionUrlWithSchema:208 --> getConnectionUrlWithSchema, connection url: jdbc:mysql://127.0.0.1:3306/xinbootvue?useUnicode=true&useSSL=false&characterEncoding=utf8
[DEBUG] [23:22:14.556] [JavaFX Application Thread] [] org.mybatis.generator.logging.LogFactory.setImplementation:105 --> Logging initialized using 'org.mybatis.generator.logging.slf4j.Slf4jLoggingLogFactory@40098e6c' adapter.
[DEBUG] [23:22:14.558] [JavaFX Application Thread] [] org.mybatis.generator.internal.db.DatabaseIntrospector.getColumns:506 --> Retrieving column information for table "xinbootvue.yun_user"
[DEBUG] [23:22:14.572] [JavaFX Application Thread] [] org.mybatis.generator.internal.db.DatabaseIntrospector.getColumns:563 --> Found column "id", data type -5, in table "xinbootvue..yun_user"
[DEBUG] [23:22:14.573] [JavaFX Application Thread] [] org.mybatis.generator.internal.db.DatabaseIntrospector.getColumns:563 --> Found column "user_name", data type 12, in table "xinbootvue..yun_user"
[DEBUG] [23:22:14.574] [JavaFX Application Thread] [] org.mybatis.generator.internal.db.DatabaseIntrospector.getColumns:563 --> Found column "pass_word", data type 12, in table "xinbootvue..yun_user"
[DEBUG] [23:22:14.574] [JavaFX Application Thread] [] org.mybatis.generator.internal.db.DatabaseIntrospector.getColumns:563 --> Found column "real_name", data type 12, in table "xinbootvue..yun_user"
[DEBUG] [23:22:14.574] [JavaFX Application Thread] [] org.mybatis.generator.internal.db.DatabaseIntrospector.getColumns:563 --> Found column "role_id", data type -5, in table "xinbootvue..yun_user"
[DEBUG] [23:22:14.575] [JavaFX Application Thread] [] org.mybatis.generator.internal.db.DatabaseIntrospector.getColumns:563 --> Found column "create_time", data type 93, in table "xinbootvue..yun_user"
[DEBUG] [23:22:14.575] [JavaFX Application Thread] [] org.mybatis.generator.internal.db.DatabaseIntrospector.getColumns:563 --> Found column "update_time", data type 93, in table "xinbootvue..yun_user"
[DEBUG] [23:22:14.575] [JavaFX Application Thread] [] org.mybatis.generator.internal.db.DatabaseIntrospector.getColumns:563 --> Found column "is_delete", data type 12, in table "xinbootvue..yun_user"
[INFO] [23:22:39.032] [JavaFX Application Thread] [] com.zzg.mybatis.generator.util.ConfigHelper.findConnectorLibPath:215 --> jar resource: jar:file:/D:/chengxu/mybatis-generator-gui/mybatis-generator-gui.jar!/logback.xml
[INFO] [23:22:39.033] [JavaFX Application Thread] [] com.zzg.mybatis.generator.bridge.MybatisGeneratorBridge.generate:66 --> connectorLibPath: D:\chengxu\mybatis-generator-gui\lib\mysql-connector-java-5.1.38.jar
[INFO] [23:22:39.036] [JavaFX Application Thread] [] com.zzg.mybatis.generator.util.DbUtil.getConnectionUrlWithSchema:208 --> getConnectionUrlWithSchema, connection url: jdbc:mysql://127.0.0.1:3306/xinbootvue?useUnicode=true&useSSL=false&characterEncoding=utf8
[DEBUG] [23:22:39.181] [JavaFX Application Thread] [] org.mybatis.generator.internal.db.DatabaseIntrospector.getColumns:506 --> Retrieving column information for table "xinbootvue.yun_role"
[DEBUG] [23:22:39.218] [JavaFX Application Thread] [] org.mybatis.generator.internal.db.DatabaseIntrospector.getColumns:563 --> Found column "id", data type -5, in table "xinbootvue..yun_role"
[DEBUG] [23:22:39.219] [JavaFX Application Thread] [] org.mybatis.generator.internal.db.DatabaseIntrospector.getColumns:563 --> Found column "role_name", data type 12, in table "xinbootvue..yun_role"
[DEBUG] [23:22:39.220] [JavaFX Application Thread] [] org.mybatis.generator.internal.db.DatabaseIntrospector.getColumns:563 --> Found column "create_time", data type 93, in table "xinbootvue..yun_role"
[DEBUG] [23:22:39.221] [JavaFX Application Thread] [] org.mybatis.generator.internal.db.DatabaseIntrospector.getColumns:563 --> Found column "update_time", data type 93, in table "xinbootvue..yun_role"
[DEBUG] [23:22:39.222] [JavaFX Application Thread] [] org.mybatis.generator.internal.db.DatabaseIntrospector.getColumns:563 --> Found column "is_delete", data type 12, in table "xinbootvue..yun_role"
[INFO] [23:22:58.436] [JavaFX Application Thread] [] com.zzg.mybatis.generator.util.ConfigHelper.findConnectorLibPath:215 --> jar resource: jar:file:/D:/chengxu/mybatis-generator-gui/mybatis-generator-gui.jar!/logback.xml
[INFO] [23:22:58.437] [JavaFX Application Thread] [] com.zzg.mybatis.generator.bridge.MybatisGeneratorBridge.generate:66 --> connectorLibPath: D:\chengxu\mybatis-generator-gui\lib\mysql-connector-java-5.1.38.jar
[INFO] [23:22:58.438] [JavaFX Application Thread] [] com.zzg.mybatis.generator.util.DbUtil.getConnectionUrlWithSchema:208 --> getConnectionUrlWithSchema, connection url: jdbc:mysql://127.0.0.1:3306/xinbootvue?useUnicode=true&useSSL=false&characterEncoding=utf8
[DEBUG] [23:22:58.621] [JavaFX Application Thread] [] org.mybatis.generator.internal.db.DatabaseIntrospector.getColumns:506 --> Retrieving column information for table "xinbootvue.yun_menus"
[DEBUG] [23:22:58.648] [JavaFX Application Thread] [] org.mybatis.generator.internal.db.DatabaseIntrospector.getColumns:563 --> Found column "id", data type -5, in table "xinbootvue..yun_menus"
[DEBUG] [23:22:58.649] [JavaFX Application Thread] [] org.mybatis.generator.internal.db.DatabaseIntrospector.getColumns:563 --> Found column "menu_code", data type 12, in table "xinbootvue..yun_menus"
[DEBUG] [23:22:58.649] [JavaFX Application Thread] [] org.mybatis.generator.internal.db.DatabaseIntrospector.getColumns:563 --> Found column "menu_name", data type 12, in table "xinbootvue..yun_menus"
[DEBUG] [23:22:58.650] [JavaFX Application Thread] [] org.mybatis.generator.internal.db.DatabaseIntrospector.getColumns:563 --> Found column "permission_code", data type 12, in table "xinbootvue..yun_menus"
[DEBUG] [23:22:58.650] [JavaFX Application Thread] [] org.mybatis.generator.internal.db.DatabaseIntrospector.getColumns:563 --> Found column "permission_name", data type 12, in table "xinbootvue..yun_menus"
[DEBUG] [23:22:58.650] [JavaFX Application Thread] [] org.mybatis.generator.internal.db.DatabaseIntrospector.getColumns:563 --> Found column "required_permission", data type -7, in table "xinbootvue..yun_menus"
[DEBUG] [23:22:58.651] [JavaFX Application Thread] [] org.mybatis.generator.internal.db.DatabaseIntrospector.getColumns:563 --> Found column "parent_id", data type -5, in table "xinbootvue..yun_menus"
[DEBUG] [23:22:58.651] [JavaFX Application Thread] [] org.mybatis.generator.internal.db.DatabaseIntrospector.getColumns:563 --> Found column "href", data type 12, in table "xinbootvue..yun_menus"
[DEBUG] [23:22:58.651] [JavaFX Application Thread] [] org.mybatis.generator.internal.db.DatabaseIntrospector.getColumns:563 --> Found column "icon", data type 12, in table "xinbootvue..yun_menus"
[DEBUG] [23:22:58.652] [JavaFX Application Thread] [] org.mybatis.generator.internal.db.DatabaseIntrospector.getColumns:563 --> Found column "sort", data type 4, in table "xinbootvue..yun_menus"
[DEBUG] [23:22:58.652] [JavaFX Application Thread] [] org.mybatis.generator.internal.db.DatabaseIntrospector.getColumns:563 --> Found column "is_on", data type 12, in table "xinbootvue..yun_menus"
[INFO] [23:23:12.391] [JavaFX Application Thread] [] com.zzg.mybatis.generator.util.ConfigHelper.findConnectorLibPath:215 --> jar resource: jar:file:/D:/chengxu/mybatis-generator-gui/mybatis-generator-gui.jar!/logback.xml
[INFO] [23:23:12.392] [JavaFX Application Thread] [] com.zzg.mybatis.generator.bridge.MybatisGeneratorBridge.generate:66 --> connectorLibPath: D:\chengxu\mybatis-generator-gui\lib\mysql-connector-java-5.1.38.jar
[INFO] [23:23:12.393] [JavaFX Application Thread] [] com.zzg.mybatis.generator.util.DbUtil.getConnectionUrlWithSchema:208 --> getConnectionUrlWithSchema, connection url: jdbc:mysql://127.0.0.1:3306/xinbootvue?useUnicode=true&useSSL=false&characterEncoding=utf8
[DEBUG] [23:23:12.535] [JavaFX Application Thread] [] org.mybatis.generator.internal.db.DatabaseIntrospector.getColumns:506 --> Retrieving column information for table "xinbootvue.yun_role_menus"
[DEBUG] [23:23:12.550] [JavaFX Application Thread] [] org.mybatis.generator.internal.db.DatabaseIntrospector.getColumns:563 --> Found column "id", data type -5, in table "xinbootvue..yun_role_menus"
[DEBUG] [23:23:12.550] [JavaFX Application Thread] [] org.mybatis.generator.internal.db.DatabaseIntrospector.getColumns:563 --> Found column "role_id", data type -5, in table "xinbootvue..yun_role_menus"
[DEBUG] [23:23:12.552] [JavaFX Application Thread] [] org.mybatis.generator.internal.db.DatabaseIntrospector.getColumns:563 --> Found column "permission_id", data type -5, in table "xinbootvue..yun_role_menus"
[DEBUG] [23:23:12.554] [JavaFX Application Thread] [] org.mybatis.generator.internal.db.DatabaseIntrospector.getColumns:563 --> Found column "create_time", data type 93, in table "xinbootvue..yun_role_menus"
[DEBUG] [23:23:12.554] [JavaFX Application Thread] [] org.mybatis.generator.internal.db.DatabaseIntrospector.getColumns:563 --> Found column "update_time", data type 93, in table "xinbootvue..yun_role_menus"
[DEBUG] [23:23:12.555] [JavaFX Application Thread] [] org.mybatis.generator.internal.db.DatabaseIntrospector.getColumns:563 --> Found column "is_delete", data type 12, in table "xinbootvue..yun_role_menus"
