[INFO] [20:12:33.996] [JavaFX Application Thread] [] com.zzg.mybatis.generator.util.ConnectionManager.getConnection:20 --> database FilePath :E:\桌面\IT\mybatis-generator-gui\.\config\sqlite3.db
[INFO] [20:12:41.902] [JavaFX Application Thread] [] com.zzg.mybatis.generator.util.ConnectionManager.getConnection:20 --> database FilePath :E:\桌面\IT\mybatis-generator-gui\.\config\sqlite3.db
[INFO] [20:14:14.944] [JavaFX Application Thread] [] com.zzg.mybatis.generator.util.ConfigHelper.getAllJDBCDriverJarPaths:238 --> jar lib path: E:\桌面\IT\mybatis-generator-gui\lib
[INFO] [20:14:14.945] [JavaFX Application Thread] [] com.zzg.mybatis.generator.util.ConfigHelper.getAllJDBCDriverJarPaths:242 --> jar file: E:\桌面\IT\mybatis-generator-gui\lib\commons-beanutils-1.9.2.jar
[INFO] [20:14:14.946] [JavaFX Application Thread] [] com.zzg.mybatis.generator.util.ConfigHelper.getAllJDBCDriverJarPaths:242 --> jar file: E:\桌面\IT\mybatis-generator-gui\lib\commons-collections-3.2.1.jar
[INFO] [20:14:14.947] [JavaFX Application Thread] [] com.zzg.mybatis.generator.util.ConfigHelper.getAllJDBCDriverJarPaths:242 --> jar file: E:\桌面\IT\mybatis-generator-gui\lib\commons-io-2.5.jar
[INFO] [20:14:14.948] [JavaFX Application Thread] [] com.zzg.mybatis.generator.util.ConfigHelper.getAllJDBCDriverJarPaths:242 --> jar file: E:\桌面\IT\mybatis-generator-gui\lib\commons-lang3-3.4.jar
[INFO] [20:14:14.948] [JavaFX Application Thread] [] com.zzg.mybatis.generator.util.ConfigHelper.getAllJDBCDriverJarPaths:242 --> jar file: E:\桌面\IT\mybatis-generator-gui\lib\commons-logging-1.1.1.jar
[INFO] [20:14:14.949] [JavaFX Application Thread] [] com.zzg.mybatis.generator.util.ConfigHelper.getAllJDBCDriverJarPaths:242 --> jar file: E:\桌面\IT\mybatis-generator-gui\lib\fastjson-1.2.7.jar
[INFO] [20:14:14.949] [JavaFX Application Thread] [] com.zzg.mybatis.generator.util.ConfigHelper.getAllJDBCDriverJarPaths:242 --> jar file: E:\桌面\IT\mybatis-generator-gui\lib\hamcrest-core-1.3.jar
[INFO] [20:14:14.949] [JavaFX Application Thread] [] com.zzg.mybatis.generator.util.ConfigHelper.getAllJDBCDriverJarPaths:242 --> jar file: E:\桌面\IT\mybatis-generator-gui\lib\jsch-0.1.54.jar
[INFO] [20:14:14.950] [JavaFX Application Thread] [] com.zzg.mybatis.generator.util.ConfigHelper.getAllJDBCDriverJarPaths:242 --> jar file: E:\桌面\IT\mybatis-generator-gui\lib\junit-4.12.jar
[INFO] [20:14:14.950] [JavaFX Application Thread] [] com.zzg.mybatis.generator.util.ConfigHelper.getAllJDBCDriverJarPaths:242 --> jar file: E:\桌面\IT\mybatis-generator-gui\lib\logback-classic-1.1.2.jar
[INFO] [20:14:14.950] [JavaFX Application Thread] [] com.zzg.mybatis.generator.util.ConfigHelper.getAllJDBCDriverJarPaths:242 --> jar file: E:\桌面\IT\mybatis-generator-gui\lib\logback-core-1.1.2.jar
[INFO] [20:14:14.951] [JavaFX Application Thread] [] com.zzg.mybatis.generator.util.ConfigHelper.getAllJDBCDriverJarPaths:242 --> jar file: E:\桌面\IT\mybatis-generator-gui\lib\mybatis-generator-core-1.3.6.jar
[INFO] [20:14:14.951] [JavaFX Application Thread] [] com.zzg.mybatis.generator.util.ConfigHelper.getAllJDBCDriverJarPaths:242 --> jar file: E:\桌面\IT\mybatis-generator-gui\lib\mysql-connector-java-5.1.38.jar
[INFO] [20:14:14.952] [JavaFX Application Thread] [] com.zzg.mybatis.generator.util.ConfigHelper.getAllJDBCDriverJarPaths:242 --> jar file: E:\桌面\IT\mybatis-generator-gui\lib\mysql-connector-java-8.0.11.jar
[INFO] [20:14:14.952] [JavaFX Application Thread] [] com.zzg.mybatis.generator.util.ConfigHelper.getAllJDBCDriverJarPaths:242 --> jar file: E:\桌面\IT\mybatis-generator-gui\lib\ojdbc6.jar
[INFO] [20:14:14.954] [JavaFX Application Thread] [] com.zzg.mybatis.generator.util.ConfigHelper.getAllJDBCDriverJarPaths:242 --> jar file: E:\桌面\IT\mybatis-generator-gui\lib\postgresql-9.4.1209.jar
[INFO] [20:14:14.955] [JavaFX Application Thread] [] com.zzg.mybatis.generator.util.ConfigHelper.getAllJDBCDriverJarPaths:242 --> jar file: E:\桌面\IT\mybatis-generator-gui\lib\slf4j-api-1.7.25.jar
[INFO] [20:14:14.956] [JavaFX Application Thread] [] com.zzg.mybatis.generator.util.ConfigHelper.getAllJDBCDriverJarPaths:242 --> jar file: E:\桌面\IT\mybatis-generator-gui\lib\sqlite-jdbc-3.19.3.jar
[INFO] [20:14:14.956] [JavaFX Application Thread] [] com.zzg.mybatis.generator.util.ConfigHelper.getAllJDBCDriverJarPaths:242 --> jar file: E:\桌面\IT\mybatis-generator-gui\lib\sqlite-jdbc-3.8.11.2.jar
[INFO] [20:14:14.957] [JavaFX Application Thread] [] com.zzg.mybatis.generator.util.ConfigHelper.getAllJDBCDriverJarPaths:242 --> jar file: E:\桌面\IT\mybatis-generator-gui\lib\sqljdbc4-4.0.jar
[INFO] [20:14:15.092] [JavaFX Application Thread] [] com.zzg.mybatis.generator.util.DbUtil.loadDbDriver:222 --> load driver class: com.mysql.cj.jdbc.Driver@475fc34a
[INFO] [20:14:15.095] [JavaFX Application Thread] [] com.zzg.mybatis.generator.util.DbUtil.getConnectionUrlWithSchema:208 --> getConnectionUrlWithSchema, connection url: jdbc:mysql://127.0.0.1:3306/wangweilog?serverTimezone=UTC&useUnicode=true&useSSL=false&characterEncoding=utf8
[INFO] [20:14:15.391] [JavaFX Application Thread] [] com.zzg.mybatis.generator.util.DbUtil.getConnection:133 --> getConnection, connection url: com.mysql.cj.jdbc.ConnectionImpl@277c1aa5
[INFO] [20:15:44.391] [JavaFX Application Thread] [] com.zzg.mybatis.generator.util.ConnectionManager.getConnection:20 --> database FilePath :E:\桌面\IT\mybatis-generator-gui\.\config\sqlite3.db
[INFO] [20:15:44.527] [JavaFX Application Thread] [] com.zzg.mybatis.generator.util.ConnectionManager.getConnection:20 --> database FilePath :E:\桌面\IT\mybatis-generator-gui\.\config\sqlite3.db
[INFO] [20:15:48.950] [JavaFX Application Thread] [] com.zzg.mybatis.generator.util.DbUtil.getConnectionUrlWithSchema:208 --> getConnectionUrlWithSchema, connection url: jdbc:mysql://127.0.0.1:3306/wangweilog?serverTimezone=UTC&useUnicode=true&useSSL=false&characterEncoding=utf8
[INFO] [20:15:48.966] [JavaFX Application Thread] [] com.zzg.mybatis.generator.util.DbUtil.getConnection:133 --> getConnection, connection url: com.mysql.cj.jdbc.ConnectionImpl@3de732dd
[INFO] [20:17:29.664] [JavaFX Application Thread] [] com.zzg.mybatis.generator.util.ConfigHelper.findConnectorLibPath:215 --> jar resource: jar:file:/E:/%e6%a1%8c%e9%9d%a2/IT/mybatis-generator-gui/mybatis-generator-gui.jar!/logback.xml
[INFO] [20:17:29.667] [JavaFX Application Thread] [] com.zzg.mybatis.generator.bridge.MybatisGeneratorBridge.generate:66 --> connectorLibPath: E:\桌面\IT\mybatis-generator-gui\lib\mysql-connector-java-8.0.11.jar
[INFO] [20:17:29.670] [JavaFX Application Thread] [] com.zzg.mybatis.generator.util.DbUtil.getConnectionUrlWithSchema:208 --> getConnectionUrlWithSchema, connection url: jdbc:mysql://127.0.0.1:3306/wangweilog?serverTimezone=UTC&useUnicode=true&useSSL=false&characterEncoding=utf8
[DEBUG] [20:17:29.800] [JavaFX Application Thread] [] org.mybatis.generator.logging.LogFactory.setImplementation:105 --> Logging initialized using 'org.mybatis.generator.logging.slf4j.Slf4jLoggingLogFactory@60f2806a' adapter.
[DEBUG] [20:17:29.802] [JavaFX Application Thread] [] org.mybatis.generator.internal.db.DatabaseIntrospector.getColumns:506 --> Retrieving column information for table "wangweilog.session_log"
[DEBUG] [20:17:29.874] [JavaFX Application Thread] [] org.mybatis.generator.internal.db.DatabaseIntrospector.getColumns:563 --> Found column "action_time", data type 93, in table "wangweilog..session_log"
[DEBUG] [20:17:29.875] [JavaFX Application Thread] [] org.mybatis.generator.internal.db.DatabaseIntrospector.getColumns:563 --> Found column "userid", data type 4, in table "wangweilog..session_log"
[DEBUG] [20:17:29.876] [JavaFX Application Thread] [] org.mybatis.generator.internal.db.DatabaseIntrospector.getColumns:563 --> Found column "pageid", data type 4, in table "wangweilog..session_log"
[DEBUG] [20:17:29.877] [JavaFX Application Thread] [] org.mybatis.generator.internal.db.DatabaseIntrospector.getColumns:563 --> Found column "sessionid", data type 12, in table "wangweilog..session_log"
[INFO] [20:17:36.232] [JavaFX Application Thread] [] com.zzg.mybatis.generator.util.ConfigHelper.findConnectorLibPath:215 --> jar resource: jar:file:/E:/%e6%a1%8c%e9%9d%a2/IT/mybatis-generator-gui/mybatis-generator-gui.jar!/logback.xml
[INFO] [20:17:36.234] [JavaFX Application Thread] [] com.zzg.mybatis.generator.bridge.MybatisGeneratorBridge.generate:66 --> connectorLibPath: E:\桌面\IT\mybatis-generator-gui\lib\mysql-connector-java-8.0.11.jar
[INFO] [20:17:36.235] [JavaFX Application Thread] [] com.zzg.mybatis.generator.util.DbUtil.getConnectionUrlWithSchema:208 --> getConnectionUrlWithSchema, connection url: jdbc:mysql://127.0.0.1:3306/wangweilog?serverTimezone=UTC&useUnicode=true&useSSL=false&characterEncoding=utf8
[DEBUG] [20:17:36.410] [JavaFX Application Thread] [] org.mybatis.generator.internal.db.DatabaseIntrospector.getColumns:506 --> Retrieving column information for table "wangweilog.sys_log"
[DEBUG] [20:17:36.432] [JavaFX Application Thread] [] org.mybatis.generator.internal.db.DatabaseIntrospector.getColumns:563 --> Found column "user_session", data type 12, in table "wangweilog..sys_log"
[DEBUG] [20:17:36.434] [JavaFX Application Thread] [] org.mybatis.generator.internal.db.DatabaseIntrospector.getColumns:563 --> Found column "event_type", data type 12, in table "wangweilog..sys_log"
[DEBUG] [20:17:36.435] [JavaFX Application Thread] [] org.mybatis.generator.internal.db.DatabaseIntrospector.getColumns:563 --> Found column "category_id", data type -5, in table "wangweilog..sys_log"
[DEBUG] [20:17:36.436] [JavaFX Application Thread] [] org.mybatis.generator.internal.db.DatabaseIntrospector.getColumns:563 --> Found column "user_id", data type 4, in table "wangweilog..sys_log"
[DEBUG] [20:17:36.436] [JavaFX Application Thread] [] org.mybatis.generator.internal.db.DatabaseIntrospector.getColumns:563 --> Found column "product_id", data type 4, in table "wangweilog..sys_log"
[DEBUG] [20:17:36.437] [JavaFX Application Thread] [] org.mybatis.generator.internal.db.DatabaseIntrospector.getColumns:563 --> Found column "address_name", data type 12, in table "wangweilog..sys_log"
[DEBUG] [20:17:36.438] [JavaFX Application Thread] [] org.mybatis.generator.internal.db.DatabaseIntrospector.getColumns:563 --> Found column "event_time", data type 93, in table "wangweilog..sys_log"
[INFO] [20:18:58.185] [JavaFX Application Thread] [] com.zzg.mybatis.generator.util.ConfigHelper.findConnectorLibPath:215 --> jar resource: jar:file:/E:/%e6%a1%8c%e9%9d%a2/IT/mybatis-generator-gui/mybatis-generator-gui.jar!/logback.xml
[INFO] [20:18:58.187] [JavaFX Application Thread] [] com.zzg.mybatis.generator.bridge.MybatisGeneratorBridge.generate:66 --> connectorLibPath: E:\桌面\IT\mybatis-generator-gui\lib\mysql-connector-java-8.0.11.jar
[INFO] [20:18:58.188] [JavaFX Application Thread] [] com.zzg.mybatis.generator.util.DbUtil.getConnectionUrlWithSchema:208 --> getConnectionUrlWithSchema, connection url: jdbc:mysql://127.0.0.1:3306/wangweilog?serverTimezone=UTC&useUnicode=true&useSSL=false&characterEncoding=utf8
[DEBUG] [20:18:58.283] [JavaFX Application Thread] [] org.mybatis.generator.internal.db.DatabaseIntrospector.getColumns:506 --> Retrieving column information for table "wangweilog.sys_log"
[DEBUG] [20:18:58.306] [JavaFX Application Thread] [] org.mybatis.generator.internal.db.DatabaseIntrospector.getColumns:563 --> Found column "user_session", data type 12, in table "wangweilog..sys_log"
[DEBUG] [20:18:58.307] [JavaFX Application Thread] [] org.mybatis.generator.internal.db.DatabaseIntrospector.getColumns:563 --> Found column "event_type", data type 12, in table "wangweilog..sys_log"
[DEBUG] [20:18:58.308] [JavaFX Application Thread] [] org.mybatis.generator.internal.db.DatabaseIntrospector.getColumns:563 --> Found column "category_id", data type -5, in table "wangweilog..sys_log"
[DEBUG] [20:18:58.309] [JavaFX Application Thread] [] org.mybatis.generator.internal.db.DatabaseIntrospector.getColumns:563 --> Found column "user_id", data type 4, in table "wangweilog..sys_log"
[DEBUG] [20:18:58.309] [JavaFX Application Thread] [] org.mybatis.generator.internal.db.DatabaseIntrospector.getColumns:563 --> Found column "product_id", data type 4, in table "wangweilog..sys_log"
[DEBUG] [20:18:58.310] [JavaFX Application Thread] [] org.mybatis.generator.internal.db.DatabaseIntrospector.getColumns:563 --> Found column "address_name", data type 12, in table "wangweilog..sys_log"
[DEBUG] [20:18:58.311] [JavaFX Application Thread] [] org.mybatis.generator.internal.db.DatabaseIntrospector.getColumns:563 --> Found column "event_time", data type 93, in table "wangweilog..sys_log"
[INFO] [20:19:03.182] [JavaFX Application Thread] [] com.zzg.mybatis.generator.util.ConfigHelper.findConnectorLibPath:215 --> jar resource: jar:file:/E:/%e6%a1%8c%e9%9d%a2/IT/mybatis-generator-gui/mybatis-generator-gui.jar!/logback.xml
[INFO] [20:19:03.183] [JavaFX Application Thread] [] com.zzg.mybatis.generator.bridge.MybatisGeneratorBridge.generate:66 --> connectorLibPath: E:\桌面\IT\mybatis-generator-gui\lib\mysql-connector-java-8.0.11.jar
[INFO] [20:19:03.184] [JavaFX Application Thread] [] com.zzg.mybatis.generator.util.DbUtil.getConnectionUrlWithSchema:208 --> getConnectionUrlWithSchema, connection url: jdbc:mysql://127.0.0.1:3306/wangweilog?serverTimezone=UTC&useUnicode=true&useSSL=false&characterEncoding=utf8
[DEBUG] [20:19:03.279] [JavaFX Application Thread] [] org.mybatis.generator.internal.db.DatabaseIntrospector.getColumns:506 --> Retrieving column information for table "wangweilog.session_log"
[DEBUG] [20:19:03.300] [JavaFX Application Thread] [] org.mybatis.generator.internal.db.DatabaseIntrospector.getColumns:563 --> Found column "action_time", data type 93, in table "wangweilog..session_log"
[DEBUG] [20:19:03.301] [JavaFX Application Thread] [] org.mybatis.generator.internal.db.DatabaseIntrospector.getColumns:563 --> Found column "userid", data type 4, in table "wangweilog..session_log"
[DEBUG] [20:19:03.302] [JavaFX Application Thread] [] org.mybatis.generator.internal.db.DatabaseIntrospector.getColumns:563 --> Found column "pageid", data type 4, in table "wangweilog..session_log"
[DEBUG] [20:19:03.303] [JavaFX Application Thread] [] org.mybatis.generator.internal.db.DatabaseIntrospector.getColumns:563 --> Found column "sessionid", data type 12, in table "wangweilog..session_log"
