[INFO] [07:39:34.317] [JavaFX Application Thread] [] com.zzg.mybatis.generator.util.ConnectionManager.getConnection:20 --> database FilePath :D:\chengxu\mybatis-generator-gui\.\config\sqlite3.db
[INFO] [07:39:43.349] [JavaFX Application Thread] [] com.zzg.mybatis.generator.util.ConfigHelper.getAllJDBCDriverJarPaths:238 --> jar lib path: D:\chengxu\mybatis-generator-gui\lib
[INFO] [07:39:43.350] [JavaFX Application Thread] [] com.zzg.mybatis.generator.util.ConfigHelper.getAllJDBCDriverJarPaths:242 --> jar file: D:\chengxu\mybatis-generator-gui\lib\commons-beanutils-1.9.2.jar
[INFO] [07:39:43.350] [JavaFX Application Thread] [] com.zzg.mybatis.generator.util.ConfigHelper.getAllJDBCDriverJarPaths:242 --> jar file: D:\chengxu\mybatis-generator-gui\lib\commons-collections-3.2.1.jar
[INFO] [07:39:43.353] [JavaFX Application Thread] [] com.zzg.mybatis.generator.util.ConfigHelper.getAllJDBCDriverJarPaths:242 --> jar file: D:\chengxu\mybatis-generator-gui\lib\commons-io-2.5.jar
[INFO] [07:39:43.354] [JavaFX Application Thread] [] com.zzg.mybatis.generator.util.ConfigHelper.getAllJDBCDriverJarPaths:242 --> jar file: D:\chengxu\mybatis-generator-gui\lib\commons-lang3-3.4.jar
[INFO] [07:39:43.354] [JavaFX Application Thread] [] com.zzg.mybatis.generator.util.ConfigHelper.getAllJDBCDriverJarPaths:242 --> jar file: D:\chengxu\mybatis-generator-gui\lib\commons-logging-1.1.1.jar
[INFO] [07:39:43.355] [JavaFX Application Thread] [] com.zzg.mybatis.generator.util.ConfigHelper.getAllJDBCDriverJarPaths:242 --> jar file: D:\chengxu\mybatis-generator-gui\lib\fastjson-1.2.7.jar
[INFO] [07:39:43.355] [JavaFX Application Thread] [] com.zzg.mybatis.generator.util.ConfigHelper.getAllJDBCDriverJarPaths:242 --> jar file: D:\chengxu\mybatis-generator-gui\lib\hamcrest-core-1.3.jar
[INFO] [07:39:43.356] [JavaFX Application Thread] [] com.zzg.mybatis.generator.util.ConfigHelper.getAllJDBCDriverJarPaths:242 --> jar file: D:\chengxu\mybatis-generator-gui\lib\jsch-0.1.54.jar
[INFO] [07:39:43.356] [JavaFX Application Thread] [] com.zzg.mybatis.generator.util.ConfigHelper.getAllJDBCDriverJarPaths:242 --> jar file: D:\chengxu\mybatis-generator-gui\lib\junit-4.12.jar
[INFO] [07:39:43.356] [JavaFX Application Thread] [] com.zzg.mybatis.generator.util.ConfigHelper.getAllJDBCDriverJarPaths:242 --> jar file: D:\chengxu\mybatis-generator-gui\lib\logback-classic-1.1.2.jar
[INFO] [07:39:43.357] [JavaFX Application Thread] [] com.zzg.mybatis.generator.util.ConfigHelper.getAllJDBCDriverJarPaths:242 --> jar file: D:\chengxu\mybatis-generator-gui\lib\logback-core-1.1.2.jar
[INFO] [07:39:43.357] [JavaFX Application Thread] [] com.zzg.mybatis.generator.util.ConfigHelper.getAllJDBCDriverJarPaths:242 --> jar file: D:\chengxu\mybatis-generator-gui\lib\mybatis-generator-core-1.3.6.jar
[INFO] [07:39:43.357] [JavaFX Application Thread] [] com.zzg.mybatis.generator.util.ConfigHelper.getAllJDBCDriverJarPaths:242 --> jar file: D:\chengxu\mybatis-generator-gui\lib\mysql-connector-java-5.1.38.jar
[INFO] [07:39:43.358] [JavaFX Application Thread] [] com.zzg.mybatis.generator.util.ConfigHelper.getAllJDBCDriverJarPaths:242 --> jar file: D:\chengxu\mybatis-generator-gui\lib\mysql-connector-java-8.0.11.jar
[INFO] [07:39:43.361] [JavaFX Application Thread] [] com.zzg.mybatis.generator.util.ConfigHelper.getAllJDBCDriverJarPaths:242 --> jar file: D:\chengxu\mybatis-generator-gui\lib\ojdbc6.jar
[INFO] [07:39:43.363] [JavaFX Application Thread] [] com.zzg.mybatis.generator.util.ConfigHelper.getAllJDBCDriverJarPaths:242 --> jar file: D:\chengxu\mybatis-generator-gui\lib\postgresql-9.4.1209.jar
[INFO] [07:39:43.364] [JavaFX Application Thread] [] com.zzg.mybatis.generator.util.ConfigHelper.getAllJDBCDriverJarPaths:242 --> jar file: D:\chengxu\mybatis-generator-gui\lib\slf4j-api-1.7.25.jar
[INFO] [07:39:43.365] [JavaFX Application Thread] [] com.zzg.mybatis.generator.util.ConfigHelper.getAllJDBCDriverJarPaths:242 --> jar file: D:\chengxu\mybatis-generator-gui\lib\sqlite-jdbc-3.19.3.jar
[INFO] [07:39:43.366] [JavaFX Application Thread] [] com.zzg.mybatis.generator.util.ConfigHelper.getAllJDBCDriverJarPaths:242 --> jar file: D:\chengxu\mybatis-generator-gui\lib\sqlite-jdbc-3.8.11.2.jar
[INFO] [07:39:43.366] [JavaFX Application Thread] [] com.zzg.mybatis.generator.util.ConfigHelper.getAllJDBCDriverJarPaths:242 --> jar file: D:\chengxu\mybatis-generator-gui\lib\sqljdbc4-4.0.jar
[INFO] [07:39:43.378] [JavaFX Application Thread] [] com.zzg.mybatis.generator.util.DbUtil.loadDbDriver:222 --> load driver class: com.mysql.jdbc.Driver@20305817
[INFO] [07:39:43.378] [JavaFX Application Thread] [] com.zzg.mybatis.generator.util.DbUtil.getConnectionUrlWithSchema:208 --> getConnectionUrlWithSchema, connection url: jdbc:mysql://127.0.0.1:3306/xinbootvue?useUnicode=true&useSSL=false&characterEncoding=utf8
[INFO] [07:39:43.585] [JavaFX Application Thread] [] com.zzg.mybatis.generator.util.DbUtil.getConnection:133 --> getConnection, connection url: com.mysql.jdbc.JDBC4Connection@2061a603
[INFO] [07:40:36.858] [JavaFX Application Thread] [] com.zzg.mybatis.generator.util.ConfigHelper.findConnectorLibPath:215 --> jar resource: jar:file:/D:/chengxu/mybatis-generator-gui/mybatis-generator-gui.jar!/logback.xml
[INFO] [07:40:36.860] [JavaFX Application Thread] [] com.zzg.mybatis.generator.bridge.MybatisGeneratorBridge.generate:66 --> connectorLibPath: D:\chengxu\mybatis-generator-gui\lib\mysql-connector-java-5.1.38.jar
[INFO] [07:40:36.865] [JavaFX Application Thread] [] com.zzg.mybatis.generator.util.DbUtil.getConnectionUrlWithSchema:208 --> getConnectionUrlWithSchema, connection url: jdbc:mysql://127.0.0.1:3306/xinbootvue?useUnicode=true&useSSL=false&characterEncoding=utf8
[DEBUG] [07:40:37.042] [JavaFX Application Thread] [] org.mybatis.generator.logging.LogFactory.setImplementation:105 --> Logging initialized using 'org.mybatis.generator.logging.slf4j.Slf4jLoggingLogFactory@631b37e9' adapter.
[DEBUG] [07:40:37.043] [JavaFX Application Thread] [] org.mybatis.generator.internal.db.DatabaseIntrospector.getColumns:506 --> Retrieving column information for table "xinbootvue.t_charts"
[DEBUG] [07:40:37.057] [JavaFX Application Thread] [] org.mybatis.generator.internal.db.DatabaseIntrospector.getColumns:563 --> Found column "id", data type -5, in table "xinbootvue..t_charts"
[DEBUG] [07:40:37.057] [JavaFX Application Thread] [] org.mybatis.generator.internal.db.DatabaseIntrospector.getColumns:563 --> Found column "sex", data type 12, in table "xinbootvue..t_charts"
[DEBUG] [07:40:37.058] [JavaFX Application Thread] [] org.mybatis.generator.internal.db.DatabaseIntrospector.getColumns:563 --> Found column "time", data type 12, in table "xinbootvue..t_charts"
[DEBUG] [07:40:37.058] [JavaFX Application Thread] [] org.mybatis.generator.internal.db.DatabaseIntrospector.getColumns:563 --> Found column "count", data type 4, in table "xinbootvue..t_charts"
