[INFO] [11:23:13.856] [JavaFX Application Thread] [] com.zzg.mybatis.generator.util.ConnectionManager.getConnection:20 --> database FilePath :F:\待整理\qqmsg\47449304\FileRecv\mybatis-generator-gui-新改版\mybatis-generator-gui\.\config\sqlite3.db
[INFO] [11:23:23.561] [JavaFX Application Thread] [] com.zzg.mybatis.generator.util.ConfigHelper.getAllJDBCDriverJarPaths:238 --> jar lib path: F:\待整理\qqmsg\47449304\FileRecv\mybatis-generator-gui-新改版\mybatis-generator-gui\lib
[INFO] [11:23:23.562] [JavaFX Application Thread] [] com.zzg.mybatis.generator.util.ConfigHelper.getAllJDBCDriverJarPaths:242 --> jar file: F:\待整理\qqmsg\47449304\FileRecv\mybatis-generator-gui-新改版\mybatis-generator-gui\lib\commons-beanutils-1.9.2.jar
[INFO] [11:23:23.563] [JavaFX Application Thread] [] com.zzg.mybatis.generator.util.ConfigHelper.getAllJDBCDriverJarPaths:242 --> jar file: F:\待整理\qqmsg\47449304\FileRecv\mybatis-generator-gui-新改版\mybatis-generator-gui\lib\commons-collections-3.2.1.jar
[INFO] [11:23:23.564] [JavaFX Application Thread] [] com.zzg.mybatis.generator.util.ConfigHelper.getAllJDBCDriverJarPaths:242 --> jar file: F:\待整理\qqmsg\47449304\FileRecv\mybatis-generator-gui-新改版\mybatis-generator-gui\lib\commons-io-2.5.jar
[INFO] [11:23:23.564] [JavaFX Application Thread] [] com.zzg.mybatis.generator.util.ConfigHelper.getAllJDBCDriverJarPaths:242 --> jar file: F:\待整理\qqmsg\47449304\FileRecv\mybatis-generator-gui-新改版\mybatis-generator-gui\lib\commons-lang3-3.4.jar
[INFO] [11:23:23.565] [JavaFX Application Thread] [] com.zzg.mybatis.generator.util.ConfigHelper.getAllJDBCDriverJarPaths:242 --> jar file: F:\待整理\qqmsg\47449304\FileRecv\mybatis-generator-gui-新改版\mybatis-generator-gui\lib\commons-logging-1.1.1.jar
[INFO] [11:23:23.565] [JavaFX Application Thread] [] com.zzg.mybatis.generator.util.ConfigHelper.getAllJDBCDriverJarPaths:242 --> jar file: F:\待整理\qqmsg\47449304\FileRecv\mybatis-generator-gui-新改版\mybatis-generator-gui\lib\fastjson-1.2.7.jar
[INFO] [11:23:23.565] [JavaFX Application Thread] [] com.zzg.mybatis.generator.util.ConfigHelper.getAllJDBCDriverJarPaths:242 --> jar file: F:\待整理\qqmsg\47449304\FileRecv\mybatis-generator-gui-新改版\mybatis-generator-gui\lib\hamcrest-core-1.3.jar
[INFO] [11:23:23.566] [JavaFX Application Thread] [] com.zzg.mybatis.generator.util.ConfigHelper.getAllJDBCDriverJarPaths:242 --> jar file: F:\待整理\qqmsg\47449304\FileRecv\mybatis-generator-gui-新改版\mybatis-generator-gui\lib\jsch-0.1.54.jar
[INFO] [11:23:23.566] [JavaFX Application Thread] [] com.zzg.mybatis.generator.util.ConfigHelper.getAllJDBCDriverJarPaths:242 --> jar file: F:\待整理\qqmsg\47449304\FileRecv\mybatis-generator-gui-新改版\mybatis-generator-gui\lib\junit-4.12.jar
[INFO] [11:23:23.566] [JavaFX Application Thread] [] com.zzg.mybatis.generator.util.ConfigHelper.getAllJDBCDriverJarPaths:242 --> jar file: F:\待整理\qqmsg\47449304\FileRecv\mybatis-generator-gui-新改版\mybatis-generator-gui\lib\logback-classic-1.1.2.jar
[INFO] [11:23:23.567] [JavaFX Application Thread] [] com.zzg.mybatis.generator.util.ConfigHelper.getAllJDBCDriverJarPaths:242 --> jar file: F:\待整理\qqmsg\47449304\FileRecv\mybatis-generator-gui-新改版\mybatis-generator-gui\lib\logback-core-1.1.2.jar
[INFO] [11:23:23.568] [JavaFX Application Thread] [] com.zzg.mybatis.generator.util.ConfigHelper.getAllJDBCDriverJarPaths:242 --> jar file: F:\待整理\qqmsg\47449304\FileRecv\mybatis-generator-gui-新改版\mybatis-generator-gui\lib\mybatis-generator-core-1.3.6.jar
[INFO] [11:23:23.568] [JavaFX Application Thread] [] com.zzg.mybatis.generator.util.ConfigHelper.getAllJDBCDriverJarPaths:242 --> jar file: F:\待整理\qqmsg\47449304\FileRecv\mybatis-generator-gui-新改版\mybatis-generator-gui\lib\mysql-connector-java-5.1.38.jar
[INFO] [11:23:23.568] [JavaFX Application Thread] [] com.zzg.mybatis.generator.util.ConfigHelper.getAllJDBCDriverJarPaths:242 --> jar file: F:\待整理\qqmsg\47449304\FileRecv\mybatis-generator-gui-新改版\mybatis-generator-gui\lib\mysql-connector-java-8.0.11.jar
[INFO] [11:23:23.569] [JavaFX Application Thread] [] com.zzg.mybatis.generator.util.ConfigHelper.getAllJDBCDriverJarPaths:242 --> jar file: F:\待整理\qqmsg\47449304\FileRecv\mybatis-generator-gui-新改版\mybatis-generator-gui\lib\ojdbc6.jar
[INFO] [11:23:23.569] [JavaFX Application Thread] [] com.zzg.mybatis.generator.util.ConfigHelper.getAllJDBCDriverJarPaths:242 --> jar file: F:\待整理\qqmsg\47449304\FileRecv\mybatis-generator-gui-新改版\mybatis-generator-gui\lib\postgresql-9.4.1209.jar
[INFO] [11:23:23.570] [JavaFX Application Thread] [] com.zzg.mybatis.generator.util.ConfigHelper.getAllJDBCDriverJarPaths:242 --> jar file: F:\待整理\qqmsg\47449304\FileRecv\mybatis-generator-gui-新改版\mybatis-generator-gui\lib\slf4j-api-1.7.25.jar
[INFO] [11:23:23.570] [JavaFX Application Thread] [] com.zzg.mybatis.generator.util.ConfigHelper.getAllJDBCDriverJarPaths:242 --> jar file: F:\待整理\qqmsg\47449304\FileRecv\mybatis-generator-gui-新改版\mybatis-generator-gui\lib\sqlite-jdbc-3.19.3.jar
[INFO] [11:23:23.571] [JavaFX Application Thread] [] com.zzg.mybatis.generator.util.ConfigHelper.getAllJDBCDriverJarPaths:242 --> jar file: F:\待整理\qqmsg\47449304\FileRecv\mybatis-generator-gui-新改版\mybatis-generator-gui\lib\sqlite-jdbc-3.8.11.2.jar
[INFO] [11:23:23.571] [JavaFX Application Thread] [] com.zzg.mybatis.generator.util.ConfigHelper.getAllJDBCDriverJarPaths:242 --> jar file: F:\待整理\qqmsg\47449304\FileRecv\mybatis-generator-gui-新改版\mybatis-generator-gui\lib\sqljdbc4-4.0.jar
[INFO] [11:23:23.614] [JavaFX Application Thread] [] com.zzg.mybatis.generator.util.DbUtil.loadDbDriver:222 --> load driver class: com.mysql.jdbc.Driver@53309b30
[INFO] [11:23:23.615] [JavaFX Application Thread] [] com.zzg.mybatis.generator.util.DbUtil.getConnectionUrlWithSchema:208 --> getConnectionUrlWithSchema, connection url: jdbc:mysql://127.0.0.1:3306/estatemanagement?useUnicode=true&useSSL=false&characterEncoding=utf8
[INFO] [11:23:23.878] [JavaFX Application Thread] [] com.zzg.mybatis.generator.util.DbUtil.getConnection:133 --> getConnection, connection url: com.mysql.jdbc.JDBC4Connection@62837f7
[INFO] [11:23:57.902] [JavaFX Application Thread] [] com.zzg.mybatis.generator.util.DbUtil.getConnectionUrlWithSchema:208 --> getConnectionUrlWithSchema, connection url: jdbc:mysql://127.0.0.1:3306/estatemanagement?useUnicode=true&useSSL=false&characterEncoding=utf8
[INFO] [11:23:57.906] [JavaFX Application Thread] [] com.zzg.mybatis.generator.util.DbUtil.getConnection:133 --> getConnection, connection url: com.mysql.jdbc.JDBC4Connection@1f269680
[INFO] [11:25:17.245] [JavaFX Application Thread] [] com.zzg.mybatis.generator.controller.MainUIController.saveGeneratorConfig:350 --> user choose name: 2
[INFO] [11:25:17.246] [JavaFX Application Thread] [] com.zzg.mybatis.generator.util.ConnectionManager.getConnection:20 --> database FilePath :F:\待整理\qqmsg\47449304\FileRecv\mybatis-generator-gui-新改版\mybatis-generator-gui\.\config\sqlite3.db
[INFO] [11:25:17.247] [JavaFX Application Thread] [] com.zzg.mybatis.generator.util.ConfigHelper.deleteGeneratorConfig:204 --> sql: DELETE FROM generator_config where name='2'
[INFO] [11:25:17.248] [JavaFX Application Thread] [] com.zzg.mybatis.generator.util.ConnectionManager.getConnection:20 --> database FilePath :F:\待整理\qqmsg\47449304\FileRecv\mybatis-generator-gui-新改版\mybatis-generator-gui\.\config\sqlite3.db
[INFO] [11:25:46.226] [JavaFX Application Thread] [] com.zzg.mybatis.generator.util.ConfigHelper.findConnectorLibPath:215 --> jar resource: jar:file:/F:/%e5%be%85%e6%95%b4%e7%90%86/qqmsg/47449304/FileRecv/mybatis-generator-gui-%e6%96%b0%e6%94%b9%e7%89%88/mybatis-generator-gui/mybatis-generator-gui.jar!/logback.xml
[INFO] [11:25:46.227] [JavaFX Application Thread] [] com.zzg.mybatis.generator.bridge.MybatisGeneratorBridge.generate:66 --> connectorLibPath: F:\待整理\qqmsg\47449304\FileRecv\mybatis-generator-gui-新改版\mybatis-generator-gui\lib\mysql-connector-java-5.1.38.jar
[INFO] [11:25:46.229] [JavaFX Application Thread] [] com.zzg.mybatis.generator.util.DbUtil.getConnectionUrlWithSchema:208 --> getConnectionUrlWithSchema, connection url: jdbc:mysql://127.0.0.1:3306/estatemanagement?useUnicode=true&useSSL=false&characterEncoding=utf8
[DEBUG] [11:25:46.405] [JavaFX Application Thread] [] org.mybatis.generator.logging.LogFactory.setImplementation:105 --> Logging initialized using 'org.mybatis.generator.logging.slf4j.Slf4jLoggingLogFactory@4171a4ae' adapter.
[DEBUG] [11:25:46.407] [JavaFX Application Thread] [] org.mybatis.generator.internal.db.DatabaseIntrospector.getColumns:506 --> Retrieving column information for table "estatemanagement.phone_user"
[DEBUG] [11:25:46.423] [JavaFX Application Thread] [] org.mybatis.generator.internal.db.DatabaseIntrospector.getColumns:563 --> Found column "phone_user_id", data type 4, in table "estatemanagement..phone_user"
[DEBUG] [11:25:46.423] [JavaFX Application Thread] [] org.mybatis.generator.internal.db.DatabaseIntrospector.getColumns:563 --> Found column "phone_user_number", data type 12, in table "estatemanagement..phone_user"
[DEBUG] [11:25:46.423] [JavaFX Application Thread] [] org.mybatis.generator.internal.db.DatabaseIntrospector.getColumns:563 --> Found column "phone_user_nick", data type 12, in table "estatemanagement..phone_user"
[DEBUG] [11:25:46.424] [JavaFX Application Thread] [] org.mybatis.generator.internal.db.DatabaseIntrospector.getColumns:563 --> Found column "phone_user_pwd", data type 12, in table "estatemanagement..phone_user"
[DEBUG] [11:25:46.424] [JavaFX Application Thread] [] org.mybatis.generator.internal.db.DatabaseIntrospector.getColumns:563 --> Found column "phone_user_role", data type 4, in table "estatemanagement..phone_user"
[DEBUG] [11:25:46.425] [JavaFX Application Thread] [] org.mybatis.generator.internal.db.DatabaseIntrospector.getColumns:563 --> Found column "phone_user_real_name", data type 12, in table "estatemanagement..phone_user"
[DEBUG] [11:25:46.425] [JavaFX Application Thread] [] org.mybatis.generator.internal.db.DatabaseIntrospector.getColumns:563 --> Found column "phone_user_create_time", data type 93, in table "estatemanagement..phone_user"
