[INFO] [10:45:28.503] [JavaFX Application Thread] [] com.zzg.mybatis.generator.util.ConfigHelper.findConnectorLibPath:215 --> jar resource: jar:file:/D:/greensoft/mybatis-generator-gui/mybatis-generator-gui.jar!/logback.xml
[INFO] [10:45:28.557] [JavaFX Application Thread] [] com.zzg.mybatis.generator.bridge.MybatisGeneratorBridge.generate:66 --> connectorLibPath: D:\greensoft\mybatis-generator-gui\lib\mysql-connector-java-5.1.38.jar
[INFO] [10:45:28.557] [JavaFX Application Thread] [] com.zzg.mybatis.generator.util.DbUtil.getConnectionUrlWithSchema:208 --> getConnectionUrlWithSchema, connection url: jdbc:mysql://127.0.0.1:3306/hpmanager?useUnicode=true&useSSL=false&characterEncoding=utf8
[DEBUG] [10:45:28.728] [JavaFX Application Thread] [] org.mybatis.generator.internal.db.DatabaseIntrospector.getColumns:506 --> Retrieving column information for table "hpmanager.hp_role"
[DEBUG] [10:45:28.754] [JavaFX Application Thread] [] org.mybatis.generator.internal.db.DatabaseIntrospector.getColumns:563 --> Found column "hp_role_id", data type 4, in table "hpmanager..hp_role"
[DEBUG] [10:45:28.754] [JavaFX Application Thread] [] org.mybatis.generator.internal.db.DatabaseIntrospector.getColumns:563 --> Found column "hp_role_name", data type 12, in table "hpmanager..hp_role"
[DEBUG] [10:45:28.757] [JavaFX Application Thread] [] org.mybatis.generator.internal.db.DatabaseIntrospector.getColumns:563 --> Found column "description", data type 12, in table "hpmanager..hp_role"
[DEBUG] [10:45:28.757] [JavaFX Application Thread] [] org.mybatis.generator.internal.db.DatabaseIntrospector.getColumns:563 --> Found column "status", data type -6, in table "hpmanager..hp_role"
[DEBUG] [10:45:28.758] [JavaFX Application Thread] [] org.mybatis.generator.internal.db.DatabaseIntrospector.getColumns:563 --> Found column "create_time", data type 93, in table "hpmanager..hp_role"
[DEBUG] [10:45:28.758] [JavaFX Application Thread] [] org.mybatis.generator.internal.db.DatabaseIntrospector.getColumns:563 --> Found column "update_time", data type 93, in table "hpmanager..hp_role"
[DEBUG] [10:45:28.759] [JavaFX Application Thread] [] org.mybatis.generator.internal.db.DatabaseIntrospector.getColumns:563 --> Found column "deleted", data type -6, in table "hpmanager..hp_role"
[INFO] [10:45:31.830] [JavaFX Application Thread] [] com.zzg.mybatis.generator.util.ConfigHelper.findConnectorLibPath:215 --> jar resource: jar:file:/D:/greensoft/mybatis-generator-gui/mybatis-generator-gui.jar!/logback.xml
[INFO] [10:45:31.831] [JavaFX Application Thread] [] com.zzg.mybatis.generator.bridge.MybatisGeneratorBridge.generate:66 --> connectorLibPath: D:\greensoft\mybatis-generator-gui\lib\mysql-connector-java-5.1.38.jar
[INFO] [10:45:31.831] [JavaFX Application Thread] [] com.zzg.mybatis.generator.util.DbUtil.getConnectionUrlWithSchema:208 --> getConnectionUrlWithSchema, connection url: jdbc:mysql://127.0.0.1:3306/hpmanager?useUnicode=true&useSSL=false&characterEncoding=utf8
[DEBUG] [10:45:31.972] [JavaFX Application Thread] [] org.mybatis.generator.internal.db.DatabaseIntrospector.getColumns:506 --> Retrieving column information for table "hpmanager.hp_user_role"
[DEBUG] [10:45:32.005] [JavaFX Application Thread] [] org.mybatis.generator.internal.db.DatabaseIntrospector.getColumns:563 --> Found column "hp_user_role_id", data type 4, in table "hpmanager..hp_user_role"
[DEBUG] [10:45:32.006] [JavaFX Application Thread] [] org.mybatis.generator.internal.db.DatabaseIntrospector.getColumns:563 --> Found column "user_id", data type 12, in table "hpmanager..hp_user_role"
[DEBUG] [10:45:32.006] [JavaFX Application Thread] [] org.mybatis.generator.internal.db.DatabaseIntrospector.getColumns:563 --> Found column "role_id", data type 12, in table "hpmanager..hp_user_role"
[DEBUG] [10:45:32.007] [JavaFX Application Thread] [] org.mybatis.generator.internal.db.DatabaseIntrospector.getColumns:563 --> Found column "create_time", data type 93, in table "hpmanager..hp_user_role"
[INFO] [10:45:34.883] [JavaFX Application Thread] [] com.zzg.mybatis.generator.util.ConfigHelper.findConnectorLibPath:215 --> jar resource: jar:file:/D:/greensoft/mybatis-generator-gui/mybatis-generator-gui.jar!/logback.xml
[INFO] [10:45:34.883] [JavaFX Application Thread] [] com.zzg.mybatis.generator.bridge.MybatisGeneratorBridge.generate:66 --> connectorLibPath: D:\greensoft\mybatis-generator-gui\lib\mysql-connector-java-5.1.38.jar
[INFO] [10:45:34.884] [JavaFX Application Thread] [] com.zzg.mybatis.generator.util.DbUtil.getConnectionUrlWithSchema:208 --> getConnectionUrlWithSchema, connection url: jdbc:mysql://127.0.0.1:3306/hpmanager?useUnicode=true&useSSL=false&characterEncoding=utf8
[DEBUG] [10:45:35.022] [JavaFX Application Thread] [] org.mybatis.generator.internal.db.DatabaseIntrospector.getColumns:506 --> Retrieving column information for table "hpmanager.sys_permission"
[DEBUG] [10:45:35.323] [JavaFX Application Thread] [] org.mybatis.generator.internal.db.DatabaseIntrospector.getColumns:563 --> Found column "perm_id", data type 4, in table "hpmanager..sys_permission"
[DEBUG] [10:45:35.324] [JavaFX Application Thread] [] org.mybatis.generator.internal.db.DatabaseIntrospector.getColumns:563 --> Found column "code", data type 12, in table "hpmanager..sys_permission"
[DEBUG] [10:45:35.324] [JavaFX Application Thread] [] org.mybatis.generator.internal.db.DatabaseIntrospector.getColumns:563 --> Found column "perm_name", data type 12, in table "hpmanager..sys_permission"
[DEBUG] [10:45:35.324] [JavaFX Application Thread] [] org.mybatis.generator.internal.db.DatabaseIntrospector.getColumns:563 --> Found column "perms", data type 12, in table "hpmanager..sys_permission"
[DEBUG] [10:45:35.325] [JavaFX Application Thread] [] org.mybatis.generator.internal.db.DatabaseIntrospector.getColumns:563 --> Found column "url", data type 12, in table "hpmanager..sys_permission"
[DEBUG] [10:45:35.325] [JavaFX Application Thread] [] org.mybatis.generator.internal.db.DatabaseIntrospector.getColumns:563 --> Found column "method", data type 12, in table "hpmanager..sys_permission"
[DEBUG] [10:45:35.325] [JavaFX Application Thread] [] org.mybatis.generator.internal.db.DatabaseIntrospector.getColumns:563 --> Found column "pid", data type 12, in table "hpmanager..sys_permission"
[DEBUG] [10:45:35.326] [JavaFX Application Thread] [] org.mybatis.generator.internal.db.DatabaseIntrospector.getColumns:563 --> Found column "order_num", data type 4, in table "hpmanager..sys_permission"
[DEBUG] [10:45:35.326] [JavaFX Application Thread] [] org.mybatis.generator.internal.db.DatabaseIntrospector.getColumns:563 --> Found column "type", data type -6, in table "hpmanager..sys_permission"
[DEBUG] [10:45:35.326] [JavaFX Application Thread] [] org.mybatis.generator.internal.db.DatabaseIntrospector.getColumns:563 --> Found column "status", data type -6, in table "hpmanager..sys_permission"
[DEBUG] [10:45:35.326] [JavaFX Application Thread] [] org.mybatis.generator.internal.db.DatabaseIntrospector.getColumns:563 --> Found column "create_time", data type 93, in table "hpmanager..sys_permission"
[DEBUG] [10:45:35.327] [JavaFX Application Thread] [] org.mybatis.generator.internal.db.DatabaseIntrospector.getColumns:563 --> Found column "update_time", data type 93, in table "hpmanager..sys_permission"
[DEBUG] [10:45:35.327] [JavaFX Application Thread] [] org.mybatis.generator.internal.db.DatabaseIntrospector.getColumns:563 --> Found column "deleted", data type -6, in table "hpmanager..sys_permission"
[INFO] [10:45:37.474] [JavaFX Application Thread] [] com.zzg.mybatis.generator.util.ConfigHelper.findConnectorLibPath:215 --> jar resource: jar:file:/D:/greensoft/mybatis-generator-gui/mybatis-generator-gui.jar!/logback.xml
[INFO] [10:45:37.474] [JavaFX Application Thread] [] com.zzg.mybatis.generator.bridge.MybatisGeneratorBridge.generate:66 --> connectorLibPath: D:\greensoft\mybatis-generator-gui\lib\mysql-connector-java-5.1.38.jar
[INFO] [10:45:37.474] [JavaFX Application Thread] [] com.zzg.mybatis.generator.util.DbUtil.getConnectionUrlWithSchema:208 --> getConnectionUrlWithSchema, connection url: jdbc:mysql://127.0.0.1:3306/hpmanager?useUnicode=true&useSSL=false&characterEncoding=utf8
[DEBUG] [10:45:37.609] [JavaFX Application Thread] [] org.mybatis.generator.internal.db.DatabaseIntrospector.getColumns:506 --> Retrieving column information for table "hpmanager.sys_role_permission"
[DEBUG] [10:45:37.655] [JavaFX Application Thread] [] org.mybatis.generator.internal.db.DatabaseIntrospector.getColumns:563 --> Found column "role_per_id", data type 4, in table "hpmanager..sys_role_permission"
[DEBUG] [10:45:37.656] [JavaFX Application Thread] [] org.mybatis.generator.internal.db.DatabaseIntrospector.getColumns:563 --> Found column "role_id", data type 12, in table "hpmanager..sys_role_permission"
[DEBUG] [10:45:37.656] [JavaFX Application Thread] [] org.mybatis.generator.internal.db.DatabaseIntrospector.getColumns:563 --> Found column "permission_id", data type 12, in table "hpmanager..sys_role_permission"
[DEBUG] [10:45:37.656] [JavaFX Application Thread] [] org.mybatis.generator.internal.db.DatabaseIntrospector.getColumns:563 --> Found column "create_time", data type 93, in table "hpmanager..sys_role_permission"
[INFO] [10:49:49.976] [JavaFX Application Thread] [] com.zzg.mybatis.generator.util.DbUtil.getConnectionUrlWithSchema:208 --> getConnectionUrlWithSchema, connection url: jdbc:mysql://127.0.0.1:3306/hpmanager?useUnicode=true&useSSL=false&characterEncoding=utf8
[INFO] [10:49:50.010] [JavaFX Application Thread] [] com.zzg.mybatis.generator.util.DbUtil.getConnection:133 --> getConnection, connection url: com.mysql.jdbc.JDBC4Connection@3083aad7
[INFO] [22:02:57.976] [JavaFX Application Thread] [] com.zzg.mybatis.generator.util.ConfigHelper.findConnectorLibPath:215 --> jar resource: jar:file:/D:/greensoft/mybatis-generator-gui/mybatis-generator-gui.jar!/logback.xml
[INFO] [22:02:58.002] [JavaFX Application Thread] [] com.zzg.mybatis.generator.bridge.MybatisGeneratorBridge.generate:66 --> connectorLibPath: D:\greensoft\mybatis-generator-gui\lib\mysql-connector-java-5.1.38.jar
[INFO] [22:02:58.004] [JavaFX Application Thread] [] com.zzg.mybatis.generator.util.DbUtil.getConnectionUrlWithSchema:208 --> getConnectionUrlWithSchema, connection url: jdbc:mysql://127.0.0.1:3306/hpmanager?useUnicode=true&useSSL=false&characterEncoding=utf8
[DEBUG] [22:02:58.172] [JavaFX Application Thread] [] org.mybatis.generator.internal.db.DatabaseIntrospector.getColumns:506 --> Retrieving column information for table "hpmanager.hp_role"
[DEBUG] [22:02:58.184] [JavaFX Application Thread] [] org.mybatis.generator.internal.db.DatabaseIntrospector.getColumns:563 --> Found column "hp_role_id", data type 4, in table "hpmanager..hp_role"
[DEBUG] [22:02:58.185] [JavaFX Application Thread] [] org.mybatis.generator.internal.db.DatabaseIntrospector.getColumns:563 --> Found column "hp_role_name", data type 12, in table "hpmanager..hp_role"
[DEBUG] [22:02:58.185] [JavaFX Application Thread] [] org.mybatis.generator.internal.db.DatabaseIntrospector.getColumns:563 --> Found column "description", data type 12, in table "hpmanager..hp_role"
[DEBUG] [22:02:58.185] [JavaFX Application Thread] [] org.mybatis.generator.internal.db.DatabaseIntrospector.getColumns:563 --> Found column "status", data type -6, in table "hpmanager..hp_role"
[DEBUG] [22:02:58.185] [JavaFX Application Thread] [] org.mybatis.generator.internal.db.DatabaseIntrospector.getColumns:563 --> Found column "create_time", data type 93, in table "hpmanager..hp_role"
[DEBUG] [22:02:58.186] [JavaFX Application Thread] [] org.mybatis.generator.internal.db.DatabaseIntrospector.getColumns:563 --> Found column "update_time", data type 93, in table "hpmanager..hp_role"
[DEBUG] [22:02:58.186] [JavaFX Application Thread] [] org.mybatis.generator.internal.db.DatabaseIntrospector.getColumns:563 --> Found column "deleted", data type -6, in table "hpmanager..hp_role"
[INFO] [22:03:00.711] [JavaFX Application Thread] [] com.zzg.mybatis.generator.util.ConfigHelper.findConnectorLibPath:215 --> jar resource: jar:file:/D:/greensoft/mybatis-generator-gui/mybatis-generator-gui.jar!/logback.xml
[INFO] [22:03:00.711] [JavaFX Application Thread] [] com.zzg.mybatis.generator.bridge.MybatisGeneratorBridge.generate:66 --> connectorLibPath: D:\greensoft\mybatis-generator-gui\lib\mysql-connector-java-5.1.38.jar
[INFO] [22:03:00.712] [JavaFX Application Thread] [] com.zzg.mybatis.generator.util.DbUtil.getConnectionUrlWithSchema:208 --> getConnectionUrlWithSchema, connection url: jdbc:mysql://127.0.0.1:3306/hpmanager?useUnicode=true&useSSL=false&characterEncoding=utf8
[DEBUG] [22:03:00.882] [JavaFX Application Thread] [] org.mybatis.generator.internal.db.DatabaseIntrospector.getColumns:506 --> Retrieving column information for table "hpmanager.hp_teacher"
[DEBUG] [22:03:00.893] [JavaFX Application Thread] [] org.mybatis.generator.internal.db.DatabaseIntrospector.getColumns:563 --> Found column "id", data type 4, in table "hpmanager..hp_teacher"
[DEBUG] [22:03:00.894] [JavaFX Application Thread] [] org.mybatis.generator.internal.db.DatabaseIntrospector.getColumns:563 --> Found column "teacher_name", data type 12, in table "hpmanager..hp_teacher"
[DEBUG] [22:03:00.894] [JavaFX Application Thread] [] org.mybatis.generator.internal.db.DatabaseIntrospector.getColumns:563 --> Found column "salt", data type 12, in table "hpmanager..hp_teacher"
[DEBUG] [22:03:00.895] [JavaFX Application Thread] [] org.mybatis.generator.internal.db.DatabaseIntrospector.getColumns:563 --> Found column "teacher_password", data type 12, in table "hpmanager..hp_teacher"
[DEBUG] [22:03:00.895] [JavaFX Application Thread] [] org.mybatis.generator.internal.db.DatabaseIntrospector.getColumns:563 --> Found column "teacher_phone", data type 12, in table "hpmanager..hp_teacher"
[DEBUG] [22:03:00.895] [JavaFX Application Thread] [] org.mybatis.generator.internal.db.DatabaseIntrospector.getColumns:563 --> Found column "dept_id", data type 12, in table "hpmanager..hp_teacher"
[DEBUG] [22:03:00.896] [JavaFX Application Thread] [] org.mybatis.generator.internal.db.DatabaseIntrospector.getColumns:563 --> Found column "real_name", data type 12, in table "hpmanager..hp_teacher"
[DEBUG] [22:03:00.896] [JavaFX Application Thread] [] org.mybatis.generator.internal.db.DatabaseIntrospector.getColumns:563 --> Found column "nick_name", data type 12, in table "hpmanager..hp_teacher"
[DEBUG] [22:03:00.896] [JavaFX Application Thread] [] org.mybatis.generator.internal.db.DatabaseIntrospector.getColumns:563 --> Found column "teacher_age", data type 12, in table "hpmanager..hp_teacher"
[DEBUG] [22:03:00.897] [JavaFX Application Thread] [] org.mybatis.generator.internal.db.DatabaseIntrospector.getColumns:563 --> Found column "status", data type -6, in table "hpmanager..hp_teacher"
[DEBUG] [22:03:00.897] [JavaFX Application Thread] [] org.mybatis.generator.internal.db.DatabaseIntrospector.getColumns:563 --> Found column "sex", data type -6, in table "hpmanager..hp_teacher"
[DEBUG] [22:03:00.897] [JavaFX Application Thread] [] org.mybatis.generator.internal.db.DatabaseIntrospector.getColumns:563 --> Found column "deleted", data type -6, in table "hpmanager..hp_teacher"
[DEBUG] [22:03:00.897] [JavaFX Application Thread] [] org.mybatis.generator.internal.db.DatabaseIntrospector.getColumns:563 --> Found column "create_id", data type 12, in table "hpmanager..hp_teacher"
[DEBUG] [22:03:00.898] [JavaFX Application Thread] [] org.mybatis.generator.internal.db.DatabaseIntrospector.getColumns:563 --> Found column "update_id", data type 12, in table "hpmanager..hp_teacher"
[DEBUG] [22:03:00.898] [JavaFX Application Thread] [] org.mybatis.generator.internal.db.DatabaseIntrospector.getColumns:563 --> Found column "create_where", data type -6, in table "hpmanager..hp_teacher"
[DEBUG] [22:03:00.898] [JavaFX Application Thread] [] org.mybatis.generator.internal.db.DatabaseIntrospector.getColumns:563 --> Found column "create_time", data type 93, in table "hpmanager..hp_teacher"
[DEBUG] [22:03:00.898] [JavaFX Application Thread] [] org.mybatis.generator.internal.db.DatabaseIntrospector.getColumns:563 --> Found column "update_time", data type 93, in table "hpmanager..hp_teacher"
[INFO] [22:03:03.916] [JavaFX Application Thread] [] com.zzg.mybatis.generator.util.ConfigHelper.findConnectorLibPath:215 --> jar resource: jar:file:/D:/greensoft/mybatis-generator-gui/mybatis-generator-gui.jar!/logback.xml
[INFO] [22:03:03.917] [JavaFX Application Thread] [] com.zzg.mybatis.generator.bridge.MybatisGeneratorBridge.generate:66 --> connectorLibPath: D:\greensoft\mybatis-generator-gui\lib\mysql-connector-java-5.1.38.jar
[INFO] [22:03:03.919] [JavaFX Application Thread] [] com.zzg.mybatis.generator.util.DbUtil.getConnectionUrlWithSchema:208 --> getConnectionUrlWithSchema, connection url: jdbc:mysql://127.0.0.1:3306/hpmanager?useUnicode=true&useSSL=false&characterEncoding=utf8
[DEBUG] [22:03:04.065] [JavaFX Application Thread] [] org.mybatis.generator.internal.db.DatabaseIntrospector.getColumns:506 --> Retrieving column information for table "hpmanager.hp_user_role"
[DEBUG] [22:03:04.076] [JavaFX Application Thread] [] org.mybatis.generator.internal.db.DatabaseIntrospector.getColumns:563 --> Found column "hp_user_role_id", data type 4, in table "hpmanager..hp_user_role"
[DEBUG] [22:03:04.077] [JavaFX Application Thread] [] org.mybatis.generator.internal.db.DatabaseIntrospector.getColumns:563 --> Found column "user_id", data type 4, in table "hpmanager..hp_user_role"
[DEBUG] [22:03:04.077] [JavaFX Application Thread] [] org.mybatis.generator.internal.db.DatabaseIntrospector.getColumns:563 --> Found column "role_id", data type 4, in table "hpmanager..hp_user_role"
[DEBUG] [22:03:04.077] [JavaFX Application Thread] [] org.mybatis.generator.internal.db.DatabaseIntrospector.getColumns:563 --> Found column "create_time", data type 93, in table "hpmanager..hp_user_role"
[INFO] [22:03:06.877] [JavaFX Application Thread] [] com.zzg.mybatis.generator.util.ConfigHelper.findConnectorLibPath:215 --> jar resource: jar:file:/D:/greensoft/mybatis-generator-gui/mybatis-generator-gui.jar!/logback.xml
[INFO] [22:03:06.878] [JavaFX Application Thread] [] com.zzg.mybatis.generator.bridge.MybatisGeneratorBridge.generate:66 --> connectorLibPath: D:\greensoft\mybatis-generator-gui\lib\mysql-connector-java-5.1.38.jar
[INFO] [22:03:06.879] [JavaFX Application Thread] [] com.zzg.mybatis.generator.util.DbUtil.getConnectionUrlWithSchema:208 --> getConnectionUrlWithSchema, connection url: jdbc:mysql://127.0.0.1:3306/hpmanager?useUnicode=true&useSSL=false&characterEncoding=utf8
[DEBUG] [22:03:07.028] [JavaFX Application Thread] [] org.mybatis.generator.internal.db.DatabaseIntrospector.getColumns:506 --> Retrieving column information for table "hpmanager.sys_permission"
[DEBUG] [22:03:07.058] [JavaFX Application Thread] [] org.mybatis.generator.internal.db.DatabaseIntrospector.getColumns:563 --> Found column "perm_id", data type 4, in table "hpmanager..sys_permission"
[DEBUG] [22:03:07.058] [JavaFX Application Thread] [] org.mybatis.generator.internal.db.DatabaseIntrospector.getColumns:563 --> Found column "code", data type 12, in table "hpmanager..sys_permission"
[DEBUG] [22:03:07.058] [JavaFX Application Thread] [] org.mybatis.generator.internal.db.DatabaseIntrospector.getColumns:563 --> Found column "perm_name", data type 12, in table "hpmanager..sys_permission"
[DEBUG] [22:03:07.059] [JavaFX Application Thread] [] org.mybatis.generator.internal.db.DatabaseIntrospector.getColumns:563 --> Found column "perms", data type 12, in table "hpmanager..sys_permission"
[DEBUG] [22:03:07.061] [JavaFX Application Thread] [] org.mybatis.generator.internal.db.DatabaseIntrospector.getColumns:563 --> Found column "url", data type 12, in table "hpmanager..sys_permission"
[DEBUG] [22:03:07.062] [JavaFX Application Thread] [] org.mybatis.generator.internal.db.DatabaseIntrospector.getColumns:563 --> Found column "method", data type 12, in table "hpmanager..sys_permission"
[DEBUG] [22:03:07.062] [JavaFX Application Thread] [] org.mybatis.generator.internal.db.DatabaseIntrospector.getColumns:563 --> Found column "pid", data type 12, in table "hpmanager..sys_permission"
[DEBUG] [22:03:07.062] [JavaFX Application Thread] [] org.mybatis.generator.internal.db.DatabaseIntrospector.getColumns:563 --> Found column "order_num", data type 4, in table "hpmanager..sys_permission"
[DEBUG] [22:03:07.063] [JavaFX Application Thread] [] org.mybatis.generator.internal.db.DatabaseIntrospector.getColumns:563 --> Found column "type", data type -6, in table "hpmanager..sys_permission"
[DEBUG] [22:03:07.063] [JavaFX Application Thread] [] org.mybatis.generator.internal.db.DatabaseIntrospector.getColumns:563 --> Found column "status", data type -6, in table "hpmanager..sys_permission"
[DEBUG] [22:03:07.063] [JavaFX Application Thread] [] org.mybatis.generator.internal.db.DatabaseIntrospector.getColumns:563 --> Found column "create_time", data type 93, in table "hpmanager..sys_permission"
[DEBUG] [22:03:07.064] [JavaFX Application Thread] [] org.mybatis.generator.internal.db.DatabaseIntrospector.getColumns:563 --> Found column "update_time", data type 93, in table "hpmanager..sys_permission"
[DEBUG] [22:03:07.064] [JavaFX Application Thread] [] org.mybatis.generator.internal.db.DatabaseIntrospector.getColumns:563 --> Found column "deleted", data type -6, in table "hpmanager..sys_permission"
[INFO] [22:03:09.714] [JavaFX Application Thread] [] com.zzg.mybatis.generator.util.ConfigHelper.findConnectorLibPath:215 --> jar resource: jar:file:/D:/greensoft/mybatis-generator-gui/mybatis-generator-gui.jar!/logback.xml
[INFO] [22:03:09.714] [JavaFX Application Thread] [] com.zzg.mybatis.generator.bridge.MybatisGeneratorBridge.generate:66 --> connectorLibPath: D:\greensoft\mybatis-generator-gui\lib\mysql-connector-java-5.1.38.jar
[INFO] [22:03:09.714] [JavaFX Application Thread] [] com.zzg.mybatis.generator.util.DbUtil.getConnectionUrlWithSchema:208 --> getConnectionUrlWithSchema, connection url: jdbc:mysql://127.0.0.1:3306/hpmanager?useUnicode=true&useSSL=false&characterEncoding=utf8
[DEBUG] [22:03:09.862] [JavaFX Application Thread] [] org.mybatis.generator.internal.db.DatabaseIntrospector.getColumns:506 --> Retrieving column information for table "hpmanager.sys_role_permission"
[DEBUG] [22:03:09.874] [JavaFX Application Thread] [] org.mybatis.generator.internal.db.DatabaseIntrospector.getColumns:563 --> Found column "role_per_id", data type 4, in table "hpmanager..sys_role_permission"
[DEBUG] [22:03:09.874] [JavaFX Application Thread] [] org.mybatis.generator.internal.db.DatabaseIntrospector.getColumns:563 --> Found column "role_id", data type 4, in table "hpmanager..sys_role_permission"
[DEBUG] [22:03:09.874] [JavaFX Application Thread] [] org.mybatis.generator.internal.db.DatabaseIntrospector.getColumns:563 --> Found column "permission_id", data type 4, in table "hpmanager..sys_role_permission"
[DEBUG] [22:03:09.874] [JavaFX Application Thread] [] org.mybatis.generator.internal.db.DatabaseIntrospector.getColumns:563 --> Found column "create_time", data type 93, in table "hpmanager..sys_role_permission"
