[INFO] [17:00:05.268] [JavaFX Application Thread] [] com.zzg.mybatis.generator.util.ConnectionManager.getConnection:20 --> database FilePath :E:\00课件\mybatis-generator-gui\.\config\sqlite3.db
[INFO] [17:48:28.670] [JavaFX Application Thread] [] com.zzg.mybatis.generator.util.ConfigHelper.getAllJDBCDriverJarPaths:238 --> jar lib path: E:\00课件\mybatis-generator-gui\lib
[INFO] [17:48:28.671] [JavaFX Application Thread] [] com.zzg.mybatis.generator.util.ConfigHelper.getAllJDBCDriverJarPaths:242 --> jar file: E:\00课件\mybatis-generator-gui\lib\commons-beanutils-1.9.2.jar
[INFO] [17:48:28.672] [JavaFX Application Thread] [] com.zzg.mybatis.generator.util.ConfigHelper.getAllJDBCDriverJarPaths:242 --> jar file: E:\00课件\mybatis-generator-gui\lib\commons-collections-3.2.1.jar
[INFO] [17:48:28.673] [JavaFX Application Thread] [] com.zzg.mybatis.generator.util.ConfigHelper.getAllJDBCDriverJarPaths:242 --> jar file: E:\00课件\mybatis-generator-gui\lib\commons-io-2.5.jar
[INFO] [17:48:28.673] [JavaFX Application Thread] [] com.zzg.mybatis.generator.util.ConfigHelper.getAllJDBCDriverJarPaths:242 --> jar file: E:\00课件\mybatis-generator-gui\lib\commons-lang3-3.4.jar
[INFO] [17:48:28.674] [JavaFX Application Thread] [] com.zzg.mybatis.generator.util.ConfigHelper.getAllJDBCDriverJarPaths:242 --> jar file: E:\00课件\mybatis-generator-gui\lib\commons-logging-1.1.1.jar
[INFO] [17:48:28.674] [JavaFX Application Thread] [] com.zzg.mybatis.generator.util.ConfigHelper.getAllJDBCDriverJarPaths:242 --> jar file: E:\00课件\mybatis-generator-gui\lib\fastjson-1.2.7.jar
[INFO] [17:48:28.675] [JavaFX Application Thread] [] com.zzg.mybatis.generator.util.ConfigHelper.getAllJDBCDriverJarPaths:242 --> jar file: E:\00课件\mybatis-generator-gui\lib\hamcrest-core-1.3.jar
[INFO] [17:48:28.675] [JavaFX Application Thread] [] com.zzg.mybatis.generator.util.ConfigHelper.getAllJDBCDriverJarPaths:242 --> jar file: E:\00课件\mybatis-generator-gui\lib\jsch-0.1.54.jar
[INFO] [17:48:28.675] [JavaFX Application Thread] [] com.zzg.mybatis.generator.util.ConfigHelper.getAllJDBCDriverJarPaths:242 --> jar file: E:\00课件\mybatis-generator-gui\lib\junit-4.12.jar
[INFO] [17:48:28.676] [JavaFX Application Thread] [] com.zzg.mybatis.generator.util.ConfigHelper.getAllJDBCDriverJarPaths:242 --> jar file: E:\00课件\mybatis-generator-gui\lib\logback-classic-1.1.2.jar
[INFO] [17:48:28.676] [JavaFX Application Thread] [] com.zzg.mybatis.generator.util.ConfigHelper.getAllJDBCDriverJarPaths:242 --> jar file: E:\00课件\mybatis-generator-gui\lib\logback-core-1.1.2.jar
[INFO] [17:48:28.677] [JavaFX Application Thread] [] com.zzg.mybatis.generator.util.ConfigHelper.getAllJDBCDriverJarPaths:242 --> jar file: E:\00课件\mybatis-generator-gui\lib\mybatis-generator-core-1.3.6.jar
[INFO] [17:48:28.677] [JavaFX Application Thread] [] com.zzg.mybatis.generator.util.ConfigHelper.getAllJDBCDriverJarPaths:242 --> jar file: E:\00课件\mybatis-generator-gui\lib\mysql-connector-java-5.1.38.jar
[INFO] [17:48:28.677] [JavaFX Application Thread] [] com.zzg.mybatis.generator.util.ConfigHelper.getAllJDBCDriverJarPaths:242 --> jar file: E:\00课件\mybatis-generator-gui\lib\mysql-connector-java-8.0.11.jar
[INFO] [17:48:28.678] [JavaFX Application Thread] [] com.zzg.mybatis.generator.util.ConfigHelper.getAllJDBCDriverJarPaths:242 --> jar file: E:\00课件\mybatis-generator-gui\lib\ojdbc6.jar
[INFO] [17:48:28.678] [JavaFX Application Thread] [] com.zzg.mybatis.generator.util.ConfigHelper.getAllJDBCDriverJarPaths:242 --> jar file: E:\00课件\mybatis-generator-gui\lib\postgresql-9.4.1209.jar
[INFO] [17:48:28.679] [JavaFX Application Thread] [] com.zzg.mybatis.generator.util.ConfigHelper.getAllJDBCDriverJarPaths:242 --> jar file: E:\00课件\mybatis-generator-gui\lib\slf4j-api-1.7.25.jar
[INFO] [17:48:28.679] [JavaFX Application Thread] [] com.zzg.mybatis.generator.util.ConfigHelper.getAllJDBCDriverJarPaths:242 --> jar file: E:\00课件\mybatis-generator-gui\lib\sqlite-jdbc-3.19.3.jar
[INFO] [17:48:28.680] [JavaFX Application Thread] [] com.zzg.mybatis.generator.util.ConfigHelper.getAllJDBCDriverJarPaths:242 --> jar file: E:\00课件\mybatis-generator-gui\lib\sqlite-jdbc-3.8.11.2.jar
[INFO] [17:48:28.680] [JavaFX Application Thread] [] com.zzg.mybatis.generator.util.ConfigHelper.getAllJDBCDriverJarPaths:242 --> jar file: E:\00课件\mybatis-generator-gui\lib\sqljdbc4-4.0.jar
[INFO] [17:48:28.766] [JavaFX Application Thread] [] com.zzg.mybatis.generator.util.DbUtil.loadDbDriver:222 --> load driver class: com.mysql.jdbc.Driver@2b3974d
[INFO] [17:48:28.767] [JavaFX Application Thread] [] com.zzg.mybatis.generator.util.DbUtil.getConnectionUrlWithSchema:208 --> getConnectionUrlWithSchema, connection url: jdbc:mysql://127.0.0.1:3306/myshiro?useUnicode=true&useSSL=false&characterEncoding=utf8
[INFO] [17:48:29.216] [JavaFX Application Thread] [] com.zzg.mybatis.generator.util.DbUtil.getConnection:133 --> getConnection, connection url: com.mysql.jdbc.JDBC4Connection@72a2d436
[INFO] [17:48:30.886] [JavaFX Application Thread] [] com.zzg.mybatis.generator.util.ConnectionManager.getConnection:20 --> database FilePath :E:\00课件\mybatis-generator-gui\.\config\sqlite3.db
[INFO] [17:48:31.248] [JavaFX Application Thread] [] com.zzg.mybatis.generator.util.ConnectionManager.getConnection:20 --> database FilePath :E:\00课件\mybatis-generator-gui\.\config\sqlite3.db
[INFO] [17:48:32.951] [JavaFX Application Thread] [] com.zzg.mybatis.generator.util.DbUtil.getConnectionUrlWithSchema:208 --> getConnectionUrlWithSchema, connection url: jdbc:mysql://127.0.0.1:3306/myshiro?useUnicode=true&useSSL=false&characterEncoding=utf8
[INFO] [17:48:32.956] [JavaFX Application Thread] [] com.zzg.mybatis.generator.util.DbUtil.getConnection:133 --> getConnection, connection url: com.mysql.jdbc.JDBC4Connection@79e1ce9e
[INFO] [17:49:34.641] [JavaFX Application Thread] [] com.zzg.mybatis.generator.util.ConfigHelper.findConnectorLibPath:215 --> jar resource: jar:file:/E:/00%e8%af%be%e4%bb%b6/mybatis-generator-gui/mybatis-generator-gui.jar!/logback.xml
[INFO] [17:49:34.642] [JavaFX Application Thread] [] com.zzg.mybatis.generator.bridge.MybatisGeneratorBridge.generate:66 --> connectorLibPath: E:\00课件\mybatis-generator-gui\lib\mysql-connector-java-5.1.38.jar
[INFO] [17:49:34.647] [JavaFX Application Thread] [] com.zzg.mybatis.generator.util.DbUtil.getConnectionUrlWithSchema:208 --> getConnectionUrlWithSchema, connection url: jdbc:mysql://127.0.0.1:3306/myshiro?useUnicode=true&useSSL=false&characterEncoding=utf8
[DEBUG] [17:49:34.846] [JavaFX Application Thread] [] org.mybatis.generator.logging.LogFactory.setImplementation:105 --> Logging initialized using 'org.mybatis.generator.logging.slf4j.Slf4jLoggingLogFactory@5a76aaf4' adapter.
[DEBUG] [17:49:34.847] [JavaFX Application Thread] [] org.mybatis.generator.internal.db.DatabaseIntrospector.getColumns:506 --> Retrieving column information for table "myshiro.teacher"
[DEBUG] [17:49:34.872] [JavaFX Application Thread] [] org.mybatis.generator.internal.db.DatabaseIntrospector.getColumns:563 --> Found column "teacher_id", data type 4, in table "myshiro..teacher"
[DEBUG] [17:49:34.873] [JavaFX Application Thread] [] org.mybatis.generator.internal.db.DatabaseIntrospector.getColumns:563 --> Found column "teacher_name", data type 12, in table "myshiro..teacher"
[DEBUG] [17:49:34.873] [JavaFX Application Thread] [] org.mybatis.generator.internal.db.DatabaseIntrospector.getColumns:563 --> Found column "teacher_pwd", data type 12, in table "myshiro..teacher"
[DEBUG] [17:49:34.874] [JavaFX Application Thread] [] org.mybatis.generator.internal.db.DatabaseIntrospector.getColumns:563 --> Found column "perms", data type 12, in table "myshiro..teacher"
[INFO] [18:31:53.981] [JavaFX Application Thread] [] com.zzg.mybatis.generator.util.ConfigHelper.findConnectorLibPath:215 --> jar resource: jar:file:/E:/00%e8%af%be%e4%bb%b6/mybatis-generator-gui/mybatis-generator-gui.jar!/logback.xml
[INFO] [18:31:53.982] [JavaFX Application Thread] [] com.zzg.mybatis.generator.bridge.MybatisGeneratorBridge.generate:66 --> connectorLibPath: E:\00课件\mybatis-generator-gui\lib\mysql-connector-java-5.1.38.jar
[INFO] [18:31:53.983] [JavaFX Application Thread] [] com.zzg.mybatis.generator.util.DbUtil.getConnectionUrlWithSchema:208 --> getConnectionUrlWithSchema, connection url: jdbc:mysql://127.0.0.1:3306/myshiro?useUnicode=true&useSSL=false&characterEncoding=utf8
[DEBUG] [18:31:54.204] [JavaFX Application Thread] [] org.mybatis.generator.internal.db.DatabaseIntrospector.getColumns:506 --> Retrieving column information for table "myshiro.teacher"
[DEBUG] [18:31:54.217] [JavaFX Application Thread] [] org.mybatis.generator.internal.db.DatabaseIntrospector.getColumns:563 --> Found column "teacher_id", data type 4, in table "myshiro..teacher"
[DEBUG] [18:31:54.218] [JavaFX Application Thread] [] org.mybatis.generator.internal.db.DatabaseIntrospector.getColumns:563 --> Found column "teacher_name", data type 12, in table "myshiro..teacher"
[DEBUG] [18:31:54.218] [JavaFX Application Thread] [] org.mybatis.generator.internal.db.DatabaseIntrospector.getColumns:563 --> Found column "teacher_pwd", data type 12, in table "myshiro..teacher"
[DEBUG] [18:31:54.218] [JavaFX Application Thread] [] org.mybatis.generator.internal.db.DatabaseIntrospector.getColumns:563 --> Found column "perms", data type 12, in table "myshiro..teacher"
[INFO] [19:46:58.854] [JavaFX Application Thread] [] com.zzg.mybatis.generator.util.ConfigHelper.findConnectorLibPath:215 --> jar resource: jar:file:/E:/00%e8%af%be%e4%bb%b6/mybatis-generator-gui/mybatis-generator-gui.jar!/logback.xml
[INFO] [19:46:58.856] [JavaFX Application Thread] [] com.zzg.mybatis.generator.bridge.MybatisGeneratorBridge.generate:66 --> connectorLibPath: E:\00课件\mybatis-generator-gui\lib\mysql-connector-java-5.1.38.jar
[INFO] [19:46:58.856] [JavaFX Application Thread] [] com.zzg.mybatis.generator.util.DbUtil.getConnectionUrlWithSchema:208 --> getConnectionUrlWithSchema, connection url: jdbc:mysql://127.0.0.1:3306/myshiro?useUnicode=true&useSSL=false&characterEncoding=utf8
[DEBUG] [19:46:59.011] [JavaFX Application Thread] [] org.mybatis.generator.internal.db.DatabaseIntrospector.getColumns:506 --> Retrieving column information for table "myshiro.teacher"
[DEBUG] [19:46:59.028] [JavaFX Application Thread] [] org.mybatis.generator.internal.db.DatabaseIntrospector.getColumns:563 --> Found column "teacher_id", data type 4, in table "myshiro..teacher"
[DEBUG] [19:46:59.029] [JavaFX Application Thread] [] org.mybatis.generator.internal.db.DatabaseIntrospector.getColumns:563 --> Found column "teacher_name", data type 12, in table "myshiro..teacher"
[DEBUG] [19:46:59.029] [JavaFX Application Thread] [] org.mybatis.generator.internal.db.DatabaseIntrospector.getColumns:563 --> Found column "teacher_pwd", data type 12, in table "myshiro..teacher"
[DEBUG] [19:46:59.031] [JavaFX Application Thread] [] org.mybatis.generator.internal.db.DatabaseIntrospector.getColumns:563 --> Found column "perms", data type 12, in table "myshiro..teacher"
