[INFO] [10:22:01.541] [JavaFX Application Thread] [] com.zzg.mybatis.generator.util.ConnectionManager.getConnection:20 --> database FilePath :F:\待整理\qqmsg\47449304\FileRecv\mybatis-generator-gui-新改版\mybatis-generator-gui\.\config\sqlite3.db
[INFO] [10:22:04.537] [JavaFX Application Thread] [] com.zzg.mybatis.generator.util.ConfigHelper.getAllJDBCDriverJarPaths:238 --> jar lib path: F:\待整理\qqmsg\47449304\FileRecv\mybatis-generator-gui-新改版\mybatis-generator-gui\lib
[INFO] [10:22:04.538] [JavaFX Application Thread] [] com.zzg.mybatis.generator.util.ConfigHelper.getAllJDBCDriverJarPaths:242 --> jar file: F:\待整理\qqmsg\47449304\FileRecv\mybatis-generator-gui-新改版\mybatis-generator-gui\lib\commons-beanutils-1.9.2.jar
[INFO] [10:22:04.539] [JavaFX Application Thread] [] com.zzg.mybatis.generator.util.ConfigHelper.getAllJDBCDriverJarPaths:242 --> jar file: F:\待整理\qqmsg\47449304\FileRecv\mybatis-generator-gui-新改版\mybatis-generator-gui\lib\commons-collections-3.2.1.jar
[INFO] [10:22:04.539] [JavaFX Application Thread] [] com.zzg.mybatis.generator.util.ConfigHelper.getAllJDBCDriverJarPaths:242 --> jar file: F:\待整理\qqmsg\47449304\FileRecv\mybatis-generator-gui-新改版\mybatis-generator-gui\lib\commons-io-2.5.jar
[INFO] [10:22:04.540] [JavaFX Application Thread] [] com.zzg.mybatis.generator.util.ConfigHelper.getAllJDBCDriverJarPaths:242 --> jar file: F:\待整理\qqmsg\47449304\FileRecv\mybatis-generator-gui-新改版\mybatis-generator-gui\lib\commons-lang3-3.4.jar
[INFO] [10:22:04.540] [JavaFX Application Thread] [] com.zzg.mybatis.generator.util.ConfigHelper.getAllJDBCDriverJarPaths:242 --> jar file: F:\待整理\qqmsg\47449304\FileRecv\mybatis-generator-gui-新改版\mybatis-generator-gui\lib\commons-logging-1.1.1.jar
[INFO] [10:22:04.541] [JavaFX Application Thread] [] com.zzg.mybatis.generator.util.ConfigHelper.getAllJDBCDriverJarPaths:242 --> jar file: F:\待整理\qqmsg\47449304\FileRecv\mybatis-generator-gui-新改版\mybatis-generator-gui\lib\fastjson-1.2.7.jar
[INFO] [10:22:04.541] [JavaFX Application Thread] [] com.zzg.mybatis.generator.util.ConfigHelper.getAllJDBCDriverJarPaths:242 --> jar file: F:\待整理\qqmsg\47449304\FileRecv\mybatis-generator-gui-新改版\mybatis-generator-gui\lib\hamcrest-core-1.3.jar
[INFO] [10:22:04.541] [JavaFX Application Thread] [] com.zzg.mybatis.generator.util.ConfigHelper.getAllJDBCDriverJarPaths:242 --> jar file: F:\待整理\qqmsg\47449304\FileRecv\mybatis-generator-gui-新改版\mybatis-generator-gui\lib\jsch-0.1.54.jar
[INFO] [10:22:04.542] [JavaFX Application Thread] [] com.zzg.mybatis.generator.util.ConfigHelper.getAllJDBCDriverJarPaths:242 --> jar file: F:\待整理\qqmsg\47449304\FileRecv\mybatis-generator-gui-新改版\mybatis-generator-gui\lib\junit-4.12.jar
[INFO] [10:22:04.542] [JavaFX Application Thread] [] com.zzg.mybatis.generator.util.ConfigHelper.getAllJDBCDriverJarPaths:242 --> jar file: F:\待整理\qqmsg\47449304\FileRecv\mybatis-generator-gui-新改版\mybatis-generator-gui\lib\logback-classic-1.1.2.jar
[INFO] [10:22:04.542] [JavaFX Application Thread] [] com.zzg.mybatis.generator.util.ConfigHelper.getAllJDBCDriverJarPaths:242 --> jar file: F:\待整理\qqmsg\47449304\FileRecv\mybatis-generator-gui-新改版\mybatis-generator-gui\lib\logback-core-1.1.2.jar
[INFO] [10:22:04.543] [JavaFX Application Thread] [] com.zzg.mybatis.generator.util.ConfigHelper.getAllJDBCDriverJarPaths:242 --> jar file: F:\待整理\qqmsg\47449304\FileRecv\mybatis-generator-gui-新改版\mybatis-generator-gui\lib\mybatis-generator-core-1.3.6.jar
[INFO] [10:22:04.543] [JavaFX Application Thread] [] com.zzg.mybatis.generator.util.ConfigHelper.getAllJDBCDriverJarPaths:242 --> jar file: F:\待整理\qqmsg\47449304\FileRecv\mybatis-generator-gui-新改版\mybatis-generator-gui\lib\mysql-connector-java-5.1.38.jar
[INFO] [10:22:04.543] [JavaFX Application Thread] [] com.zzg.mybatis.generator.util.ConfigHelper.getAllJDBCDriverJarPaths:242 --> jar file: F:\待整理\qqmsg\47449304\FileRecv\mybatis-generator-gui-新改版\mybatis-generator-gui\lib\mysql-connector-java-8.0.11.jar
[INFO] [10:22:04.544] [JavaFX Application Thread] [] com.zzg.mybatis.generator.util.ConfigHelper.getAllJDBCDriverJarPaths:242 --> jar file: F:\待整理\qqmsg\47449304\FileRecv\mybatis-generator-gui-新改版\mybatis-generator-gui\lib\ojdbc6.jar
[INFO] [10:22:04.544] [JavaFX Application Thread] [] com.zzg.mybatis.generator.util.ConfigHelper.getAllJDBCDriverJarPaths:242 --> jar file: F:\待整理\qqmsg\47449304\FileRecv\mybatis-generator-gui-新改版\mybatis-generator-gui\lib\postgresql-9.4.1209.jar
[INFO] [10:22:04.544] [JavaFX Application Thread] [] com.zzg.mybatis.generator.util.ConfigHelper.getAllJDBCDriverJarPaths:242 --> jar file: F:\待整理\qqmsg\47449304\FileRecv\mybatis-generator-gui-新改版\mybatis-generator-gui\lib\slf4j-api-1.7.25.jar
[INFO] [10:22:04.545] [JavaFX Application Thread] [] com.zzg.mybatis.generator.util.ConfigHelper.getAllJDBCDriverJarPaths:242 --> jar file: F:\待整理\qqmsg\47449304\FileRecv\mybatis-generator-gui-新改版\mybatis-generator-gui\lib\sqlite-jdbc-3.19.3.jar
[INFO] [10:22:04.545] [JavaFX Application Thread] [] com.zzg.mybatis.generator.util.ConfigHelper.getAllJDBCDriverJarPaths:242 --> jar file: F:\待整理\qqmsg\47449304\FileRecv\mybatis-generator-gui-新改版\mybatis-generator-gui\lib\sqlite-jdbc-3.8.11.2.jar
[INFO] [10:22:04.545] [JavaFX Application Thread] [] com.zzg.mybatis.generator.util.ConfigHelper.getAllJDBCDriverJarPaths:242 --> jar file: F:\待整理\qqmsg\47449304\FileRecv\mybatis-generator-gui-新改版\mybatis-generator-gui\lib\sqljdbc4-4.0.jar
[INFO] [10:22:04.595] [JavaFX Application Thread] [] com.zzg.mybatis.generator.util.DbUtil.loadDbDriver:222 --> load driver class: com.mysql.jdbc.Driver@427727c8
[INFO] [10:22:04.595] [JavaFX Application Thread] [] com.zzg.mybatis.generator.util.DbUtil.getConnectionUrlWithSchema:208 --> getConnectionUrlWithSchema, connection url: jdbc:mysql://127.0.0.01:3306/wuye?useUnicode=true&useSSL=false&characterEncoding=utf8
[INFO] [10:22:04.848] [JavaFX Application Thread] [] com.zzg.mybatis.generator.util.DbUtil.getConnection:133 --> getConnection, connection url: com.mysql.jdbc.JDBC4Connection@1dfd7271
[INFO] [10:23:33.210] [JavaFX Application Thread] [] com.zzg.mybatis.generator.util.ConfigHelper.findConnectorLibPath:215 --> jar resource: jar:file:/F:/%e5%be%85%e6%95%b4%e7%90%86/qqmsg/47449304/FileRecv/mybatis-generator-gui-%e6%96%b0%e6%94%b9%e7%89%88/mybatis-generator-gui/mybatis-generator-gui.jar!/logback.xml
[INFO] [10:23:33.211] [JavaFX Application Thread] [] com.zzg.mybatis.generator.bridge.MybatisGeneratorBridge.generate:66 --> connectorLibPath: F:\待整理\qqmsg\47449304\FileRecv\mybatis-generator-gui-新改版\mybatis-generator-gui\lib\mysql-connector-java-5.1.38.jar
[INFO] [10:23:33.214] [JavaFX Application Thread] [] com.zzg.mybatis.generator.util.DbUtil.getConnectionUrlWithSchema:208 --> getConnectionUrlWithSchema, connection url: jdbc:mysql://127.0.0.01:3306/wuye?useUnicode=true&useSSL=false&characterEncoding=utf8
[DEBUG] [10:23:33.390] [JavaFX Application Thread] [] org.mybatis.generator.logging.LogFactory.setImplementation:105 --> Logging initialized using 'org.mybatis.generator.logging.slf4j.Slf4jLoggingLogFactory@2a8c78dd' adapter.
[DEBUG] [10:23:33.391] [JavaFX Application Thread] [] org.mybatis.generator.internal.db.DatabaseIntrospector.getColumns:506 --> Retrieving column information for table "wuye.lang"
[DEBUG] [10:23:33.421] [JavaFX Application Thread] [] org.mybatis.generator.internal.db.DatabaseIntrospector.getColumns:563 --> Found column "lang_id", data type 4, in table "wuye..lang"
[DEBUG] [10:23:33.422] [JavaFX Application Thread] [] org.mybatis.generator.internal.db.DatabaseIntrospector.getColumns:563 --> Found column "lang_name", data type 12, in table "wuye..lang"
[DEBUG] [10:23:33.422] [JavaFX Application Thread] [] org.mybatis.generator.internal.db.DatabaseIntrospector.getColumns:563 --> Found column "lang_sex", data type 4, in table "wuye..lang"
[INFO] [11:15:13.359] [JavaFX Application Thread] [] com.zzg.mybatis.generator.util.ConfigHelper.findConnectorLibPath:215 --> jar resource: jar:file:/F:/%e5%be%85%e6%95%b4%e7%90%86/qqmsg/47449304/FileRecv/mybatis-generator-gui-%e6%96%b0%e6%94%b9%e7%89%88/mybatis-generator-gui/mybatis-generator-gui.jar!/logback.xml
[INFO] [11:15:13.363] [JavaFX Application Thread] [] com.zzg.mybatis.generator.bridge.MybatisGeneratorBridge.generate:66 --> connectorLibPath: F:\待整理\qqmsg\47449304\FileRecv\mybatis-generator-gui-新改版\mybatis-generator-gui\lib\mysql-connector-java-5.1.38.jar
[INFO] [11:15:13.363] [JavaFX Application Thread] [] com.zzg.mybatis.generator.util.DbUtil.getConnectionUrlWithSchema:208 --> getConnectionUrlWithSchema, connection url: jdbc:mysql://127.0.0.01:3306/wuye?useUnicode=true&useSSL=false&characterEncoding=utf8
[DEBUG] [11:15:13.513] [JavaFX Application Thread] [] org.mybatis.generator.internal.db.DatabaseIntrospector.getColumns:506 --> Retrieving column information for table "wuye.house"
[DEBUG] [11:15:13.533] [JavaFX Application Thread] [] org.mybatis.generator.internal.db.DatabaseIntrospector.getColumns:563 --> Found column "house_id", data type 4, in table "wuye..house"
[DEBUG] [11:15:13.538] [JavaFX Application Thread] [] org.mybatis.generator.internal.db.DatabaseIntrospector.getColumns:563 --> Found column "house_name", data type 12, in table "wuye..house"
[DEBUG] [11:15:13.539] [JavaFX Application Thread] [] org.mybatis.generator.internal.db.DatabaseIntrospector.getColumns:563 --> Found column "house_unit_count", data type 4, in table "wuye..house"
[INFO] [11:20:19.124] [JavaFX Application Thread] [] com.zzg.mybatis.generator.util.ConfigHelper.findConnectorLibPath:215 --> jar resource: jar:file:/F:/%e5%be%85%e6%95%b4%e7%90%86/qqmsg/47449304/FileRecv/mybatis-generator-gui-%e6%96%b0%e6%94%b9%e7%89%88/mybatis-generator-gui/mybatis-generator-gui.jar!/logback.xml
[INFO] [11:20:19.126] [JavaFX Application Thread] [] com.zzg.mybatis.generator.bridge.MybatisGeneratorBridge.generate:66 --> connectorLibPath: F:\待整理\qqmsg\47449304\FileRecv\mybatis-generator-gui-新改版\mybatis-generator-gui\lib\mysql-connector-java-5.1.38.jar
[INFO] [11:20:19.126] [JavaFX Application Thread] [] com.zzg.mybatis.generator.util.DbUtil.getConnectionUrlWithSchema:208 --> getConnectionUrlWithSchema, connection url: jdbc:mysql://127.0.0.01:3306/wuye?useUnicode=true&useSSL=false&characterEncoding=utf8
[DEBUG] [11:20:19.308] [JavaFX Application Thread] [] org.mybatis.generator.internal.db.DatabaseIntrospector.getColumns:506 --> Retrieving column information for table "wuye.house"
[DEBUG] [11:20:19.336] [JavaFX Application Thread] [] org.mybatis.generator.internal.db.DatabaseIntrospector.getColumns:563 --> Found column "house_id", data type 4, in table "wuye..house"
[DEBUG] [11:20:19.336] [JavaFX Application Thread] [] org.mybatis.generator.internal.db.DatabaseIntrospector.getColumns:563 --> Found column "house_name", data type 12, in table "wuye..house"
[DEBUG] [11:20:19.336] [JavaFX Application Thread] [] org.mybatis.generator.internal.db.DatabaseIntrospector.getColumns:563 --> Found column "house_unit_count", data type 4, in table "wuye..house"
[INFO] [11:21:35.481] [JavaFX Application Thread] [] com.zzg.mybatis.generator.util.ConfigHelper.findConnectorLibPath:215 --> jar resource: jar:file:/F:/%e5%be%85%e6%95%b4%e7%90%86/qqmsg/47449304/FileRecv/mybatis-generator-gui-%e6%96%b0%e6%94%b9%e7%89%88/mybatis-generator-gui/mybatis-generator-gui.jar!/logback.xml
[INFO] [11:21:35.483] [JavaFX Application Thread] [] com.zzg.mybatis.generator.bridge.MybatisGeneratorBridge.generate:66 --> connectorLibPath: F:\待整理\qqmsg\47449304\FileRecv\mybatis-generator-gui-新改版\mybatis-generator-gui\lib\mysql-connector-java-5.1.38.jar
[INFO] [11:21:35.483] [JavaFX Application Thread] [] com.zzg.mybatis.generator.util.DbUtil.getConnectionUrlWithSchema:208 --> getConnectionUrlWithSchema, connection url: jdbc:mysql://127.0.0.01:3306/wuye?useUnicode=true&useSSL=false&characterEncoding=utf8
[DEBUG] [11:21:35.622] [JavaFX Application Thread] [] org.mybatis.generator.internal.db.DatabaseIntrospector.getColumns:506 --> Retrieving column information for table "wuye.house"
[DEBUG] [11:21:35.650] [JavaFX Application Thread] [] org.mybatis.generator.internal.db.DatabaseIntrospector.getColumns:563 --> Found column "house_id", data type 4, in table "wuye..house"
[DEBUG] [11:21:35.650] [JavaFX Application Thread] [] org.mybatis.generator.internal.db.DatabaseIntrospector.getColumns:563 --> Found column "house_name", data type 12, in table "wuye..house"
[DEBUG] [11:21:35.651] [JavaFX Application Thread] [] org.mybatis.generator.internal.db.DatabaseIntrospector.getColumns:563 --> Found column "house_unit_count", data type 4, in table "wuye..house"
[INFO] [11:21:47.240] [JavaFX Application Thread] [] com.zzg.mybatis.generator.util.ConfigHelper.findConnectorLibPath:215 --> jar resource: jar:file:/F:/%e5%be%85%e6%95%b4%e7%90%86/qqmsg/47449304/FileRecv/mybatis-generator-gui-%e6%96%b0%e6%94%b9%e7%89%88/mybatis-generator-gui/mybatis-generator-gui.jar!/logback.xml
[INFO] [11:21:47.241] [JavaFX Application Thread] [] com.zzg.mybatis.generator.bridge.MybatisGeneratorBridge.generate:66 --> connectorLibPath: F:\待整理\qqmsg\47449304\FileRecv\mybatis-generator-gui-新改版\mybatis-generator-gui\lib\mysql-connector-java-5.1.38.jar
[INFO] [11:21:47.242] [JavaFX Application Thread] [] com.zzg.mybatis.generator.util.DbUtil.getConnectionUrlWithSchema:208 --> getConnectionUrlWithSchema, connection url: jdbc:mysql://127.0.0.01:3306/wuye?useUnicode=true&useSSL=false&characterEncoding=utf8
[DEBUG] [11:21:47.378] [JavaFX Application Thread] [] org.mybatis.generator.internal.db.DatabaseIntrospector.getColumns:506 --> Retrieving column information for table "wuye.house"
[DEBUG] [11:21:47.392] [JavaFX Application Thread] [] org.mybatis.generator.internal.db.DatabaseIntrospector.getColumns:563 --> Found column "house_id", data type 4, in table "wuye..house"
[DEBUG] [11:21:47.392] [JavaFX Application Thread] [] org.mybatis.generator.internal.db.DatabaseIntrospector.getColumns:563 --> Found column "house_name", data type 12, in table "wuye..house"
[DEBUG] [11:21:47.392] [JavaFX Application Thread] [] org.mybatis.generator.internal.db.DatabaseIntrospector.getColumns:563 --> Found column "house_unit_count", data type 4, in table "wuye..house"
[INFO] [11:38:24.777] [JavaFX Application Thread] [] com.zzg.mybatis.generator.util.ConfigHelper.findConnectorLibPath:215 --> jar resource: jar:file:/F:/%e5%be%85%e6%95%b4%e7%90%86/qqmsg/47449304/FileRecv/mybatis-generator-gui-%e6%96%b0%e6%94%b9%e7%89%88/mybatis-generator-gui/mybatis-generator-gui.jar!/logback.xml
[INFO] [11:38:24.779] [JavaFX Application Thread] [] com.zzg.mybatis.generator.bridge.MybatisGeneratorBridge.generate:66 --> connectorLibPath: F:\待整理\qqmsg\47449304\FileRecv\mybatis-generator-gui-新改版\mybatis-generator-gui\lib\mysql-connector-java-5.1.38.jar
[INFO] [11:38:24.780] [JavaFX Application Thread] [] com.zzg.mybatis.generator.util.DbUtil.getConnectionUrlWithSchema:208 --> getConnectionUrlWithSchema, connection url: jdbc:mysql://127.0.0.01:3306/wuye?useUnicode=true&useSSL=false&characterEncoding=utf8
[DEBUG] [11:38:24.917] [JavaFX Application Thread] [] org.mybatis.generator.internal.db.DatabaseIntrospector.getColumns:506 --> Retrieving column information for table "wuye.house"
[DEBUG] [11:38:24.930] [JavaFX Application Thread] [] org.mybatis.generator.internal.db.DatabaseIntrospector.getColumns:563 --> Found column "house_id", data type 4, in table "wuye..house"
[DEBUG] [11:38:24.931] [JavaFX Application Thread] [] org.mybatis.generator.internal.db.DatabaseIntrospector.getColumns:563 --> Found column "house_name", data type 12, in table "wuye..house"
[DEBUG] [11:38:24.931] [JavaFX Application Thread] [] org.mybatis.generator.internal.db.DatabaseIntrospector.getColumns:563 --> Found column "house_unit_count", data type 4, in table "wuye..house"
