[INFO] [16:08:45.405] [JavaFX Application Thread] [] com.zzg.mybatis.generator.util.ConnectionManager.getConnection:20 --> database FilePath :E:\finalPath\qqmsg\47449304\FileRecv\mybatis-generator-gui\.\config\sqlite3.db
[INFO] [16:12:18.736] [JavaFX Application Thread] [] com.zzg.mybatis.generator.util.ConfigHelper.getAllJDBCDriverJarPaths:238 --> jar lib path: E:\finalPath\qqmsg\47449304\FileRecv\mybatis-generator-gui\lib
[INFO] [16:12:18.737] [JavaFX Application Thread] [] com.zzg.mybatis.generator.util.ConfigHelper.getAllJDBCDriverJarPaths:242 --> jar file: E:\finalPath\qqmsg\47449304\FileRecv\mybatis-generator-gui\lib\commons-beanutils-1.9.2.jar
[INFO] [16:12:18.737] [JavaFX Application Thread] [] com.zzg.mybatis.generator.util.ConfigHelper.getAllJDBCDriverJarPaths:242 --> jar file: E:\finalPath\qqmsg\47449304\FileRecv\mybatis-generator-gui\lib\commons-collections-3.2.1.jar
[INFO] [16:12:18.738] [JavaFX Application Thread] [] com.zzg.mybatis.generator.util.ConfigHelper.getAllJDBCDriverJarPaths:242 --> jar file: E:\finalPath\qqmsg\47449304\FileRecv\mybatis-generator-gui\lib\commons-io-2.5.jar
[INFO] [16:12:18.738] [JavaFX Application Thread] [] com.zzg.mybatis.generator.util.ConfigHelper.getAllJDBCDriverJarPaths:242 --> jar file: E:\finalPath\qqmsg\47449304\FileRecv\mybatis-generator-gui\lib\commons-lang3-3.4.jar
[INFO] [16:12:18.739] [JavaFX Application Thread] [] com.zzg.mybatis.generator.util.ConfigHelper.getAllJDBCDriverJarPaths:242 --> jar file: E:\finalPath\qqmsg\47449304\FileRecv\mybatis-generator-gui\lib\commons-logging-1.1.1.jar
[INFO] [16:12:18.739] [JavaFX Application Thread] [] com.zzg.mybatis.generator.util.ConfigHelper.getAllJDBCDriverJarPaths:242 --> jar file: E:\finalPath\qqmsg\47449304\FileRecv\mybatis-generator-gui\lib\fastjson-1.2.7.jar
[INFO] [16:12:18.740] [JavaFX Application Thread] [] com.zzg.mybatis.generator.util.ConfigHelper.getAllJDBCDriverJarPaths:242 --> jar file: E:\finalPath\qqmsg\47449304\FileRecv\mybatis-generator-gui\lib\hamcrest-core-1.3.jar
[INFO] [16:12:18.740] [JavaFX Application Thread] [] com.zzg.mybatis.generator.util.ConfigHelper.getAllJDBCDriverJarPaths:242 --> jar file: E:\finalPath\qqmsg\47449304\FileRecv\mybatis-generator-gui\lib\jsch-0.1.54.jar
[INFO] [16:12:18.741] [JavaFX Application Thread] [] com.zzg.mybatis.generator.util.ConfigHelper.getAllJDBCDriverJarPaths:242 --> jar file: E:\finalPath\qqmsg\47449304\FileRecv\mybatis-generator-gui\lib\junit-4.12.jar
[INFO] [16:12:18.741] [JavaFX Application Thread] [] com.zzg.mybatis.generator.util.ConfigHelper.getAllJDBCDriverJarPaths:242 --> jar file: E:\finalPath\qqmsg\47449304\FileRecv\mybatis-generator-gui\lib\logback-classic-1.1.2.jar
[INFO] [16:12:18.741] [JavaFX Application Thread] [] com.zzg.mybatis.generator.util.ConfigHelper.getAllJDBCDriverJarPaths:242 --> jar file: E:\finalPath\qqmsg\47449304\FileRecv\mybatis-generator-gui\lib\logback-core-1.1.2.jar
[INFO] [16:12:18.742] [JavaFX Application Thread] [] com.zzg.mybatis.generator.util.ConfigHelper.getAllJDBCDriverJarPaths:242 --> jar file: E:\finalPath\qqmsg\47449304\FileRecv\mybatis-generator-gui\lib\mybatis-generator-core-1.3.6.jar
[INFO] [16:12:18.742] [JavaFX Application Thread] [] com.zzg.mybatis.generator.util.ConfigHelper.getAllJDBCDriverJarPaths:242 --> jar file: E:\finalPath\qqmsg\47449304\FileRecv\mybatis-generator-gui\lib\mysql-connector-java-5.1.38.jar
[INFO] [16:12:18.743] [JavaFX Application Thread] [] com.zzg.mybatis.generator.util.ConfigHelper.getAllJDBCDriverJarPaths:242 --> jar file: E:\finalPath\qqmsg\47449304\FileRecv\mybatis-generator-gui\lib\mysql-connector-java-8.0.11.jar
[INFO] [16:12:18.743] [JavaFX Application Thread] [] com.zzg.mybatis.generator.util.ConfigHelper.getAllJDBCDriverJarPaths:242 --> jar file: E:\finalPath\qqmsg\47449304\FileRecv\mybatis-generator-gui\lib\ojdbc6.jar
[INFO] [16:12:18.744] [JavaFX Application Thread] [] com.zzg.mybatis.generator.util.ConfigHelper.getAllJDBCDriverJarPaths:242 --> jar file: E:\finalPath\qqmsg\47449304\FileRecv\mybatis-generator-gui\lib\postgresql-9.4.1209.jar
[INFO] [16:12:18.744] [JavaFX Application Thread] [] com.zzg.mybatis.generator.util.ConfigHelper.getAllJDBCDriverJarPaths:242 --> jar file: E:\finalPath\qqmsg\47449304\FileRecv\mybatis-generator-gui\lib\slf4j-api-1.7.25.jar
[INFO] [16:12:18.744] [JavaFX Application Thread] [] com.zzg.mybatis.generator.util.ConfigHelper.getAllJDBCDriverJarPaths:242 --> jar file: E:\finalPath\qqmsg\47449304\FileRecv\mybatis-generator-gui\lib\sqlite-jdbc-3.19.3.jar
[INFO] [16:12:18.745] [JavaFX Application Thread] [] com.zzg.mybatis.generator.util.ConfigHelper.getAllJDBCDriverJarPaths:242 --> jar file: E:\finalPath\qqmsg\47449304\FileRecv\mybatis-generator-gui\lib\sqlite-jdbc-3.8.11.2.jar
[INFO] [16:12:18.746] [JavaFX Application Thread] [] com.zzg.mybatis.generator.util.ConfigHelper.getAllJDBCDriverJarPaths:242 --> jar file: E:\finalPath\qqmsg\47449304\FileRecv\mybatis-generator-gui\lib\sqljdbc4-4.0.jar
[INFO] [16:12:18.899] [JavaFX Application Thread] [] com.zzg.mybatis.generator.util.DbUtil.loadDbDriver:222 --> load driver class: com.mysql.cj.jdbc.Driver@509ed280
[INFO] [16:12:18.901] [JavaFX Application Thread] [] com.zzg.mybatis.generator.util.DbUtil.getConnectionUrlWithSchema:208 --> getConnectionUrlWithSchema, connection url: jdbc:mysql://127.0.0.1:3306/java1909?serverTimezone=UTC&useUnicode=true&useSSL=false&characterEncoding=utf8
[INFO] [16:12:19.223] [JavaFX Application Thread] [] com.zzg.mybatis.generator.util.DbUtil.getConnection:133 --> getConnection, connection url: com.mysql.cj.jdbc.ConnectionImpl@3ded945c
[INFO] [16:12:22.596] [JavaFX Application Thread] [] com.zzg.mybatis.generator.util.ConnectionManager.getConnection:20 --> database FilePath :E:\finalPath\qqmsg\47449304\FileRecv\mybatis-generator-gui\.\config\sqlite3.db
[INFO] [16:12:22.977] [JavaFX Application Thread] [] com.zzg.mybatis.generator.util.ConnectionManager.getConnection:20 --> database FilePath :E:\finalPath\qqmsg\47449304\FileRecv\mybatis-generator-gui\.\config\sqlite3.db
[INFO] [16:12:24.429] [JavaFX Application Thread] [] com.zzg.mybatis.generator.util.DbUtil.getConnectionUrlWithSchema:208 --> getConnectionUrlWithSchema, connection url: jdbc:mysql://127.0.0.1:3306/java1909?serverTimezone=UTC&useUnicode=true&useSSL=false&characterEncoding=utf8
[INFO] [16:12:24.433] [JavaFX Application Thread] [] com.zzg.mybatis.generator.util.DbUtil.getConnection:133 --> getConnection, connection url: com.mysql.cj.jdbc.ConnectionImpl@4a906d83
[INFO] [16:15:06.355] [JavaFX Application Thread] [] com.zzg.mybatis.generator.util.ConfigHelper.findConnectorLibPath:215 --> jar resource: jar:file:/E:/finalPath/qqmsg/47449304/FileRecv/mybatis-generator-gui/mybatis-generator-gui.jar!/logback.xml
[INFO] [16:15:06.357] [JavaFX Application Thread] [] com.zzg.mybatis.generator.bridge.MybatisGeneratorBridge.generate:66 --> connectorLibPath: E:\finalPath\qqmsg\47449304\FileRecv\mybatis-generator-gui\lib\mysql-connector-java-8.0.11.jar
[INFO] [16:15:06.361] [JavaFX Application Thread] [] com.zzg.mybatis.generator.util.DbUtil.getConnectionUrlWithSchema:208 --> getConnectionUrlWithSchema, connection url: jdbc:mysql://127.0.0.1:3306/java1909?serverTimezone=UTC&useUnicode=true&useSSL=false&characterEncoding=utf8
[DEBUG] [16:15:06.506] [JavaFX Application Thread] [] org.mybatis.generator.logging.LogFactory.setImplementation:105 --> Logging initialized using 'org.mybatis.generator.logging.slf4j.Slf4jLoggingLogFactory@58bf5c45' adapter.
[DEBUG] [16:15:06.508] [JavaFX Application Thread] [] org.mybatis.generator.internal.db.DatabaseIntrospector.getColumns:506 --> Retrieving column information for table "java1909.tb_role"
[DEBUG] [16:15:06.533] [JavaFX Application Thread] [] org.mybatis.generator.internal.db.DatabaseIntrospector.getColumns:563 --> Found column "role_id", data type 4, in table "java1909..tb_role"
[DEBUG] [16:15:06.534] [JavaFX Application Thread] [] org.mybatis.generator.internal.db.DatabaseIntrospector.getColumns:563 --> Found column "role_name", data type 12, in table "java1909..tb_role"
[DEBUG] [16:15:06.535] [JavaFX Application Thread] [] org.mybatis.generator.internal.db.DatabaseIntrospector.getColumns:563 --> Found column "create_time", data type 93, in table "java1909..tb_role"
[DEBUG] [16:15:06.536] [JavaFX Application Thread] [] org.mybatis.generator.internal.db.DatabaseIntrospector.getColumns:563 --> Found column "update_time", data type 93, in table "java1909..tb_role"
[DEBUG] [16:15:06.536] [JavaFX Application Thread] [] org.mybatis.generator.internal.db.DatabaseIntrospector.getColumns:563 --> Found column "is_delete", data type 4, in table "java1909..tb_role"
[INFO] [16:16:22.850] [JavaFX Application Thread] [] com.zzg.mybatis.generator.util.ConfigHelper.findConnectorLibPath:215 --> jar resource: jar:file:/E:/finalPath/qqmsg/47449304/FileRecv/mybatis-generator-gui/mybatis-generator-gui.jar!/logback.xml
[INFO] [16:16:22.852] [JavaFX Application Thread] [] com.zzg.mybatis.generator.bridge.MybatisGeneratorBridge.generate:66 --> connectorLibPath: E:\finalPath\qqmsg\47449304\FileRecv\mybatis-generator-gui\lib\mysql-connector-java-8.0.11.jar
[INFO] [16:16:22.852] [JavaFX Application Thread] [] com.zzg.mybatis.generator.util.DbUtil.getConnectionUrlWithSchema:208 --> getConnectionUrlWithSchema, connection url: jdbc:mysql://127.0.0.1:3306/java1909?serverTimezone=UTC&useUnicode=true&useSSL=false&characterEncoding=utf8
[DEBUG] [16:16:23.048] [JavaFX Application Thread] [] org.mybatis.generator.internal.db.DatabaseIntrospector.getColumns:506 --> Retrieving column information for table "java1909.tb_role"
[DEBUG] [16:16:23.072] [JavaFX Application Thread] [] org.mybatis.generator.internal.db.DatabaseIntrospector.getColumns:563 --> Found column "role_id", data type 4, in table "java1909..tb_role"
[DEBUG] [16:16:23.073] [JavaFX Application Thread] [] org.mybatis.generator.internal.db.DatabaseIntrospector.getColumns:563 --> Found column "role_name", data type 12, in table "java1909..tb_role"
[DEBUG] [16:16:23.073] [JavaFX Application Thread] [] org.mybatis.generator.internal.db.DatabaseIntrospector.getColumns:563 --> Found column "create_time", data type 93, in table "java1909..tb_role"
[DEBUG] [16:16:23.073] [JavaFX Application Thread] [] org.mybatis.generator.internal.db.DatabaseIntrospector.getColumns:563 --> Found column "update_time", data type 93, in table "java1909..tb_role"
[DEBUG] [16:16:23.074] [JavaFX Application Thread] [] org.mybatis.generator.internal.db.DatabaseIntrospector.getColumns:563 --> Found column "is_delete", data type 4, in table "java1909..tb_role"
[INFO] [16:16:37.877] [JavaFX Application Thread] [] com.zzg.mybatis.generator.controller.MainUIController.saveGeneratorConfig:350 --> user choose name: 11
[INFO] [16:16:37.878] [JavaFX Application Thread] [] com.zzg.mybatis.generator.util.ConnectionManager.getConnection:20 --> database FilePath :E:\finalPath\qqmsg\47449304\FileRecv\mybatis-generator-gui\.\config\sqlite3.db
[INFO] [16:16:37.879] [JavaFX Application Thread] [] com.zzg.mybatis.generator.util.ConfigHelper.deleteGeneratorConfig:204 --> sql: DELETE FROM generator_config where name='11'
[INFO] [16:16:37.880] [JavaFX Application Thread] [] com.zzg.mybatis.generator.util.ConnectionManager.getConnection:20 --> database FilePath :E:\finalPath\qqmsg\47449304\FileRecv\mybatis-generator-gui\.\config\sqlite3.db
[INFO] [16:16:41.189] [JavaFX Application Thread] [] com.zzg.mybatis.generator.util.ConfigHelper.findConnectorLibPath:215 --> jar resource: jar:file:/E:/finalPath/qqmsg/47449304/FileRecv/mybatis-generator-gui/mybatis-generator-gui.jar!/logback.xml
[INFO] [16:16:41.190] [JavaFX Application Thread] [] com.zzg.mybatis.generator.bridge.MybatisGeneratorBridge.generate:66 --> connectorLibPath: E:\finalPath\qqmsg\47449304\FileRecv\mybatis-generator-gui\lib\mysql-connector-java-8.0.11.jar
[INFO] [16:16:41.190] [JavaFX Application Thread] [] com.zzg.mybatis.generator.util.DbUtil.getConnectionUrlWithSchema:208 --> getConnectionUrlWithSchema, connection url: jdbc:mysql://127.0.0.1:3306/java1909?serverTimezone=UTC&useUnicode=true&useSSL=false&characterEncoding=utf8
[DEBUG] [16:16:41.306] [JavaFX Application Thread] [] org.mybatis.generator.internal.db.DatabaseIntrospector.getColumns:506 --> Retrieving column information for table "java1909.tb_user"
[DEBUG] [16:16:41.327] [JavaFX Application Thread] [] org.mybatis.generator.internal.db.DatabaseIntrospector.getColumns:563 --> Found column "user_id", data type 4, in table "java1909..tb_user"
[DEBUG] [16:16:41.328] [JavaFX Application Thread] [] org.mybatis.generator.internal.db.DatabaseIntrospector.getColumns:563 --> Found column "role_id", data type 4, in table "java1909..tb_user"
[DEBUG] [16:16:41.328] [JavaFX Application Thread] [] org.mybatis.generator.internal.db.DatabaseIntrospector.getColumns:563 --> Found column "user_name", data type 12, in table "java1909..tb_user"
[DEBUG] [16:16:41.328] [JavaFX Application Thread] [] org.mybatis.generator.internal.db.DatabaseIntrospector.getColumns:563 --> Found column "pass_word", data type 12, in table "java1909..tb_user"
[DEBUG] [16:16:41.328] [JavaFX Application Thread] [] org.mybatis.generator.internal.db.DatabaseIntrospector.getColumns:563 --> Found column "real_name", data type 12, in table "java1909..tb_user"
[DEBUG] [16:16:41.329] [JavaFX Application Thread] [] org.mybatis.generator.internal.db.DatabaseIntrospector.getColumns:563 --> Found column "create_time", data type 93, in table "java1909..tb_user"
[DEBUG] [16:16:41.329] [JavaFX Application Thread] [] org.mybatis.generator.internal.db.DatabaseIntrospector.getColumns:563 --> Found column "update_time", data type 93, in table "java1909..tb_user"
[DEBUG] [16:16:41.330] [JavaFX Application Thread] [] org.mybatis.generator.internal.db.DatabaseIntrospector.getColumns:563 --> Found column "is_delete", data type 4, in table "java1909..tb_user"
[INFO] [16:16:44.135] [JavaFX Application Thread] [] com.zzg.mybatis.generator.util.ConfigHelper.findConnectorLibPath:215 --> jar resource: jar:file:/E:/finalPath/qqmsg/47449304/FileRecv/mybatis-generator-gui/mybatis-generator-gui.jar!/logback.xml
[INFO] [16:16:44.136] [JavaFX Application Thread] [] com.zzg.mybatis.generator.bridge.MybatisGeneratorBridge.generate:66 --> connectorLibPath: E:\finalPath\qqmsg\47449304\FileRecv\mybatis-generator-gui\lib\mysql-connector-java-8.0.11.jar
[INFO] [16:16:44.137] [JavaFX Application Thread] [] com.zzg.mybatis.generator.util.DbUtil.getConnectionUrlWithSchema:208 --> getConnectionUrlWithSchema, connection url: jdbc:mysql://127.0.0.1:3306/java1909?serverTimezone=UTC&useUnicode=true&useSSL=false&characterEncoding=utf8
[DEBUG] [16:16:44.232] [JavaFX Application Thread] [] org.mybatis.generator.internal.db.DatabaseIntrospector.getColumns:506 --> Retrieving column information for table "java1909.tb_product"
[DEBUG] [16:16:44.253] [JavaFX Application Thread] [] org.mybatis.generator.internal.db.DatabaseIntrospector.getColumns:563 --> Found column "product_id", data type 4, in table "java1909..tb_product"
[DEBUG] [16:16:44.254] [JavaFX Application Thread] [] org.mybatis.generator.internal.db.DatabaseIntrospector.getColumns:563 --> Found column "product_name", data type 12, in table "java1909..tb_product"
[DEBUG] [16:16:44.254] [JavaFX Application Thread] [] org.mybatis.generator.internal.db.DatabaseIntrospector.getColumns:563 --> Found column "create_time", data type 93, in table "java1909..tb_product"
[DEBUG] [16:16:44.255] [JavaFX Application Thread] [] org.mybatis.generator.internal.db.DatabaseIntrospector.getColumns:563 --> Found column "update_time", data type 93, in table "java1909..tb_product"
[DEBUG] [16:16:44.257] [JavaFX Application Thread] [] org.mybatis.generator.internal.db.DatabaseIntrospector.getColumns:563 --> Found column "is_delete", data type 12, in table "java1909..tb_product"
[INFO] [16:16:46.617] [JavaFX Application Thread] [] com.zzg.mybatis.generator.util.ConfigHelper.findConnectorLibPath:215 --> jar resource: jar:file:/E:/finalPath/qqmsg/47449304/FileRecv/mybatis-generator-gui/mybatis-generator-gui.jar!/logback.xml
[INFO] [16:16:46.618] [JavaFX Application Thread] [] com.zzg.mybatis.generator.bridge.MybatisGeneratorBridge.generate:66 --> connectorLibPath: E:\finalPath\qqmsg\47449304\FileRecv\mybatis-generator-gui\lib\mysql-connector-java-8.0.11.jar
[INFO] [16:16:46.619] [JavaFX Application Thread] [] com.zzg.mybatis.generator.util.DbUtil.getConnectionUrlWithSchema:208 --> getConnectionUrlWithSchema, connection url: jdbc:mysql://127.0.0.1:3306/java1909?serverTimezone=UTC&useUnicode=true&useSSL=false&characterEncoding=utf8
[DEBUG] [16:16:46.708] [JavaFX Application Thread] [] org.mybatis.generator.internal.db.DatabaseIntrospector.getColumns:506 --> Retrieving column information for table "java1909.role_menus"
[DEBUG] [16:16:46.732] [JavaFX Application Thread] [] org.mybatis.generator.internal.db.DatabaseIntrospector.getColumns:563 --> Found column "role_menus_id", data type 4, in table "java1909..role_menus"
[DEBUG] [16:16:46.733] [JavaFX Application Thread] [] org.mybatis.generator.internal.db.DatabaseIntrospector.getColumns:563 --> Found column "role_id", data type 4, in table "java1909..role_menus"
[DEBUG] [16:16:46.736] [JavaFX Application Thread] [] org.mybatis.generator.internal.db.DatabaseIntrospector.getColumns:563 --> Found column "permisson_id", data type 4, in table "java1909..role_menus"
[DEBUG] [16:16:46.737] [JavaFX Application Thread] [] org.mybatis.generator.internal.db.DatabaseIntrospector.getColumns:563 --> Found column "create_time", data type 93, in table "java1909..role_menus"
[DEBUG] [16:16:46.737] [JavaFX Application Thread] [] org.mybatis.generator.internal.db.DatabaseIntrospector.getColumns:563 --> Found column "update_time", data type 93, in table "java1909..role_menus"
[DEBUG] [16:16:46.737] [JavaFX Application Thread] [] org.mybatis.generator.internal.db.DatabaseIntrospector.getColumns:563 --> Found column "is_delete", data type 12, in table "java1909..role_menus"
[INFO] [16:16:49.802] [JavaFX Application Thread] [] com.zzg.mybatis.generator.util.ConfigHelper.findConnectorLibPath:215 --> jar resource: jar:file:/E:/finalPath/qqmsg/47449304/FileRecv/mybatis-generator-gui/mybatis-generator-gui.jar!/logback.xml
[INFO] [16:16:49.803] [JavaFX Application Thread] [] com.zzg.mybatis.generator.bridge.MybatisGeneratorBridge.generate:66 --> connectorLibPath: E:\finalPath\qqmsg\47449304\FileRecv\mybatis-generator-gui\lib\mysql-connector-java-8.0.11.jar
[INFO] [16:16:49.803] [JavaFX Application Thread] [] com.zzg.mybatis.generator.util.DbUtil.getConnectionUrlWithSchema:208 --> getConnectionUrlWithSchema, connection url: jdbc:mysql://127.0.0.1:3306/java1909?serverTimezone=UTC&useUnicode=true&useSSL=false&characterEncoding=utf8
[DEBUG] [16:16:49.895] [JavaFX Application Thread] [] org.mybatis.generator.internal.db.DatabaseIntrospector.getColumns:506 --> Retrieving column information for table "java1909.tb_menus"
[DEBUG] [16:16:49.917] [JavaFX Application Thread] [] org.mybatis.generator.internal.db.DatabaseIntrospector.getColumns:563 --> Found column "menus_id", data type 4, in table "java1909..tb_menus"
[DEBUG] [16:16:49.918] [JavaFX Application Thread] [] org.mybatis.generator.internal.db.DatabaseIntrospector.getColumns:563 --> Found column "menu_code", data type 12, in table "java1909..tb_menus"
[DEBUG] [16:16:49.918] [JavaFX Application Thread] [] org.mybatis.generator.internal.db.DatabaseIntrospector.getColumns:563 --> Found column "menu_name", data type 12, in table "java1909..tb_menus"
[DEBUG] [16:16:49.919] [JavaFX Application Thread] [] org.mybatis.generator.internal.db.DatabaseIntrospector.getColumns:563 --> Found column "permission_code", data type 12, in table "java1909..tb_menus"
[DEBUG] [16:16:49.919] [JavaFX Application Thread] [] org.mybatis.generator.internal.db.DatabaseIntrospector.getColumns:563 --> Found column "permisson_name", data type 12, in table "java1909..tb_menus"
[DEBUG] [16:16:49.919] [JavaFX Application Thread] [] org.mybatis.generator.internal.db.DatabaseIntrospector.getColumns:563 --> Found column "required_permission", data type 4, in table "java1909..tb_menus"
[DEBUG] [16:16:49.919] [JavaFX Application Thread] [] org.mybatis.generator.internal.db.DatabaseIntrospector.getColumns:563 --> Found column "parent_id", data type 4, in table "java1909..tb_menus"
[DEBUG] [16:16:49.920] [JavaFX Application Thread] [] org.mybatis.generator.internal.db.DatabaseIntrospector.getColumns:563 --> Found column "href", data type 12, in table "java1909..tb_menus"
[DEBUG] [16:16:49.920] [JavaFX Application Thread] [] org.mybatis.generator.internal.db.DatabaseIntrospector.getColumns:563 --> Found column "icon", data type 12, in table "java1909..tb_menus"
[DEBUG] [16:16:49.921] [JavaFX Application Thread] [] org.mybatis.generator.internal.db.DatabaseIntrospector.getColumns:563 --> Found column "sort", data type 4, in table "java1909..tb_menus"
[DEBUG] [16:16:49.921] [JavaFX Application Thread] [] org.mybatis.generator.internal.db.DatabaseIntrospector.getColumns:563 --> Found column "is_on", data type 12, in table "java1909..tb_menus"
[INFO] [16:16:52.322] [JavaFX Application Thread] [] com.zzg.mybatis.generator.util.ConfigHelper.findConnectorLibPath:215 --> jar resource: jar:file:/E:/finalPath/qqmsg/47449304/FileRecv/mybatis-generator-gui/mybatis-generator-gui.jar!/logback.xml
[INFO] [16:16:52.323] [JavaFX Application Thread] [] com.zzg.mybatis.generator.bridge.MybatisGeneratorBridge.generate:66 --> connectorLibPath: E:\finalPath\qqmsg\47449304\FileRecv\mybatis-generator-gui\lib\mysql-connector-java-8.0.11.jar
[INFO] [16:16:52.323] [JavaFX Application Thread] [] com.zzg.mybatis.generator.util.DbUtil.getConnectionUrlWithSchema:208 --> getConnectionUrlWithSchema, connection url: jdbc:mysql://127.0.0.1:3306/java1909?serverTimezone=UTC&useUnicode=true&useSSL=false&characterEncoding=utf8
[DEBUG] [16:16:52.407] [JavaFX Application Thread] [] org.mybatis.generator.internal.db.DatabaseIntrospector.getColumns:506 --> Retrieving column information for table "java1909.tb_charts"
[DEBUG] [16:16:52.430] [JavaFX Application Thread] [] org.mybatis.generator.internal.db.DatabaseIntrospector.getColumns:563 --> Found column "charts_id", data type 4, in table "java1909..tb_charts"
[DEBUG] [16:16:52.431] [JavaFX Application Thread] [] org.mybatis.generator.internal.db.DatabaseIntrospector.getColumns:563 --> Found column "sex", data type 12, in table "java1909..tb_charts"
[DEBUG] [16:16:52.432] [JavaFX Application Thread] [] org.mybatis.generator.internal.db.DatabaseIntrospector.getColumns:563 --> Found column "time", data type 12, in table "java1909..tb_charts"
[DEBUG] [16:16:52.432] [JavaFX Application Thread] [] org.mybatis.generator.internal.db.DatabaseIntrospector.getColumns:563 --> Found column "count", data type 4, in table "java1909..tb_charts"
