[INFO] [15:22:07.261] [JavaFX Application Thread] [] com.zzg.mybatis.generator.util.ConnectionManager.getConnection:20 --> database FilePath :C:\chajian\mybatis-generator-gui\.\config\sqlite3.db
[INFO] [15:22:49.368] [JavaFX Application Thread] [] com.zzg.mybatis.generator.util.ConfigHelper.getAllJDBCDriverJarPaths:238 --> jar lib path: C:\chajian\mybatis-generator-gui\lib
[INFO] [15:22:49.369] [JavaFX Application Thread] [] com.zzg.mybatis.generator.util.ConfigHelper.getAllJDBCDriverJarPaths:242 --> jar file: C:\chajian\mybatis-generator-gui\lib\commons-beanutils-1.9.2.jar
[INFO] [15:22:49.371] [JavaFX Application Thread] [] com.zzg.mybatis.generator.util.ConfigHelper.getAllJDBCDriverJarPaths:242 --> jar file: C:\chajian\mybatis-generator-gui\lib\commons-collections-3.2.1.jar
[INFO] [15:22:49.372] [JavaFX Application Thread] [] com.zzg.mybatis.generator.util.ConfigHelper.getAllJDBCDriverJarPaths:242 --> jar file: C:\chajian\mybatis-generator-gui\lib\commons-io-2.5.jar
[INFO] [15:22:49.373] [JavaFX Application Thread] [] com.zzg.mybatis.generator.util.ConfigHelper.getAllJDBCDriverJarPaths:242 --> jar file: C:\chajian\mybatis-generator-gui\lib\commons-lang3-3.4.jar
[INFO] [15:22:49.373] [JavaFX Application Thread] [] com.zzg.mybatis.generator.util.ConfigHelper.getAllJDBCDriverJarPaths:242 --> jar file: C:\chajian\mybatis-generator-gui\lib\commons-logging-1.1.1.jar
[INFO] [15:22:49.375] [JavaFX Application Thread] [] com.zzg.mybatis.generator.util.ConfigHelper.getAllJDBCDriverJarPaths:242 --> jar file: C:\chajian\mybatis-generator-gui\lib\fastjson-1.2.7.jar
[INFO] [15:22:49.376] [JavaFX Application Thread] [] com.zzg.mybatis.generator.util.ConfigHelper.getAllJDBCDriverJarPaths:242 --> jar file: C:\chajian\mybatis-generator-gui\lib\hamcrest-core-1.3.jar
[INFO] [15:22:49.376] [JavaFX Application Thread] [] com.zzg.mybatis.generator.util.ConfigHelper.getAllJDBCDriverJarPaths:242 --> jar file: C:\chajian\mybatis-generator-gui\lib\jsch-0.1.54.jar
[INFO] [15:22:49.377] [JavaFX Application Thread] [] com.zzg.mybatis.generator.util.ConfigHelper.getAllJDBCDriverJarPaths:242 --> jar file: C:\chajian\mybatis-generator-gui\lib\junit-4.12.jar
[INFO] [15:22:49.378] [JavaFX Application Thread] [] com.zzg.mybatis.generator.util.ConfigHelper.getAllJDBCDriverJarPaths:242 --> jar file: C:\chajian\mybatis-generator-gui\lib\logback-classic-1.1.2.jar
[INFO] [15:22:49.380] [JavaFX Application Thread] [] com.zzg.mybatis.generator.util.ConfigHelper.getAllJDBCDriverJarPaths:242 --> jar file: C:\chajian\mybatis-generator-gui\lib\logback-core-1.1.2.jar
[INFO] [15:22:49.381] [JavaFX Application Thread] [] com.zzg.mybatis.generator.util.ConfigHelper.getAllJDBCDriverJarPaths:242 --> jar file: C:\chajian\mybatis-generator-gui\lib\mybatis-generator-core-1.3.6.jar
[INFO] [15:22:49.381] [JavaFX Application Thread] [] com.zzg.mybatis.generator.util.ConfigHelper.getAllJDBCDriverJarPaths:242 --> jar file: C:\chajian\mybatis-generator-gui\lib\mysql-connector-java-5.1.38.jar
[INFO] [15:22:49.382] [JavaFX Application Thread] [] com.zzg.mybatis.generator.util.ConfigHelper.getAllJDBCDriverJarPaths:242 --> jar file: C:\chajian\mybatis-generator-gui\lib\mysql-connector-java-8.0.11.jar
[INFO] [15:22:49.383] [JavaFX Application Thread] [] com.zzg.mybatis.generator.util.ConfigHelper.getAllJDBCDriverJarPaths:242 --> jar file: C:\chajian\mybatis-generator-gui\lib\ojdbc6.jar
[INFO] [15:22:49.384] [JavaFX Application Thread] [] com.zzg.mybatis.generator.util.ConfigHelper.getAllJDBCDriverJarPaths:242 --> jar file: C:\chajian\mybatis-generator-gui\lib\postgresql-9.4.1209.jar
[INFO] [15:22:49.385] [JavaFX Application Thread] [] com.zzg.mybatis.generator.util.ConfigHelper.getAllJDBCDriverJarPaths:242 --> jar file: C:\chajian\mybatis-generator-gui\lib\slf4j-api-1.7.25.jar
[INFO] [15:22:49.386] [JavaFX Application Thread] [] com.zzg.mybatis.generator.util.ConfigHelper.getAllJDBCDriverJarPaths:242 --> jar file: C:\chajian\mybatis-generator-gui\lib\sqlite-jdbc-3.19.3.jar
[INFO] [15:22:49.387] [JavaFX Application Thread] [] com.zzg.mybatis.generator.util.ConfigHelper.getAllJDBCDriverJarPaths:242 --> jar file: C:\chajian\mybatis-generator-gui\lib\sqlite-jdbc-3.8.11.2.jar
[INFO] [15:22:49.388] [JavaFX Application Thread] [] com.zzg.mybatis.generator.util.ConfigHelper.getAllJDBCDriverJarPaths:242 --> jar file: C:\chajian\mybatis-generator-gui\lib\sqljdbc4-4.0.jar
[INFO] [15:22:49.440] [JavaFX Application Thread] [] com.zzg.mybatis.generator.util.DbUtil.loadDbDriver:222 --> load driver class: com.mysql.cj.jdbc.Driver@414b2381
[INFO] [15:22:49.442] [JavaFX Application Thread] [] com.zzg.mybatis.generator.util.DbUtil.getConnectionUrlWithSchema:208 --> getConnectionUrlWithSchema, connection url: jdbc:mysql://localhost:3306/mybatis?serverTimezone=UTC&useUnicode=true&useSSL=false&characterEncoding=utf8
[INFO] [15:22:51.063] [JavaFX Application Thread] [] com.zzg.mybatis.generator.util.DbUtil.getConnection:133 --> getConnection, connection url: com.mysql.cj.jdbc.ConnectionImpl@133ed308
[INFO] [15:23:00.259] [JavaFX Application Thread] [] com.zzg.mybatis.generator.util.ConnectionManager.getConnection:20 --> database FilePath :C:\chajian\mybatis-generator-gui\.\config\sqlite3.db
[INFO] [15:23:00.367] [JavaFX Application Thread] [] com.zzg.mybatis.generator.util.ConnectionManager.getConnection:20 --> database FilePath :C:\chajian\mybatis-generator-gui\.\config\sqlite3.db
[INFO] [15:23:01.901] [JavaFX Application Thread] [] com.zzg.mybatis.generator.util.DbUtil.getConnectionUrlWithSchema:208 --> getConnectionUrlWithSchema, connection url: jdbc:mysql://localhost:3306/mybatis?serverTimezone=UTC&useUnicode=true&useSSL=false&characterEncoding=utf8
[INFO] [15:23:01.907] [JavaFX Application Thread] [] com.zzg.mybatis.generator.util.DbUtil.getConnection:133 --> getConnection, connection url: com.mysql.cj.jdbc.ConnectionImpl@7dcefd52
[INFO] [15:24:33.130] [JavaFX Application Thread] [] com.zzg.mybatis.generator.util.ConnectionManager.getConnection:20 --> database FilePath :C:\chajian\mybatis-generator-gui\.\config\sqlite3.db
[INFO] [15:24:33.132] [JavaFX Application Thread] [] com.zzg.mybatis.generator.util.ConfigHelper.loadGeneratorConfigs:182 --> sql: SELECT * FROM generator_config
[INFO] [15:24:36.326] [JavaFX Application Thread] [] com.zzg.mybatis.generator.util.ConnectionManager.getConnection:20 --> database FilePath :C:\chajian\mybatis-generator-gui\.\config\sqlite3.db
[INFO] [15:24:36.330] [JavaFX Application Thread] [] com.zzg.mybatis.generator.util.ConfigHelper.loadGeneratorConfigs:182 --> sql: SELECT * FROM generator_config
[INFO] [15:25:49.293] [JavaFX Application Thread] [] com.zzg.mybatis.generator.util.ConfigHelper.findConnectorLibPath:215 --> jar resource: jar:file:/C:/chajian/mybatis-generator-gui/mybatis-generator-gui.jar!/logback.xml
[INFO] [15:25:49.302] [JavaFX Application Thread] [] com.zzg.mybatis.generator.bridge.MybatisGeneratorBridge.generate:66 --> connectorLibPath: C:\chajian\mybatis-generator-gui\lib\mysql-connector-java-8.0.11.jar
[INFO] [15:25:49.313] [JavaFX Application Thread] [] com.zzg.mybatis.generator.util.DbUtil.getConnectionUrlWithSchema:208 --> getConnectionUrlWithSchema, connection url: jdbc:mysql://localhost:3306/mybatis?serverTimezone=UTC&useUnicode=true&useSSL=false&characterEncoding=utf8
[DEBUG] [15:25:49.489] [JavaFX Application Thread] [] org.mybatis.generator.logging.LogFactory.setImplementation:105 --> Logging initialized using 'org.mybatis.generator.logging.slf4j.Slf4jLoggingLogFactory@75bda28e' adapter.
[DEBUG] [15:25:49.492] [JavaFX Application Thread] [] org.mybatis.generator.internal.db.DatabaseIntrospector.getColumns:506 --> Retrieving column information for table "mybatis.items"
[DEBUG] [15:25:49.664] [JavaFX Application Thread] [] org.mybatis.generator.internal.db.DatabaseIntrospector.getColumns:563 --> Found column "id", data type 4, in table "mybatis..items"
[DEBUG] [15:25:49.665] [JavaFX Application Thread] [] org.mybatis.generator.internal.db.DatabaseIntrospector.getColumns:563 --> Found column "name", data type 12, in table "mybatis..items"
[DEBUG] [15:25:49.668] [JavaFX Application Thread] [] org.mybatis.generator.internal.db.DatabaseIntrospector.getColumns:563 --> Found column "price", data type 7, in table "mybatis..items"
[DEBUG] [15:25:49.670] [JavaFX Application Thread] [] org.mybatis.generator.internal.db.DatabaseIntrospector.getColumns:563 --> Found column "detail", data type -1, in table "mybatis..items"
[DEBUG] [15:25:49.671] [JavaFX Application Thread] [] org.mybatis.generator.internal.db.DatabaseIntrospector.getColumns:563 --> Found column "pic", data type 12, in table "mybatis..items"
[DEBUG] [15:25:49.672] [JavaFX Application Thread] [] org.mybatis.generator.internal.db.DatabaseIntrospector.getColumns:563 --> Found column "createtime", data type 93, in table "mybatis..items"
[INFO] [15:26:58.107] [JavaFX Application Thread] [] com.zzg.mybatis.generator.util.ConfigHelper.findConnectorLibPath:215 --> jar resource: jar:file:/C:/chajian/mybatis-generator-gui/mybatis-generator-gui.jar!/logback.xml
[INFO] [15:26:58.110] [JavaFX Application Thread] [] com.zzg.mybatis.generator.bridge.MybatisGeneratorBridge.generate:66 --> connectorLibPath: C:\chajian\mybatis-generator-gui\lib\mysql-connector-java-8.0.11.jar
[INFO] [15:26:58.112] [JavaFX Application Thread] [] com.zzg.mybatis.generator.util.DbUtil.getConnectionUrlWithSchema:208 --> getConnectionUrlWithSchema, connection url: jdbc:mysql://localhost:3306/mybatis?serverTimezone=UTC&useUnicode=true&useSSL=false&characterEncoding=utf8
[DEBUG] [15:26:58.236] [JavaFX Application Thread] [] org.mybatis.generator.internal.db.DatabaseIntrospector.getColumns:506 --> Retrieving column information for table "mybatis.orders"
[DEBUG] [15:26:58.266] [JavaFX Application Thread] [] org.mybatis.generator.internal.db.DatabaseIntrospector.getColumns:563 --> Found column "id", data type 4, in table "mybatis..orders"
[DEBUG] [15:26:58.267] [JavaFX Application Thread] [] org.mybatis.generator.internal.db.DatabaseIntrospector.getColumns:563 --> Found column "user_id", data type 4, in table "mybatis..orders"
[DEBUG] [15:26:58.269] [JavaFX Application Thread] [] org.mybatis.generator.internal.db.DatabaseIntrospector.getColumns:563 --> Found column "number", data type 12, in table "mybatis..orders"
[DEBUG] [15:26:58.270] [JavaFX Application Thread] [] org.mybatis.generator.internal.db.DatabaseIntrospector.getColumns:563 --> Found column "createtime", data type 93, in table "mybatis..orders"
[DEBUG] [15:26:58.270] [JavaFX Application Thread] [] org.mybatis.generator.internal.db.DatabaseIntrospector.getColumns:563 --> Found column "note", data type 12, in table "mybatis..orders"
[INFO] [15:37:10.970] [JavaFX Application Thread] [] com.zzg.mybatis.generator.util.ConfigHelper.findConnectorLibPath:215 --> jar resource: jar:file:/C:/chajian/mybatis-generator-gui/mybatis-generator-gui.jar!/logback.xml
[INFO] [15:37:10.973] [JavaFX Application Thread] [] com.zzg.mybatis.generator.bridge.MybatisGeneratorBridge.generate:66 --> connectorLibPath: C:\chajian\mybatis-generator-gui\lib\mysql-connector-java-8.0.11.jar
[INFO] [15:37:10.975] [JavaFX Application Thread] [] com.zzg.mybatis.generator.util.DbUtil.getConnectionUrlWithSchema:208 --> getConnectionUrlWithSchema, connection url: jdbc:mysql://localhost:3306/mybatis?serverTimezone=UTC&useUnicode=true&useSSL=false&characterEncoding=utf8
[DEBUG] [15:37:11.091] [JavaFX Application Thread] [] org.mybatis.generator.internal.db.DatabaseIntrospector.getColumns:506 --> Retrieving column information for table "mybatis.items"
[DEBUG] [15:37:11.116] [JavaFX Application Thread] [] org.mybatis.generator.internal.db.DatabaseIntrospector.getColumns:563 --> Found column "id", data type 4, in table "mybatis..items"
[DEBUG] [15:37:11.117] [JavaFX Application Thread] [] org.mybatis.generator.internal.db.DatabaseIntrospector.getColumns:563 --> Found column "name", data type 12, in table "mybatis..items"
[DEBUG] [15:37:11.118] [JavaFX Application Thread] [] org.mybatis.generator.internal.db.DatabaseIntrospector.getColumns:563 --> Found column "price", data type 7, in table "mybatis..items"
[DEBUG] [15:37:11.119] [JavaFX Application Thread] [] org.mybatis.generator.internal.db.DatabaseIntrospector.getColumns:563 --> Found column "detail", data type -1, in table "mybatis..items"
[DEBUG] [15:37:11.119] [JavaFX Application Thread] [] org.mybatis.generator.internal.db.DatabaseIntrospector.getColumns:563 --> Found column "pic", data type 12, in table "mybatis..items"
[DEBUG] [15:37:11.121] [JavaFX Application Thread] [] org.mybatis.generator.internal.db.DatabaseIntrospector.getColumns:563 --> Found column "createtime", data type 93, in table "mybatis..items"
[INFO] [15:38:31.798] [JavaFX Application Thread] [] com.zzg.mybatis.generator.util.ConfigHelper.findConnectorLibPath:215 --> jar resource: jar:file:/C:/chajian/mybatis-generator-gui/mybatis-generator-gui.jar!/logback.xml
[INFO] [15:38:31.802] [JavaFX Application Thread] [] com.zzg.mybatis.generator.bridge.MybatisGeneratorBridge.generate:66 --> connectorLibPath: C:\chajian\mybatis-generator-gui\lib\mysql-connector-java-8.0.11.jar
[INFO] [15:38:31.803] [JavaFX Application Thread] [] com.zzg.mybatis.generator.util.DbUtil.getConnectionUrlWithSchema:208 --> getConnectionUrlWithSchema, connection url: jdbc:mysql://localhost:3306/mybatis?serverTimezone=UTC&useUnicode=true&useSSL=false&characterEncoding=utf8
[DEBUG] [15:38:31.915] [JavaFX Application Thread] [] org.mybatis.generator.internal.db.DatabaseIntrospector.getColumns:506 --> Retrieving column information for table "mybatis.items"
[DEBUG] [15:38:31.939] [JavaFX Application Thread] [] org.mybatis.generator.internal.db.DatabaseIntrospector.getColumns:563 --> Found column "id", data type 4, in table "mybatis..items"
[DEBUG] [15:38:31.939] [JavaFX Application Thread] [] org.mybatis.generator.internal.db.DatabaseIntrospector.getColumns:563 --> Found column "name", data type 12, in table "mybatis..items"
[DEBUG] [15:38:31.940] [JavaFX Application Thread] [] org.mybatis.generator.internal.db.DatabaseIntrospector.getColumns:563 --> Found column "price", data type 7, in table "mybatis..items"
[DEBUG] [15:38:31.941] [JavaFX Application Thread] [] org.mybatis.generator.internal.db.DatabaseIntrospector.getColumns:563 --> Found column "detail", data type -1, in table "mybatis..items"
[DEBUG] [15:38:31.941] [JavaFX Application Thread] [] org.mybatis.generator.internal.db.DatabaseIntrospector.getColumns:563 --> Found column "pic", data type 12, in table "mybatis..items"
[DEBUG] [15:38:31.942] [JavaFX Application Thread] [] org.mybatis.generator.internal.db.DatabaseIntrospector.getColumns:563 --> Found column "createtime", data type 93, in table "mybatis..items"
